<<<<<<< HEAD
Tue 04 Nov 2025 04:00:07 PM EST: attacker left at 2025-11-04 15:59:55.661, server4 deleted, and mitm log parsed
Tue 04 Nov 2025 04:01:39 PM EST: attacker is inside server4
Tue 04 Nov 2025 04:01:51 PM EST: attacker left at 2025-11-04 16:01:39.930, server4 deleted, and mitm log parsed
Tue 04 Nov 2025 04:04:21 PM EST: attacker is inside server3
Tue 04 Nov 2025 04:04:34 PM EST: attacker left at 2025-11-04 16:04:22.379, server3 deleted, and mitm log parsed
Tue 04 Nov 2025 04:13:43 PM EST: attacker is inside server4
Tue 04 Nov 2025 04:13:57 PM EST: attacker left at 2025-11-04 16:13:45.121, server4 deleted, and mitm log parsed
Tue 04 Nov 2025 04:14:04 PM EST: attacker is inside server3
Tue 04 Nov 2025 04:16:23 PM EST: attacker left at 2025-11-04 16:16:11.590, server3 deleted, and mitm log parsed
Tue 04 Nov 2025 04:18:23 PM EST: attacker is inside server4
Tue 04 Nov 2025 04:18:36 PM EST: attacker left at 2025-11-04 16:18:24.786, server4 deleted, and mitm log parsed
Tue 04 Nov 2025 04:21:31 PM EST: attacker is inside server2
Tue 04 Nov 2025 04:21:44 PM EST: attacker left at 2025-11-04 16:21:31.961, server2 deleted, and mitm log parsed
Tue 04 Nov 2025 04:24:04 PM EST: attacker is inside server4
Tue 04 Nov 2025 04:24:17 PM EST: attacker left at 2025-11-04 16:24:05.537, server4 deleted, and mitm log parsed
Tue 04 Nov 2025 04:26:47 PM EST: attacker is inside server3
Tue 04 Nov 2025 04:27:00 PM EST: attacker left at 2025-11-04 16:26:48.404, server3 deleted, and mitm log parsed
Tue 04 Nov 2025 04:28:25 PM EST: attacker is inside server3
Tue 04 Nov 2025 04:28:42 PM EST: attacker left at 2025-11-04 16:28:30.389, server3 deleted, and mitm log parsed
Tue 04 Nov 2025 04:32:03 PM EST: attacker is inside server2
Tue 04 Nov 2025 04:32:16 PM EST: attacker left at 2025-11-04 16:32:04.231, server2 deleted, and mitm log parsed
Tue 04 Nov 2025 04:35:59 PM EST: attacker is inside server4
Tue 04 Nov 2025 04:36:12 PM EST: attacker left at 2025-11-04 16:35:59.961, server4 deleted, and mitm log parsed
Tue 04 Nov 2025 04:39:21 PM EST: attacker is inside server3
Tue 04 Nov 2025 04:39:34 PM EST: attacker left at 2025-11-04 16:39:22.408, server3 deleted, and mitm log parsed
Tue 04 Nov 2025 04:41:25 PM EST: attacker is inside server4
Tue 04 Nov 2025 04:41:34 PM EST: attacker is inside server2
Tue 04 Nov 2025 04:41:39 PM EST: attacker left at 2025-11-04 16:41:27.538, server4 deleted, and mitm log parsed
Tue 04 Nov 2025 04:41:48 PM EST: attacker left at 2025-11-04 16:41:36.619, server2 deleted, and mitm log parsed
Tue 04 Nov 2025 04:43:50 PM EST: attacker is inside server4
Tue 04 Nov 2025 04:43:59 PM EST: attacker is inside server2
Tue 04 Nov 2025 04:44:04 PM EST: attacker left at 2025-11-04 16:43:52.496, server4 deleted, and mitm log parsed
Tue 04 Nov 2025 04:44:12 PM EST: attacker left at 2025-11-04 16:43:59.875, server2 deleted, and mitm log parsed
=======
Tue 04 Nov 2025 12:00:08 PM EST: attacker is inside server1
Tue 04 Nov 2025 12:00:20 PM EST: attacker left at 2025-11-04 12:00:08.749, server1 deleted, and mitm log parsed
>>>>>>> 71ef000... Auto backup: 2025-11-04 12:01:59 running from crontab
