=== START 2025-10-22 16:02:01Z ===
Using PATH=/usr/local/sbin:/usr/local/bin:/usr/sbin:/usr/bin:/sbin:/bin
Using HOME=/home/aces
Repo dir: /home/aces/Bumblebees
Failed to write Excel file: [Errno 13] Permission denied: '/home/aces/Bumblebees/honeypot_data_sheets/attacker_reports_20251022.xlsx'
Processor returned non-zero
[main f87fe16] Auto backup: 2025-10-22 12:02:01 running from crontab
 5 files changed, 65 insertions(+)
 create mode 100644 cron_test
 create mode 100755 ct.sh
 create mode 100755 push.sh
 create mode 100644 push_data.log
To https://github.com/terpugo/Bumblebees.git
   c766b71..f87fe16  main -> main
Pushed successfully: Auto backup: 2025-10-22 12:02:01 running from crontab
=== END 2025-10-22 16:02:02Z ===
=== START 2025-10-22 17:03:01Z ===
Using PATH=/usr/local/sbin:/usr/local/bin:/usr/sbin:/usr/bin:/sbin:/bin
Using HOME=/home/aces
Repo dir: /home/aces/Bumblebees
Failed to write Excel file: [Errno 13] Permission denied: '/home/aces/Bumblebees/honeypot_data_sheets/attacker_reports_20251022.xlsx'
Processor returned non-zero
