2025-10-22 09:59:38.466 - [Info] MITM Version: 1.4
2025-10-22 09:59:38.468 - [Info] Auto Access Enabled: true
2025-10-22 09:59:38.468 - [Debug] [Init] Auto Access Barrier: true
2025-10-22 09:59:38.474 - [Info] SSH man-in-the-middle server for 172.20.0.5 listening on 0.0.0.0:10004
2025-10-22 10:02:05.073 - [Debug] [Connection] Attacker connected: 10.175.90.186 | Client Identification: SSH-2.0-OpenSSH_for_Windows_9.5
2025-10-22 10:02:06.220 - [Debug] [Auth] Attacker 10.175.90.186 trying to authenticate with "none"
2025-10-22 10:02:06.221 - [Debug] [Auth] Attacker authentication error: No authentication method provided
2025-10-22 10:02:06.281 - [Debug] [Auth] Attacker 10.175.90.186 trying to authenticate with "publickey"
2025-10-22 10:02:06.282 - [Debug] [Auth] Attacker authentication error: Publickey authentication failed
2025-10-22 10:02:06.282 - [Debug] [Auth] Attacker: 10.175.90.186 has so far made 1 attempts. Remaining: 5 attempts
2025-10-22 10:02:07.406 - [Debug] [Auth] Attacker 10.175.90.186 trying to authenticate with "password"
2025-10-22 10:02:07.407 - [Debug] [Auto Access] Attacker: 10.175.90.186, Threshold: 1, Attempts: 1
2025-10-22 10:02:07.408 - [Debug] [Auto Access] Compromising the honeypot
2025-10-22 10:02:07.408 - [Debug] [Auto Access] Adding the following credentials: "subomi:hi"
2025-10-22 10:02:07.784 - [Debug] [Auth] Valid credentials - Password Authentication
2025-10-22 10:02:07.784 - [Debug] [LXC] Attempting to connect to the honeypot: 172.20.0.5
2025-10-22 10:02:07.820 - [Debug] [LXC-Auth] Attacker authenticated and is inside container
2025-10-22 10:02:08.181 - [Debug] [SHELL] Opened shell for attacker
2025-10-22 10:02:08.182 - [Debug] [LXC Streams] New Stream | Total Streams: 1
2025-10-22 10:02:08.897 - [Debug] [SHELL] Attacker Keystroke: e
2025-10-22 10:02:09.110 - [Debug] [SHELL] Attacker Keystroke: c
2025-10-22 10:02:09.164 - [Debug] [SHELL] Attacker Keystroke: h
2025-10-22 10:02:09.329 - [Debug] [SHELL] Attacker Keystroke: o
2025-10-22 10:02:09.381 - [Debug] [SHELL] Attacker Keystroke: [Space]
2025-10-22 10:02:09.553 - [Debug] [SHELL] Attacker Keystroke: s
2025-10-22 10:02:09.635 - [Debug] [SHELL] Attacker Keystroke: e
2025-10-22 10:02:09.798 - [Debug] [SHELL] Attacker Keystroke: c
2025-10-22 10:02:09.943 - [Debug] [SHELL] Attacker Keystroke: o
2025-10-22 10:02:09.988 - [Debug] [SHELL] Attacker Keystroke: n
2025-10-22 10:02:10.096 - [Debug] [SHELL] Attacker Keystroke: d
2025-10-22 10:02:11.357 - [Debug] [SHELL] Attacker Keystroke: [Space]
2025-10-22 10:02:11.509 - [Debug] [SHELL] Attacker Keystroke: t
2025-10-22 10:02:11.555 - [Debug] [SHELL] Attacker Keystroke: i
2025-10-22 10:02:11.633 - [Debug] [SHELL] Attacker Keystroke: m
2025-10-22 10:02:11.676 - [Debug] [SHELL] Attacker Keystroke: e
2025-10-22 10:02:11.773 - [Debug] [SHELL] Attacker Keystroke: [Space]
2025-10-22 10:02:11.910 - [Debug] [SHELL] Attacker Keystroke: i
2025-10-22 10:02:11.972 - [Debug] [SHELL] Attacker Keystroke: n
2025-10-22 10:02:12.002 - [Debug] [SHELL] Attacker Keystroke: [Space]
2025-10-22 10:02:12.268 - [Debug] [SHELL] Attacker Keystroke: s
2025-10-22 10:02:12.321 - [Debug] [SHELL] Attacker Keystroke: e
2025-10-22 10:02:12.421 - [Debug] [SHELL] Attacker Keystroke: r
2025-10-22 10:02:12.606 - [Debug] [SHELL] Attacker Keystroke: v
2025-10-22 10:02:12.682 - [Debug] [SHELL] Attacker Keystroke: e
2025-10-22 10:02:12.745 - [Debug] [SHELL] Attacker Keystroke: r
2025-10-22 10:02:12.834 - [Debug] [SHELL] Attacker Keystroke: [Space]
2025-10-22 10:02:12.986 - [Debug] [SHELL] Attacker Keystroke: 2
2025-10-22 10:02:13.186 - [Debug] [SHELL] Attacker Keystroke: [CR]
2025-10-22 10:02:13.187 - [Debug] [SHELL] line from reader: echo second time in server 2
2025-10-22 10:02:13.187 - [Debug] [SHELL] Keystroke buffer: 101,99,104,111,32,115,101,99,111,110,100,32,116,105,109,101,32,105,110,32,115,101,114,118,101,114,32,50,13
2025-10-22 10:03:14.771 - [Debug] [SHELL] Attacker Keystroke: e
2025-10-22 10:03:15.041 - [Debug] [SHELL] Attacker Keystroke: c
2025-10-22 10:03:15.092 - [Debug] [SHELL] Attacker Keystroke: h
2025-10-22 10:03:15.202 - [Debug] [SHELL] Attacker Keystroke: o
2025-10-22 10:03:15.287 - [Debug] [SHELL] Attacker Keystroke: [Space]
2025-10-22 10:03:15.976 - [Debug] [SHELL] Attacker Keystroke: i
2025-10-22 10:03:16.436 - [Debug] [SHELL] Attacker Keystroke: [Space]
2025-10-22 10:03:16.577 - [Debug] [SHELL] Attacker Keystroke: m
2025-10-22 10:03:16.639 - [Debug] [SHELL] Attacker Keystroke: e
2025-10-22 10:03:16.689 - [Debug] [SHELL] Attacker Keystroke: a
2025-10-22 10:03:16.827 - [Debug] [SHELL] Attacker Keystroke: n
2025-10-22 10:03:16.905 - [Debug] [SHELL] Attacker Keystroke: t
2025-10-22 10:03:16.982 - [Debug] [SHELL] Attacker Keystroke: [Space]
2025-10-22 10:03:17.279 - [Debug] [SHELL] Attacker Keystroke: s
2025-10-22 10:03:17.435 - [Debug] [SHELL] Attacker Keystroke: e
2025-10-22 10:03:17.601 - [Debug] [SHELL] Attacker Keystroke: c
2025-10-22 10:03:17.697 - [Debug] [SHELL] Attacker Keystroke: o
2025-10-22 10:03:17.777 - [Debug] [SHELL] Attacker Keystroke: n
2025-10-22 10:03:17.816 - [Debug] [SHELL] Attacker Keystroke: d
2025-10-22 10:03:17.933 - [Debug] [SHELL] Attacker Keystroke: [Space]
2025-10-22 10:03:18.089 - [Debug] [SHELL] Attacker Keystroke: t
2025-10-22 10:03:18.134 - [Debug] [SHELL] Attacker Keystroke: i
2025-10-22 10:03:18.229 - [Debug] [SHELL] Attacker Keystroke: m
2025-10-22 10:03:18.261 - [Debug] [SHELL] Attacker Keystroke: e
2025-10-22 10:03:18.311 - [Debug] [SHELL] Attacker Keystroke: [Space]
2025-10-22 10:03:18.456 - [Debug] [SHELL] Attacker Keystroke: i
2025-10-22 10:03:18.509 - [Debug] [SHELL] Attacker Keystroke: n
2025-10-22 10:03:18.599 - [Debug] [SHELL] Attacker Keystroke: [Space]
2025-10-22 10:03:18.650 - [Debug] [SHELL] Attacker Keystroke: s
2025-10-22 10:03:18.705 - [Debug] [SHELL] Attacker Keystroke: e
2025-10-22 10:03:18.785 - [Debug] [SHELL] Attacker Keystroke: r
2025-10-22 10:03:18.986 - [Debug] [SHELL] Attacker Keystroke: v
2025-10-22 10:03:19.108 - [Debug] [SHELL] Attacker Keystroke: e
2025-10-22 10:03:19.139 - [Debug] [SHELL] Attacker Keystroke: r
2025-10-22 10:03:19.217 - [Debug] [SHELL] Attacker Keystroke: [Space]
2025-10-22 10:03:19.453 - [Debug] [SHELL] Attacker Keystroke: 2
2025-10-22 10:03:19.766 - [Debug] [SHELL] Attacker Keystroke: [DEL]
2025-10-22 10:03:19.950 - [Debug] [SHELL] Attacker Keystroke: 5
2025-10-22 10:03:20.634 - [Debug] [SHELL] Attacker Keystroke: [DEL]
2025-10-22 10:03:20.861 - [Debug] [SHELL] Attacker Keystroke: 4
2025-10-22 10:03:20.912 - [Debug] [SHELL] Attacker Keystroke: [Space]
2025-10-22 10:03:21.080 - [Debug] [SHELL] Attacker Keystroke: l
2025-10-22 10:03:21.255 - [Debug] [SHELL] Attacker Keystroke: o
2025-10-22 10:03:21.391 - [Debug] [SHELL] Attacker Keystroke: l
2025-10-22 10:03:21.595 - [Debug] [SHELL] Attacker Keystroke: [CR]
2025-10-22 10:03:21.596 - [Debug] [SHELL] line from reader: echo i meant second time in server 4 lol
2025-10-22 10:03:21.596 - [Debug] [SHELL] Keystroke buffer: 101,99,104,111,32,105,32,109,101,97,110,116,32,115,101,99,111,110,100,32,116,105,109,101,32,105,110,32,115,101,114,118,101,114,32,50,127,53,127,52,32,108,111,108,13
