2025-10-22 10:05:34.093 - [Info] MITM Version: 1.4
2025-10-22 10:05:34.095 - [Info] Auto Access Enabled: true
2025-10-22 10:05:34.095 - [Debug] [Init] Auto Access Barrier: true
2025-10-22 10:05:34.100 - [Info] SSH man-in-the-middle server for 172.20.0.5 listening on 0.0.0.0:10004
2025-10-22 10:06:01.900 - [Debug] [Connection] Attacker connected: 10.175.90.186 | Client Identification: SSH-2.0-OpenSSH_for_Windows_9.5
2025-10-22 10:06:03.027 - [Debug] [Auth] Attacker 10.175.90.186 trying to authenticate with "none"
2025-10-22 10:06:03.027 - [Debug] [Auth] Attacker authentication error: No authentication method provided
2025-10-22 10:06:03.074 - [Debug] [Auth] Attacker 10.175.90.186 trying to authenticate with "publickey"
2025-10-22 10:06:03.075 - [Debug] [Auth] Attacker authentication error: Publickey authentication failed
2025-10-22 10:06:03.075 - [Debug] [Auth] Attacker: 10.175.90.186 has so far made 1 attempts. Remaining: 5 attempts
2025-10-22 10:06:04.176 - [Debug] [Auth] Attacker 10.175.90.186 trying to authenticate with "password"
2025-10-22 10:06:04.177 - [Debug] [Auto Access] Attacker: 10.175.90.186, Threshold: 1, Attempts: 1
2025-10-22 10:06:04.177 - [Debug] [Auto Access] Compromising the honeypot
2025-10-22 10:06:04.177 - [Debug] [Auto Access] Adding the following credentials: "subomi:hi"
2025-10-22 10:06:04.551 - [Debug] [Auth] Valid credentials - Password Authentication
2025-10-22 10:06:04.551 - [Debug] [LXC] Attempting to connect to the honeypot: 172.20.0.5
2025-10-22 10:06:04.589 - [Debug] [LXC-Auth] Attacker authenticated and is inside container
2025-10-22 10:06:04.944 - [Debug] [SHELL] Opened shell for attacker
2025-10-22 10:06:04.946 - [Debug] [LXC Streams] New Stream | Total Streams: 1
2025-10-22 10:06:05.495 - [Debug] [SHELL] Attacker Keystroke: e
2025-10-22 10:06:05.716 - [Debug] [SHELL] Attacker Keystroke: c
2025-10-22 10:06:05.771 - [Debug] [SHELL] Attacker Keystroke: h
2025-10-22 10:06:05.915 - [Debug] [SHELL] Attacker Keystroke: o
2025-10-22 10:06:05.999 - [Debug] [SHELL] Attacker Keystroke: [Space]
2025-10-22 10:06:06.609 - [Debug] [SHELL] Attacker Keystroke: l
2025-10-22 10:06:06.757 - [Debug] [SHELL] Attacker Keystroke: a
2025-10-22 10:06:06.896 - [Debug] [SHELL] Attacker Keystroke: s
2025-10-22 10:06:07.132 - [Debug] [SHELL] Attacker Keystroke: t
2025-10-22 10:06:07.221 - [Debug] [SHELL] Attacker Keystroke: [Space]
2025-10-22 10:06:07.660 - [Debug] [SHELL] Attacker Keystroke: r
2025-10-22 10:06:07.735 - [Debug] [SHELL] Attacker Keystroke: u
2025-10-22 10:06:07.829 - [Debug] [SHELL] Attacker Keystroke: n
2025-10-22 10:06:07.875 - [Debug] [SHELL] Attacker Keystroke: [Space]
2025-10-22 10:06:08.030 - [Debug] [SHELL] Attacker Keystroke: s
2025-10-22 10:06:08.109 - [Debug] [SHELL] Attacker Keystroke: e
2025-10-22 10:06:08.265 - [Debug] [SHELL] Attacker Keystroke: r
2025-10-22 10:06:08.449 - [Debug] [SHELL] Attacker Keystroke: v
2025-10-22 10:06:08.900 - [Debug] [SHELL] Attacker Keystroke: e
2025-10-22 10:06:08.931 - [Debug] [SHELL] Attacker Keystroke: r
2025-10-22 10:06:09.010 - [Debug] [SHELL] Attacker Keystroke: [Space]
2025-10-22 10:06:09.360 - [Debug] [SHELL] Attacker Keystroke: 3
2025-10-22 10:06:09.698 - [Debug] [SHELL] Attacker Keystroke: [DEL]
2025-10-22 10:06:09.750 - [Debug] [SHELL] Attacker Keystroke: 4
2025-10-22 10:06:10.149 - [Debug] [SHELL] Attacker Keystroke: [CR]
2025-10-22 10:06:10.149 - [Debug] [SHELL] line from reader: echo last run server 4
2025-10-22 10:06:10.150 - [Debug] [SHELL] Keystroke buffer: 101,99,104,111,32,108,97,115,116,32,114,117,110,32,115,101,114,118,101,114,32,51,127,52,13
