2025-10-22 09:54:55.852 - [Info] MITM Version: 1.4
2025-10-22 09:54:55.854 - [Info] Auto Access Enabled: true
2025-10-22 09:54:55.855 - [Debug] [Init] Auto Access Barrier: true
2025-10-22 09:54:55.860 - [Info] SSH man-in-the-middle server for 172.20.0.5 listening on 0.0.0.0:10004
2025-10-22 09:57:03.732 - [Debug] [Connection] Attacker connected: 10.175.90.186 | Client Identification: SSH-2.0-OpenSSH_for_Windows_9.5
2025-10-22 09:57:04.681 - [Debug] [Auth] Attacker 10.175.90.186 trying to authenticate with "none"
2025-10-22 09:57:04.681 - [Debug] [Auth] Attacker authentication error: No authentication method provided
2025-10-22 09:57:04.741 - [Debug] [Auth] Attacker 10.175.90.186 trying to authenticate with "publickey"
2025-10-22 09:57:04.742 - [Debug] [Auth] Attacker authentication error: Publickey authentication failed
2025-10-22 09:57:04.743 - [Debug] [Auth] Attacker: 10.175.90.186 has so far made 1 attempts. Remaining: 5 attempts
2025-10-22 09:57:07.441 - [Debug] [Auth] Attacker 10.175.90.186 trying to authenticate with "password"
2025-10-22 09:57:07.442 - [Debug] [Auto Access] Attacker: 10.175.90.186, Threshold: 1, Attempts: 1
2025-10-22 09:57:07.442 - [Debug] [Auto Access] Compromising the honeypot
2025-10-22 09:57:07.442 - [Debug] [Auto Access] Adding the following credentials: "subomi:hi"
2025-10-22 09:57:07.809 - [Debug] [Auth] Valid credentials - Password Authentication
2025-10-22 09:57:07.809 - [Debug] [LXC] Attempting to connect to the honeypot: 172.20.0.5
2025-10-22 09:57:07.846 - [Debug] [LXC-Auth] Attacker authenticated and is inside container
2025-10-22 09:57:08.215 - [Debug] [SHELL] Opened shell for attacker
2025-10-22 09:57:08.216 - [Debug] [LXC Streams] New Stream | Total Streams: 1
2025-10-22 09:57:09.030 - [Debug] [SHELL] Attacker Keystroke: e
2025-10-22 09:57:09.275 - [Debug] [SHELL] Attacker Keystroke: c
2025-10-22 09:57:09.672 - [Debug] [SHELL] Attacker Keystroke: h
2025-10-22 09:57:09.816 - [Debug] [SHELL] Attacker Keystroke: o
2025-10-22 09:57:09.908 - [Debug] [SHELL] Attacker Keystroke: [Space]
2025-10-22 09:57:09.988 - [Debug] [SHELL] Attacker Keystroke: s
2025-10-22 09:57:10.075 - [Debug] [SHELL] Attacker Keystroke: e
2025-10-22 09:57:10.476 - [Debug] [SHELL] Attacker Keystroke: r
2025-10-22 09:57:10.707 - [Debug] [SHELL] Attacker Keystroke: v
2025-10-22 09:57:10.783 - [Debug] [SHELL] Attacker Keystroke: e
2025-10-22 09:57:10.921 - [Debug] [SHELL] Attacker Keystroke: r
2025-10-22 09:57:10.997 - [Debug] [SHELL] Attacker Keystroke: [Space]
2025-10-22 09:57:11.215 - [Debug] [SHELL] Attacker Keystroke: 4
2025-10-22 09:57:11.883 - [Debug] [SHELL] Attacker Keystroke: [Space]
2025-10-22 09:57:11.932 - [Debug] [SHELL] Attacker Keystroke: t
2025-10-22 09:57:12.000 - [Debug] [SHELL] Attacker Keystroke: e
2025-10-22 09:57:12.145 - [Debug] [SHELL] Attacker Keystroke: s
2025-10-22 09:57:12.233 - [Debug] [SHELL] Attacker Keystroke: t
2025-10-22 09:57:12.376 - [Debug] [SHELL] Attacker Keystroke: [CR]
2025-10-22 09:57:12.377 - [Debug] [SHELL] line from reader: echo server 4 test
2025-10-22 09:57:12.377 - [Debug] [SHELL] Keystroke buffer: 101,99,104,111,32,115,101,114,118,101,114,32,52,32,116,101,115,116,13
2025-10-22 09:57:12.732 - [Debug] [SHELL] Attacker Keystroke: e
2025-10-22 09:57:12.938 - [Debug] [SHELL] Attacker Keystroke: c
2025-10-22 09:57:12.989 - [Debug] [SHELL] Attacker Keystroke: h
2025-10-22 09:57:13.133 - [Debug] [SHELL] Attacker Keystroke: o
2025-10-22 09:57:13.308 - [Debug] [SHELL] Attacker Keystroke: [Space]
2025-10-22 09:57:13.540 - [Debug] [SHELL] Attacker Keystroke: i
2025-10-22 09:57:13.734 - [Debug] [SHELL] Attacker Keystroke: l
2025-10-22 09:57:13.814 - [Debug] [SHELL] Attacker Keystroke: [Space]
2025-10-22 09:57:14.133 - [Debug] [SHELL] Attacker Keystroke: [DEL]
2025-10-22 09:57:14.248 - [Debug] [SHELL] Attacker Keystroke: [DEL]
2025-10-22 09:57:14.404 - [Debug] [SHELL] Attacker Keystroke: [Space]
2025-10-22 09:57:14.536 - [Debug] [SHELL] Attacker Keystroke: w
2025-10-22 09:57:14.613 - [Debug] [SHELL] Attacker Keystroke: i
2025-10-22 09:57:14.822 - [Debug] [SHELL] Attacker Keystroke: l
2025-10-22 09:57:14.899 - [Debug] [SHELL] Attacker Keystroke: l
2025-10-22 09:57:15.029 - [Debug] [SHELL] Attacker Keystroke: [Space]
2025-10-22 09:57:15.209 - [Debug] [SHELL] Attacker Keystroke: t
2025-10-22 09:57:15.282 - [Debug] [SHELL] Attacker Keystroke: i
2025-10-22 09:57:15.355 - [Debug] [SHELL] Attacker Keystroke: m
2025-10-22 09:57:15.473 - [Debug] [SHELL] Attacker Keystroke: e
2025-10-22 09:57:15.526 - [Debug] [SHELL] Attacker Keystroke: [Space]
2025-10-22 09:57:15.674 - [Debug] [SHELL] Attacker Keystroke: o
2025-10-22 09:57:15.751 - [Debug] [SHELL] Attacker Keystroke: u
2025-10-22 09:57:15.803 - [Debug] [SHELL] Attacker Keystroke: t
2025-10-22 09:57:15.881 - [Debug] [SHELL] Attacker Keystroke: [Space]
2025-10-22 09:57:16.096 - [Debug] [SHELL] Attacker Keystroke: t
2025-10-22 09:57:16.179 - [Debug] [SHELL] Attacker Keystroke: o
2025-10-22 09:57:16.324 - [Debug] [SHELL] Attacker Keystroke: o
2025-10-22 09:57:16.459 - [Debug] [SHELL] Attacker Keystroke: [CR]
2025-10-22 09:57:16.459 - [Debug] [SHELL] line from reader: echo i will time out too
2025-10-22 09:57:16.460 - [Debug] [SHELL] Keystroke buffer: 101,99,104,111,32,105,108,32,127,127,32,119,105,108,108,32,116,105,109,101,32,111,117,116,32,116,111,111,13
2025-10-22 09:57:17.538 - [Debug] [SHELL] Attacker Keystroke: d
2025-10-22 09:57:17.719 - [Debug] [SHELL] Attacker Keystroke: a
2025-10-22 09:57:17.770 - [Debug] [SHELL] Attacker Keystroke: t
2025-10-22 09:57:18.102 - [Debug] [SHELL] Attacker Keystroke: [DEL]
2025-10-22 09:57:18.237 - [Debug] [SHELL] Attacker Keystroke: [DEL]
2025-10-22 09:57:18.385 - [Debug] [SHELL] Attacker Keystroke: [DEL]
2025-10-22 09:57:18.486 - [Debug] [SHELL] Attacker Keystroke: [DEL]
