2025-10-21 21:33:16.307 - [Info] MITM Version: 1.4
2025-10-21 21:33:16.309 - [Info] Auto Access Enabled: true
2025-10-21 21:33:16.309 - [Debug] [Init] Auto Access Barrier: true
2025-10-21 21:33:16.314 - [Info] SSH man-in-the-middle server for 172.20.0.5 listening on 0.0.0.0:10004
2025-10-21 21:35:13.880 - [Debug] [Connection] Attacker connected: 10.172.95.111 | Client Identification: SSH-2.0-OpenSSH_for_Windows_9.5
2025-10-21 21:35:15.410 - [Debug] [Auth] Attacker 10.172.95.111 trying to authenticate with "none"
2025-10-21 21:35:15.411 - [Debug] [Auth] Attacker authentication error: No authentication method provided
2025-10-21 21:35:15.476 - [Debug] [Auth] Attacker 10.172.95.111 trying to authenticate with "publickey"
2025-10-21 21:35:15.477 - [Debug] [Auth] Attacker authentication error: Publickey authentication failed
2025-10-21 21:35:15.477 - [Debug] [Auth] Attacker: 10.172.95.111 has so far made 1 attempts. Remaining: 5 attempts
2025-10-21 21:35:16.689 - [Debug] [Auth] Attacker 10.172.95.111 trying to authenticate with "password"
2025-10-21 21:35:16.690 - [Debug] [Auto Access] Attacker: 10.172.95.111, Threshold: 1, Attempts: 1
2025-10-21 21:35:16.691 - [Debug] [Auto Access] Compromising the honeypot
2025-10-21 21:35:16.691 - [Debug] [Auto Access] Adding the following credentials: "attacker:s"
2025-10-21 21:35:17.076 - [Debug] [Auth] Valid credentials - Password Authentication
2025-10-21 21:35:17.076 - [Debug] [LXC] Attempting to connect to the honeypot: 172.20.0.5
2025-10-21 21:35:17.119 - [Debug] [LXC-Auth] Attacker authenticated and is inside container
2025-10-21 21:35:17.505 - [Debug] [SHELL] Opened shell for attacker
2025-10-21 21:35:17.507 - [Debug] [LXC Streams] New Stream | Total Streams: 1
2025-10-21 21:35:18.640 - [Debug] [SHELL] Attacker Keystroke: e
2025-10-21 21:35:18.833 - [Debug] [SHELL] Attacker Keystroke: c
2025-10-21 21:35:18.929 - [Debug] [SHELL] Attacker Keystroke: h
2025-10-21 21:35:19.098 - [Debug] [SHELL] Attacker Keystroke: o
2025-10-21 21:35:19.291 - [Debug] [SHELL] Attacker Keystroke: [Space]
2025-10-21 21:35:19.483 - [Debug] [SHELL] Attacker Keystroke: j
2025-10-21 21:35:19.612 - [Debug] [SHELL] Attacker Keystroke: a
2025-10-21 21:35:19.725 - [Debug] [SHELL] Attacker Keystroke: n
2025-10-21 21:35:19.847 - [Debug] [SHELL] Attacker Keystroke: a
2025-10-21 21:35:19.999 - [Debug] [SHELL] Attacker Keystroke: e
2025-10-21 21:35:20.150 - [Debug] [SHELL] Attacker Keystroke: [Space]
2025-10-21 21:35:20.446 - [Debug] [SHELL] Attacker Keystroke: t
2025-10-21 21:35:20.540 - [Debug] [SHELL] Attacker Keystroke: e
2025-10-21 21:35:20.701 - [Debug] [SHELL] Attacker Keystroke: s
2025-10-21 21:35:20.949 - [Debug] [SHELL] Attacker Keystroke: t
2025-10-21 21:35:21.044 - [Debug] [SHELL] Attacker Keystroke: i
2025-10-21 21:35:21.171 - [Debug] [SHELL] Attacker Keystroke: n
2025-10-21 21:35:21.259 - [Debug] [SHELL] Attacker Keystroke: g
2025-10-21 21:35:21.380 - [Debug] [SHELL] Attacker Keystroke: [Space]
2025-10-21 21:35:21.564 - [Debug] [SHELL] Attacker Keystroke: a
2025-10-21 21:35:21.596 - [Debug] [SHELL] Attacker Keystroke: g
2025-10-21 21:35:21.837 - [Debug] [SHELL] Attacker Keystroke: a
2025-10-21 21:35:21.963 - [Debug] [SHELL] Attacker Keystroke: i
2025-10-21 21:35:22.199 - [Debug] [SHELL] Attacker Keystroke: n
2025-10-21 21:35:22.375 - [Debug] [SHELL] Attacker Keystroke: n
2025-10-21 21:35:22.508 - [Debug] [SHELL] Attacker Keystroke: n
2025-10-21 21:35:22.627 - [Debug] [SHELL] Attacker Keystroke: n
2025-10-21 21:35:22.788 - [Debug] [SHELL] Attacker Keystroke: n
2025-10-21 21:35:22.914 - [Debug] [SHELL] Attacker Keystroke: n
2025-10-21 21:35:23.042 - [Debug] [SHELL] Attacker Keystroke: n
2025-10-21 21:35:23.264 - [Debug] [SHELL] Attacker Keystroke: [CR]
2025-10-21 21:35:23.265 - [Debug] [SHELL] line from reader: echo janae testing againnnnnnn
2025-10-21 21:35:23.265 - [Debug] [SHELL] Keystroke buffer: 101,99,104,111,32,106,97,110,97,101,32,116,101,115,116,105,110,103,32,97,103,97,105,110,110,110,110,110,110,110,13
2025-10-21 21:35:24.004 - [Debug] [SHELL] Attacker Keystroke: l
2025-10-21 21:35:24.085 - [Debug] [SHELL] Attacker Keystroke: s
2025-10-21 21:35:24.275 - [Debug] [SHELL] Attacker Keystroke: [CR]
2025-10-21 21:35:24.275 - [Debug] [SHELL] line from reader: ls
2025-10-21 21:35:24.275 - [Debug] [SHELL] Keystroke buffer: 108,115,13
2025-10-21 21:35:28.746 - [Debug] [SHELL] Attacker Keystroke: c
2025-10-21 21:35:28.963 - [Debug] [SHELL] Attacker Keystroke: s
2025-10-21 21:35:29.800 - [Debug] [SHELL] Attacker Keystroke: [Space]
2025-10-21 21:35:30.155 - [Debug] [SHELL] Attacker Keystroke: S
2025-10-21 21:35:30.938 - [Debug] [SHELL] Attacker Keystroke: t
2025-10-21 21:35:31.826 - [Debug] [SHELL] Attacker Keystroke: a
2025-10-21 21:35:32.106 - [Debug] [SHELL] Attacker Keystroke: d
2025-10-21 21:35:33.647 - [Debug] [SHELL] Attacker Keystroke: [DEL]
2025-10-21 21:35:33.758 - [Debug] [SHELL] Attacker Keystroke: f
2025-10-21 21:35:33.952 - [Debug] [SHELL] Attacker Keystroke: f
2025-10-21 21:35:34.865 - [Debug] [SHELL] Attacker Keystroke: _
2025-10-21 21:35:35.216 - [Debug] [SHELL] Attacker Keystroke: I
2025-10-21 21:35:35.408 - [Debug] [SHELL] Attacker Keystroke: n
2025-10-21 21:35:35.515 - [Debug] [SHELL] Attacker Keystroke: f
2025-10-21 21:35:35.664 - [Debug] [SHELL] Attacker Keystroke: r
2025-10-21 21:35:35.791 - [Debug] [SHELL] Attacker Keystroke: o
2025-10-21 21:35:35.929 - [Debug] [SHELL] Attacker Keystroke: m
2025-10-21 21:35:36.056 - [Debug] [SHELL] Attacker Keystroke: a
2025-10-21 21:35:36.280 - [Debug] [SHELL] Attacker Keystroke: t
2025-10-21 21:35:36.389 - [Debug] [SHELL] Attacker Keystroke: i
2025-10-21 21:35:36.513 - [Debug] [SHELL] Attacker Keystroke: o
2025-10-21 21:35:36.632 - [Debug] [SHELL] Attacker Keystroke: n
2025-10-21 21:35:37.459 - [Debug] [SHELL] Attacker Keystroke: [CR]
2025-10-21 21:35:37.460 - [Debug] [SHELL] line from reader: cs Staff_Infromation
2025-10-21 21:35:37.460 - [Debug] [SHELL] Keystroke buffer: 99,115,32,83,116,97,100,127,102,102,95,73,110,102,114,111,109,97,116,105,111,110,13
2025-10-21 21:35:41.310 - [Debug] [SHELL] Attacker Keystroke: [ESC][A
2025-10-21 21:35:41.597 - [Debug] [SHELL] Attacker Keystroke: [ESC][D
2025-10-21 21:35:42.354 - [Debug] [SHELL] Attacker Keystroke: [ESC][D
2025-10-21 21:35:42.384 - [Debug] [SHELL] Attacker Keystroke: [ESC][D
2025-10-21 21:35:42.416 - [Debug] [SHELL] Attacker Keystroke: [ESC][D
2025-10-21 21:35:42.448 - [Debug] [SHELL] Attacker Keystroke: [ESC][D
2025-10-21 21:35:42.479 - [Debug] [SHELL] Attacker Keystroke: [ESC][D
2025-10-21 21:35:42.544 - [Debug] [SHELL] Attacker Keystroke: [ESC][D
2025-10-21 21:35:42.575 - [Debug] [SHELL] Attacker Keystroke: [ESC][D
2025-10-21 21:35:42.607 - [Debug] [SHELL] Attacker Keystroke: [ESC][D
2025-10-21 21:35:42.661 - [Debug] [SHELL] Attacker Keystroke: [ESC][D
2025-10-21 21:35:42.703 - [Debug] [SHELL] Attacker Keystroke: [ESC][D
2025-10-21 21:35:42.756 - [Debug] [SHELL] Attacker Keystroke: [ESC][D
2025-10-21 21:35:42.756 - [Debug] [SHELL] Attacker Keystroke: [ESC][D
2025-10-21 21:35:42.813 - [Debug] [SHELL] Attacker Keystroke: [ESC][D
2025-10-21 21:35:42.840 - [Debug] [SHELL] Attacker Keystroke: [ESC][D
2025-10-21 21:35:42.873 - [Debug] [SHELL] Attacker Keystroke: [ESC][D
2025-10-21 21:35:42.936 - [Debug] [SHELL] Attacker Keystroke: [ESC][D
2025-10-21 21:35:43.087 - [Debug] [SHELL] Attacker Keystroke: [ESC][D
2025-10-21 21:35:43.398 - [Debug] [SHELL] Attacker Keystroke: [ESC][D
2025-10-21 21:35:43.890 - [Debug] [SHELL] Attacker Keystroke: [ESC][C
2025-10-21 21:35:44.208 - [Debug] [SHELL] Attacker Keystroke: [DEL]
2025-10-21 21:35:44.620 - [Debug] [SHELL] Attacker Keystroke: d
2025-10-21 21:35:44.807 - [Debug] [SHELL] Attacker Keystroke: [CR]
2025-10-21 21:35:44.807 - [Debug] [SHELL] line from reader: cd Staff_Infromation
2025-10-21 21:35:44.808 - [Debug] [SHELL] Keystroke buffer: 27,91,65,27,91,68,27,91,68,27,91,68,27,91,68,27,91,68,27,91,68,27,91,68,27,91,68,27,91,68,27,91,68,27,91,68,27,91,68,27,91,68,27,91,68,27,91,68,27,91,68,27,91,68,27,91,68,27,91,68,27,91,67,127,100,13
2025-10-21 21:35:47.595 - [Debug] [SHELL] Attacker Keystroke: c
2025-10-21 21:35:47.739 - [Debug] [SHELL] Attacker Keystroke: d
2025-10-21 21:35:48.168 - [Debug] [SHELL] Attacker Keystroke: [Space]
2025-10-21 21:35:48.415 - [Debug] [SHELL] Attacker Keystroke: S
2025-10-21 21:35:48.573 - [Debug] [SHELL] Attacker Keystroke: t
2025-10-21 21:35:48.990 - [Debug] [SHELL] Attacker Keystroke: a
2025-10-21 21:35:49.848 - [Debug] [SHELL] Attacker Keystroke: f
2025-10-21 21:35:49.990 - [Debug] [SHELL] Attacker Keystroke: f
2025-10-21 21:35:50.339 - [Debug] [SHELL] Attacker Keystroke: _
2025-10-21 21:35:51.064 - [Debug] [SHELL] Attacker Keystroke: I
2025-10-21 21:35:51.269 - [Debug] [SHELL] Attacker Keystroke: n
2025-10-21 21:35:51.413 - [Debug] [SHELL] Attacker Keystroke: f
2025-10-21 21:35:51.505 - [Debug] [SHELL] Attacker Keystroke: r
2025-10-21 21:35:52.430 - [Debug] [SHELL] Attacker Keystroke: [DEL]
2025-10-21 21:35:52.786 - [Debug] [SHELL] Attacker Keystroke: o
2025-10-21 21:35:52.898 - [Debug] [SHELL] Attacker Keystroke: r
2025-10-21 21:35:53.042 - [Debug] [SHELL] Attacker Keystroke: m
2025-10-21 21:35:53.252 - [Debug] [SHELL] Attacker Keystroke: a
2025-10-21 21:35:53.466 - [Debug] [SHELL] Attacker Keystroke: t
2025-10-21 21:35:53.624 - [Debug] [SHELL] Attacker Keystroke: i
2025-10-21 21:35:53.688 - [Debug] [SHELL] Attacker Keystroke: o
2025-10-21 21:35:53.816 - [Debug] [SHELL] Attacker Keystroke: n
2025-10-21 21:35:54.098 - [Debug] [SHELL] Attacker Keystroke: [CR]
2025-10-21 21:35:54.099 - [Debug] [SHELL] line from reader: cd Staff_Information
2025-10-21 21:35:54.099 - [Debug] [SHELL] Keystroke buffer: 99,100,32,83,116,97,102,102,95,73,110,102,114,127,111,114,109,97,116,105,111,110,13
2025-10-21 21:35:55.723 - [Debug] [SHELL] Attacker Keystroke: e
2025-10-21 21:35:55.904 - [Debug] [SHELL] Attacker Keystroke: x
2025-10-21 21:35:56.064 - [Debug] [SHELL] Attacker Keystroke: i
2025-10-21 21:35:56.255 - [Debug] [SHELL] Attacker Keystroke: t
2025-10-21 21:35:56.394 - [Debug] [SHELL] Attacker Keystroke: [CR]
2025-10-21 21:35:56.394 - [Debug] [SHELL] line from reader: exit
2025-10-21 21:35:56.394 - [Debug] [SHELL] Keystroke buffer: 101,120,105,116,13
2025-10-21 21:35:56.397 - [Debug] [LXC Streams] Removed Stream | Total streams: 0
2025-10-21 21:35:56.397 - [Debug] [SHELL] Honeypot ended shell
2025-10-21 21:35:56.456 - [Debug] [SHELL] Attacker ended the shell
2025-10-21 21:35:56.457 - [Debug] [Connection] Attacker closed connection
2025-10-21 21:35:56.460 - [Debug] [LXC] Container's OpenSSH server ended connection
2025-10-21 21:35:56.460 - [Debug] [LXC] Container's OpenSSH server closed connection
