2025-10-20 23:44:19.354 - [Info] MITM Version: 1.4
2025-10-20 23:44:19.356 - [Info] Auto Access Enabled: true
2025-10-20 23:44:19.356 - [Debug] [Init] Auto Access Barrier: true
2025-10-20 23:44:19.361 - [Info] SSH man-in-the-middle server for 172.20.0.2 listening on 0.0.0.0:10001
2025-10-20 23:44:47.347 - [Debug] [Connection] Attacker connected: 10.173.150.42 | Client Identification: SSH-2.0-OpenSSH_for_Windows_9.5
2025-10-20 23:44:49.081 - [Debug] [Auth] Attacker 10.173.150.42 trying to authenticate with "none"
2025-10-20 23:44:49.081 - [Debug] [Auth] Attacker authentication error: No authentication method provided
2025-10-20 23:44:49.141 - [Debug] [Auth] Attacker 10.173.150.42 trying to authenticate with "publickey"
2025-10-20 23:44:49.142 - [Debug] [Auth] Attacker authentication error: Publickey authentication failed
2025-10-20 23:44:49.143 - [Debug] [Auth] Attacker: 10.173.150.42 has so far made 1 attempts. Remaining: 5 attempts
2025-10-20 23:44:50.411 - [Debug] [Auth] Attacker 10.173.150.42 trying to authenticate with "password"
2025-10-20 23:44:50.413 - [Debug] [Auto Access] Attacker: 10.173.150.42, Threshold: 1, Attempts: 1
2025-10-20 23:44:50.413 - [Debug] [Auto Access] Compromising the honeypot
2025-10-20 23:44:50.413 - [Debug] [Auto Access] Adding the following credentials: "hello:hi"
2025-10-20 23:44:50.786 - [Debug] [Auth] Valid credentials - Password Authentication
2025-10-20 23:44:50.786 - [Debug] [LXC] Attempting to connect to the honeypot: 172.20.0.2
2025-10-20 23:44:50.825 - [Debug] [LXC-Auth] Attacker authenticated and is inside container
2025-10-20 23:44:51.214 - [Debug] [SHELL] Opened shell for attacker
2025-10-20 23:44:51.216 - [Debug] [LXC Streams] New Stream | Total Streams: 1
2025-10-20 23:44:52.482 - [Debug] [SHELL] Attacker Keystroke: e
2025-10-20 23:44:52.687 - [Debug] [SHELL] Attacker Keystroke: c
2025-10-20 23:44:52.789 - [Debug] [SHELL] Attacker Keystroke: h
2025-10-20 23:44:52.969 - [Debug] [SHELL] Attacker Keystroke: o
2025-10-20 23:44:53.087 - [Debug] [SHELL] Attacker Keystroke: [Space]
2025-10-20 23:44:53.337 - [Debug] [SHELL] Attacker Keystroke: [CR]
2025-10-20 23:44:53.338 - [Debug] [SHELL] line from reader: echo 
2025-10-20 23:44:53.338 - [Debug] [SHELL] Keystroke buffer: 101,99,104,111,32,13
2025-10-20 23:44:53.975 - [Debug] [SHELL] Attacker Keystroke: e
2025-10-20 23:44:54.154 - [Debug] [SHELL] Attacker Keystroke: c
2025-10-20 23:44:54.179 - [Debug] [SHELL] Attacker Keystroke: h
2025-10-20 23:44:54.272 - [Debug] [SHELL] Attacker Keystroke: o
2025-10-20 23:44:54.343 - [Debug] [SHELL] Attacker Keystroke: [Space]
2025-10-20 23:44:54.495 - [Debug] [SHELL] Attacker Keystroke: h
2025-10-20 23:44:54.495 - [Debug] [SHELL] Attacker Keystroke: i
2025-10-20 23:44:54.699 - [Debug] [SHELL] Attacker Keystroke: [CR]
2025-10-20 23:44:54.699 - [Debug] [SHELL] line from reader: echo hi
2025-10-20 23:44:54.699 - [Debug] [SHELL] Keystroke buffer: 101,99,104,111,32,104,105,13
2025-10-20 23:44:55.352 - [Debug] [SHELL] Attacker Keystroke: t
2025-10-20 23:44:55.404 - [Debug] [SHELL] Attacker Keystroke: o
2025-10-20 23:44:55.464 - [Debug] [SHELL] Attacker Keystroke: u
2025-10-20 23:44:55.612 - [Debug] [SHELL] Attacker Keystroke: c
2025-10-20 23:44:55.663 - [Debug] [SHELL] Attacker Keystroke: h
2025-10-20 23:44:55.720 - [Debug] [SHELL] Attacker Keystroke: [Space]
2025-10-20 23:44:55.892 - [Debug] [SHELL] Attacker Keystroke: n
2025-10-20 23:44:55.922 - [Debug] [SHELL] Attacker Keystroke: e
2025-10-20 23:44:55.976 - [Debug] [SHELL] Attacker Keystroke: w
2025-10-20 23:44:56.765 - [Debug] [SHELL] Attacker Keystroke: _
2025-10-20 23:44:56.936 - [Debug] [SHELL] Attacker Keystroke: f
2025-10-20 23:44:57.092 - [Debug] [SHELL] Attacker Keystroke: i
2025-10-20 23:44:57.357 - [Debug] [SHELL] Attacker Keystroke: l
2025-10-20 23:44:57.424 - [Debug] [SHELL] Attacker Keystroke: e
2025-10-20 23:44:57.666 - [Debug] [SHELL] Attacker Keystroke: [CR]
2025-10-20 23:44:57.666 - [Debug] [SHELL] line from reader: touch new_file
2025-10-20 23:44:57.666 - [Debug] [SHELL] Keystroke buffer: 116,111,117,99,104,32,110,101,119,95,102,105,108,101,13
2025-10-20 23:44:59.163 - [Debug] [SHELL] Attacker Keystroke: l
2025-10-20 23:44:59.240 - [Debug] [SHELL] Attacker Keystroke: s
2025-10-20 23:44:59.331 - [Debug] [SHELL] Attacker Keystroke: [CR]
2025-10-20 23:44:59.332 - [Debug] [SHELL] line from reader: ls
2025-10-20 23:44:59.332 - [Debug] [SHELL] Keystroke buffer: 108,115,13
