2025-10-20 23:55:11.021 - [Info] MITM Version: 1.4
2025-10-20 23:55:11.023 - [Info] Auto Access Enabled: true
2025-10-20 23:55:11.024 - [Debug] [Init] Auto Access Barrier: true
2025-10-20 23:55:11.029 - [Info] SSH man-in-the-middle server for 172.20.0.2 listening on 0.0.0.0:10001
2025-10-20 23:55:23.682 - [Debug] [Connection] Attacker connected: 10.173.43.138 | Client Identification: SSH-2.0-OpenSSH_for_Windows_9.5
2025-10-20 23:55:24.799 - [Debug] [Auth] Attacker 10.173.43.138 trying to authenticate with "none"
2025-10-20 23:55:24.800 - [Debug] [Auth] Attacker authentication error: No authentication method provided
2025-10-20 23:55:24.859 - [Debug] [Auth] Attacker 10.173.43.138 trying to authenticate with "publickey"
2025-10-20 23:55:24.860 - [Debug] [Auth] Attacker authentication error: Publickey authentication failed
2025-10-20 23:55:24.860 - [Debug] [Auth] Attacker: 10.173.43.138 has so far made 1 attempts. Remaining: 5 attempts
2025-10-20 23:55:25.554 - [Debug] [Auth] Attacker 10.173.43.138 trying to authenticate with "password"
2025-10-20 23:55:25.556 - [Debug] [Auto Access] Attacker: 10.173.43.138, Threshold: 1, Attempts: 1
2025-10-20 23:55:25.556 - [Debug] [Auto Access] Compromising the honeypot
2025-10-20 23:55:25.556 - [Debug] [Auto Access] Adding the following credentials: "attacker:asd"
2025-10-20 23:55:25.917 - [Debug] [Auth] Valid credentials - Password Authentication
2025-10-20 23:55:25.918 - [Debug] [LXC] Attempting to connect to the honeypot: 172.20.0.2
2025-10-20 23:55:25.955 - [Debug] [LXC-Auth] Attacker authenticated and is inside container
2025-10-20 23:55:26.321 - [Debug] [SHELL] Opened shell for attacker
2025-10-20 23:55:26.322 - [Debug] [LXC Streams] New Stream | Total Streams: 1
2025-10-20 23:55:26.802 - [Debug] [SHELL] Attacker Keystroke: e
2025-10-20 23:55:26.984 - [Debug] [SHELL] Attacker Keystroke: c
2025-10-20 23:55:27.060 - [Debug] [SHELL] Attacker Keystroke: h
2025-10-20 23:55:27.201 - [Debug] [SHELL] Attacker Keystroke: o
2025-10-20 23:55:27.281 - [Debug] [SHELL] Attacker Keystroke: [Space]
2025-10-20 23:55:27.590 - [Debug] [SHELL] Attacker Keystroke: h
2025-10-20 23:55:27.731 - [Debug] [SHELL] Attacker Keystroke: e
2025-10-20 23:55:27.947 - [Debug] [SHELL] Attacker Keystroke: y
2025-10-20 23:55:28.118 - [Debug] [SHELL] Attacker Keystroke: [Space]
2025-10-20 23:55:28.595 - [Debug] [SHELL] Attacker Keystroke: u
2025-10-20 23:55:28.706 - [Debug] [SHELL] Attacker Keystroke: y
2025-10-20 23:55:28.905 - [Debug] [SHELL] Attacker Keystroke: s
2025-10-20 23:55:29.199 - [Debug] [SHELL] Attacker Keystroke: [DEL]
2025-10-20 23:55:29.285 - [Debug] [SHELL] Attacker Keystroke: [DEL]
2025-10-20 23:55:29.398 - [Debug] [SHELL] Attacker Keystroke: [DEL]
2025-10-20 23:55:29.494 - [Debug] [SHELL] Attacker Keystroke: [DEL]
2025-10-20 23:55:29.860 - [Debug] [SHELL] Attacker Keystroke: [Space]
2025-10-20 23:55:30.188 - [Debug] [SHELL] Attacker Keystroke: u
2025-10-20 23:55:30.375 - [Debug] [SHELL] Attacker Keystroke: y
2025-10-20 23:55:30.618 - [Debug] [SHELL] Attacker Keystroke: [DEL]
2025-10-20 23:55:31.163 - [Debug] [SHELL] Attacker Keystroke: [DEL]
2025-10-20 23:55:31.413 - [Debug] [SHELL] Attacker Keystroke: g
2025-10-20 23:55:31.596 - [Debug] [SHELL] Attacker Keystroke: u
2025-10-20 23:55:31.666 - [Debug] [SHELL] Attacker Keystroke: y
2025-10-20 23:55:31.726 - [Debug] [SHELL] Attacker Keystroke: s
2025-10-20 23:55:31.879 - [Debug] [SHELL] Attacker Keystroke: [CR]
2025-10-20 23:55:31.880 - [Debug] [SHELL] line from reader: echo hey guys
2025-10-20 23:55:31.880 - [Debug] [SHELL] Keystroke buffer: 101,99,104,111,32,104,101,121,32,117,121,115,127,127,127,127,32,117,121,127,127,103,117,121,115,13
2025-10-20 23:55:32.939 - [Debug] [SHELL] Attacker Keystroke: e
2025-10-20 23:55:33.032 - [Debug] [SHELL] Attacker Keystroke: c
2025-10-20 23:55:33.099 - [Debug] [SHELL] Attacker Keystroke: h
2025-10-20 23:55:33.260 - [Debug] [SHELL] Attacker Keystroke: o
2025-10-20 23:55:33.283 - [Debug] [SHELL] Attacker Keystroke: [Space]
2025-10-20 23:55:33.467 - [Debug] [SHELL] Attacker Keystroke: o
2025-10-20 23:55:33.531 - [Debug] [SHELL] Attacker Keystroke: m
2025-10-20 23:55:33.595 - [Debug] [SHELL] Attacker Keystroke: g
2025-10-20 23:55:33.722 - [Debug] [SHELL] Attacker Keystroke: [CR]
2025-10-20 23:55:33.723 - [Debug] [SHELL] line from reader: echo omg
2025-10-20 23:55:33.723 - [Debug] [SHELL] Keystroke buffer: 101,99,104,111,32,111,109,103,13
2025-10-20 23:55:33.993 - [Debug] [SHELL] Attacker Keystroke: e
2025-10-20 23:55:34.106 - [Debug] [SHELL] Attacker Keystroke: c
2025-10-20 23:55:34.201 - [Debug] [SHELL] Attacker Keystroke: h
2025-10-20 23:55:34.352 - [Debug] [SHELL] Attacker Keystroke: o
2025-10-20 23:55:34.439 - [Debug] [SHELL] Attacker Keystroke: [Space]
2025-10-20 23:55:34.582 - [Debug] [SHELL] Attacker Keystroke: p
2025-10-20 23:55:34.614 - [Debug] [SHELL] Attacker Keystroke: l
2025-10-20 23:55:34.646 - [Debug] [SHELL] Attacker Keystroke: s
2025-10-20 23:55:34.741 - [Debug] [SHELL] Attacker Keystroke: [CR]
2025-10-20 23:55:34.741 - [Debug] [SHELL] line from reader: echo pls
2025-10-20 23:55:34.742 - [Debug] [SHELL] Keystroke buffer: 101,99,104,111,32,112,108,115,13
2025-10-20 23:55:35.212 - [Debug] [SHELL] Attacker Keystroke: c
2025-10-20 23:55:35.360 - [Debug] [SHELL] Attacker Keystroke: h
2025-10-20 23:55:35.565 - [Debug] [SHELL] Attacker Keystroke: [DEL]
2025-10-20 23:55:35.680 - [Debug] [SHELL] Attacker Keystroke: [DEL]
2025-10-20 23:55:35.710 - [Debug] [SHELL] Attacker Keystroke: e
2025-10-20 23:55:35.818 - [Debug] [SHELL] Attacker Keystroke: c
2025-10-20 23:55:35.866 - [Debug] [SHELL] Attacker Keystroke: h
2025-10-20 23:55:35.992 - [Debug] [SHELL] Attacker Keystroke: o
2025-10-20 23:55:36.051 - [Debug] [SHELL] Attacker Keystroke: [Space]
2025-10-20 23:55:36.204 - [Debug] [SHELL] Attacker Keystroke: d
2025-10-20 23:55:36.281 - [Debug] [SHELL] Attacker Keystroke: o
2025-10-20 23:55:36.404 - [Debug] [SHELL] Attacker Keystroke: n
2025-10-20 23:55:36.424 - [Debug] [SHELL] Attacker Keystroke: t
2025-10-20 23:55:36.510 - [Debug] [SHELL] Attacker Keystroke: [Space]
2025-10-20 23:55:36.801 - [Debug] [SHELL] Attacker Keystroke: k
2025-10-20 23:55:36.971 - [Debug] [SHELL] Attacker Keystroke: i
2025-10-20 23:55:37.067 - [Debug] [SHELL] Attacker Keystroke: c
2025-10-20 23:55:37.146 - [Debug] [SHELL] Attacker Keystroke: k
2025-10-20 23:55:37.421 - [Debug] [SHELL] Attacker Keystroke: m
2025-10-20 23:55:37.547 - [Debug] [SHELL] Attacker Keystroke: [Space]
2025-10-20 23:55:37.679 - [Debug] [SHELL] Attacker Keystroke: m
2025-10-20 23:55:37.741 - [Debug] [SHELL] Attacker Keystroke: e
2025-10-20 23:55:37.803 - [Debug] [SHELL] Attacker Keystroke: [CR]
2025-10-20 23:55:37.803 - [Debug] [SHELL] line from reader: echo dont kickm me
2025-10-20 23:55:37.803 - [Debug] [SHELL] Keystroke buffer: 99,104,127,127,101,99,104,111,32,100,111,110,116,32,107,105,99,107,109,32,109,101,13
2025-10-20 23:55:39.002 - [Debug] [SHELL] Attacker Keystroke: e
2025-10-20 23:55:39.127 - [Debug] [SHELL] Attacker Keystroke: c
2025-10-20 23:55:39.200 - [Debug] [SHELL] Attacker Keystroke: h
2025-10-20 23:55:39.384 - [Debug] [SHELL] Attacker Keystroke: o
2025-10-20 23:55:39.480 - [Debug] [SHELL] Attacker Keystroke: [Space]
2025-10-20 23:55:39.548 - [Debug] [SHELL] Attacker Keystroke: w
2025-10-20 23:55:39.637 - [Debug] [SHELL] Attacker Keystroke: a
2025-10-20 23:55:39.756 - [Debug] [SHELL] Attacker Keystroke: i
2025-10-20 23:55:39.852 - [Debug] [SHELL] Attacker Keystroke: t
2025-10-20 23:55:40.006 - [Debug] [SHELL] Attacker Keystroke: [CR]
2025-10-20 23:55:40.007 - [Debug] [SHELL] line from reader: echo wait
2025-10-20 23:55:40.007 - [Debug] [SHELL] Keystroke buffer: 101,99,104,111,32,119,97,105,116,13
2025-10-20 23:55:40.522 - [Debug] [SHELL] Attacker Keystroke: e
2025-10-20 23:55:40.749 - [Debug] [SHELL] Attacker Keystroke: c
