2025-11-09 00:03:25.112 - [Info] MITM Version: 1.4
2025-11-09 00:03:25.114 - [Info] Auto Access Enabled: true
2025-11-09 00:03:25.114 - [Debug] [Init] Auto Access Barrier: true
2025-11-09 00:03:25.119 - [Info] SSH man-in-the-middle server for 172.20.0.2 listening on 0.0.0.0:10001
2025-11-09 00:03:27.731 - [Debug] [Connection] Attacker connected: 10.206.34.190 | Client Identification: SSH-2.0-OpenSSH_for_Windows_9.5
2025-11-09 00:03:30.103 - [Debug] [Auth] Attacker 10.206.34.190 trying to authenticate with "none"
2025-11-09 00:03:30.103 - [Debug] [Auth] Attacker authentication error: No authentication method provided
2025-11-09 00:03:30.191 - [Debug] [Auth] Attacker 10.206.34.190 trying to authenticate with "publickey"
2025-11-09 00:03:30.192 - [Debug] [Auth] Attacker authentication error: Publickey authentication failed
2025-11-09 00:03:30.192 - [Debug] [Auth] Attacker: 10.206.34.190 has so far made 1 attempts. Remaining: 5 attempts
2025-11-09 00:03:31.634 - [Debug] [Auth] Attacker 10.206.34.190 trying to authenticate with "password"
2025-11-09 00:03:31.635 - [Debug] [Auto Access] Attacker: 10.206.34.190, Threshold: 1, Attempts: 1
2025-11-09 00:03:31.636 - [Debug] [Auto Access] Compromising the honeypot
2025-11-09 00:03:31.636 - [Debug] [Auto Access] Adding the following credentials: "12345:hi"
2025-11-09 00:03:32.099 - [Debug] [Auth] Valid credentials - Password Authentication
2025-11-09 00:03:32.099 - [Debug] [LXC] Attempting to connect to the honeypot: 172.20.0.2
2025-11-09 00:03:32.139 - [Debug] [LXC-Auth] Attacker authenticated and is inside container
2025-11-09 00:03:32.455 - [Debug] [SHELL] Opened shell for attacker
2025-11-09 00:03:32.456 - [Debug] [LXC Streams] New Stream | Total Streams: 1
2025-11-09 00:03:35.923 - [Debug] [SHELL] Attacker Keystroke: e
2025-11-09 00:03:36.130 - [Debug] [SHELL] Attacker Keystroke: c
2025-11-09 00:03:36.387 - [Debug] [SHELL] Attacker Keystroke: g
2025-11-09 00:03:36.622 - [Debug] [SHELL] Attacker Keystroke: o
2025-11-09 00:03:37.014 - [Debug] [SHELL] Attacker Keystroke: [Space]
2025-11-09 00:03:37.350 - [Debug] [SHELL] Attacker Keystroke: [DEL]
2025-11-09 00:03:37.467 - [Debug] [SHELL] Attacker Keystroke: [DEL]
2025-11-09 00:03:37.647 - [Debug] [SHELL] Attacker Keystroke: [DEL]
2025-11-09 00:03:38.339 - [Debug] [SHELL] Attacker Keystroke: h
2025-11-09 00:03:38.539 - [Debug] [SHELL] Attacker Keystroke: o
2025-11-09 00:03:38.658 - [Debug] [SHELL] Attacker Keystroke: [Space]
2025-11-09 00:03:38.979 - [Debug] [SHELL] Attacker Keystroke: h
2025-11-09 00:03:39.039 - [Debug] [SHELL] Attacker Keystroke: i
2025-11-09 00:03:39.807 - [Debug] [SHELL] Attacker Keystroke: [CR]
2025-11-09 00:03:39.807 - [Debug] [SHELL] line from reader: echo hi
2025-11-09 00:03:39.807 - [Debug] [SHELL] Keystroke buffer: 101,99,103,111,32,127,127,127,104,111,32,104,105,13
2025-11-09 00:03:40.703 - [Debug] [SHELL] Attacker Keystroke: l
2025-11-09 00:03:41.123 - [Debug] [SHELL] Attacker Keystroke: s
2025-11-09 00:03:41.539 - [Debug] [SHELL] Attacker Keystroke: [CR]
2025-11-09 00:03:41.539 - [Debug] [SHELL] line from reader: ls
2025-11-09 00:03:41.539 - [Debug] [SHELL] Keystroke buffer: 108,115,13
2025-11-09 00:03:49.230 - [Debug] [SHELL] Attacker Keystroke: e
2025-11-09 00:03:49.430 - [Debug] [SHELL] Attacker Keystroke: x
2025-11-09 00:03:49.763 - [Debug] [SHELL] Attacker Keystroke: i
2025-11-09 00:03:50.059 - [Debug] [SHELL] Attacker Keystroke: t
2025-11-09 00:03:50.494 - [Debug] [SHELL] Attacker Keystroke: [CR]
2025-11-09 00:03:50.495 - [Debug] [SHELL] line from reader: exit
2025-11-09 00:03:50.495 - [Debug] [SHELL] Keystroke buffer: 101,120,105,116,13
2025-11-09 00:03:50.502 - [Debug] [LXC Streams] Removed Stream | Total streams: 0
2025-11-09 00:03:50.502 - [Debug] [SHELL] Honeypot ended shell
2025-11-09 00:03:50.598 - [Debug] [SHELL] Attacker ended the shell
2025-11-09 00:03:50.599 - [Debug] [Connection] Attacker closed connection
2025-11-09 00:03:50.601 - [Debug] [LXC] Container's OpenSSH server ended connection
2025-11-09 00:03:50.601 - [Debug] [LXC] Container's OpenSSH server closed connection
