2025-10-20 21:46:31.716 - [Info] MITM Version: 1.4
2025-10-20 21:46:31.718 - [Info] Auto Access Enabled: true
2025-10-20 21:46:31.718 - [Debug] [Init] Auto Access Barrier: true
2025-10-20 21:46:31.724 - [Info] SSH man-in-the-middle server for 172.20.0.2 listening on 0.0.0.0:10001
2025-10-20 21:46:33.163 - [Debug] [Connection] Attacker connected: 10.173.150.42 | Client Identification: SSH-2.0-OpenSSH_for_Windows_9.5
2025-10-20 21:46:34.458 - [Debug] [Auth] Attacker 10.173.150.42 trying to authenticate with "none"
2025-10-20 21:46:34.458 - [Debug] [Auth] Attacker authentication error: No authentication method provided
2025-10-20 21:46:34.521 - [Debug] [Auth] Attacker 10.173.150.42 trying to authenticate with "publickey"
2025-10-20 21:46:34.522 - [Debug] [Auth] Attacker authentication error: Publickey authentication failed
2025-10-20 21:46:34.522 - [Debug] [Auth] Attacker: 10.173.150.42 has so far made 1 attempts. Remaining: 5 attempts
2025-10-20 21:46:35.244 - [Debug] [Auth] Attacker 10.173.150.42 trying to authenticate with "password"
2025-10-20 21:46:35.246 - [Debug] [Auto Access] Attacker: 10.173.150.42, Threshold: 1, Attempts: 1
2025-10-20 21:46:35.246 - [Debug] [Auto Access] Compromising the honeypot
2025-10-20 21:46:35.246 - [Debug] [Auto Access] Adding the following credentials: "attacker:hi"
2025-10-20 21:46:35.615 - [Debug] [Auth] Valid credentials - Password Authentication
2025-10-20 21:46:35.615 - [Debug] [LXC] Attempting to connect to the honeypot: 172.20.0.2
2025-10-20 21:46:35.649 - [Debug] [LXC-Auth] Attacker authenticated and is inside container
2025-10-20 21:46:36.008 - [Debug] [SHELL] Opened shell for attacker
2025-10-20 21:46:36.009 - [Debug] [LXC Streams] New Stream | Total Streams: 1
2025-10-20 21:47:01.251 - [Debug] [SHELL] Attacker Keystroke: l
2025-10-20 21:47:01.426 - [Debug] [SHELL] Attacker Keystroke: s
2025-10-20 21:47:01.479 - [Debug] [SHELL] Attacker Keystroke: [CR]
2025-10-20 21:47:01.480 - [Debug] [SHELL] line from reader: ls
2025-10-20 21:47:01.480 - [Debug] [SHELL] Keystroke buffer: 108,115,13
2025-10-20 21:47:02.735 - [Debug] [SHELL] Attacker Keystroke: e
2025-10-20 21:47:02.953 - [Debug] [SHELL] Attacker Keystroke: c
2025-10-20 21:47:03.044 - [Debug] [SHELL] Attacker Keystroke: h
2025-10-20 21:47:03.185 - [Debug] [SHELL] Attacker Keystroke: o
2025-10-20 21:47:03.243 - [Debug] [SHELL] Attacker Keystroke: [Space]
2025-10-20 21:47:03.378 - [Debug] [SHELL] Attacker Keystroke: h
2025-10-20 21:47:03.494 - [Debug] [SHELL] Attacker Keystroke: i
2025-10-20 21:47:03.772 - [Debug] [SHELL] Attacker Keystroke: [CR]
2025-10-20 21:47:03.773 - [Debug] [SHELL] line from reader: echo hi
2025-10-20 21:47:03.773 - [Debug] [SHELL] Keystroke buffer: 101,99,104,111,32,104,105,13
2025-10-20 21:47:05.835 - [Debug] [SHELL] Attacker Keystroke: e
2025-10-20 21:47:06.070 - [Debug] [SHELL] Attacker Keystroke: c
2025-10-20 21:47:06.373 - [Debug] [SHELL] Attacker Keystroke: h
2025-10-20 21:47:06.458 - [Debug] [SHELL] Attacker Keystroke: o
2025-10-20 21:47:06.535 - [Debug] [SHELL] Attacker Keystroke: [Space]
2025-10-20 21:47:06.768 - [Debug] [SHELL] Attacker Keystroke: "
2025-10-20 21:47:06.938 - [Debug] [SHELL] Attacker Keystroke: o
2025-10-20 21:47:07.398 - [Debug] [SHELL] Attacker Keystroke: k
2025-10-20 21:47:07.538 - [Debug] [SHELL] Attacker Keystroke: a
2025-10-20 21:47:07.613 - [Debug] [SHELL] Attacker Keystroke: y
2025-10-20 21:47:07.717 - [Debug] [SHELL] Attacker Keystroke: [Space]
2025-10-20 21:47:07.916 - [Debug] [SHELL] Attacker Keystroke: b
2025-10-20 21:47:08.066 - [Debug] [SHELL] Attacker Keystroke: y
2025-10-20 21:47:08.118 - [Debug] [SHELL] Attacker Keystroke: e
2025-10-20 21:47:08.486 - [Debug] [SHELL] Attacker Keystroke: "
2025-10-20 21:47:08.720 - [Debug] [SHELL] Attacker Keystroke: [CR]
2025-10-20 21:47:08.720 - [Debug] [SHELL] line from reader: echo "okay bye"
2025-10-20 21:47:08.720 - [Debug] [SHELL] Keystroke buffer: 101,99,104,111,32,34,111,107,97,121,32,98,121,101,34,13
2025-10-20 21:47:14.722 - [Debug] [SHELL] Attacker Keystroke: e
2025-10-20 21:47:14.873 - [Debug] [SHELL] Attacker Keystroke: x
2025-10-20 21:47:15.028 - [Debug] [SHELL] Attacker Keystroke: i
2025-10-20 21:47:15.070 - [Debug] [SHELL] Attacker Keystroke: t
2025-10-20 21:47:15.173 - [Debug] [SHELL] Attacker Keystroke: [CR]
2025-10-20 21:47:15.174 - [Debug] [SHELL] line from reader: exit
2025-10-20 21:47:15.174 - [Debug] [SHELL] Keystroke buffer: 101,120,105,116,13
2025-10-20 21:47:15.178 - [Debug] [LXC Streams] Removed Stream | Total streams: 0
2025-10-20 21:47:15.178 - [Debug] [SHELL] Honeypot ended shell
2025-10-20 21:47:15.240 - [Debug] [SHELL] Attacker ended the shell
2025-10-20 21:47:15.240 - [Debug] [Connection] Attacker closed connection
2025-10-20 21:47:15.243 - [Debug] [LXC] Container's OpenSSH server ended connection
2025-10-20 21:47:15.243 - [Debug] [LXC] Container's OpenSSH server closed connection
2025-10-20 21:48:18.567 - [Info] MITM Version: 1.4
2025-10-20 21:48:18.570 - [Info] Auto Access Enabled: true
2025-10-20 21:48:18.570 - [Debug] [Init] Auto Access Barrier: true
2025-10-20 21:48:18.575 - [Info] SSH man-in-the-middle server for 172.20.0.2 listening on 0.0.0.0:10001
2025-10-20 21:49:11.863 - [Debug] [Connection] Attacker connected: 10.173.150.42 | Client Identification: SSH-2.0-OpenSSH_for_Windows_9.5
2025-10-20 21:49:16.866 - [Debug] [Auth] Attacker 10.173.150.42 trying to authenticate with "none"
2025-10-20 21:49:16.867 - [Debug] [Auth] Attacker authentication error: No authentication method provided
2025-10-20 21:49:16.927 - [Debug] [Auth] Attacker 10.173.150.42 trying to authenticate with "publickey"
2025-10-20 21:49:16.928 - [Debug] [Auth] Attacker authentication error: Publickey authentication failed
2025-10-20 21:49:16.928 - [Debug] [Auth] Attacker: 10.173.150.42 has so far made 1 attempts. Remaining: 5 attempts
2025-10-20 21:49:20.385 - [Debug] [Auth] Attacker 10.173.150.42 trying to authenticate with "password"
2025-10-20 21:49:20.387 - [Debug] [Auto Access] Attacker: 10.173.150.42, Threshold: 1, Attempts: 1
2025-10-20 21:49:20.387 - [Debug] [Auto Access] Compromising the honeypot
2025-10-20 21:49:20.387 - [Debug] [Auto Access] Adding the following credentials: "attacker:hohoho"
2025-10-20 21:49:20.748 - [Debug] [Auth] Valid credentials - Password Authentication
2025-10-20 21:49:20.748 - [Debug] [LXC] Attempting to connect to the honeypot: 172.20.0.2
2025-10-20 21:49:20.781 - [Debug] [LXC-Auth] Attacker authenticated and is inside container
2025-10-20 21:49:21.154 - [Debug] [SHELL] Opened shell for attacker
2025-10-20 21:49:21.155 - [Debug] [LXC Streams] New Stream | Total Streams: 1
2025-10-20 21:49:31.303 - [Debug] [SHELL] Attacker Keystroke: e
2025-10-20 21:49:31.503 - [Debug] [SHELL] Attacker Keystroke: c
2025-10-20 21:49:31.628 - [Debug] [SHELL] Attacker Keystroke: h
2025-10-20 21:49:31.787 - [Debug] [SHELL] Attacker Keystroke: o
2025-10-20 21:49:31.871 - [Debug] [SHELL] Attacker Keystroke: [Space]
2025-10-20 21:49:32.067 - [Debug] [SHELL] Attacker Keystroke: "
2025-10-20 21:49:32.336 - [Debug] [SHELL] Attacker Keystroke: n
2025-10-20 21:49:32.428 - [Debug] [SHELL] Attacker Keystroke: e
2025-10-20 21:49:32.506 - [Debug] [SHELL] Attacker Keystroke: w
2025-10-20 21:49:32.646 - [Debug] [SHELL] Attacker Keystroke: [Space]
2025-10-20 21:49:32.802 - [Debug] [SHELL] Attacker Keystroke: a
2025-10-20 21:49:33.005 - [Debug] [SHELL] Attacker Keystroke: t
2025-10-20 21:49:33.222 - [Debug] [SHELL] Attacker Keystroke: t
2025-10-20 21:49:33.273 - [Debug] [SHELL] Attacker Keystroke: a
2025-10-20 21:49:33.547 - [Debug] [SHELL] Attacker Keystroke: c
2025-10-20 21:49:33.654 - [Debug] [SHELL] Attacker Keystroke: k
2025-10-20 21:49:33.938 - [Debug] [SHELL] Attacker Keystroke: "
2025-10-20 21:49:34.246 - [Debug] [SHELL] Attacker Keystroke: [CR]
2025-10-20 21:49:34.247 - [Debug] [SHELL] line from reader: echo "new attack"
2025-10-20 21:49:34.247 - [Debug] [SHELL] Keystroke buffer: 101,99,104,111,32,34,110,101,119,32,97,116,116,97,99,107,34,13
2025-10-20 21:49:36.380 - [Debug] [SHELL] Attacker Keystroke: l
2025-10-20 21:49:36.460 - [Debug] [SHELL] Attacker Keystroke: s
2025-10-20 21:49:36.593 - [Debug] [SHELL] Attacker Keystroke: [CR]
2025-10-20 21:49:36.593 - [Debug] [SHELL] line from reader: ls
2025-10-20 21:49:36.593 - [Debug] [SHELL] Keystroke buffer: 108,115,13
2025-10-20 21:49:37.384 - [Debug] [SHELL] Attacker Keystroke: c
2025-10-20 21:49:37.569 - [Debug] [SHELL] Attacker Keystroke: d
2025-10-20 21:49:37.646 - [Debug] [SHELL] Attacker Keystroke: [Space]
2025-10-20 21:49:37.828 - [Debug] [SHELL] Attacker Keystroke: s
2025-10-20 21:49:38.032 - [Debug] [SHELL] Attacker Keystroke: [TAB]
2025-10-20 21:49:38.264 - [Debug] [SHELL] Attacker Keystroke: [CR]
2025-10-20 21:49:38.265 - [Debug] [SHELL] line from reader: cd s        
2025-10-20 21:49:38.265 - [Debug] [SHELL] Keystroke buffer: 99,100,32,115,9,13
2025-10-20 21:49:39.721 - [Debug] [SHELL] Attacker Keystroke: [ESC][A
2025-10-20 21:49:40.064 - [Debug] [SHELL] Attacker Keystroke: [TAB]
2025-10-20 21:49:40.746 - [Debug] [SHELL] Attacker Keystroke: [TAB]
2025-10-20 21:49:41.398 - [Debug] [SHELL] Attacker Keystroke: c
2025-10-20 21:49:41.943 - [Debug] [SHELL] Attacker Keystroke: [TAB]
2025-10-20 21:49:42.593 - [Debug] [SHELL] Attacker Keystroke: [DEL]
2025-10-20 21:49:42.737 - [Debug] [SHELL] Attacker Keystroke: [DEL]
2025-10-20 21:49:43.153 - [Debug] [SHELL] Attacker Keystroke: [DEL]
2025-10-20 21:49:43.558 - [Debug] [SHELL] Attacker Keystroke: [Space]
2025-10-20 21:49:43.871 - [Debug] [SHELL] Attacker Keystroke: s
2025-10-20 21:49:44.241 - [Debug] [SHELL] Attacker Keystroke: [TAB]
2025-10-20 21:49:44.710 - [Debug] [SHELL] Attacker Keystroke: c
2025-10-20 21:49:45.297 - [Debug] [SHELL] Attacker Keystroke: [TAB]
2025-10-20 21:49:45.638 - [Debug] [SHELL] Attacker Keystroke: h
2025-10-20 21:49:45.911 - [Debug] [SHELL] Attacker Keystroke: [TAB]
2025-10-20 21:49:46.812 - [Debug] [SHELL] Attacker Keystroke: [DEL]
2025-10-20 21:49:46.965 - [Debug] [SHELL] Attacker Keystroke: [DEL]
2025-10-20 21:49:47.151 - [Debug] [SHELL] Attacker Keystroke: [DEL]
2025-10-20 21:49:47.745 - [Debug] [SHELL] Attacker Keystroke: s
2025-10-20 21:49:48.106 - [Debug] [SHELL] Attacker Keystroke: [TAB]
2025-10-20 21:49:48.488 - [Debug] [SHELL] Attacker Keystroke: [TAB]
2025-10-20 21:49:48.807 - [Debug] [SHELL] Attacker Keystroke: [DEL]
2025-10-20 21:49:49.297 - [Debug] [SHELL] Attacker Keystroke: [DEL]
2025-10-20 21:49:49.352 - [Debug] [SHELL] Attacker Keystroke: [DEL]
2025-10-20 21:49:49.382 - [Debug] [SHELL] Attacker Keystroke: [DEL]
2025-10-20 21:49:49.414 - [Debug] [SHELL] Attacker Keystroke: [DEL]
2025-10-20 21:49:49.414 - [Debug] [SHELL] Attacker Keystroke: [DEL]
2025-10-20 21:49:49.444 - [Debug] [SHELL] Attacker Keystroke: [DEL]
2025-10-20 21:49:49.473 - [Debug] [SHELL] Attacker Keystroke: [DEL]
2025-10-20 21:49:49.503 - [Debug] [SHELL] Attacker Keystroke: [DEL]
2025-10-20 21:49:49.553 - [Debug] [SHELL] Attacker Keystroke: [DEL]
2025-10-20 21:49:49.584 - [Debug] [SHELL] Attacker Keystroke: [DEL]
2025-10-20 21:49:49.615 - [Debug] [SHELL] Attacker Keystroke: [DEL]
2025-10-20 21:49:49.646 - [Debug] [SHELL] Attacker Keystroke: [DEL]
2025-10-20 21:49:50.391 - [Debug] [SHELL] Attacker Keystroke: s
2025-10-20 21:49:50.978 - [Debug] [SHELL] Attacker Keystroke: [DEL]
2025-10-20 21:49:51.055 - [Debug] [SHELL] Attacker Keystroke: c
2025-10-20 21:49:51.488 - [Debug] [SHELL] Attacker Keystroke: d
2025-10-20 21:49:51.575 - [Debug] [SHELL] Attacker Keystroke: [Space]
2025-10-20 21:49:52.231 - [Debug] [SHELL] Attacker Keystroke: t
2025-10-20 21:49:52.626 - [Debug] [SHELL] Attacker Keystroke: r
2025-10-20 21:49:52.835 - [Debug] [SHELL] Attacker Keystroke: [TAB]
2025-10-20 21:49:53.143 - [Debug] [SHELL] Attacker Keystroke: [TAB]
2025-10-20 21:49:53.575 - [Debug] [SHELL] Attacker Keystroke: n
2025-10-20 21:49:53.856 - [Debug] [SHELL] Attacker Keystroke: [DEL]
2025-10-20 21:49:53.908 - [Debug] [SHELL] Attacker Keystroke: a
2025-10-20 21:49:54.089 - [Debug] [SHELL] Attacker Keystroke: n
2025-10-20 21:49:54.211 - [Debug] [SHELL] Attacker Keystroke: s
2025-10-20 21:49:54.412 - [Debug] [SHELL] Attacker Keystroke: c
2025-10-20 21:49:54.632 - [Debug] [SHELL] Attacker Keystroke: r
2025-10-20 21:49:54.724 - [Debug] [SHELL] Attacker Keystroke: i
2025-10-20 21:49:54.894 - [Debug] [SHELL] Attacker Keystroke: p
2025-10-20 21:49:54.973 - [Debug] [SHELL] Attacker Keystroke: t
2025-10-20 21:49:55.206 - [Debug] [SHELL] Attacker Keystroke: s
2025-10-20 21:49:55.299 - [Debug] [SHELL] Attacker Keystroke: [CR]
2025-10-20 21:49:55.299 - [Debug] [SHELL] line from reader: cd tr               anscripts
2025-10-20 21:49:55.299 - [Debug] [SHELL] Keystroke buffer: 27,91,65,9,9,99,9,127,127,127,32,115,9,99,9,104,9,127,127,127,115,9,9,127,127,127,127,127,127,127,127,127,127,127,127,127,115,127,99,100,32,116,114,9,9,110,127,97,110,115,99,114,105,112,116,115,13
2025-10-20 21:50:02.411 - [Debug] [SHELL] Attacker Keystroke: l
2025-10-20 21:50:02.624 - [Debug] [SHELL] Attacker Keystroke: s
2025-10-20 21:50:02.718 - [Debug] [SHELL] Attacker Keystroke: [CR]
2025-10-20 21:50:02.718 - [Debug] [SHELL] line from reader: ls
2025-10-20 21:50:02.718 - [Debug] [SHELL] Keystroke buffer: 108,115,13
2025-10-20 21:50:03.611 - [Debug] [SHELL] Attacker Keystroke: c
2025-10-20 21:50:03.824 - [Debug] [SHELL] Attacker Keystroke: d
2025-10-20 21:50:03.879 - [Debug] [SHELL] Attacker Keystroke: [Space]
2025-10-20 21:50:04.339 - [Debug] [SHELL] Attacker Keystroke: a
2025-10-20 21:50:04.530 - [Debug] [SHELL] Attacker Keystroke: [TAB]
2025-10-20 21:50:05.462 - [Debug] [SHELL] Attacker Keystroke: [TAB]
2025-10-20 21:50:05.680 - [Debug] [SHELL] Attacker Keystroke: [TAB]
2025-10-20 21:50:05.865 - [Debug] [SHELL] Attacker Keystroke: [TAB]
2025-10-20 21:50:06.886 - [Debug] [SHELL] Attacker Keystroke: [DEL]
2025-10-20 21:50:07.126 - [Debug] [SHELL] Attacker Keystroke: A
2025-10-20 21:50:07.739 - [Debug] [SHELL] Attacker Keystroke: [DEL]
2025-10-20 21:50:07.923 - [Debug] [SHELL] Attacker Keystroke: [DEL]
2025-10-20 21:50:08.424 - [Debug] [SHELL] Attacker Keystroke: [DEL]
2025-10-20 21:50:08.455 - [Debug] [SHELL] Attacker Keystroke: [DEL]
2025-10-20 21:50:08.486 - [Debug] [SHELL] Attacker Keystroke: [DEL]
2025-10-20 21:50:08.518 - [Debug] [SHELL] Attacker Keystroke: [DEL]
2025-10-20 21:50:08.549 - [Debug] [SHELL] Attacker Keystroke: [DEL]
2025-10-20 21:50:08.578 - [Debug] [SHELL] Attacker Keystroke: [DEL]
2025-10-20 21:50:08.578 - [Debug] [SHELL] Attacker Keystroke: [DEL]
2025-10-20 21:50:08.608 - [Debug] [SHELL] Attacker Keystroke: [DEL]
2025-10-20 21:50:08.638 - [Debug] [SHELL] Attacker Keystroke: [DEL]
