2025-11-19 10:53:05.790 - [Info] MITM Version: 1.4
2025-11-19 10:53:05.792 - [Info] Auto Access Enabled: true
2025-11-19 10:53:05.793 - [Debug] [Init] Auto Access Barrier: true
2025-11-19 10:53:05.798 - [Info] SSH man-in-the-middle server for 172.20.0.2 listening on 0.0.0.0:10001
2025-11-19 10:53:09.536 - [Debug] [Connection] Attacker connected: 10.173.150.42 | Client Identification: SSH-2.0-OpenSSH_for_Windows_9.5
2025-11-19 10:53:11.317 - [Debug] [Auth] Attacker 10.173.150.42 trying to authenticate with "none"
2025-11-19 10:53:11.317 - [Debug] [Auth] Attacker authentication error: No authentication method provided
2025-11-19 10:53:11.378 - [Debug] [Auth] Attacker 10.173.150.42 trying to authenticate with "publickey"
2025-11-19 10:53:11.379 - [Debug] [Auth] Attacker authentication error: Publickey authentication failed
2025-11-19 10:53:11.379 - [Debug] [Auth] Attacker: 10.173.150.42 has so far made 1 attempts. Remaining: 5 attempts
2025-11-19 10:53:12.935 - [Debug] [Auth] Attacker 10.173.150.42 trying to authenticate with "password"
2025-11-19 10:53:12.936 - [Debug] [Auto Access] Attacker: 10.173.150.42, Threshold: 1, Attempts: 1
2025-11-19 10:53:12.936 - [Debug] [Auto Access] Compromising the honeypot
2025-11-19 10:53:12.936 - [Debug] [Auto Access] Adding the following credentials: "subomi:hello"
2025-11-19 10:53:13.265 - [Debug] [Auth] Valid credentials - Password Authentication
2025-11-19 10:53:13.265 - [Debug] [LXC] Attempting to connect to the honeypot: 172.20.0.2
2025-11-19 10:53:13.301 - [Debug] [LXC-Auth] Attacker authenticated and is inside container
2025-11-19 10:53:13.633 - [Debug] [SHELL] Opened shell for attacker
2025-11-19 10:53:13.634 - [Debug] [LXC Streams] New Stream | Total Streams: 1
2025-11-19 10:53:14.173 - [Debug] [SHELL] Attacker Keystroke: e
2025-11-19 10:53:14.406 - [Debug] [SHELL] Attacker Keystroke: c
2025-11-19 10:53:14.482 - [Debug] [SHELL] Attacker Keystroke: h
2025-11-19 10:53:14.584 - [Debug] [SHELL] Attacker Keystroke: o
2025-11-19 10:53:15.032 - [Debug] [SHELL] Attacker Keystroke: [Space]
2025-11-19 10:53:15.185 - [Debug] [SHELL] Attacker Keystroke: h
2025-11-19 10:53:15.236 - [Debug] [SHELL] Attacker Keystroke: i
2025-11-19 10:53:15.481 - [Debug] [SHELL] Attacker Keystroke: [CR]
2025-11-19 10:53:15.481 - [Debug] [SHELL] line from reader: echo hi
2025-11-19 10:53:15.481 - [Debug] [SHELL] Keystroke buffer: 101,99,104,111,32,104,105,13
2025-11-19 10:53:15.867 - [Debug] [SHELL] Attacker Keystroke: l
2025-11-19 10:53:15.945 - [Debug] [SHELL] Attacker Keystroke: s
2025-11-19 10:53:16.201 - [Debug] [SHELL] Attacker Keystroke: [CR]
2025-11-19 10:53:16.202 - [Debug] [SHELL] line from reader: ls
2025-11-19 10:53:16.202 - [Debug] [SHELL] Keystroke buffer: 108,115,13
2025-11-19 10:53:16.566 - [Debug] [SHELL] Attacker Keystroke: d
2025-11-19 10:53:16.660 - [Debug] [SHELL] Attacker Keystroke: a
2025-11-19 10:53:16.863 - [Debug] [SHELL] Attacker Keystroke: t
2025-11-19 10:53:16.916 - [Debug] [SHELL] Attacker Keystroke: e
2025-11-19 10:53:17.310 - [Debug] [SHELL] Attacker Keystroke: [CR]
2025-11-19 10:53:17.310 - [Debug] [SHELL] line from reader: date
2025-11-19 10:53:17.310 - [Debug] [SHELL] Keystroke buffer: 100,97,116,101,13
2025-11-19 10:53:17.984 - [Debug] [SHELL] Attacker Keystroke: e
2025-11-19 10:53:18.155 - [Debug] [SHELL] Attacker Keystroke: x
2025-11-19 10:53:18.231 - [Debug] [SHELL] Attacker Keystroke: i
2025-11-19 10:53:18.374 - [Debug] [SHELL] Attacker Keystroke: t
2025-11-19 10:53:18.450 - [Debug] [SHELL] Attacker Keystroke: [CR]
2025-11-19 10:53:18.450 - [Debug] [SHELL] line from reader: exit
2025-11-19 10:53:18.451 - [Debug] [SHELL] Keystroke buffer: 101,120,105,116,13
2025-11-19 10:53:18.466 - [Debug] [LXC Streams] Removed Stream | Total streams: 0
2025-11-19 10:53:18.466 - [Debug] [SHELL] Honeypot ended shell
2025-11-19 10:53:18.503 - [Debug] [SHELL] Attacker ended the shell
2025-11-19 10:53:18.504 - [Debug] [Connection] Attacker closed connection
2025-11-19 10:53:18.507 - [Debug] [LXC] Container's OpenSSH server ended connection
2025-11-19 10:53:18.507 - [Debug] [LXC] Container's OpenSSH server closed connection
