2025-10-20 22:56:43.473 - [Info] MITM Version: 1.4
2025-10-20 22:56:43.476 - [Info] Auto Access Enabled: true
2025-10-20 22:56:43.476 - [Debug] [Init] Auto Access Barrier: true
2025-10-20 22:56:43.481 - [Info] SSH man-in-the-middle server for 172.20.0.2 listening on 0.0.0.0:10001
2025-10-20 22:56:45.032 - [Debug] [Connection] Attacker connected: 10.173.150.42 | Client Identification: SSH-2.0-OpenSSH_for_Windows_9.5
2025-10-20 22:56:46.486 - [Debug] [Auth] Attacker 10.173.150.42 trying to authenticate with "none"
2025-10-20 22:56:46.486 - [Debug] [Auth] Attacker authentication error: No authentication method provided
2025-10-20 22:56:46.547 - [Debug] [Auth] Attacker 10.173.150.42 trying to authenticate with "publickey"
2025-10-20 22:56:46.547 - [Debug] [Auth] Attacker authentication error: Publickey authentication failed
2025-10-20 22:56:46.548 - [Debug] [Auth] Attacker: 10.173.150.42 has so far made 1 attempts. Remaining: 5 attempts
2025-10-20 22:56:47.244 - [Debug] [Auth] Attacker 10.173.150.42 trying to authenticate with "password"
2025-10-20 22:56:47.245 - [Debug] [Auto Access] Attacker: 10.173.150.42, Threshold: 1, Attempts: 1
2025-10-20 22:56:47.245 - [Debug] [Auto Access] Compromising the honeypot
2025-10-20 22:56:47.246 - [Debug] [Auto Access] Adding the following credentials: "hello:hi"
2025-10-20 22:56:47.623 - [Debug] [Auth] Valid credentials - Password Authentication
2025-10-20 22:56:47.623 - [Debug] [LXC] Attempting to connect to the honeypot: 172.20.0.2
2025-10-20 22:56:47.661 - [Debug] [LXC-Auth] Attacker authenticated and is inside container
2025-10-20 22:56:48.035 - [Debug] [SHELL] Opened shell for attacker
2025-10-20 22:56:48.037 - [Debug] [LXC Streams] New Stream | Total Streams: 1
2025-10-20 22:56:48.466 - [Debug] [SHELL] Attacker Keystroke: e
2025-10-20 22:56:48.645 - [Debug] [SHELL] Attacker Keystroke: c
2025-10-20 22:56:48.731 - [Debug] [SHELL] Attacker Keystroke: h
2025-10-20 22:56:48.808 - [Debug] [SHELL] Attacker Keystroke: o
2025-10-20 22:56:48.890 - [Debug] [SHELL] Attacker Keystroke: [Space]
2025-10-20 22:56:48.984 - [Debug] [SHELL] Attacker Keystroke: h
2025-10-20 22:56:49.036 - [Debug] [SHELL] Attacker Keystroke: i
2025-10-20 22:56:49.207 - [Debug] [SHELL] Attacker Keystroke: [CR]
2025-10-20 22:56:49.208 - [Debug] [SHELL] line from reader: echo hi
2025-10-20 22:56:49.208 - [Debug] [SHELL] Keystroke buffer: 101,99,104,111,32,104,105,13
2025-10-20 22:56:49.623 - [Debug] [SHELL] Attacker Keystroke: l
2025-10-20 22:56:49.738 - [Debug] [SHELL] Attacker Keystroke: s
2025-10-20 22:56:49.799 - [Debug] [SHELL] Attacker Keystroke: [CR]
2025-10-20 22:56:49.800 - [Debug] [SHELL] line from reader: ls
2025-10-20 22:56:49.800 - [Debug] [SHELL] Keystroke buffer: 108,115,13
2025-10-20 22:56:49.998 - [Debug] [SHELL] Attacker Keystroke: [Space]
2025-10-20 22:56:50.645 - [Debug] [SHELL] Attacker Keystroke: [DEL]
2025-10-20 22:56:52.058 - [Debug] [SHELL] Attacker Keystroke: e
2025-10-20 22:56:52.629 - [Debug] [SHELL] Attacker Keystroke: [DEL]
2025-10-20 22:56:52.849 - [Debug] [SHELL] Attacker Keystroke: t
2025-10-20 22:56:52.942 - [Debug] [SHELL] Attacker Keystroke: o
2025-10-20 22:56:52.989 - [Debug] [SHELL] Attacker Keystroke: u
2025-10-20 22:56:53.097 - [Debug] [SHELL] Attacker Keystroke: c
2025-10-20 22:56:53.175 - [Debug] [SHELL] Attacker Keystroke: h
2025-10-20 22:56:53.227 - [Debug] [SHELL] Attacker Keystroke: [Space]
2025-10-20 22:56:54.199 - [Debug] [SHELL] Attacker Keystroke: r
2025-10-20 22:56:54.250 - [Debug] [SHELL] Attacker Keystroke: e
2025-10-20 22:56:54.573 - [Debug] [SHELL] Attacker Keystroke: a
2025-10-20 22:56:54.851 - [Debug] [SHELL] Attacker Keystroke: d
2025-10-20 22:56:54.929 - [Debug] [SHELL] Attacker Keystroke: [CR]
2025-10-20 22:56:54.929 - [Debug] [SHELL] line from reader: touch read
2025-10-20 22:56:54.929 - [Debug] [SHELL] Keystroke buffer: 32,127,101,127,116,111,117,99,104,32,114,101,97,100,13
