2025-11-19 10:25:15.634 - [Info] MITM Version: 1.4
2025-11-19 10:25:15.636 - [Info] Auto Access Enabled: true
2025-11-19 10:25:15.636 - [Debug] [Init] Auto Access Barrier: true
2025-11-19 10:25:15.641 - [Info] SSH man-in-the-middle server for 172.20.0.2 listening on 0.0.0.0:10001
2025-11-19 10:25:18.612 - [Debug] [Connection] Attacker connected: 10.173.150.42 | Client Identification: SSH-2.0-OpenSSH_for_Windows_9.5
2025-11-19 10:25:20.205 - [Debug] [Auth] Attacker 10.173.150.42 trying to authenticate with "none"
2025-11-19 10:25:20.205 - [Debug] [Auth] Attacker authentication error: No authentication method provided
2025-11-19 10:25:20.252 - [Debug] [Auth] Attacker 10.173.150.42 trying to authenticate with "publickey"
2025-11-19 10:25:20.252 - [Debug] [Auth] Attacker authentication error: Publickey authentication failed
2025-11-19 10:25:20.253 - [Debug] [Auth] Attacker: 10.173.150.42 has so far made 1 attempts. Remaining: 5 attempts
2025-11-19 10:25:22.108 - [Debug] [Auth] Attacker 10.173.150.42 trying to authenticate with "password"
2025-11-19 10:25:22.109 - [Debug] [Auto Access] Attacker: 10.173.150.42, Threshold: 1, Attempts: 1
2025-11-19 10:25:22.109 - [Debug] [Auto Access] Compromising the honeypot
2025-11-19 10:25:22.110 - [Debug] [Auto Access] Adding the following credentials: "subomi:hi"
2025-11-19 10:25:22.437 - [Debug] [Auth] Valid credentials - Password Authentication
2025-11-19 10:25:22.437 - [Debug] [LXC] Attempting to connect to the honeypot: 172.20.0.2
2025-11-19 10:25:22.471 - [Debug] [LXC-Auth] Attacker authenticated and is inside container
2025-11-19 10:25:22.807 - [Debug] [SHELL] Opened shell for attacker
2025-11-19 10:25:22.808 - [Debug] [LXC Streams] New Stream | Total Streams: 1
2025-11-19 10:25:24.015 - [Debug] [SHELL] Attacker Keystroke: l
2025-11-19 10:25:24.134 - [Debug] [SHELL] Attacker Keystroke: s
2025-11-19 10:25:24.287 - [Debug] [SHELL] Attacker Keystroke: [CR]
2025-11-19 10:25:24.288 - [Debug] [SHELL] line from reader: ls
2025-11-19 10:25:24.288 - [Debug] [SHELL] Keystroke buffer: 108,115,13
2025-11-19 10:25:35.845 - [Debug] [SHELL] Attacker Keystroke: c
2025-11-19 10:25:36.212 - [Debug] [SHELL] Attacker Keystroke: [DEL]
2025-11-19 10:25:36.237 - [Debug] [SHELL] Attacker Keystroke: e
2025-11-19 10:25:36.475 - [Debug] [SHELL] Attacker Keystroke: c
2025-11-19 10:25:36.556 - [Debug] [SHELL] Attacker Keystroke: h
2025-11-19 10:25:36.690 - [Debug] [SHELL] Attacker Keystroke: o
2025-11-19 10:25:36.833 - [Debug] [SHELL] Attacker Keystroke: [Space]
2025-11-19 10:25:36.988 - [Debug] [SHELL] Attacker Keystroke: h
2025-11-19 10:25:37.066 - [Debug] [SHELL] Attacker Keystroke: i
2025-11-19 10:25:37.282 - [Debug] [SHELL] Attacker Keystroke: [CR]
2025-11-19 10:25:37.282 - [Debug] [SHELL] line from reader: echo hi
2025-11-19 10:25:37.282 - [Debug] [SHELL] Keystroke buffer: 99,127,101,99,104,111,32,104,105,13
2025-11-19 10:26:02.698 - [Debug] [SHELL] Attacker Keystroke: c
2025-11-19 10:26:02.899 - [Debug] [SHELL] Attacker Keystroke: d
2025-11-19 10:26:03.008 - [Debug] [SHELL] Attacker Keystroke: [Space]
2025-11-19 10:26:03.739 - [Debug] [SHELL] Attacker Keystroke: S
2025-11-19 10:26:04.018 - [Debug] [SHELL] Attacker Keystroke: [TAB]
2025-11-19 10:26:04.852 - [Debug] [SHELL] Attacker Keystroke: c
2025-11-19 10:26:04.931 - [Debug] [SHELL] Attacker Keystroke: h
2025-11-19 10:26:05.069 - [Debug] [SHELL] Attacker Keystroke: e
2025-11-19 10:26:05.279 - [Debug] [SHELL] Attacker Keystroke: d
2025-11-19 10:26:05.302 - [Debug] [SHELL] Attacker Keystroke: u
2025-11-19 10:26:05.510 - [Debug] [SHELL] Attacker Keystroke: l
2025-11-19 10:26:05.541 - [Debug] [SHELL] Attacker Keystroke: e
2025-11-19 10:26:06.047 - [Debug] [SHELL] Attacker Keystroke: _
2025-11-19 10:26:06.394 - [Debug] [SHELL] Attacker Keystroke: o
2025-11-19 10:26:06.524 - [Debug] [SHELL] Attacker Keystroke: f
2025-11-19 10:26:06.881 - [Debug] [SHELL] Attacker Keystroke: _
2025-11-19 10:26:07.292 - [Debug] [SHELL] Attacker Keystroke: C
2025-11-19 10:26:07.471 - [Debug] [SHELL] Attacker Keystroke: l
2025-11-19 10:26:07.576 - [Debug] [SHELL] Attacker Keystroke: a
2025-11-19 10:26:07.754 - [Debug] [SHELL] Attacker Keystroke: s
2025-11-19 10:26:07.924 - [Debug] [SHELL] Attacker Keystroke: s
2025-11-19 10:26:08.018 - [Debug] [SHELL] Attacker Keystroke: e
2025-11-19 10:26:08.096 - [Debug] [SHELL] Attacker Keystroke: s
2025-11-19 10:26:08.472 - [Debug] [SHELL] Attacker Keystroke: [CR]
2025-11-19 10:26:08.472 - [Debug] [SHELL] line from reader: cd S        chedule_of_Classes
2025-11-19 10:26:08.472 - [Debug] [SHELL] Keystroke buffer: 99,100,32,83,9,99,104,101,100,117,108,101,95,111,102,95,67,108,97,115,115,101,115,13
