2025-10-21 21:34:12.654 - [Info] MITM Version: 1.4
2025-10-21 21:34:12.656 - [Info] Auto Access Enabled: true
2025-10-21 21:34:12.656 - [Debug] [Init] Auto Access Barrier: true
2025-10-21 21:34:12.662 - [Info] SSH man-in-the-middle server for 172.20.0.2 listening on 0.0.0.0:10001
2025-10-21 21:34:39.558 - [Debug] [Connection] Attacker connected: 10.173.150.42 | Client Identification: SSH-2.0-OpenSSH_for_Windows_9.5
2025-10-21 21:34:41.127 - [Debug] [Auth] Attacker 10.173.150.42 trying to authenticate with "none"
2025-10-21 21:34:41.127 - [Debug] [Auth] Attacker authentication error: No authentication method provided
2025-10-21 21:34:41.189 - [Debug] [Auth] Attacker 10.173.150.42 trying to authenticate with "publickey"
2025-10-21 21:34:41.190 - [Debug] [Auth] Attacker authentication error: Publickey authentication failed
2025-10-21 21:34:41.190 - [Debug] [Auth] Attacker: 10.173.150.42 has so far made 1 attempts. Remaining: 5 attempts
2025-10-21 21:34:42.039 - [Debug] [Auth] Attacker 10.173.150.42 trying to authenticate with "password"
2025-10-21 21:34:42.040 - [Debug] [Auto Access] Attacker: 10.173.150.42, Threshold: 1, Attempts: 1
2025-10-21 21:34:42.040 - [Debug] [Auto Access] Compromising the honeypot
2025-10-21 21:34:42.040 - [Debug] [Auto Access] Adding the following credentials: "subomi:hi"
2025-10-21 21:34:42.399 - [Debug] [Auth] Valid credentials - Password Authentication
2025-10-21 21:34:42.399 - [Debug] [LXC] Attempting to connect to the honeypot: 172.20.0.2
2025-10-21 21:34:42.433 - [Debug] [LXC-Auth] Attacker authenticated and is inside container
2025-10-21 21:34:42.825 - [Debug] [SHELL] Opened shell for attacker
2025-10-21 21:34:42.827 - [Debug] [LXC Streams] New Stream | Total Streams: 1
2025-10-21 21:34:44.163 - [Debug] [SHELL] Attacker Keystroke: e
2025-10-21 21:34:44.405 - [Debug] [SHELL] Attacker Keystroke: c
2025-10-21 21:34:44.696 - [Debug] [SHELL] Attacker Keystroke: h
2025-10-21 21:34:44.871 - [Debug] [SHELL] Attacker Keystroke: o
2025-10-21 21:34:44.980 - [Debug] [SHELL] Attacker Keystroke: [Space]
2025-10-21 21:34:45.097 - [Debug] [SHELL] Attacker Keystroke: h
2025-10-21 21:34:45.523 - [Debug] [SHELL] Attacker Keystroke: i
2025-10-21 21:34:45.726 - [Debug] [SHELL] Attacker Keystroke: [CR]
2025-10-21 21:34:45.727 - [Debug] [SHELL] line from reader: echo hi
2025-10-21 21:34:45.727 - [Debug] [SHELL] Keystroke buffer: 101,99,104,111,32,104,105,13
2025-10-21 21:34:47.465 - [Debug] [SHELL] Attacker Keystroke: e
2025-10-21 21:34:47.662 - [Debug] [SHELL] Attacker Keystroke: c
2025-10-21 21:34:48.059 - [Debug] [SHELL] Attacker Keystroke: [DEL]
2025-10-21 21:34:48.230 - [Debug] [SHELL] Attacker Keystroke: [DEL]
2025-10-21 21:34:48.330 - [Debug] [SHELL] Attacker Keystroke: [DEL]
2025-10-21 21:34:48.543 - [Debug] [SHELL] Attacker Keystroke: l
2025-10-21 21:34:48.838 - [Debug] [SHELL] Attacker Keystroke: s
2025-10-21 21:34:49.101 - [Debug] [SHELL] Attacker Keystroke: [CR]
2025-10-21 21:34:49.101 - [Debug] [SHELL] line from reader: ls
2025-10-21 21:34:49.101 - [Debug] [SHELL] Keystroke buffer: 101,99,127,127,127,108,115,13
2025-10-21 21:34:50.318 - [Debug] [SHELL] Attacker Keystroke: d
2025-10-21 21:34:50.524 - [Debug] [SHELL] Attacker Keystroke: a
2025-10-21 21:34:50.764 - [Debug] [SHELL] Attacker Keystroke: t
2025-10-21 21:34:50.840 - [Debug] [SHELL] Attacker Keystroke: e
2025-10-21 21:34:51.200 - [Debug] [SHELL] Attacker Keystroke: [CR]
2025-10-21 21:34:51.200 - [Debug] [SHELL] line from reader: date
2025-10-21 21:34:51.200 - [Debug] [SHELL] Keystroke buffer: 100,97,116,101,13
2025-10-21 21:36:50.530 - [Debug] [SHELL] Attacker Keystroke: e
2025-10-21 21:36:50.890 - [Debug] [SHELL] Attacker Keystroke: x
2025-10-21 21:36:51.178 - [Debug] [SHELL] Attacker Keystroke: i
2025-10-21 21:36:51.472 - [Debug] [SHELL] Attacker Keystroke: t
2025-10-21 21:36:51.988 - [Debug] [SHELL] Attacker Keystroke: [CR]
2025-10-21 21:36:51.989 - [Debug] [SHELL] line from reader: exit
2025-10-21 21:36:51.989 - [Debug] [SHELL] Keystroke buffer: 101,120,105,116,13
2025-10-21 21:36:51.994 - [Debug] [LXC Streams] Removed Stream | Total streams: 0
2025-10-21 21:36:51.994 - [Debug] [SHELL] Honeypot ended shell
2025-10-21 21:36:52.042 - [Debug] [SHELL] Attacker ended the shell
2025-10-21 21:36:52.043 - [Debug] [Connection] Attacker closed connection
2025-10-21 21:36:52.046 - [Debug] [LXC] Container's OpenSSH server ended connection
2025-10-21 21:36:52.047 - [Debug] [LXC] Container's OpenSSH server closed connection
