2025-10-22 09:32:03.560 - [Info] MITM Version: 1.4
2025-10-22 09:32:03.562 - [Info] Auto Access Enabled: true
2025-10-22 09:32:03.563 - [Debug] [Init] Auto Access Barrier: true
2025-10-22 09:32:03.568 - [Info] SSH man-in-the-middle server for 172.20.0.2 listening on 0.0.0.0:10001
2025-10-22 09:34:20.293 - [Debug] [Connection] Attacker connected: 10.175.90.186 | Client Identification: SSH-2.0-OpenSSH_for_Windows_9.5
2025-10-22 09:34:22.775 - [Debug] [Auth] Attacker 10.175.90.186 trying to authenticate with "none"
2025-10-22 09:34:22.776 - [Debug] [Auth] Attacker authentication error: No authentication method provided
2025-10-22 09:34:22.864 - [Debug] [Auth] Attacker 10.175.90.186 trying to authenticate with "publickey"
2025-10-22 09:34:22.865 - [Debug] [Auth] Attacker authentication error: Publickey authentication failed
2025-10-22 09:34:22.866 - [Debug] [Auth] Attacker: 10.175.90.186 has so far made 1 attempts. Remaining: 5 attempts
2025-10-22 09:34:24.264 - [Debug] [Auth] Attacker 10.175.90.186 trying to authenticate with "password"
2025-10-22 09:34:24.265 - [Debug] [Auto Access] Attacker: 10.175.90.186, Threshold: 1, Attempts: 1
2025-10-22 09:34:24.266 - [Debug] [Auto Access] Compromising the honeypot
2025-10-22 09:34:24.266 - [Debug] [Auto Access] Adding the following credentials: "subomi:hi"
2025-10-22 09:34:24.616 - [Debug] [Auth] Valid credentials - Password Authentication
2025-10-22 09:34:24.616 - [Debug] [LXC] Attempting to connect to the honeypot: 172.20.0.2
2025-10-22 09:34:24.654 - [Debug] [LXC-Auth] Attacker authenticated and is inside container
2025-10-22 09:34:25.025 - [Debug] [SHELL] Opened shell for attacker
2025-10-22 09:34:25.027 - [Debug] [LXC Streams] New Stream | Total Streams: 1
2025-10-22 09:34:29.196 - [Debug] [SHELL] Attacker Keystroke: l
2025-10-22 09:34:29.507 - [Debug] [SHELL] Attacker Keystroke: s
2025-10-22 09:34:29.629 - [Debug] [SHELL] Attacker Keystroke: [CR]
2025-10-22 09:34:29.629 - [Debug] [SHELL] line from reader: ls
2025-10-22 09:34:29.629 - [Debug] [SHELL] Keystroke buffer: 108,115,13
2025-10-22 09:34:31.057 - [Debug] [SHELL] Attacker Keystroke: e
2025-10-22 09:34:31.266 - [Debug] [SHELL] Attacker Keystroke: c
2025-10-22 09:34:31.320 - [Debug] [SHELL] Attacker Keystroke: h
2025-10-22 09:34:31.406 - [Debug] [SHELL] Attacker Keystroke: o
2025-10-22 09:34:31.468 - [Debug] [SHELL] Attacker Keystroke: [Space]
2025-10-22 09:34:31.759 - [Debug] [SHELL] Attacker Keystroke: "
2025-10-22 09:34:32.496 - [Debug] [SHELL] Attacker Keystroke: 1
2025-10-22 09:34:33.004 - [Debug] [SHELL] Attacker Keystroke: [DEL]
2025-10-22 09:34:33.453 - [Debug] [SHELL] Attacker Keystroke: [DEL]
2025-10-22 09:34:33.622 - [Debug] [SHELL] Attacker Keystroke: 1
2025-10-22 09:34:34.147 - [Debug] [SHELL] Attacker Keystroke: [CR]
2025-10-22 09:34:34.147 - [Debug] [SHELL] line from reader: echo 1
2025-10-22 09:34:34.147 - [Debug] [SHELL] Keystroke buffer: 101,99,104,111,32,34,49,127,127,49,13
2025-10-22 09:34:34.564 - [Debug] [SHELL] Attacker Keystroke: e
2025-10-22 09:34:35.267 - [Debug] [SHELL] Attacker Keystroke: h
2025-10-22 09:34:35.593 - [Debug] [SHELL] Attacker Keystroke: =
2025-10-22 09:34:35.728 - [Debug] [SHELL] Attacker Keystroke: c
2025-10-22 09:34:36.339 - [Debug] [SHELL] Attacker Keystroke: [DEL]
2025-10-22 09:34:36.509 - [Debug] [SHELL] Attacker Keystroke: [DEL]
2025-10-22 09:34:36.890 - [Debug] [SHELL] Attacker Keystroke: [DEL]
2025-10-22 09:34:37.229 - [Debug] [SHELL] Attacker Keystroke: [DEL]
2025-10-22 09:34:37.428 - [Debug] [SHELL] Attacker Keystroke: [DEL]
2025-10-22 09:34:37.596 - [Debug] [SHELL] Attacker Keystroke: [DEL]
2025-10-22 09:34:38.515 - [Debug] [SHELL] Attacker Keystroke: c
2025-10-22 09:34:38.686 - [Debug] [SHELL] Attacker Keystroke: d
2025-10-22 09:34:38.736 - [Debug] [SHELL] Attacker Keystroke: [Space]
2025-10-22 09:34:39.042 - [Debug] [SHELL] Attacker Keystroke: A
2025-10-22 09:34:39.392 - [Debug] [SHELL] Attacker Keystroke: [TAB]
2025-10-22 09:34:39.850 - [Debug] [SHELL] Attacker Keystroke: [CR]
2025-10-22 09:34:39.850 - [Debug] [SHELL] line from reader: cd A        
2025-10-22 09:34:39.850 - [Debug] [SHELL] Keystroke buffer: 101,104,61,99,127,127,127,127,127,127,99,100,32,65,9,13
2025-10-22 09:34:40.662 - [Debug] [SHELL] Attacker Keystroke: l
2025-10-22 09:34:40.712 - [Debug] [SHELL] Attacker Keystroke: s
2025-10-22 09:34:40.823 - [Debug] [SHELL] Attacker Keystroke: [CR]
2025-10-22 09:34:40.823 - [Debug] [SHELL] line from reader: ls
2025-10-22 09:34:40.823 - [Debug] [SHELL] Keystroke buffer: 108,115,13
2025-10-22 09:34:41.910 - [Debug] [SHELL] Attacker Keystroke: c
2025-10-22 09:34:42.077 - [Debug] [SHELL] Attacker Keystroke: d
2025-10-22 09:34:42.187 - [Debug] [SHELL] Attacker Keystroke: [Space]
2025-10-22 09:34:43.160 - [Debug] [SHELL] Attacker Keystroke: [DEL]
2025-10-22 09:34:43.339 - [Debug] [SHELL] Attacker Keystroke: [DEL]
2025-10-22 09:34:43.591 - [Debug] [SHELL] Attacker Keystroke: [DEL]
2025-10-22 09:34:43.616 - [Debug] [SHELL] Attacker Keystroke: [DEL]
2025-10-22 09:34:43.882 - [Debug] [SHELL] Attacker Keystroke: c
2025-10-22 09:34:44.046 - [Debug] [SHELL] Attacker Keystroke: d
2025-10-22 09:34:44.104 - [Debug] [SHELL] Attacker Keystroke: [Space]
2025-10-22 09:34:44.374 - [Debug] [SHELL] Attacker Keystroke: F
2025-10-22 09:34:44.945 - [Debug] [SHELL] Attacker Keystroke: [DEL]
2025-10-22 09:34:45.093 - [Debug] [SHELL] Attacker Keystroke: [DEL]
2025-10-22 09:34:45.249 - [Debug] [SHELL] Attacker Keystroke: [DEL]
2025-10-22 09:34:45.379 - [Debug] [SHELL] Attacker Keystroke: [DEL]
2025-10-22 09:34:45.527 - [Debug] [SHELL] Attacker Keystroke: [DEL]
2025-10-22 09:34:45.632 - [Debug] [SHELL] Attacker Keystroke: [DEL]
2025-10-22 09:34:46.522 - [Debug] [SHELL] Attacker Keystroke: c
2025-10-22 09:34:46.687 - [Debug] [SHELL] Attacker Keystroke: d
2025-10-22 09:34:46.735 - [Debug] [SHELL] Attacker Keystroke: [Space]
2025-10-22 09:34:46.910 - [Debug] [SHELL] Attacker Keystroke: .
2025-10-22 09:34:47.033 - [Debug] [SHELL] Attacker Keystroke: .
2025-10-22 09:34:47.220 - [Debug] [SHELL] Attacker Keystroke: [CR]
2025-10-22 09:34:47.221 - [Debug] [SHELL] line from reader: cd ..
2025-10-22 09:34:47.221 - [Debug] [SHELL] Keystroke buffer: 99,100,32,127,127,127,127,99,100,32,70,127,127,127,127,127,127,99,100,32,46,46,13
2025-10-22 09:34:48.233 - [Debug] [SHELL] Attacker Keystroke: c
2025-10-22 09:34:48.403 - [Debug] [SHELL] Attacker Keystroke: d
2025-10-22 09:34:48.426 - [Debug] [SHELL] Attacker Keystroke: [Space]
2025-10-22 09:34:48.786 - [Debug] [SHELL] Attacker Keystroke: F
2025-10-22 09:34:49.403 - [Debug] [SHELL] Attacker Keystroke: [TAB]
2025-10-22 09:34:49.647 - [Debug] [SHELL] Attacker Keystroke: [CR]
2025-10-22 09:34:49.647 - [Debug] [SHELL] line from reader: cd F        
2025-10-22 09:34:49.647 - [Debug] [SHELL] Keystroke buffer: 99,100,32,70,9,13
2025-10-22 09:34:50.207 - [Debug] [SHELL] Attacker Keystroke: [TAB]
2025-10-22 09:34:51.007 - [Debug] [SHELL] Attacker Keystroke: [ESC][A
2025-10-22 09:34:51.858 - [Debug] [SHELL] Attacker Keystroke: [TAB]
2025-10-22 09:34:54.555 - [Debug] [SHELL] Attacker Keystroke: [DEL]
2025-10-22 09:34:54.730 - [Debug] [SHELL] Attacker Keystroke: [DEL]
2025-10-22 09:34:54.886 - [Debug] [SHELL] Attacker Keystroke: [DEL]
2025-10-22 09:34:55.023 - [Debug] [SHELL] Attacker Keystroke: [DEL]
2025-10-22 09:34:55.164 - [Debug] [SHELL] Attacker Keystroke: [DEL]
2025-10-22 09:34:55.649 - [Debug] [SHELL] Attacker Keystroke: l
2025-10-22 09:34:56.038 - [Debug] [SHELL] Attacker Keystroke: l
2025-10-22 09:34:56.177 - [Debug] [SHELL] Attacker Keystroke: s
2025-10-22 09:34:56.659 - [Debug] [SHELL] Attacker Keystroke: [DEL]
2025-10-22 09:34:56.798 - [Debug] [SHELL] Attacker Keystroke: [DEL]
2025-10-22 09:34:56.887 - [Debug] [SHELL] Attacker Keystroke: s
2025-10-22 09:34:57.002 - [Debug] [SHELL] Attacker Keystroke: [CR]
2025-10-22 09:34:57.003 - [Debug] [SHELL] line from reader: ls
2025-10-22 09:34:57.003 - [Debug] [SHELL] Keystroke buffer: 9,27,91,65,9,127,127,127,127,127,108,108,115,127,127,115,13
2025-10-22 09:35:00.699 - [Debug] [SHELL] Attacker Keystroke: e
2025-10-22 09:35:00.932 - [Debug] [SHELL] Attacker Keystroke: c
2025-10-22 09:35:00.953 - [Debug] [SHELL] Attacker Keystroke: h
2025-10-22 09:35:01.067 - [Debug] [SHELL] Attacker Keystroke: o
2025-10-22 09:35:01.143 - [Debug] [SHELL] Attacker Keystroke: [Space]
2025-10-22 09:35:01.319 - [Debug] [SHELL] Attacker Keystroke: h
2025-10-22 09:35:01.411 - [Debug] [SHELL] Attacker Keystroke: i
2025-10-22 09:35:01.612 - [Debug] [SHELL] Attacker Keystroke: [CR]
2025-10-22 09:35:01.613 - [Debug] [SHELL] line from reader: echo hi
2025-10-22 09:35:01.613 - [Debug] [SHELL] Keystroke buffer: 101,99,104,111,32,104,105,13
2025-10-22 09:35:02.595 - [Debug] [SHELL] Attacker Keystroke: e
2025-10-22 09:35:02.757 - [Debug] [SHELL] Attacker Keystroke: c
2025-10-22 09:35:02.833 - [Debug] [SHELL] Attacker Keystroke: h
2025-10-22 09:35:02.941 - [Debug] [SHELL] Attacker Keystroke: o
2025-10-22 09:35:03.091 - [Debug] [SHELL] Attacker Keystroke: [Space]
2025-10-22 09:35:03.948 - [Debug] [SHELL] Attacker Keystroke: i
2025-10-22 09:35:04.025 - [Debug] [SHELL] Attacker Keystroke: t
2025-10-22 09:35:04.231 - [Debug] [SHELL] Attacker Keystroke: s
2025-10-22 09:35:04.321 - [Debug] [SHELL] Attacker Keystroke: [Space]
2025-10-22 09:35:04.390 - [Debug] [SHELL] Attacker Keystroke: m
2025-10-22 09:35:04.471 - [Debug] [SHELL] Attacker Keystroke: e
2025-10-22 09:35:04.548 - [Debug] [SHELL] Attacker Keystroke: [CR]
2025-10-22 09:35:04.549 - [Debug] [SHELL] line from reader: echo its me
2025-10-22 09:35:04.549 - [Debug] [SHELL] Keystroke buffer: 101,99,104,111,32,105,116,115,32,109,101,13
2025-10-22 09:35:05.280 - [Debug] [SHELL] Attacker Keystroke: e
2025-10-22 09:35:05.489 - [Debug] [SHELL] Attacker Keystroke: c
2025-10-22 09:35:05.588 - [Debug] [SHELL] Attacker Keystroke: h
2025-10-22 09:35:05.641 - [Debug] [SHELL] Attacker Keystroke: o
2025-10-22 09:35:05.773 - [Debug] [SHELL] Attacker Keystroke: [Space]
2025-10-22 09:35:07.271 - [Debug] [SHELL] Attacker Keystroke: i
2025-10-22 09:35:07.535 - [Debug] [SHELL] Attacker Keystroke: m
2025-10-22 09:35:07.587 - [Debug] [SHELL] Attacker Keystroke: [Space]
2025-10-22 09:35:07.828 - [Debug] [SHELL] Attacker Keystroke: g
2025-10-22 09:35:07.920 - [Debug] [SHELL] Attacker Keystroke: o
2025-10-22 09:35:07.949 - [Debug] [SHELL] Attacker Keystroke: i
2025-10-22 09:35:08.013 - [Debug] [SHELL] Attacker Keystroke: n
2025-10-22 09:35:08.086 - [Debug] [SHELL] Attacker Keystroke: g
2025-10-22 09:35:08.231 - [Debug] [SHELL] Attacker Keystroke: [Space]
2025-10-22 09:35:08.370 - [Debug] [SHELL] Attacker Keystroke: t
2025-10-22 09:35:08.444 - [Debug] [SHELL] Attacker Keystroke: o
2025-10-22 09:35:08.526 - [Debug] [SHELL] Attacker Keystroke: [Space]
2025-10-22 09:35:08.856 - [Debug] [SHELL] Attacker Keystroke: s
2025-10-22 09:35:08.906 - [Debug] [SHELL] Attacker Keystroke: t
2025-10-22 09:35:09.120 - [Debug] [SHELL] Attacker Keystroke: a
2025-10-22 09:35:09.289 - [Debug] [SHELL] Attacker Keystroke: y
2025-10-22 09:35:09.309 - [Debug] [SHELL] Attacker Keystroke: [Space]
2025-10-22 09:35:09.552 - [Debug] [SHELL] Attacker Keystroke: i
2025-10-22 09:35:09.603 - [Debug] [SHELL] Attacker Keystroke: n
2025-10-22 09:35:09.692 - [Debug] [SHELL] Attacker Keystroke: [Space]
2025-10-22 09:35:09.826 - [Debug] [SHELL] Attacker Keystroke: h
2025-10-22 09:35:09.939 - [Debug] [SHELL] Attacker Keystroke: e
2025-10-22 09:35:09.991 - [Debug] [SHELL] Attacker Keystroke: r
2025-10-22 09:35:10.172 - [Debug] [SHELL] Attacker Keystroke: e
2025-10-22 09:35:10.250 - [Debug] [SHELL] Attacker Keystroke: [CR]
2025-10-22 09:35:10.250 - [Debug] [SHELL] line from reader: echo im going to stay in here
2025-10-22 09:35:10.250 - [Debug] [SHELL] Keystroke buffer: 101,99,104,111,32,105,109,32,103,111,105,110,103,32,116,111,32,115,116,97,121,32,105,110,32,104,101,114,101,13
2025-10-22 09:35:11.074 - [Debug] [SHELL] Attacker Keystroke: e
2025-10-22 09:35:11.249 - [Debug] [SHELL] Attacker Keystroke: c
2025-10-22 09:35:11.384 - [Debug] [SHELL] Attacker Keystroke: h
2025-10-22 09:35:11.526 - [Debug] [SHELL] Attacker Keystroke: o
2025-10-22 09:35:11.618 - [Debug] [SHELL] Attacker Keystroke: [Space]
2025-10-22 09:35:11.963 - [Debug] [SHELL] Attacker Keystroke: y
2025-10-22 09:35:12.042 - [Debug] [SHELL] Attacker Keystroke: o
2025-10-22 09:35:12.113 - [Debug] [SHELL] Attacker Keystroke: u
2025-10-22 09:35:12.159 - [Debug] [SHELL] Attacker Keystroke: [Space]
2025-10-22 09:35:12.303 - [Debug] [SHELL] Attacker Keystroke: c
2025-10-22 09:35:12.372 - [Debug] [SHELL] Attacker Keystroke: a
2025-10-22 09:35:12.457 - [Debug] [SHELL] Attacker Keystroke: n
2025-10-22 09:35:12.775 - [Debug] [SHELL] Attacker Keystroke: t
2025-10-22 09:35:12.851 - [Debug] [SHELL] Attacker Keystroke: [Space]
2025-10-22 09:35:13.532 - [Debug] [SHELL] Attacker Keystroke: k
2025-10-22 09:35:13.656 - [Debug] [SHELL] Attacker Keystroke: i
2025-10-22 09:35:13.732 - [Debug] [SHELL] Attacker Keystroke: c
2025-10-22 09:35:13.842 - [Debug] [SHELL] Attacker Keystroke: k
2025-10-22 09:35:13.918 - [Debug] [SHELL] Attacker Keystroke: [Space]
2025-10-22 09:35:14.059 - [Debug] [SHELL] Attacker Keystroke: m
2025-10-22 09:35:14.084 - [Debug] [SHELL] Attacker Keystroke: e
2025-10-22 09:35:14.189 - [Debug] [SHELL] Attacker Keystroke: [Space]
2025-10-22 09:35:14.586 - [Debug] [SHELL] Attacker Keystroke: [CR]
2025-10-22 09:35:14.587 - [Debug] [SHELL] line from reader: echo you cant kick me 
2025-10-22 09:35:14.587 - [Debug] [SHELL] Keystroke buffer: 101,99,104,111,32,121,111,117,32,99,97,110,116,32,107,105,99,107,32,109,101,32,13
2025-10-22 09:35:15.015 - [Debug] [SHELL] Attacker Keystroke: e
2025-10-22 09:35:15.220 - [Debug] [SHELL] Attacker Keystroke: c
2025-10-22 09:35:15.270 - [Debug] [SHELL] Attacker Keystroke: h
2025-10-22 09:35:15.382 - [Debug] [SHELL] Attacker Keystroke: o
2025-10-22 09:35:15.465 - [Debug] [SHELL] Attacker Keystroke: [Space]
2025-10-22 09:35:16.388 - [Debug] [SHELL] Attacker Keystroke: i
2025-10-22 09:35:16.496 - [Debug] [SHELL] Attacker Keystroke: [Space]
2025-10-22 09:35:16.637 - [Debug] [SHELL] Attacker Keystroke: w
2025-10-22 09:35:16.745 - [Debug] [SHELL] Attacker Keystroke: o
2025-10-22 09:35:16.796 - [Debug] [SHELL] Attacker Keystroke: n
2025-10-22 09:35:16.908 - [Debug] [SHELL] Attacker Keystroke: t
2025-10-22 09:35:17.265 - [Debug] [SHELL] Attacker Keystroke: [Space]
2025-10-22 09:35:17.537 - [Debug] [SHELL] Attacker Keystroke: l
2025-10-22 09:35:17.611 - [Debug] [SHELL] Attacker Keystroke: e
2025-10-22 09:35:17.727 - [Debug] [SHELL] Attacker Keystroke: a
2025-10-22 09:35:17.870 - [Debug] [SHELL] Attacker Keystroke: v
2025-10-22 09:35:17.967 - [Debug] [SHELL] Attacker Keystroke: e
2025-10-22 09:35:18.045 - [Debug] [SHELL] Attacker Keystroke: [CR]
2025-10-22 09:35:18.045 - [Debug] [SHELL] line from reader: echo i wont leave
2025-10-22 09:35:18.045 - [Debug] [SHELL] Keystroke buffer: 101,99,104,111,32,105,32,119,111,110,116,32,108,101,97,118,101,13
2025-10-22 09:35:18.617 - [Debug] [SHELL] Attacker Keystroke: e
2025-10-22 09:35:18.800 - [Debug] [SHELL] Attacker Keystroke: c
2025-10-22 09:35:18.878 - [Debug] [SHELL] Attacker Keystroke: h
2025-10-22 09:35:19.018 - [Debug] [SHELL] Attacker Keystroke: o
2025-10-22 09:35:19.073 - [Debug] [SHELL] Attacker Keystroke: [Space]
2025-10-22 09:35:19.250 - [Debug] [SHELL] Attacker Keystroke: i
2025-10-22 09:35:19.343 - [Debug] [SHELL] Attacker Keystroke: [Space]
2025-10-22 09:35:20.056 - [Debug] [SHELL] Attacker Keystroke: k
2025-10-22 09:35:20.056 - [Debug] [SHELL] Attacker Keystroke: n
2025-10-22 09:35:20.178 - [Debug] [SHELL] Attacker Keystroke: o
2025-10-22 09:35:20.273 - [Debug] [SHELL] Attacker Keystroke: w
2025-10-22 09:35:20.352 - [Debug] [SHELL] Attacker Keystroke: [Space]
2025-10-22 09:35:20.555 - [Debug] [SHELL] Attacker Keystroke: y
2025-10-22 09:35:20.647 - [Debug] [SHELL] Attacker Keystroke: o
2025-10-22 09:35:20.754 - [Debug] [SHELL] Attacker Keystroke: u
2025-10-22 09:35:20.780 - [Debug] [SHELL] Attacker Keystroke: [Space]
2025-10-22 09:35:21.019 - [Debug] [SHELL] Attacker Keystroke: c
2025-10-22 09:35:21.125 - [Debug] [SHELL] Attacker Keystroke: a
2025-10-22 09:35:21.204 - [Debug] [SHELL] Attacker Keystroke: n
2025-10-22 09:35:21.228 - [Debug] [SHELL] Attacker Keystroke: [Space]
2025-10-22 09:35:21.405 - [Debug] [SHELL] Attacker Keystroke: s
2025-10-22 09:35:21.510 - [Debug] [SHELL] Attacker Keystroke: e
2025-10-22 09:35:21.699 - [Debug] [SHELL] Attacker Keystroke: e
2025-10-22 09:35:21.760 - [Debug] [SHELL] Attacker Keystroke: [Space]
2025-10-22 09:35:21.862 - [Debug] [SHELL] Attacker Keystroke: m
2025-10-22 09:35:21.942 - [Debug] [SHELL] Attacker Keystroke: e
2025-10-22 09:35:22.070 - [Debug] [SHELL] Attacker Keystroke: [CR]
2025-10-22 09:35:22.070 - [Debug] [SHELL] line from reader: echo i know you can see me
2025-10-22 09:35:22.070 - [Debug] [SHELL] Keystroke buffer: 101,99,104,111,32,105,32,107,110,111,119,32,121,111,117,32,99,97,110,32,115,101,101,32,109,101,13
2025-10-22 09:35:22.591 - [Debug] [SHELL] Attacker Keystroke: e
2025-10-22 09:35:22.826 - [Debug] [SHELL] Attacker Keystroke: c
2025-10-22 09:35:23.022 - [Debug] [SHELL] Attacker Keystroke: o
2025-10-22 09:35:23.478 - [Debug] [SHELL] Attacker Keystroke: [DEL]
2025-10-22 09:35:23.673 - [Debug] [SHELL] Attacker Keystroke: h
2025-10-22 09:35:23.813 - [Debug] [SHELL] Attacker Keystroke: o
2025-10-22 09:35:23.902 - [Debug] [SHELL] Attacker Keystroke: [Space]
2025-10-22 09:35:24.671 - [Debug] [SHELL] Attacker Keystroke: D
2025-10-22 09:35:24.793 - [Debug] [SHELL] Attacker Keystroke: O
2025-10-22 09:35:24.818 - [Debug] [SHELL] Attacker Keystroke: N
2025-10-22 09:35:24.947 - [Debug] [SHELL] Attacker Keystroke: E
2025-10-22 09:35:25.048 - [Debug] [SHELL] Attacker Keystroke: [Space]
2025-10-22 09:35:25.195 - [Debug] [SHELL] Attacker Keystroke: L
2025-10-22 09:35:25.606 - [Debug] [SHELL] Attacker Keystroke: E
2025-10-22 09:35:25.620 - [Debug] [SHELL] Attacker Keystroke: [DEL]
2025-10-22 09:35:25.768 - [Debug] [SHELL] Attacker Keystroke: [DEL]
2025-10-22 09:35:25.891 - [Debug] [SHELL] Attacker Keystroke: [DEL]
2025-10-22 09:35:26.044 - [Debug] [SHELL] Attacker Keystroke: [DEL]
2025-10-22 09:35:26.307 - [Debug] [SHELL] Attacker Keystroke: T
2025-10-22 09:35:26.388 - [Debug] [SHELL] Attacker Keystroke: [Space]
2025-10-22 09:35:26.594 - [Debug] [SHELL] Attacker Keystroke: L
2025-10-22 09:35:26.618 - [Debug] [SHELL] Attacker Keystroke: E
2025-10-22 09:35:27.257 - [Debug] [SHELL] Attacker Keystroke: A
2025-10-22 09:35:27.393 - [Debug] [SHELL] Attacker Keystroke: V
2025-10-22 09:35:27.548 - [Debug] [SHELL] Attacker Keystroke: E
2025-10-22 09:35:27.605 - [Debug] [SHELL] Attacker Keystroke: [Space]
2025-10-22 09:35:27.782 - [Debug] [SHELL] Attacker Keystroke: M
2025-10-22 09:35:27.825 - [Debug] [SHELL] Attacker Keystroke: E
2025-10-22 09:35:27.934 - [Debug] [SHELL] Attacker Keystroke: [Space]
2025-10-22 09:35:28.190 - [Debug] [SHELL] Attacker Keystroke: H
2025-10-22 09:35:28.303 - [Debug] [SHELL] Attacker Keystroke: E
2025-10-22 09:35:28.447 - [Debug] [SHELL] Attacker Keystroke: R
2025-10-22 09:35:28.552 - [Debug] [SHELL] Attacker Keystroke: E
2025-10-22 09:35:28.847 - [Debug] [SHELL] Attacker Keystroke: E
2025-10-22 09:35:29.019 - [Debug] [SHELL] Attacker Keystroke: E
2025-10-22 09:35:29.123 - [Debug] [SHELL] Attacker Keystroke: [CR]
2025-10-22 09:35:29.123 - [Debug] [SHELL] line from reader: echo DONT LEAVE ME HEREEE
2025-10-22 09:35:29.124 - [Debug] [SHELL] Keystroke buffer: 101,99,111,127,104,111,32,68,79,78,69,32,76,69,127,127,127,127,84,32,76,69,65,86,69,32,77,69,32,72,69,82,69,69,69,13
2025-10-22 09:35:29.927 - [Debug] [SHELL] Attacker Keystroke: e
2025-10-22 09:35:30.131 - [Debug] [SHELL] Attacker Keystroke: c
2025-10-22 09:35:30.179 - [Debug] [SHELL] Attacker Keystroke: h
2025-10-22 09:35:30.268 - [Debug] [SHELL] Attacker Keystroke: o
2025-10-22 09:35:30.342 - [Debug] [SHELL] Attacker Keystroke: [Space]
2025-10-22 09:35:30.850 - [Debug] [SHELL] Attacker Keystroke: M
2025-10-22 09:35:30.994 - [Debug] [SHELL] Attacker Keystroke: I
2025-10-22 09:35:31.050 - [Debug] [SHELL] Attacker Keystroke: C
2025-10-22 09:35:31.141 - [Debug] [SHELL] Attacker Keystroke: H
2025-10-22 09:35:31.237 - [Debug] [SHELL] Attacker Keystroke: A
2025-10-22 09:35:31.431 - [Debug] [SHELL] Attacker Keystroke: E
2025-10-22 09:35:31.575 - [Debug] [SHELL] Attacker Keystroke: L
2025-10-22 09:35:31.657 - [Debug] [SHELL] Attacker Keystroke: E
2025-10-22 09:35:31.716 - [Debug] [SHELL] Attacker Keystroke: L
2025-10-22 09:35:31.873 - [Debug] [SHELL] Attacker Keystroke: L
2025-10-22 09:35:31.994 - [Debug] [SHELL] Attacker Keystroke: L
2025-10-22 09:35:32.116 - [Debug] [SHELL] Attacker Keystroke: L
2025-10-22 09:35:32.201 - [Debug] [SHELL] Attacker Keystroke: L
2025-10-22 09:35:32.501 - [Debug] [SHELL] Attacker Keystroke: [CR]
2025-10-22 09:35:32.502 - [Debug] [SHELL] line from reader: echo MICHAELELLLLL
2025-10-22 09:35:32.502 - [Debug] [SHELL] Keystroke buffer: 101,99,104,111,32,77,73,67,72,65,69,76,69,76,76,76,76,76,13
2025-10-22 09:35:33.493 - [Debug] [SHELL] Attacker Keystroke: e
2025-10-22 09:35:33.710 - [Debug] [SHELL] Attacker Keystroke: c
2025-10-22 09:35:33.733 - [Debug] [SHELL] Attacker Keystroke: h
2025-10-22 09:35:33.878 - [Debug] [SHELL] Attacker Keystroke: o
2025-10-22 09:35:33.968 - [Debug] [SHELL] Attacker Keystroke: [Space]
2025-10-22 09:35:34.134 - [Debug] [SHELL] Attacker Keystroke: l
2025-10-22 09:35:34.300 - [Debug] [SHELL] Attacker Keystroke: o
2025-10-22 09:35:34.450 - [Debug] [SHELL] Attacker Keystroke: l
2025-10-22 09:35:34.676 - [Debug] [SHELL] Attacker Keystroke: [CR]
2025-10-22 09:35:34.677 - [Debug] [SHELL] line from reader: echo lol
2025-10-22 09:35:34.677 - [Debug] [SHELL] Keystroke buffer: 101,99,104,111,32,108,111,108,13
2025-10-22 09:35:41.748 - [Debug] [SHELL] Attacker Keystroke: e
2025-10-22 09:35:41.952 - [Debug] [SHELL] Attacker Keystroke: c
2025-10-22 09:35:42.036 - [Debug] [SHELL] Attacker Keystroke: h
2025-10-22 09:35:42.183 - [Debug] [SHELL] Attacker Keystroke: o
2025-10-22 09:35:42.233 - [Debug] [SHELL] Attacker Keystroke: [Space]
2025-10-22 09:35:43.285 - [Debug] [SHELL] Attacker Keystroke: p
2025-10-22 09:35:43.415 - [Debug] [SHELL] Attacker Keystroke: l
2025-10-22 09:35:43.438 - [Debug] [SHELL] Attacker Keystroke: e
2025-10-22 09:35:43.561 - [Debug] [SHELL] Attacker Keystroke: a
2025-10-22 09:35:43.653 - [Debug] [SHELL] Attacker Keystroke: s
2025-10-22 09:35:43.727 - [Debug] [SHELL] Attacker Keystroke: e
2025-10-22 09:35:43.807 - [Debug] [SHELL] Attacker Keystroke: [Space]
2025-10-22 09:35:44.001 - [Debug] [SHELL] Attacker Keystroke: d
2025-10-22 09:35:44.085 - [Debug] [SHELL] Attacker Keystroke: o
2025-10-22 09:35:44.161 - [Debug] [SHELL] Attacker Keystroke: n
2025-10-22 09:35:44.473 - [Debug] [SHELL] Attacker Keystroke: '
2025-10-22 09:35:44.523 - [Debug] [SHELL] Attacker Keystroke: t
2025-10-22 09:35:44.640 - [Debug] [SHELL] Attacker Keystroke: [Space]
2025-10-22 09:35:44.831 - [Debug] [SHELL] Attacker Keystroke: k
2025-10-22 09:35:45.007 - [Debug] [SHELL] Attacker Keystroke: i
2025-10-22 09:35:45.184 - [Debug] [SHELL] Attacker Keystroke: c
2025-10-22 09:35:45.236 - [Debug] [SHELL] Attacker Keystroke: k
2025-10-22 09:35:45.289 - [Debug] [SHELL] Attacker Keystroke: [Space]
2025-10-22 09:35:45.453 - [Debug] [SHELL] Attacker Keystroke: m
2025-10-22 09:35:45.540 - [Debug] [SHELL] Attacker Keystroke: e
2025-10-22 09:35:45.673 - [Debug] [SHELL] Attacker Keystroke: [CR]
2025-10-22 09:35:45.674 - [Debug] [SHELL] line from reader: echo please don't kick me
2025-10-22 09:35:45.674 - [Debug] [SHELL] Keystroke buffer: 101,99,104,111,32,112,108,101,97,115,101,32,100,111,110,39,116,32,107,105,99,107,32,109,101,13
2025-10-22 09:35:47.334 - [Debug] [SHELL] Attacker Keystroke: [ETX]
2025-10-22 09:35:49.267 - [Debug] [SHELL] Attacker Keystroke: c
2025-10-22 09:35:49.786 - [Debug] [SHELL] Attacker Keystroke: [DEL]
2025-10-22 09:35:49.942 - [Debug] [SHELL] Attacker Keystroke: [DEL]
2025-10-22 09:35:50.283 - [Debug] [SHELL] Attacker Keystroke: e
2025-10-22 09:35:50.499 - [Debug] [SHELL] Attacker Keystroke: c
2025-10-22 09:35:50.528 - [Debug] [SHELL] Attacker Keystroke: h
2025-10-22 09:35:50.731 - [Debug] [SHELL] Attacker Keystroke: o
2025-10-22 09:35:50.838 - [Debug] [SHELL] Attacker Keystroke: [Space]
2025-10-22 09:35:51.055 - [Debug] [SHELL] Attacker Keystroke: i
2025-10-22 09:35:51.505 - [Debug] [SHELL] Attacker Keystroke: [Space]
2025-10-22 09:35:51.673 - [Debug] [SHELL] Attacker Keystroke: h
2025-10-22 09:35:51.733 - [Debug] [SHELL] Attacker Keystroke: a
2025-10-22 09:35:51.809 - [Debug] [SHELL] Attacker Keystroke: v
2025-10-22 09:35:51.962 - [Debug] [SHELL] Attacker Keystroke: e
2025-10-22 09:35:51.984 - [Debug] [SHELL] Attacker Keystroke: [Space]
2025-10-22 09:35:52.131 - [Debug] [SHELL] Attacker Keystroke: f
2025-10-22 09:35:52.259 - [Debug] [SHELL] Attacker Keystroke: a
2025-10-22 09:35:52.347 - [Debug] [SHELL] Attacker Keystroke: m
2025-10-22 09:35:52.470 - [Debug] [SHELL] Attacker Keystroke: i
2025-10-22 09:35:52.607 - [Debug] [SHELL] Attacker Keystroke: l
2025-10-22 09:35:52.752 - [Debug] [SHELL] Attacker Keystroke: y
2025-10-22 09:35:53.238 - [Debug] [SHELL] Attacker Keystroke: [CR]
2025-10-22 09:35:53.238 - [Debug] [SHELL] line from reader: echo i have family
2025-10-22 09:35:53.238 - [Debug] [SHELL] Keystroke buffer: 3,99,127,127,101,99,104,111,32,105,32,104,97,118,101,32,102,97,109,105,108,121,13
2025-10-22 09:35:53.668 - [Debug] [SHELL] Attacker Keystroke: e
2025-10-22 09:35:53.844 - [Debug] [SHELL] Attacker Keystroke: c
2025-10-22 09:35:53.924 - [Debug] [SHELL] Attacker Keystroke: h
2025-10-22 09:35:54.068 - [Debug] [SHELL] Attacker Keystroke: o
2025-10-22 09:35:54.095 - [Debug] [SHELL] Attacker Keystroke: [Space]
2025-10-22 09:35:54.333 - [Debug] [SHELL] Attacker Keystroke: i
2025-10-22 09:35:54.420 - [Debug] [SHELL] Attacker Keystroke: [Space]
2025-10-22 09:35:54.670 - [Debug] [SHELL] Attacker Keystroke: h
2025-10-22 09:35:54.699 - [Debug] [SHELL] Attacker Keystroke: a
2025-10-22 09:35:54.792 - [Debug] [SHELL] Attacker Keystroke: v
2025-10-22 09:35:54.944 - [Debug] [SHELL] Attacker Keystroke: e
2025-10-22 09:35:54.976 - [Debug] [SHELL] Attacker Keystroke: [Space]
2025-10-22 09:35:55.097 - [Debug] [SHELL] Attacker Keystroke: k
2025-10-22 09:35:55.247 - [Debug] [SHELL] Attacker Keystroke: i
2025-10-22 09:35:55.285 - [Debug] [SHELL] Attacker Keystroke: d
2025-10-22 09:35:55.342 - [Debug] [SHELL] Attacker Keystroke: s
2025-10-22 09:35:55.500 - [Debug] [SHELL] Attacker Keystroke: [CR]
2025-10-22 09:35:55.500 - [Debug] [SHELL] line from reader: echo i have kids
2025-10-22 09:35:55.500 - [Debug] [SHELL] Keystroke buffer: 101,99,104,111,32,105,32,104,97,118,101,32,107,105,100,115,13
2025-10-22 09:35:56.379 - [Debug] [SHELL] Attacker Keystroke: e
2025-10-22 09:35:56.553 - [Debug] [SHELL] Attacker Keystroke: c
2025-10-22 09:35:56.586 - [Debug] [SHELL] Attacker Keystroke: h
2025-10-22 09:35:56.960 - [Debug] [SHELL] Attacker Keystroke: o
2025-10-22 09:35:56.961 - [Debug] [SHELL] Attacker Keystroke: [Space]
2025-10-22 09:35:57.136 - [Debug] [SHELL] Attacker Keystroke: i
2025-10-22 09:35:57.228 - [Debug] [SHELL] Attacker Keystroke: [Space]
2025-10-22 09:35:57.474 - [Debug] [SHELL] Attacker Keystroke: h
2025-10-22 09:35:57.527 - [Debug] [SHELL] Attacker Keystroke: a
2025-10-22 09:35:57.633 - [Debug] [SHELL] Attacker Keystroke: v
2025-10-22 09:35:57.783 - [Debug] [SHELL] Attacker Keystroke: e
2025-10-22 09:35:57.809 - [Debug] [SHELL] Attacker Keystroke: [Space]
2025-10-22 09:35:57.953 - [Debug] [SHELL] Attacker Keystroke: a
2025-10-22 09:35:58.014 - [Debug] [SHELL] Attacker Keystroke: [Space]
2025-10-22 09:35:58.129 - [Debug] [SHELL] Attacker Keystroke: l
2025-10-22 09:35:58.244 - [Debug] [SHELL] Attacker Keystroke: i
2025-10-22 09:35:58.280 - [Debug] [SHELL] Attacker Keystroke: f
2025-10-22 09:35:58.383 - [Debug] [SHELL] Attacker Keystroke: e
2025-10-22 09:35:58.803 - [Debug] [SHELL] Attacker Keystroke: [CR]
2025-10-22 09:35:58.803 - [Debug] [SHELL] line from reader: echo i have a life
2025-10-22 09:35:58.803 - [Debug] [SHELL] Keystroke buffer: 101,99,104,111,32,105,32,104,97,118,101,32,97,32,108,105,102,101,13
2025-10-22 09:35:59.157 - [Debug] [SHELL] Attacker Keystroke: e
2025-10-22 09:35:59.349 - [Debug] [SHELL] Attacker Keystroke: c
2025-10-22 09:35:59.440 - [Debug] [SHELL] Attacker Keystroke: h
2025-10-22 09:35:59.562 - [Debug] [SHELL] Attacker Keystroke: o
2025-10-22 09:35:59.616 - [Debug] [SHELL] Attacker Keystroke: [Space]
2025-10-22 09:35:59.763 - [Debug] [SHELL] Attacker Keystroke: t
2025-10-22 09:35:59.813 - [Debug] [SHELL] Attacker Keystroke: h
2025-10-22 09:35:59.932 - [Debug] [SHELL] Attacker Keystroke: e
2025-10-22 09:36:00.026 - [Debug] [SHELL] Attacker Keystroke: y
2025-10-22 09:36:00.104 - [Debug] [SHELL] Attacker Keystroke: [Space]
2025-10-22 09:36:00.276 - [Debug] [SHELL] Attacker Keystroke: n
2025-10-22 09:36:00.318 - [Debug] [SHELL] Attacker Keystroke: e
2025-10-22 09:36:00.493 - [Debug] [SHELL] Attacker Keystroke: e
2025-10-22 09:36:00.742 - [Debug] [SHELL] Attacker Keystroke: d
2025-10-22 09:36:00.802 - [Debug] [SHELL] Attacker Keystroke: [Space]
2025-10-22 09:36:00.957 - [Debug] [SHELL] Attacker Keystroke: m
2025-10-22 09:36:01.008 - [Debug] [SHELL] Attacker Keystroke: e
2025-10-22 09:36:01.255 - [Debug] [SHELL] Attacker Keystroke: [CR]
2025-10-22 09:36:01.256 - [Debug] [SHELL] line from reader: echo they need me
2025-10-22 09:36:01.256 - [Debug] [SHELL] Keystroke buffer: 101,99,104,111,32,116,104,101,121,32,110,101,101,100,32,109,101,13
2025-10-22 09:36:01.915 - [Debug] [SHELL] Attacker Keystroke: e
2025-10-22 09:36:02.087 - [Debug] [SHELL] Attacker Keystroke: c
2025-10-22 09:36:02.146 - [Debug] [SHELL] Attacker Keystroke: h
2025-10-22 09:36:02.330 - [Debug] [SHELL] Attacker Keystroke: o
2025-10-22 09:36:02.358 - [Debug] [SHELL] Attacker Keystroke: [Space]
2025-10-22 09:36:02.518 - [Debug] [SHELL] Attacker Keystroke: p
2025-10-22 09:36:02.668 - [Debug] [SHELL] Attacker Keystroke: l
2025-10-22 09:36:02.669 - [Debug] [SHELL] Attacker Keystroke: e
2025-10-22 09:36:02.843 - [Debug] [SHELL] Attacker Keystroke: a
2025-10-22 09:36:02.918 - [Debug] [SHELL] Attacker Keystroke: s
2025-10-22 09:36:02.997 - [Debug] [SHELL] Attacker Keystroke: e
2025-10-22 09:36:03.090 - [Debug] [SHELL] Attacker Keystroke: [Space]
2025-10-22 09:36:03.372 - [Debug] [SHELL] Attacker Keystroke: i
2025-10-22 09:36:03.448 - [Debug] [SHELL] Attacker Keystroke: [Space]
2025-10-22 09:36:03.699 - [Debug] [SHELL] Attacker Keystroke: n
2025-10-22 09:36:03.837 - [Debug] [SHELL] Attacker Keystroke: e
2025-10-22 09:36:03.978 - [Debug] [SHELL] Attacker Keystroke: e
2025-10-22 09:36:04.133 - [Debug] [SHELL] Attacker Keystroke: d
2025-10-22 09:36:04.180 - [Debug] [SHELL] Attacker Keystroke: [Space]
2025-10-22 09:36:04.353 - [Debug] [SHELL] Attacker Keystroke: t
2025-10-22 09:36:04.353 - [Debug] [SHELL] Attacker Keystroke: o
2025-10-22 09:36:04.432 - [Debug] [SHELL] Attacker Keystroke: [Space]
2025-10-22 09:36:04.576 - [Debug] [SHELL] Attacker Keystroke: s
2025-10-22 09:36:05.188 - [Debug] [SHELL] Attacker Keystroke: t
2025-10-22 09:36:05.326 - [Debug] [SHELL] Attacker Keystroke: a
2025-10-22 09:36:05.388 - [Debug] [SHELL] Attacker Keystroke: y
2025-10-22 09:36:05.473 - [Debug] [SHELL] Attacker Keystroke: [Space]
2025-10-22 09:36:05.643 - [Debug] [SHELL] Attacker Keystroke: i
2025-10-22 09:36:05.668 - [Debug] [SHELL] Attacker Keystroke: n
2025-10-22 09:36:05.816 - [Debug] [SHELL] Attacker Keystroke: [Space]
2025-10-22 09:36:06.077 - [Debug] [SHELL] Attacker Keystroke: h
2025-10-22 09:36:06.158 - [Debug] [SHELL] Attacker Keystroke: e
2025-10-22 09:36:06.234 - [Debug] [SHELL] Attacker Keystroke: r
2025-10-22 09:36:06.356 - [Debug] [SHELL] Attacker Keystroke: e
2025-10-22 09:36:06.475 - [Debug] [SHELL] Attacker Keystroke: [CR]
2025-10-22 09:36:06.475 - [Debug] [SHELL] line from reader: echo please i need to stay in here
2025-10-22 09:36:06.475 - [Debug] [SHELL] Keystroke buffer: 101,99,104,111,32,112,108,101,97,115,101,32,105,32,110,101,101,100,32,116,111,32,115,116,97,121,32,105,110,32,104,101,114,101,13
2025-10-22 09:36:07.120 - [Debug] [SHELL] Attacker Keystroke: e
2025-10-22 09:36:07.352 - [Debug] [SHELL] Attacker Keystroke: c
2025-10-22 09:36:07.394 - [Debug] [SHELL] Attacker Keystroke: h
2025-10-22 09:36:07.520 - [Debug] [SHELL] Attacker Keystroke: o
2025-10-22 09:36:07.602 - [Debug] [SHELL] Attacker Keystroke: [Space]
2025-10-22 09:36:08.255 - [Debug] [SHELL] Attacker Keystroke: p
2025-10-22 09:36:08.387 - [Debug] [SHELL] Attacker Keystroke: e
2025-10-22 09:36:08.428 - [Debug] [SHELL] Attacker Keystroke: l
2025-10-22 09:36:08.503 - [Debug] [SHELL] Attacker Keystroke: a
2025-10-22 09:36:09.015 - [Debug] [SHELL] Attacker Keystroke: [DEL]
2025-10-22 09:36:09.124 - [Debug] [SHELL] Attacker Keystroke: [DEL]
2025-10-22 09:36:09.249 - [Debug] [SHELL] Attacker Keystroke: [DEL]
2025-10-22 09:36:09.445 - [Debug] [SHELL] Attacker Keystroke: l
2025-10-22 09:36:09.500 - [Debug] [SHELL] Attacker Keystroke: e
2025-10-22 09:36:09.586 - [Debug] [SHELL] Attacker Keystroke: a
2025-10-22 09:36:09.745 - [Debug] [SHELL] Attacker Keystroke: s
2025-10-22 09:36:09.797 - [Debug] [SHELL] Attacker Keystroke: e
2025-10-22 09:36:09.947 - [Debug] [SHELL] Attacker Keystroke: [CR]
2025-10-22 09:36:09.947 - [Debug] [SHELL] line from reader: echo please
2025-10-22 09:36:09.947 - [Debug] [SHELL] Keystroke buffer: 101,99,104,111,32,112,101,108,97,127,127,127,108,101,97,115,101,13
2025-10-22 09:36:10.353 - [Debug] [SHELL] Attacker Keystroke: e
2025-10-22 09:36:10.585 - [Debug] [SHELL] Attacker Keystroke: c
2025-10-22 09:36:10.670 - [Debug] [SHELL] Attacker Keystroke: h
2025-10-22 09:36:10.846 - [Debug] [SHELL] Attacker Keystroke: o
2025-10-22 09:36:10.846 - [Debug] [SHELL] Attacker Keystroke: [Space]
2025-10-22 09:36:11.384 - [Debug] [SHELL] Attacker Keystroke: p
2025-10-22 09:36:11.518 - [Debug] [SHELL] Attacker Keystroke: l
2025-10-22 09:36:11.574 - [Debug] [SHELL] Attacker Keystroke: e
2025-10-22 09:36:11.741 - [Debug] [SHELL] Attacker Keystroke: a
2025-10-22 09:36:11.819 - [Debug] [SHELL] Attacker Keystroke: s
2025-10-22 09:36:11.911 - [Debug] [SHELL] Attacker Keystroke: e
2025-10-22 09:36:12.114 - [Debug] [SHELL] Attacker Keystroke: e
2025-10-22 09:36:12.295 - [Debug] [SHELL] Attacker Keystroke: e
2025-10-22 09:36:12.468 - [Debug] [SHELL] Attacker Keystroke: e
2025-10-22 09:36:12.635 - [Debug] [SHELL] Attacker Keystroke: e
2025-10-22 09:36:12.798 - [Debug] [SHELL] Attacker Keystroke: [CR]
2025-10-22 09:36:12.798 - [Debug] [SHELL] line from reader: echo pleaseeeee
2025-10-22 09:36:12.798 - [Debug] [SHELL] Keystroke buffer: 101,99,104,111,32,112,108,101,97,115,101,101,101,101,101,13
2025-10-22 09:36:17.347 - [Debug] [SHELL] Attacker Keystroke: r
2025-10-22 09:36:18.028 - [Debug] [SHELL] Attacker Keystroke: e
2025-10-22 09:36:18.263 - [Debug] [SHELL] Attacker Keystroke: [DEL]
2025-10-22 09:36:18.348 - [Debug] [SHELL] Attacker Keystroke: [DEL]
2025-10-22 09:36:18.427 - [Debug] [SHELL] Attacker Keystroke: e
2025-10-22 09:36:18.698 - [Debug] [SHELL] Attacker Keystroke: c
2025-10-22 09:36:18.759 - [Debug] [SHELL] Attacker Keystroke: h
2025-10-22 09:36:18.914 - [Debug] [SHELL] Attacker Keystroke: o
2025-10-22 09:36:18.960 - [Debug] [SHELL] Attacker Keystroke: [Space]
2025-10-22 09:36:19.073 - [Debug] [SHELL] Attacker Keystroke: h
2025-10-22 09:36:19.192 - [Debug] [SHELL] Attacker Keystroke: e
2025-10-22 09:36:19.284 - [Debug] [SHELL] Attacker Keystroke: l
2025-10-22 09:36:19.473 - [Debug] [SHELL] Attacker Keystroke: p
2025-10-22 09:36:19.613 - [Debug] [SHELL] Attacker Keystroke: [Space]
2025-10-22 09:36:19.784 - [Debug] [SHELL] Attacker Keystroke: m
2025-10-22 09:36:19.836 - [Debug] [SHELL] Attacker Keystroke: e
2025-10-22 09:36:19.985 - [Debug] [SHELL] Attacker Keystroke: [CR]
2025-10-22 09:36:19.985 - [Debug] [SHELL] line from reader: echo help me
2025-10-22 09:36:19.986 - [Debug] [SHELL] Keystroke buffer: 114,101,127,127,101,99,104,111,32,104,101,108,112,32,109,101,13
2025-10-22 09:36:20.379 - [Debug] [SHELL] Attacker Keystroke: e
2025-10-22 09:36:20.613 - [Debug] [SHELL] Attacker Keystroke: c
2025-10-22 09:36:20.636 - [Debug] [SHELL] Attacker Keystroke: h
2025-10-22 09:36:20.781 - [Debug] [SHELL] Attacker Keystroke: o
2025-10-22 09:36:20.889 - [Debug] [SHELL] Attacker Keystroke: [Space]
2025-10-22 09:36:21.158 - [Debug] [SHELL] Attacker Keystroke: i
2025-10-22 09:36:21.264 - [Debug] [SHELL] Attacker Keystroke: [Space]
2025-10-22 09:36:21.457 - [Debug] [SHELL] Attacker Keystroke: w
2025-10-22 09:36:21.546 - [Debug] [SHELL] Attacker Keystroke: a
2025-10-22 09:36:21.633 - [Debug] [SHELL] Attacker Keystroke: n
2025-10-22 09:36:21.773 - [Debug] [SHELL] Attacker Keystroke: t
2025-10-22 09:36:21.829 - [Debug] [SHELL] Attacker Keystroke: [Space]
2025-10-22 09:36:22.012 - [Debug] [SHELL] Attacker Keystroke: t
2025-10-22 09:36:22.035 - [Debug] [SHELL] Attacker Keystroke: o
2025-10-22 09:36:22.122 - [Debug] [SHELL] Attacker Keystroke: [Space]
2025-10-22 09:36:22.342 - [Debug] [SHELL] Attacker Keystroke: s
2025-10-22 09:36:22.448 - [Debug] [SHELL] Attacker Keystroke: t
2025-10-22 09:36:22.574 - [Debug] [SHELL] Attacker Keystroke: a
2025-10-22 09:36:22.651 - [Debug] [SHELL] Attacker Keystroke: y
2025-10-22 09:36:22.703 - [Debug] [SHELL] Attacker Keystroke: [Space]
2025-10-22 09:36:22.885 - [Debug] [SHELL] Attacker Keystroke: a
2025-10-22 09:36:23.008 - [Debug] [SHELL] Attacker Keystroke: l
2025-10-22 09:36:23.071 - [Debug] [SHELL] Attacker Keystroke: i
2025-10-22 09:36:23.165 - [Debug] [SHELL] Attacker Keystroke: v
2025-10-22 09:36:23.268 - [Debug] [SHELL] Attacker Keystroke: e
2025-10-22 09:36:23.378 - [Debug] [SHELL] Attacker Keystroke: [CR]
2025-10-22 09:36:23.378 - [Debug] [SHELL] line from reader: echo i want to stay alive
2025-10-22 09:36:23.378 - [Debug] [SHELL] Keystroke buffer: 101,99,104,111,32,105,32,119,97,110,116,32,116,111,32,115,116,97,121,32,97,108,105,118,101,13
2025-10-22 09:36:23.760 - [Debug] [SHELL] Attacker Keystroke: e
2025-10-22 09:36:23.972 - [Debug] [SHELL] Attacker Keystroke: c
2025-10-22 09:36:24.023 - [Debug] [SHELL] Attacker Keystroke: h
2025-10-22 09:36:24.204 - [Debug] [SHELL] Attacker Keystroke: o
2025-10-22 09:36:24.281 - [Debug] [SHELL] Attacker Keystroke: [Space]
2025-10-22 09:36:24.697 - [Debug] [SHELL] Attacker Keystroke: i
2025-10-22 09:36:24.770 - [Debug] [SHELL] Attacker Keystroke: [Space]
2025-10-22 09:36:25.043 - [Debug] [SHELL] Attacker Keystroke: s
2025-10-22 09:36:25.526 - [Debug] [SHELL] Attacker Keystroke: [DEL]
2025-10-22 09:36:25.760 - [Debug] [SHELL] Attacker Keystroke: d
2025-10-22 09:36:25.852 - [Debug] [SHELL] Attacker Keystroke: o
2025-10-22 09:36:25.899 - [Debug] [SHELL] Attacker Keystroke: n
2025-10-22 09:36:28.011 - [Debug] [SHELL] Attacker Keystroke: t
2025-10-22 09:36:28.101 - [Debug] [SHELL] Attacker Keystroke: [Space]
2025-10-22 09:36:28.225 - [Debug] [SHELL] Attacker Keystroke: w
2025-10-22 09:36:28.351 - [Debug] [SHELL] Attacker Keystroke: a
2025-10-22 09:36:28.535 - [Debug] [SHELL] Attacker Keystroke: n
2025-10-22 09:36:28.613 - [Debug] [SHELL] Attacker Keystroke: t
2025-10-22 09:36:28.707 - [Debug] [SHELL] Attacker Keystroke: [Space]
2025-10-22 09:36:28.808 - [Debug] [SHELL] Attacker Keystroke: t
2025-10-22 09:36:28.832 - [Debug] [SHELL] Attacker Keystroke: o
2025-10-22 09:36:28.924 - [Debug] [SHELL] Attacker Keystroke: [Space]
2025-10-22 09:36:29.254 - [Debug] [SHELL] Attacker Keystroke: d
2025-10-22 09:36:29.339 - [Debug] [SHELL] Attacker Keystroke: i
2025-10-22 09:36:29.454 - [Debug] [SHELL] Attacker Keystroke: e
2025-10-22 09:36:29.578 - [Debug] [SHELL] Attacker Keystroke: [CR]
2025-10-22 09:36:29.578 - [Debug] [SHELL] line from reader: echo i dont want to die
2025-10-22 09:36:29.579 - [Debug] [SHELL] Keystroke buffer: 101,99,104,111,32,105,32,115,127,100,111,110,116,32,119,97,110,116,32,116,111,32,100,105,101,13
2025-10-22 09:36:35.221 - [Debug] [SHELL] Attacker Keystroke: e
2025-10-22 09:36:35.523 - [Debug] [SHELL] Attacker Keystroke: c
2025-10-22 09:36:35.581 - [Debug] [SHELL] Attacker Keystroke: h
2025-10-22 09:36:35.755 - [Debug] [SHELL] Attacker Keystroke: o
2025-10-22 09:36:35.833 - [Debug] [SHELL] Attacker Keystroke: [Space]
2025-10-22 09:36:36.004 - [Debug] [SHELL] Attacker Keystroke: i
2025-10-22 09:36:36.374 - [Debug] [SHELL] Attacker Keystroke: [DEL]
2025-10-22 09:36:36.635 - [Debug] [SHELL] Attacker Keystroke: o
2025-10-22 09:36:36.877 - [Debug] [SHELL] Attacker Keystroke: k
2025-10-22 09:36:37.011 - [Debug] [SHELL] Attacker Keystroke: a
2025-10-22 09:36:37.126 - [Debug] [SHELL] Attacker Keystroke: y
2025-10-22 09:36:37.233 - [Debug] [SHELL] Attacker Keystroke: [Space]
2025-10-22 09:36:37.437 - [Debug] [SHELL] Attacker Keystroke: j
2025-10-22 09:36:37.543 - [Debug] [SHELL] Attacker Keystroke: u
2025-10-22 09:36:37.620 - [Debug] [SHELL] Attacker Keystroke: s
2025-10-22 09:36:37.730 - [Debug] [SHELL] Attacker Keystroke: t
2025-10-22 09:36:37.822 - [Debug] [SHELL] Attacker Keystroke: [Space]
2025-10-22 09:36:37.979 - [Debug] [SHELL] Attacker Keystroke: a
2025-10-22 09:36:38.356 - [Debug] [SHELL] Attacker Keystroke: [DEL]
2025-10-22 09:36:38.387 - [Debug] [SHELL] Attacker Keystroke: t
2025-10-22 09:36:38.504 - [Debug] [SHELL] Attacker Keystroke: a
2025-10-22 09:36:38.713 - [Debug] [SHELL] Attacker Keystroke: k
2025-10-22 09:36:38.805 - [Debug] [SHELL] Attacker Keystroke: e
2025-10-22 09:36:38.877 - [Debug] [SHELL] Attacker Keystroke: [Space]
2025-10-22 09:36:39.053 - [Debug] [SHELL] Attacker Keystroke: m
2025-10-22 09:36:39.113 - [Debug] [SHELL] Attacker Keystroke: e
2025-10-22 09:36:39.256 - [Debug] [SHELL] Attacker Keystroke: [Space]
2025-10-22 09:36:39.452 - [Debug] [SHELL] Attacker Keystroke: t
2025-10-22 09:36:39.535 - [Debug] [SHELL] Attacker Keystroke: h
2025-10-22 09:36:39.643 - [Debug] [SHELL] Attacker Keystroke: e
2025-10-22 09:36:39.695 - [Debug] [SHELL] Attacker Keystroke: n
2025-10-22 09:36:39.767 - [Debug] [SHELL] Attacker Keystroke: [Space]
2025-10-22 09:36:40.080 - [Debug] [SHELL] Attacker Keystroke: [CR]
2025-10-22 09:36:40.080 - [Debug] [SHELL] line from reader: echo okay just take me then 
2025-10-22 09:36:40.080 - [Debug] [SHELL] Keystroke buffer: 101,99,104,111,32,105,127,111,107,97,121,32,106,117,115,116,32,97,127,116,97,107,101,32,109,101,32,116,104,101,110,32,13
