2025-10-20 22:44:35.623 - [Info] MITM Version: 1.4
2025-10-20 22:44:35.625 - [Info] Auto Access Enabled: true
2025-10-20 22:44:35.625 - [Debug] [Init] Auto Access Barrier: true
2025-10-20 22:44:35.631 - [Info] SSH man-in-the-middle server for 172.20.0.2 listening on 0.0.0.0:10001
2025-10-20 22:44:49.135 - [Debug] [Connection] Attacker connected: 10.173.150.42 | Client Identification: SSH-2.0-OpenSSH_for_Windows_9.5
2025-10-20 22:44:50.232 - [Debug] [Auth] Attacker 10.173.150.42 trying to authenticate with "none"
2025-10-20 22:44:50.233 - [Debug] [Auth] Attacker authentication error: No authentication method provided
2025-10-20 22:44:50.295 - [Debug] [Auth] Attacker 10.173.150.42 trying to authenticate with "publickey"
2025-10-20 22:44:50.296 - [Debug] [Auth] Attacker authentication error: Publickey authentication failed
2025-10-20 22:44:50.296 - [Debug] [Auth] Attacker: 10.173.150.42 has so far made 1 attempts. Remaining: 5 attempts
2025-10-20 22:44:51.411 - [Debug] [Auth] Attacker 10.173.150.42 trying to authenticate with "password"
2025-10-20 22:44:51.413 - [Debug] [Auto Access] Attacker: 10.173.150.42, Threshold: 1, Attempts: 1
2025-10-20 22:44:51.413 - [Debug] [Auto Access] Compromising the honeypot
2025-10-20 22:44:51.413 - [Debug] [Auto Access] Adding the following credentials: "hello:hi"
2025-10-20 22:44:51.803 - [Debug] [Auth] Valid credentials - Password Authentication
2025-10-20 22:44:51.803 - [Debug] [LXC] Attempting to connect to the honeypot: 172.20.0.2
2025-10-20 22:44:51.836 - [Debug] [LXC-Auth] Attacker authenticated and is inside container
2025-10-20 22:44:52.306 - [Debug] [SHELL] Opened shell for attacker
2025-10-20 22:44:52.307 - [Debug] [LXC Streams] New Stream | Total Streams: 1
2025-10-20 22:44:53.775 - [Debug] [SHELL] Attacker Keystroke: e
2025-10-20 22:44:53.990 - [Debug] [SHELL] Attacker Keystroke: c
2025-10-20 22:44:54.050 - [Debug] [SHELL] Attacker Keystroke: h
2025-10-20 22:44:54.141 - [Debug] [SHELL] Attacker Keystroke: o
2025-10-20 22:44:54.224 - [Debug] [SHELL] Attacker Keystroke: [Space]
2025-10-20 22:44:54.442 - [Debug] [SHELL] Attacker Keystroke: h
2025-10-20 22:44:54.764 - [Debug] [SHELL] Attacker Keystroke: i
2025-10-20 22:44:54.990 - [Debug] [SHELL] Attacker Keystroke: [CR]
2025-10-20 22:44:54.991 - [Debug] [SHELL] line from reader: echo hi
2025-10-20 22:44:54.991 - [Debug] [SHELL] Keystroke buffer: 101,99,104,111,32,104,105,13
2025-10-20 22:44:55.445 - [Debug] [SHELL] Attacker Keystroke: l
2025-10-20 22:44:55.601 - [Debug] [SHELL] Attacker Keystroke: s
2025-10-20 22:44:55.672 - [Debug] [SHELL] Attacker Keystroke: [CR]
2025-10-20 22:44:55.672 - [Debug] [SHELL] line from reader: ls
2025-10-20 22:44:55.673 - [Debug] [SHELL] Keystroke buffer: 108,115,13
2025-10-20 22:44:56.444 - [Debug] [SHELL] Attacker Keystroke: c
2025-10-20 22:44:56.582 - [Debug] [SHELL] Attacker Keystroke: d
2025-10-20 22:44:56.622 - [Debug] [SHELL] Attacker Keystroke: [Space]
2025-10-20 22:44:57.051 - [Debug] [SHELL] Attacker Keystroke: a
2025-10-20 22:44:57.244 - [Debug] [SHELL] Attacker Keystroke: [TAB]
2025-10-20 22:44:58.223 - [Debug] [SHELL] Attacker Keystroke: [DEL]
2025-10-20 22:44:58.647 - [Debug] [SHELL] Attacker Keystroke: [DEL]
2025-10-20 22:44:59.186 - [Debug] [SHELL] Attacker Keystroke: [Space]
2025-10-20 22:44:59.446 - [Debug] [SHELL] Attacker Keystroke: s
2025-10-20 22:44:59.623 - [Debug] [SHELL] Attacker Keystroke: p
2025-10-20 22:44:59.758 - [Debug] [SHELL] Attacker Keystroke: p
2025-10-20 22:44:59.965 - [Debug] [SHELL] Attacker Keystroke: l
2025-10-20 22:45:00.229 - [Debug] [SHELL] Attacker Keystroke: [DEL]
2025-10-20 22:45:00.384 - [Debug] [SHELL] Attacker Keystroke: [DEL]
2025-10-20 22:45:00.518 - [Debug] [SHELL] Attacker Keystroke: [DEL]
2025-10-20 22:45:00.665 - [Debug] [SHELL] Attacker Keystroke: [DEL]
2025-10-20 22:45:00.833 - [Debug] [SHELL] Attacker Keystroke: a
2025-10-20 22:45:00.942 - [Debug] [SHELL] Attacker Keystroke: p
2025-10-20 22:45:01.140 - [Debug] [SHELL] Attacker Keystroke: p
2025-10-20 22:45:01.347 - [Debug] [SHELL] Attacker Keystroke: l
2025-10-20 22:45:01.470 - [Debug] [SHELL] Attacker Keystroke: i
2025-10-20 22:45:01.579 - [Debug] [SHELL] Attacker Keystroke: c
2025-10-20 22:45:01.655 - [Debug] [SHELL] Attacker Keystroke: a
2025-10-20 22:45:01.823 - [Debug] [SHELL] Attacker Keystroke: t
