2025-10-22 09:54:55.633 - [Info] MITM Version: 1.4
2025-10-22 09:54:55.637 - [Info] Auto Access Enabled: true
2025-10-22 09:54:55.637 - [Debug] [Init] Auto Access Barrier: true
2025-10-22 09:54:55.646 - [Info] SSH man-in-the-middle server for 172.20.0.2 listening on 0.0.0.0:10001
2025-10-22 09:55:21.990 - [Debug] [Connection] Attacker connected: 10.175.90.186 | Client Identification: SSH-2.0-OpenSSH_for_Windows_9.5
2025-10-22 09:55:23.263 - [Debug] [Auth] Attacker 10.175.90.186 trying to authenticate with "none"
2025-10-22 09:55:23.263 - [Debug] [Auth] Attacker authentication error: No authentication method provided
2025-10-22 09:55:23.326 - [Debug] [Auth] Attacker 10.175.90.186 trying to authenticate with "publickey"
2025-10-22 09:55:23.327 - [Debug] [Auth] Attacker authentication error: Publickey authentication failed
2025-10-22 09:55:23.327 - [Debug] [Auth] Attacker: 10.175.90.186 has so far made 1 attempts. Remaining: 5 attempts
2025-10-22 09:55:24.553 - [Debug] [Auth] Attacker 10.175.90.186 trying to authenticate with "password"
2025-10-22 09:55:24.556 - [Debug] [Auto Access] Attacker: 10.175.90.186, Threshold: 1, Attempts: 1
2025-10-22 09:55:24.556 - [Debug] [Auto Access] Compromising the honeypot
2025-10-22 09:55:24.556 - [Debug] [Auto Access] Adding the following credentials: "subomi:hi"
2025-10-22 09:55:25.005 - [Debug] [Auth] Valid credentials - Password Authentication
2025-10-22 09:55:25.005 - [Debug] [LXC] Attempting to connect to the honeypot: 172.20.0.2
2025-10-22 09:55:25.038 - [Debug] [LXC-Auth] Attacker authenticated and is inside container
2025-10-22 09:55:25.514 - [Debug] [SHELL] Opened shell for attacker
2025-10-22 09:55:25.516 - [Debug] [LXC Streams] New Stream | Total Streams: 1
2025-10-22 09:55:26.723 - [Debug] [SHELL] Attacker Keystroke: e
2025-10-22 09:55:27.142 - [Debug] [SHELL] Attacker Keystroke: c
2025-10-22 09:55:27.226 - [Debug] [SHELL] Attacker Keystroke: h
2025-10-22 09:55:27.343 - [Debug] [SHELL] Attacker Keystroke: o
2025-10-22 09:55:27.431 - [Debug] [SHELL] Attacker Keystroke: [Space]
2025-10-22 09:55:29.442 - [Debug] [SHELL] Attacker Keystroke: s
2025-10-22 09:55:29.528 - [Debug] [SHELL] Attacker Keystroke: e
2025-10-22 09:55:29.918 - [Debug] [SHELL] Attacker Keystroke: r
2025-10-22 09:55:30.119 - [Debug] [SHELL] Attacker Keystroke: v
2025-10-22 09:55:30.227 - [Debug] [SHELL] Attacker Keystroke: e
2025-10-22 09:55:30.334 - [Debug] [SHELL] Attacker Keystroke: r
2025-10-22 09:55:30.476 - [Debug] [SHELL] Attacker Keystroke: [Space]
2025-10-22 09:55:30.673 - [Debug] [SHELL] Attacker Keystroke: 1
2025-10-22 09:55:30.849 - [Debug] [SHELL] Attacker Keystroke: [Space]
2025-10-22 09:55:31.058 - [Debug] [SHELL] Attacker Keystroke: t
2025-10-22 09:55:31.172 - [Debug] [SHELL] Attacker Keystroke: e
2025-10-22 09:55:31.490 - [Debug] [SHELL] Attacker Keystroke: [DEL]
2025-10-22 09:55:31.626 - [Debug] [SHELL] Attacker Keystroke: [DEL]
2025-10-22 09:55:31.766 - [Debug] [SHELL] Attacker Keystroke: [DEL]
2025-10-22 09:55:32.094 - [Debug] [SHELL] Attacker Keystroke: [Space]
2025-10-22 09:55:32.241 - [Debug] [SHELL] Attacker Keystroke: t
2025-10-22 09:55:32.476 - [Debug] [SHELL] Attacker Keystroke: s
2025-10-22 09:55:32.772 - [Debug] [SHELL] Attacker Keystroke: [DEL]
2025-10-22 09:55:32.822 - [Debug] [SHELL] Attacker Keystroke: e
2025-10-22 09:55:32.869 - [Debug] [SHELL] Attacker Keystroke: s
2025-10-22 09:55:33.034 - [Debug] [SHELL] Attacker Keystroke: t
2025-10-22 09:55:33.165 - [Debug] [SHELL] Attacker Keystroke: [CR]
2025-10-22 09:55:33.166 - [Debug] [SHELL] line from reader: echo server 1 test
2025-10-22 09:55:33.166 - [Debug] [SHELL] Keystroke buffer: 101,99,104,111,32,115,101,114,118,101,114,32,49,32,116,101,127,127,127,32,116,115,127,101,115,116,13
2025-10-22 09:56:33.900 - [Debug] [SHELL] Attacker Keystroke: e
2025-10-22 09:56:34.102 - [Debug] [SHELL] Attacker Keystroke: c
2025-10-22 09:56:34.178 - [Debug] [SHELL] Attacker Keystroke: h
2025-10-22 09:56:34.229 - [Debug] [SHELL] Attacker Keystroke: o
2025-10-22 09:56:34.316 - [Debug] [SHELL] Attacker Keystroke: [Space]
2025-10-22 09:56:34.488 - [Debug] [SHELL] Attacker Keystroke: i
2025-10-22 09:56:34.550 - [Debug] [SHELL] Attacker Keystroke: [Space]
2025-10-22 09:56:34.634 - [Debug] [SHELL] Attacker Keystroke: w
2025-10-22 09:56:34.796 - [Debug] [SHELL] Attacker Keystroke: l
2025-10-22 09:56:34.934 - [Debug] [SHELL] Attacker Keystroke: l
2025-10-22 09:56:34.966 - [Debug] [SHELL] Attacker Keystroke: [Space]
2025-10-22 09:56:35.174 - [Debug] [SHELL] Attacker Keystroke: t
2025-10-22 09:56:35.278 - [Debug] [SHELL] Attacker Keystroke: i
2025-10-22 09:56:35.426 - [Debug] [SHELL] Attacker Keystroke: m
2025-10-22 09:56:35.627 - [Debug] [SHELL] Attacker Keystroke: [DEL]
2025-10-22 09:56:35.797 - [Debug] [SHELL] Attacker Keystroke: [DEL]
2025-10-22 09:56:35.870 - [Debug] [SHELL] Attacker Keystroke: [DEL]
2025-10-22 09:56:36.030 - [Debug] [SHELL] Attacker Keystroke: [DEL]
2025-10-22 09:56:36.118 - [Debug] [SHELL] Attacker Keystroke: [DEL]
2025-10-22 09:56:36.260 - [Debug] [SHELL] Attacker Keystroke: [DEL]
2025-10-22 09:56:36.362 - [Debug] [SHELL] Attacker Keystroke: [DEL]
2025-10-22 09:56:36.617 - [Debug] [SHELL] Attacker Keystroke: i
2025-10-22 09:56:37.162 - [Debug] [SHELL] Attacker Keystroke: [DEL]
2025-10-22 09:56:37.284 - [Debug] [SHELL] Attacker Keystroke: w
2025-10-22 09:56:37.408 - [Debug] [SHELL] Attacker Keystroke: i
2025-10-22 09:56:37.592 - [Debug] [SHELL] Attacker Keystroke: l
2025-10-22 09:56:37.684 - [Debug] [SHELL] Attacker Keystroke: l
2025-10-22 09:56:37.779 - [Debug] [SHELL] Attacker Keystroke: [Space]
2025-10-22 09:56:37.948 - [Debug] [SHELL] Attacker Keystroke: t
2025-10-22 09:56:38.041 - [Debug] [SHELL] Attacker Keystroke: i
2025-10-22 09:56:38.103 - [Debug] [SHELL] Attacker Keystroke: m
2025-10-22 09:56:38.195 - [Debug] [SHELL] Attacker Keystroke: e
2025-10-22 09:56:38.256 - [Debug] [SHELL] Attacker Keystroke: [Space]
2025-10-22 09:56:38.355 - [Debug] [SHELL] Attacker Keystroke: o
2025-10-22 09:56:38.431 - [Debug] [SHELL] Attacker Keystroke: u
2025-10-22 09:56:38.516 - [Debug] [SHELL] Attacker Keystroke: t
2025-10-22 09:56:38.640 - [Debug] [SHELL] Attacker Keystroke: [CR]
2025-10-22 09:56:38.640 - [Debug] [SHELL] line from reader: echo i will time out
2025-10-22 09:56:38.640 - [Debug] [SHELL] Keystroke buffer: 101,99,104,111,32,105,32,119,108,108,32,116,105,109,127,127,127,127,127,127,127,105,127,119,105,108,108,32,116,105,109,101,32,111,117,116,13
2025-10-22 09:56:53.882 - [Debug] [SHELL] Attacker Keystroke: e
2025-10-22 09:56:54.059 - [Debug] [SHELL] Attacker Keystroke: c
2025-10-22 09:56:54.111 - [Debug] [SHELL] Attacker Keystroke: h
2025-10-22 09:56:54.219 - [Debug] [SHELL] Attacker Keystroke: o
2025-10-22 09:56:54.271 - [Debug] [SHELL] Attacker Keystroke: [Space]
2025-10-22 09:56:54.496 - [Debug] [SHELL] Attacker Keystroke: [CR]
2025-10-22 09:56:54.497 - [Debug] [SHELL] line from reader: echo 
2025-10-22 09:56:54.497 - [Debug] [SHELL] Keystroke buffer: 101,99,104,111,32,13
2025-10-22 09:56:55.582 - [Debug] [SHELL] Attacker Keystroke: d
2025-10-22 09:56:55.682 - [Debug] [SHELL] Attacker Keystroke: a
2025-10-22 09:56:55.830 - [Debug] [SHELL] Attacker Keystroke: t
2025-10-22 09:56:55.907 - [Debug] [SHELL] Attacker Keystroke: e
2025-10-22 09:56:56.109 - [Debug] [SHELL] Attacker Keystroke: [CR]
2025-10-22 09:56:56.109 - [Debug] [SHELL] line from reader: date
2025-10-22 09:56:56.109 - [Debug] [SHELL] Keystroke buffer: 100,97,116,101,13
2025-10-22 09:57:22.000 - [Debug] [SHELL] Attacker Keystroke: h
2025-10-22 09:57:22.340 - [Debug] [SHELL] Attacker Keystroke: [DEL]
2025-10-22 09:57:22.697 - [Debug] [SHELL] Attacker Keystroke: e
2025-10-22 09:57:22.838 - [Debug] [SHELL] Attacker Keystroke: c
2025-10-22 09:57:23.082 - [Debug] [SHELL] Attacker Keystroke: o
2025-10-22 09:57:23.326 - [Debug] [SHELL] Attacker Keystroke: [DEL]
2025-10-22 09:57:23.548 - [Debug] [SHELL] Attacker Keystroke: h
2025-10-22 09:57:23.623 - [Debug] [SHELL] Attacker Keystroke: o
2025-10-22 09:57:23.697 - [Debug] [SHELL] Attacker Keystroke: [Space]
2025-10-22 09:57:23.926 - [Debug] [SHELL] Attacker Keystroke: h
2025-10-22 09:57:23.967 - [Debug] [SHELL] Attacker Keystroke: i
2025-10-22 09:57:24.232 - [Debug] [SHELL] Attacker Keystroke: [CR]
2025-10-22 09:57:24.233 - [Debug] [SHELL] line from reader: echo hi
2025-10-22 09:57:24.233 - [Debug] [SHELL] Keystroke buffer: 104,127,101,99,111,127,104,111,32,104,105,13
2025-10-22 09:57:24.612 - [Debug] [SHELL] Attacker Keystroke: e
2025-10-22 09:57:24.790 - [Debug] [SHELL] Attacker Keystroke: c
2025-10-22 09:57:24.885 - [Debug] [SHELL] Attacker Keystroke: h
2025-10-22 09:57:24.993 - [Debug] [SHELL] Attacker Keystroke: o
2025-10-22 09:57:25.044 - [Debug] [SHELL] Attacker Keystroke: [Space]
2025-10-22 09:57:25.258 - [Debug] [SHELL] Attacker Keystroke: y
2025-10-22 09:57:25.366 - [Debug] [SHELL] Attacker Keystroke: o
2025-10-22 09:57:25.445 - [Debug] [SHELL] Attacker Keystroke: u
2025-10-22 09:57:25.496 - [Debug] [SHELL] Attacker Keystroke: [Space]
2025-10-22 09:57:25.645 - [Debug] [SHELL] Attacker Keystroke: c
2025-10-22 09:57:25.716 - [Debug] [SHELL] Attacker Keystroke: a
2025-10-22 09:57:25.832 - [Debug] [SHELL] Attacker Keystroke: n
2025-10-22 09:57:26.130 - [Debug] [SHELL] Attacker Keystroke: '
2025-10-22 09:57:26.209 - [Debug] [SHELL] Attacker Keystroke: t
2025-10-22 09:57:26.287 - [Debug] [SHELL] Attacker Keystroke: [Space]
2025-10-22 09:57:26.580 - [Debug] [SHELL] Attacker Keystroke: g
2025-10-22 09:57:26.657 - [Debug] [SHELL] Attacker Keystroke: e
2025-10-22 09:57:26.765 - [Debug] [SHELL] Attacker Keystroke: t
2025-10-22 09:57:26.816 - [Debug] [SHELL] Attacker Keystroke: [Space]
2025-10-22 09:57:27.193 - [Debug] [SHELL] Attacker Keystroke: r
2025-10-22 09:57:27.268 - [Debug] [SHELL] Attacker Keystroke: i
2025-10-22 09:57:27.393 - [Debug] [SHELL] Attacker Keystroke: d
2025-10-22 09:57:27.476 - [Debug] [SHELL] Attacker Keystroke: [Space]
2025-10-22 09:57:27.636 - [Debug] [SHELL] Attacker Keystroke: o
2025-10-22 09:57:27.825 - [Debug] [SHELL] Attacker Keystroke: f
2025-10-22 09:57:27.912 - [Debug] [SHELL] Attacker Keystroke: [Space]
2025-10-22 09:57:28.021 - [Debug] [SHELL] Attacker Keystroke: m
2025-10-22 09:57:28.074 - [Debug] [SHELL] Attacker Keystroke: e
2025-10-22 09:57:28.216 - [Debug] [SHELL] Attacker Keystroke: [CR]
2025-10-22 09:57:28.216 - [Debug] [SHELL] line from reader: echo you can't get rid of me
2025-10-22 09:57:28.216 - [Debug] [SHELL] Keystroke buffer: 101,99,104,111,32,121,111,117,32,99,97,110,39,116,32,103,101,116,32,114,105,100,32,111,102,32,109,101,13
2025-10-22 09:57:30.275 - [Debug] [SHELL] Attacker Keystroke: [ETX]
2025-10-22 09:57:54.198 - [Debug] [SHELL] Attacker Keystroke: e
2025-10-22 09:57:54.418 - [Debug] [SHELL] Attacker Keystroke: c
2025-10-22 09:57:54.714 - [Debug] [SHELL] Attacker Keystroke: h
2025-10-22 09:57:54.805 - [Debug] [SHELL] Attacker Keystroke: o
2025-10-22 09:57:54.929 - [Debug] [SHELL] Attacker Keystroke: [Space]
2025-10-22 09:57:55.084 - [Debug] [SHELL] Attacker Keystroke: o
2025-10-22 09:57:55.216 - [Debug] [SHELL] Attacker Keystroke: o
2025-10-22 09:57:55.425 - [Debug] [SHELL] Attacker Keystroke: p
2025-10-22 09:57:55.583 - [Debug] [SHELL] Attacker Keystroke: s
2025-10-22 09:57:55.631 - [Debug] [SHELL] Attacker Keystroke: [Space]
2025-10-22 09:57:55.915 - [Debug] [SHELL] Attacker Keystroke: i
2025-10-22 09:57:56.054 - [Debug] [SHELL] Attacker Keystroke: [Space]
2025-10-22 09:57:56.204 - [Debug] [SHELL] Attacker Keystroke: w
2025-10-22 09:57:56.312 - [Debug] [SHELL] Attacker Keystroke: a
2025-10-22 09:57:56.515 - [Debug] [SHELL] Attacker Keystroke: s
2025-10-22 09:57:56.544 - [Debug] [SHELL] Attacker Keystroke: [Space]
2025-10-22 09:57:56.909 - [Debug] [SHELL] Attacker Keystroke: s
2025-10-22 09:57:56.974 - [Debug] [SHELL] Attacker Keystroke: u
2025-10-22 09:57:57.182 - [Debug] [SHELL] Attacker Keystroke: p
2025-10-22 09:57:57.280 - [Debug] [SHELL] Attacker Keystroke: p
2025-10-22 09:57:57.466 - [Debug] [SHELL] Attacker Keystroke: o
2025-10-22 09:57:57.574 - [Debug] [SHELL] Attacker Keystroke: s
2025-10-22 09:57:57.623 - [Debug] [SHELL] Attacker Keystroke: e
2025-10-22 09:57:57.838 - [Debug] [SHELL] Attacker Keystroke: d
2025-10-22 09:57:57.914 - [Debug] [SHELL] Attacker Keystroke: [Space]
2025-10-22 09:57:58.019 - [Debug] [SHELL] Attacker Keystroke: t
2025-10-22 09:57:58.064 - [Debug] [SHELL] Attacker Keystroke: o
2025-10-22 09:57:58.177 - [Debug] [SHELL] Attacker Keystroke: [Space]
2025-10-22 09:57:58.253 - [Debug] [SHELL] Attacker Keystroke: t
2025-10-22 09:57:58.329 - [Debug] [SHELL] Attacker Keystroke: i
2025-10-22 09:57:58.407 - [Debug] [SHELL] Attacker Keystroke: m
2025-10-22 09:57:58.484 - [Debug] [SHELL] Attacker Keystroke: e
2025-10-22 09:57:58.545 - [Debug] [SHELL] Attacker Keystroke: [Space]
2025-10-22 09:57:58.651 - [Debug] [SHELL] Attacker Keystroke: o
2025-10-22 09:57:58.762 - [Debug] [SHELL] Attacker Keystroke: u
2025-10-22 09:57:58.838 - [Debug] [SHELL] Attacker Keystroke: t
2025-10-22 09:57:58.909 - [Debug] [SHELL] Attacker Keystroke: [CR]
2025-10-22 09:57:58.909 - [Debug] [SHELL] line from reader: echo oops i was supposed to time out
2025-10-22 09:57:58.910 - [Debug] [SHELL] Keystroke buffer: 3,101,99,104,111,32,111,111,112,115,32,105,32,119,97,115,32,115,117,112,112,111,115,101,100,32,116,111,32,116,105,109,101,32,111,117,116,13
2025-10-22 09:57:59.937 - [Debug] [SHELL] Attacker Keystroke: e
2025-10-22 09:58:00.173 - [Debug] [SHELL] Attacker Keystroke: c
2025-10-22 09:58:00.196 - [Debug] [SHELL] Attacker Keystroke: h
2025-10-22 09:58:00.342 - [Debug] [SHELL] Attacker Keystroke: o
2025-10-22 09:58:00.434 - [Debug] [SHELL] Attacker Keystroke: [Space]
2025-10-22 09:58:00.574 - [Debug] [SHELL] Attacker Keystroke: s
2025-10-22 09:58:00.626 - [Debug] [SHELL] Attacker Keystroke: e
2025-10-22 09:58:00.729 - [Debug] [SHELL] Attacker Keystroke: r
2025-10-22 09:58:00.901 - [Debug] [SHELL] Attacker Keystroke: v
2025-10-22 09:58:01.217 - [Debug] [SHELL] Attacker Keystroke: e
2025-10-22 09:58:01.218 - [Debug] [SHELL] Attacker Keystroke: r
2025-10-22 09:58:01.218 - [Debug] [SHELL] Attacker Keystroke: [Space]
2025-10-22 09:58:01.581 - [Debug] [SHELL] Attacker Keystroke: 4
2025-10-22 09:58:01.659 - [Debug] [SHELL] Attacker Keystroke: [Space]
2025-10-22 09:58:01.914 - [Debug] [SHELL] Attacker Keystroke: w
2025-10-22 09:58:01.935 - [Debug] [SHELL] Attacker Keystroke: i
2025-10-22 09:58:02.147 - [Debug] [SHELL] Attacker Keystroke: l
2025-10-22 09:58:02.255 - [Debug] [SHELL] Attacker Keystroke: l
2025-10-22 09:58:02.332 - [Debug] [SHELL] Attacker Keystroke: [Space]
2025-10-22 09:58:02.440 - [Debug] [SHELL] Attacker Keystroke: t
2025-10-22 09:58:02.550 - [Debug] [SHELL] Attacker Keystroke: i
2025-10-22 09:58:02.611 - [Debug] [SHELL] Attacker Keystroke: m
2025-10-22 09:58:02.673 - [Debug] [SHELL] Attacker Keystroke: e
2025-10-22 09:58:02.781 - [Debug] [SHELL] Attacker Keystroke: [Space]
2025-10-22 09:58:03.043 - [Debug] [SHELL] Attacker Keystroke: o
2025-10-22 09:58:03.110 - [Debug] [SHELL] Attacker Keystroke: u
2025-10-22 09:58:03.186 - [Debug] [SHELL] Attacker Keystroke: t
2025-10-22 09:58:03.325 - [Debug] [SHELL] Attacker Keystroke: [CR]
2025-10-22 09:58:03.325 - [Debug] [SHELL] line from reader: echo server 4 will time out
2025-10-22 09:58:03.325 - [Debug] [SHELL] Keystroke buffer: 101,99,104,111,32,115,101,114,118,101,114,32,52,32,119,105,108,108,32,116,105,109,101,32,111,117,116,13
