2025-10-22 10:04:50.764 - [Info] MITM Version: 1.4
2025-10-22 10:04:50.766 - [Info] Auto Access Enabled: true
2025-10-22 10:04:50.767 - [Debug] [Init] Auto Access Barrier: true
2025-10-22 10:04:50.772 - [Info] SSH man-in-the-middle server for 172.20.0.2 listening on 0.0.0.0:10001
2025-10-22 10:05:24.567 - [Debug] [Connection] Attacker connected: 10.175.90.186 | Client Identification: SSH-2.0-OpenSSH_for_Windows_9.5
2025-10-22 10:05:26.355 - [Debug] [Auth] Attacker 10.175.90.186 trying to authenticate with "none"
2025-10-22 10:05:26.356 - [Debug] [Auth] Attacker authentication error: No authentication method provided
2025-10-22 10:05:26.417 - [Debug] [Auth] Attacker 10.175.90.186 trying to authenticate with "publickey"
2025-10-22 10:05:26.418 - [Debug] [Auth] Attacker authentication error: Publickey authentication failed
2025-10-22 10:05:26.419 - [Debug] [Auth] Attacker: 10.175.90.186 has so far made 1 attempts. Remaining: 5 attempts
2025-10-22 10:05:27.664 - [Debug] [Auth] Attacker 10.175.90.186 trying to authenticate with "password"
2025-10-22 10:05:27.665 - [Debug] [Auto Access] Attacker: 10.175.90.186, Threshold: 1, Attempts: 1
2025-10-22 10:05:27.665 - [Debug] [Auto Access] Compromising the honeypot
2025-10-22 10:05:27.665 - [Debug] [Auto Access] Adding the following credentials: "subomi:hi"
2025-10-22 10:05:28.061 - [Debug] [Auth] Valid credentials - Password Authentication
2025-10-22 10:05:28.062 - [Debug] [LXC] Attempting to connect to the honeypot: 172.20.0.2
2025-10-22 10:05:28.101 - [Debug] [LXC-Auth] Attacker authenticated and is inside container
2025-10-22 10:05:28.541 - [Debug] [SHELL] Opened shell for attacker
2025-10-22 10:05:28.542 - [Debug] [LXC Streams] New Stream | Total Streams: 1
2025-10-22 10:05:29.137 - [Debug] [SHELL] Attacker Keystroke: e
2025-10-22 10:05:29.339 - [Debug] [SHELL] Attacker Keystroke: c
2025-10-22 10:05:29.478 - [Debug] [SHELL] Attacker Keystroke: h
2025-10-22 10:05:29.610 - [Debug] [SHELL] Attacker Keystroke: [Space]
2025-10-22 10:05:29.974 - [Debug] [SHELL] Attacker Keystroke: [DEL]
2025-10-22 10:05:30.211 - [Debug] [SHELL] Attacker Keystroke: o
2025-10-22 10:05:30.286 - [Debug] [SHELL] Attacker Keystroke: [Space]
2025-10-22 10:05:30.459 - [Debug] [SHELL] Attacker Keystroke: l
2025-10-22 10:05:30.538 - [Debug] [SHELL] Attacker Keystroke: a
2025-10-22 10:05:30.611 - [Debug] [SHELL] Attacker Keystroke: s
2025-10-22 10:05:30.766 - [Debug] [SHELL] Attacker Keystroke: t
2025-10-22 10:05:30.842 - [Debug] [SHELL] Attacker Keystroke: [Space]
2025-10-22 10:05:30.975 - [Debug] [SHELL] Attacker Keystroke: r
2025-10-22 10:05:31.091 - [Debug] [SHELL] Attacker Keystroke: u
2025-10-22 10:05:31.121 - [Debug] [SHELL] Attacker Keystroke: n
2025-10-22 10:05:31.206 - [Debug] [SHELL] Attacker Keystroke: [Space]
2025-10-22 10:05:31.508 - [Debug] [SHELL] Attacker Keystroke: s
2025-10-22 10:05:31.600 - [Debug] [SHELL] Attacker Keystroke: e
2025-10-22 10:05:31.650 - [Debug] [SHELL] Attacker Keystroke: r
2025-10-22 10:05:31.847 - [Debug] [SHELL] Attacker Keystroke: v
2025-10-22 10:05:31.983 - [Debug] [SHELL] Attacker Keystroke: e
2025-10-22 10:05:32.074 - [Debug] [SHELL] Attacker Keystroke: r
2025-10-22 10:05:32.186 - [Debug] [SHELL] Attacker Keystroke: [Space]
2025-10-22 10:05:32.357 - [Debug] [SHELL] Attacker Keystroke: 1
2025-10-22 10:05:32.657 - [Debug] [SHELL] Attacker Keystroke: [CR]
2025-10-22 10:05:32.658 - [Debug] [SHELL] line from reader: echo last run server 1
2025-10-22 10:05:32.658 - [Debug] [SHELL] Keystroke buffer: 101,99,104,32,127,111,32,108,97,115,116,32,114,117,110,32,115,101,114,118,101,114,32,49,13
2025-10-22 10:06:15.138 - [Debug] [SHELL] Attacker Keystroke: e
2025-10-22 10:06:15.344 - [Debug] [SHELL] Attacker Keystroke: c
2025-10-22 10:06:15.388 - [Debug] [SHELL] Attacker Keystroke: h
2025-10-22 10:06:15.496 - [Debug] [SHELL] Attacker Keystroke: o
2025-10-22 10:06:15.572 - [Debug] [SHELL] Attacker Keystroke: [Space]
2025-10-22 10:06:15.758 - [Debug] [SHELL] Attacker Keystroke: i
2025-10-22 10:06:15.850 - [Debug] [SHELL] Attacker Keystroke: [Space]
2025-10-22 10:06:15.959 - [Debug] [SHELL] Attacker Keystroke: n
2025-10-22 10:06:16.036 - [Debug] [SHELL] Attacker Keystroke: e
2025-10-22 10:06:16.191 - [Debug] [SHELL] Attacker Keystroke: v
2025-10-22 10:06:16.361 - [Debug] [SHELL] Attacker Keystroke: e
2025-10-22 10:06:16.439 - [Debug] [SHELL] Attacker Keystroke: r
2025-10-22 10:06:16.547 - [Debug] [SHELL] Attacker Keystroke: [Space]
2025-10-22 10:06:16.927 - [Debug] [SHELL] Attacker Keystroke: a
2025-10-22 10:06:17.286 - [Debug] [SHELL] Attacker Keystroke: c
2025-10-22 10:06:17.483 - [Debug] [SHELL] Attacker Keystroke: t
2025-10-22 10:06:17.599 - [Debug] [SHELL] Attacker Keystroke: u
2025-10-22 10:06:17.699 - [Debug] [SHELL] Attacker Keystroke: a
2025-10-22 10:06:17.797 - [Debug] [SHELL] Attacker Keystroke: l
2025-10-22 10:06:17.936 - [Debug] [SHELL] Attacker Keystroke: l
2025-10-22 10:06:18.169 - [Debug] [SHELL] Attacker Keystroke: y
2025-10-22 10:06:18.260 - [Debug] [SHELL] Attacker Keystroke: [Space]
2025-10-22 10:06:18.444 - [Debug] [SHELL] Attacker Keystroke: t
2025-10-22 10:06:18.501 - [Debug] [SHELL] Attacker Keystroke: i
2025-10-22 10:06:18.557 - [Debug] [SHELL] Attacker Keystroke: m
2025-10-22 10:06:18.644 - [Debug] [SHELL] Attacker Keystroke: e
2025-10-22 10:06:18.830 - [Debug] [SHELL] Attacker Keystroke: s
2025-10-22 10:06:19.355 - [Debug] [SHELL] Attacker Keystroke: [DEL]
2025-10-22 10:06:19.463 - [Debug] [SHELL] Attacker Keystroke: d
2025-10-22 10:06:19.524 - [Debug] [SHELL] Attacker Keystroke: [Space]
2025-10-22 10:06:19.709 - [Debug] [SHELL] Attacker Keystroke: o
2025-10-22 10:06:19.769 - [Debug] [SHELL] Attacker Keystroke: u
2025-10-22 10:06:19.863 - [Debug] [SHELL] Attacker Keystroke: t
2025-10-22 10:06:20.017 - [Debug] [SHELL] Attacker Keystroke: [Space]
2025-10-22 10:06:20.412 - [Debug] [SHELL] Attacker Keystroke: a
2025-10-22 10:06:20.486 - [Debug] [SHELL] Attacker Keystroke: n
2025-10-22 10:06:20.640 - [Debug] [SHELL] Attacker Keystroke: y
2025-10-22 10:06:20.726 - [Debug] [SHELL] Attacker Keystroke: [Space]
2025-10-22 10:06:20.879 - [Debug] [SHELL] Attacker Keystroke: o
2025-10-22 10:06:20.973 - [Debug] [SHELL] Attacker Keystroke: f
2025-10-22 10:06:21.067 - [Debug] [SHELL] Attacker Keystroke: [Space]
2025-10-22 10:06:21.220 - [Debug] [SHELL] Attacker Keystroke: t
2025-10-22 10:06:21.266 - [Debug] [SHELL] Attacker Keystroke: h
2025-10-22 10:06:21.365 - [Debug] [SHELL] Attacker Keystroke: e
2025-10-22 10:06:21.440 - [Debug] [SHELL] Attacker Keystroke: m
2025-10-22 10:06:21.942 - [Debug] [SHELL] Attacker Keystroke: [CR]
2025-10-22 10:06:21.942 - [Debug] [SHELL] line from reader: echo i never actually timed out any of them
2025-10-22 10:06:21.942 - [Debug] [SHELL] Keystroke buffer: 101,99,104,111,32,105,32,110,101,118,101,114,32,97,99,116,117,97,108,108,121,32,116,105,109,101,115,127,100,32,111,117,116,32,97,110,121,32,111,102,32,116,104,101,109,13
2025-10-22 10:06:23.119 - [Debug] [SHELL] Attacker Keystroke: [ESC][A
2025-10-22 10:06:23.367 - [Debug] [SHELL] Attacker Keystroke: [DEL]
2025-10-22 10:06:23.866 - [Debug] [SHELL] Attacker Keystroke: [DEL]
2025-10-22 10:06:23.892 - [Debug] [SHELL] Attacker Keystroke: [DEL]
2025-10-22 10:06:23.915 - [Debug] [SHELL] Attacker Keystroke: [DEL]
2025-10-22 10:06:23.973 - [Debug] [SHELL] Attacker Keystroke: [DEL]
2025-10-22 10:06:23.974 - [Debug] [SHELL] Attacker Keystroke: [DEL]
2025-10-22 10:06:24.003 - [Debug] [SHELL] Attacker Keystroke: [DEL]
2025-10-22 10:06:24.033 - [Debug] [SHELL] Attacker Keystroke: [DEL]
2025-10-22 10:06:24.081 - [Debug] [SHELL] Attacker Keystroke: [DEL]
2025-10-22 10:06:24.111 - [Debug] [SHELL] Attacker Keystroke: [DEL]
2025-10-22 10:06:24.142 - [Debug] [SHELL] Attacker Keystroke: [DEL]
2025-10-22 10:06:24.173 - [Debug] [SHELL] Attacker Keystroke: [DEL]
2025-10-22 10:06:24.204 - [Debug] [SHELL] Attacker Keystroke: [DEL]
2025-10-22 10:06:24.235 - [Debug] [SHELL] Attacker Keystroke: [DEL]
2025-10-22 10:06:24.266 - [Debug] [SHELL] Attacker Keystroke: [DEL]
2025-10-22 10:06:24.297 - [Debug] [SHELL] Attacker Keystroke: [DEL]
2025-10-22 10:06:24.328 - [Debug] [SHELL] Attacker Keystroke: [DEL]
2025-10-22 10:06:24.359 - [Debug] [SHELL] Attacker Keystroke: [DEL]
2025-10-22 10:06:24.390 - [Debug] [SHELL] Attacker Keystroke: [DEL]
2025-10-22 10:06:24.422 - [Debug] [SHELL] Attacker Keystroke: [DEL]
2025-10-22 10:06:24.453 - [Debug] [SHELL] Attacker Keystroke: [DEL]
2025-10-22 10:06:24.484 - [Debug] [SHELL] Attacker Keystroke: [DEL]
2025-10-22 10:06:24.515 - [Debug] [SHELL] Attacker Keystroke: [DEL]
2025-10-22 10:06:24.546 - [Debug] [SHELL] Attacker Keystroke: [DEL]
2025-10-22 10:06:24.577 - [Debug] [SHELL] Attacker Keystroke: [DEL]
2025-10-22 10:06:24.616 - [Debug] [SHELL] Attacker Keystroke: [DEL]
2025-10-22 10:06:24.637 - [Debug] [SHELL] Attacker Keystroke: [DEL]
2025-10-22 10:06:24.689 - [Debug] [SHELL] Attacker Keystroke: [DEL]
2025-10-22 10:06:24.693 - [Debug] [SHELL] Attacker Keystroke: [DEL]
2025-10-22 10:06:24.758 - [Debug] [SHELL] Attacker Keystroke: [DEL]
2025-10-22 10:06:24.762 - [Debug] [SHELL] Attacker Keystroke: [DEL]
2025-10-22 10:06:24.810 - [Debug] [SHELL] Attacker Keystroke: [DEL]
2025-10-22 10:06:24.814 - [Debug] [SHELL] Attacker Keystroke: [DEL]
2025-10-22 10:06:24.840 - [Debug] [SHELL] Attacker Keystroke: [DEL]
2025-10-22 10:06:24.892 - [Debug] [SHELL] Attacker Keystroke: [DEL]
2025-10-22 10:06:24.892 - [Debug] [SHELL] Attacker Keystroke: [DEL]
2025-10-22 10:06:24.949 - [Debug] [SHELL] Attacker Keystroke: [DEL]
2025-10-22 10:06:24.949 - [Debug] [SHELL] Attacker Keystroke: [DEL]
2025-10-22 10:06:24.995 - [Debug] [SHELL] Attacker Keystroke: [DEL]
2025-10-22 10:06:25.047 - [Debug] [SHELL] Attacker Keystroke: [DEL]
2025-10-22 10:06:25.053 - [Debug] [SHELL] Attacker Keystroke: [DEL]
2025-10-22 10:06:25.875 - [Debug] [SHELL] Attacker Keystroke: h
2025-10-22 10:06:26.025 - [Debug] [SHELL] Attacker Keystroke: o
2025-10-22 10:06:26.076 - [Debug] [SHELL] Attacker Keystroke: [Space]
2025-10-22 10:06:26.248 - [Debug] [SHELL] Attacker Keystroke: y
2025-10-22 10:06:26.364 - [Debug] [SHELL] Attacker Keystroke: o
2025-10-22 10:06:26.442 - [Debug] [SHELL] Attacker Keystroke: u
2025-10-22 10:06:26.495 - [Debug] [SHELL] Attacker Keystroke: [Space]
2025-10-22 10:06:26.688 - [Debug] [SHELL] Attacker Keystroke: w
2025-10-22 10:06:26.756 - [Debug] [SHELL] Attacker Keystroke: i
2025-10-22 10:06:26.878 - [Debug] [SHELL] Attacker Keystroke: l
2025-10-22 10:06:27.040 - [Debug] [SHELL] Attacker Keystroke: l
2025-10-22 10:06:27.099 - [Debug] [SHELL] Attacker Keystroke: [Space]
2025-10-22 10:06:27.225 - [Debug] [SHELL] Attacker Keystroke: t
2025-10-22 10:06:27.305 - [Debug] [SHELL] Attacker Keystroke: i
2025-10-22 10:06:27.395 - [Debug] [SHELL] Attacker Keystroke: m
2025-10-22 10:06:27.783 - [Debug] [SHELL] Attacker Keystroke: [DEL]
2025-10-22 10:06:28.212 - [Debug] [SHELL] Attacker Keystroke: [DEL]
2025-10-22 10:06:28.241 - [Debug] [SHELL] Attacker Keystroke: [DEL]
2025-10-22 10:06:28.296 - [Debug] [SHELL] Attacker Keystroke: [DEL]
2025-10-22 10:06:28.326 - [Debug] [SHELL] Attacker Keystroke: [DEL]
2025-10-22 10:06:28.357 - [Debug] [SHELL] Attacker Keystroke: [DEL]
2025-10-22 10:06:28.390 - [Debug] [SHELL] Attacker Keystroke: [DEL]
2025-10-22 10:06:28.420 - [Debug] [SHELL] Attacker Keystroke: [DEL]
2025-10-22 10:06:28.451 - [Debug] [SHELL] Attacker Keystroke: [DEL]
2025-10-22 10:06:28.482 - [Debug] [SHELL] Attacker Keystroke: [DEL]
2025-10-22 10:06:28.513 - [Debug] [SHELL] Attacker Keystroke: [DEL]
2025-10-22 10:06:28.545 - [Debug] [SHELL] Attacker Keystroke: [DEL]
2025-10-22 10:06:28.729 - [Debug] [SHELL] Attacker Keystroke: [DEL]
2025-10-22 10:06:29.180 - [Debug] [SHELL] Attacker Keystroke: [Space]
2025-10-22 10:06:30.573 - [Debug] [SHELL] Attacker Keystroke: a
2025-10-22 10:06:30.811 - [Debug] [SHELL] Attacker Keystroke: [CR]
2025-10-22 10:06:30.811 - [Debug] [SHELL] line from reader: echo a
2025-10-22 10:06:30.811 - [Debug] [SHELL] Keystroke buffer: 27,91,65,127,127,127,127,127,127,127,127,127,127,127,127,127,127,127,127,127,127,127,127,127,127,127,127,127,127,127,127,127,127,127,127,127,127,127,127,127,127,127,127,127,104,111,32,121,111,117,32,119,105,108,108,32,116,105,109,127,127,127,127,127,127,127,127,127,127,127,127,127,32,97,13
2025-10-22 10:06:31.400 - [Debug] [SHELL] Attacker Keystroke: [ESC][A
2025-10-22 10:06:31.756 - [Debug] [SHELL] Attacker Keystroke: [DEL]
2025-10-22 10:06:32.466 - [Debug] [SHELL] Attacker Keystroke: b
2025-10-22 10:06:32.922 - [Debug] [SHELL] Attacker Keystroke: [CR]
2025-10-22 10:06:32.923 - [Debug] [SHELL] line from reader: echo b
2025-10-22 10:06:32.923 - [Debug] [SHELL] Keystroke buffer: 27,91,65,127,98,13
2025-10-22 10:06:34.264 - [Debug] [SHELL] Attacker Keystroke: [ESC][A
2025-10-22 10:06:34.925 - [Debug] [SHELL] Attacker Keystroke: [DEL]
2025-10-22 10:06:35.222 - [Debug] [SHELL] Attacker Keystroke: c
2025-10-22 10:06:35.717 - [Debug] [SHELL] Attacker Keystroke: [CR]
2025-10-22 10:06:35.717 - [Debug] [SHELL] line from reader: echo c
2025-10-22 10:06:35.717 - [Debug] [SHELL] Keystroke buffer: 27,91,65,127,99,13
2025-10-22 10:06:36.800 - [Debug] [SHELL] Attacker Keystroke: [ESC][A
2025-10-22 10:06:37.144 - [Debug] [SHELL] Attacker Keystroke: [DEL]
2025-10-22 10:06:38.375 - [Debug] [SHELL] Attacker Keystroke: d
2025-10-22 10:06:38.949 - [Debug] [SHELL] Attacker Keystroke: [ESC][A
2025-10-22 10:06:39.856 - [Debug] [SHELL] Attacker Keystroke: [DEL]
2025-10-22 10:06:40.374 - [Debug] [SHELL] Attacker Keystroke: [DEL]
2025-10-22 10:06:40.403 - [Debug] [SHELL] Attacker Keystroke: [DEL]
2025-10-22 10:06:40.403 - [Debug] [SHELL] Attacker Keystroke: [DEL]
2025-10-22 10:06:40.433 - [Debug] [SHELL] Attacker Keystroke: [DEL]
2025-10-22 10:06:40.464 - [Debug] [SHELL] Attacker Keystroke: [DEL]
2025-10-22 10:06:40.492 - [Debug] [SHELL] Attacker Keystroke: [DEL]
2025-10-22 10:06:40.543 - [Debug] [SHELL] Attacker Keystroke: [DEL]
2025-10-22 10:06:40.574 - [Debug] [SHELL] Attacker Keystroke: [DEL]
2025-10-22 10:06:40.595 - [Debug] [SHELL] Attacker Keystroke: [DEL]
2025-10-22 10:06:40.616 - [Debug] [SHELL] Attacker Keystroke: [DEL]
2025-10-22 10:06:40.670 - [Debug] [SHELL] Attacker Keystroke: [DEL]
2025-10-22 10:06:40.698 - [Debug] [SHELL] Attacker Keystroke: [DEL]
2025-10-22 10:06:40.729 - [Debug] [SHELL] Attacker Keystroke: [DEL]
2025-10-22 10:06:40.759 - [Debug] [SHELL] Attacker Keystroke: [DEL]
2025-10-22 10:06:40.789 - [Debug] [SHELL] Attacker Keystroke: [DEL]
2025-10-22 10:06:40.820 - [Debug] [SHELL] Attacker Keystroke: [DEL]
2025-10-22 10:06:40.850 - [Debug] [SHELL] Attacker Keystroke: [DEL]
2025-10-22 10:07:11.558 - [Debug] [SHELL] Attacker Keystroke: e
2025-10-22 10:07:11.724 - [Debug] [SHELL] Attacker Keystroke: c
2025-10-22 10:07:12.311 - [Debug] [SHELL] Attacker Keystroke: h
2025-10-22 10:07:12.495 - [Debug] [SHELL] Attacker Keystroke: o
2025-10-22 10:07:12.582 - [Debug] [SHELL] Attacker Keystroke: [Space]
2025-10-22 10:07:12.789 - [Debug] [SHELL] Attacker Keystroke: d
2025-10-22 10:07:12.927 - [Debug] [SHELL] Attacker Keystroke: [CR]
2025-10-22 10:07:12.927 - [Debug] [SHELL] line from reader: echo d
2025-10-22 10:07:12.927 - [Debug] [SHELL] Keystroke buffer: 27,91,65,127,100,27,91,65,127,127,127,127,127,127,127,127,127,127,127,127,127,127,127,127,127,127,101,99,104,111,32,100,13
2025-10-22 10:08:14.280 - [Debug] [SHELL] Attacker Keystroke: [ESC][A
2025-10-22 10:08:15.086 - [Debug] [SHELL] Attacker Keystroke: e
2025-10-22 10:08:15.328 - [Debug] [SHELL] Attacker Keystroke: [DEL]
2025-10-22 10:08:15.482 - [Debug] [SHELL] Attacker Keystroke: [DEL]
2025-10-22 10:08:15.572 - [Debug] [SHELL] Attacker Keystroke: e
2025-10-22 10:08:15.779 - [Debug] [SHELL] Attacker Keystroke: [CR]
2025-10-22 10:08:15.779 - [Debug] [SHELL] line from reader: echo e
2025-10-22 10:08:15.779 - [Debug] [SHELL] Keystroke buffer: 27,91,65,101,127,127,101,13
2025-10-22 10:08:16.804 - [Debug] [SHELL] Attacker Keystroke: [ESC][A
2025-10-22 10:08:17.389 - [Debug] [SHELL] Attacker Keystroke: [DEL]
2025-10-22 10:08:17.846 - [Debug] [SHELL] Attacker Keystroke: f
2025-10-22 10:08:18.094 - [Debug] [SHELL] Attacker Keystroke: [CR]
2025-10-22 10:08:18.094 - [Debug] [SHELL] line from reader: echo f
2025-10-22 10:08:18.094 - [Debug] [SHELL] Keystroke buffer: 27,91,65,127,102,13
2025-10-22 10:09:13.375 - [Debug] [SHELL] Attacker Keystroke: e
2025-10-22 10:09:13.585 - [Debug] [SHELL] Attacker Keystroke: c
2025-10-22 10:09:13.606 - [Debug] [SHELL] Attacker Keystroke: h
2025-10-22 10:09:13.787 - [Debug] [SHELL] Attacker Keystroke: o
2025-10-22 10:09:13.860 - [Debug] [SHELL] Attacker Keystroke: [Space]
2025-10-22 10:09:15.221 - [Debug] [SHELL] Attacker Keystroke: d
2025-10-22 10:09:15.776 - [Debug] [SHELL] Attacker Keystroke: [DEL]
2025-10-22 10:09:17.102 - [Debug] [SHELL] Attacker Keystroke: g
2025-10-22 10:09:17.296 - [Debug] [SHELL] Attacker Keystroke: [CR]
2025-10-22 10:09:17.296 - [Debug] [SHELL] line from reader: echo g
2025-10-22 10:09:17.296 - [Debug] [SHELL] Keystroke buffer: 101,99,104,111,32,100,127,103,13
2025-10-22 10:09:17.689 - [Debug] [SHELL] Attacker Keystroke: [ESC][A
2025-10-22 10:09:18.400 - [Debug] [SHELL] Attacker Keystroke: [DEL]
2025-10-22 10:09:18.671 - [Debug] [SHELL] Attacker Keystroke: h
2025-10-22 10:09:18.963 - [Debug] [SHELL] Attacker Keystroke: [CR]
2025-10-22 10:09:18.964 - [Debug] [SHELL] line from reader: echo h
2025-10-22 10:09:18.964 - [Debug] [SHELL] Keystroke buffer: 27,91,65,127,104,13
2025-10-22 10:09:46.369 - [Debug] [SHELL] Attacker Keystroke: [ESC][A
2025-10-22 10:09:47.578 - [Debug] [SHELL] Attacker Keystroke: [DEL]
2025-10-22 10:09:47.874 - [Debug] [SHELL] Attacker Keystroke: i
2025-10-22 10:09:48.171 - [Debug] [SHELL] Attacker Keystroke: [CR]
2025-10-22 10:09:48.171 - [Debug] [SHELL] line from reader: echo i
2025-10-22 10:09:48.171 - [Debug] [SHELL] Keystroke buffer: 27,91,65,127,105,13
2025-10-22 10:09:48.481 - [Debug] [SHELL] Attacker Keystroke: [ESC][A
2025-10-22 10:09:49.090 - [Debug] [SHELL] Attacker Keystroke: [DEL]
2025-10-22 10:09:49.351 - [Debug] [SHELL] Attacker Keystroke: j
2025-10-22 10:09:49.612 - [Debug] [SHELL] Attacker Keystroke: [CR]
2025-10-22 10:09:49.612 - [Debug] [SHELL] line from reader: echo j
2025-10-22 10:09:49.612 - [Debug] [SHELL] Keystroke buffer: 27,91,65,127,106,13
2025-10-22 10:10:26.978 - [Debug] [SHELL] Attacker Keystroke: [ESC][A
2025-10-22 10:10:27.902 - [Debug] [SHELL] Attacker Keystroke: [DEL]
2025-10-22 10:10:28.228 - [Debug] [SHELL] Attacker Keystroke: k
2025-10-22 10:10:28.461 - [Debug] [SHELL] Attacker Keystroke: [CR]
2025-10-22 10:10:28.462 - [Debug] [SHELL] line from reader: echo k
2025-10-22 10:10:28.462 - [Debug] [SHELL] Keystroke buffer: 27,91,65,127,107,13
2025-10-22 10:10:31.217 - [Debug] [SHELL] Attacker Keystroke: [ESC][A
2025-10-22 10:10:31.558 - [Debug] [SHELL] Attacker Keystroke: [DEL]
2025-10-22 10:10:31.918 - [Debug] [SHELL] Attacker Keystroke: l
2025-10-22 10:10:32.167 - [Debug] [SHELL] Attacker Keystroke: [CR]
2025-10-22 10:10:32.168 - [Debug] [SHELL] line from reader: echo l
2025-10-22 10:10:32.168 - [Debug] [SHELL] Keystroke buffer: 27,91,65,127,108,13
2025-10-22 10:11:51.379 - [Debug] [SHELL] Attacker Keystroke: [ESC][A
2025-10-22 10:11:51.952 - [Debug] [SHELL] Attacker Keystroke: [DEL]
2025-10-22 10:11:52.214 - [Debug] [SHELL] Attacker Keystroke: m
2025-10-22 10:11:52.460 - [Debug] [SHELL] Attacker Keystroke: [CR]
2025-10-22 10:11:52.461 - [Debug] [SHELL] line from reader: echo m
2025-10-22 10:11:52.461 - [Debug] [SHELL] Keystroke buffer: 27,91,65,127,109,13
2025-10-22 10:11:55.234 - [Debug] [SHELL] Attacker Keystroke: [ESC][A
2025-10-22 10:11:55.862 - [Debug] [SHELL] Attacker Keystroke: [DEL]
2025-10-22 10:11:56.101 - [Debug] [SHELL] Attacker Keystroke: n
2025-10-22 10:11:56.398 - [Debug] [SHELL] Attacker Keystroke: [CR]
2025-10-22 10:11:56.398 - [Debug] [SHELL] line from reader: echo n
2025-10-22 10:11:56.398 - [Debug] [SHELL] Keystroke buffer: 27,91,65,127,110,13
2025-10-22 10:12:24.373 - [Debug] [SHELL] Attacker Keystroke: [ESC][A
2025-10-22 10:12:25.036 - [Debug] [SHELL] Attacker Keystroke: [DEL]
2025-10-22 10:12:26.204 - [Debug] [SHELL] Attacker Keystroke: o
2025-10-22 10:12:26.514 - [Debug] [SHELL] Attacker Keystroke: [CR]
2025-10-22 10:12:26.515 - [Debug] [SHELL] line from reader: echo o
2025-10-22 10:12:26.515 - [Debug] [SHELL] Keystroke buffer: 27,91,65,127,111,13
2025-10-22 10:12:27.978 - [Debug] [SHELL] Attacker Keystroke: [ESC][A
