2025-10-21 20:05:57.569 - [Info] MITM Version: 1.4
2025-10-21 20:05:57.572 - [Info] Auto Access Enabled: true
2025-10-21 20:05:57.572 - [Debug] [Init] Auto Access Barrier: true
2025-10-21 20:05:57.578 - [Info] SSH man-in-the-middle server for 172.20.0.2 listening on 0.0.0.0:10001
2025-10-21 20:06:49.032 - [Debug] [Connection] Attacker connected: 10.172.95.111 | Client Identification: SSH-2.0-OpenSSH_for_Windows_9.5
2025-10-21 20:06:50.446 - [Debug] [Auth] Attacker 10.172.95.111 trying to authenticate with "none"
2025-10-21 20:06:50.447 - [Debug] [Auth] Attacker authentication error: No authentication method provided
2025-10-21 20:06:50.509 - [Debug] [Auth] Attacker 10.172.95.111 trying to authenticate with "publickey"
2025-10-21 20:06:50.510 - [Debug] [Auth] Attacker authentication error: Publickey authentication failed
2025-10-21 20:06:50.510 - [Debug] [Auth] Attacker: 10.172.95.111 has so far made 1 attempts. Remaining: 5 attempts
2025-10-21 20:06:55.412 - [Debug] [Auth] Attacker 10.172.95.111 trying to authenticate with "password"
2025-10-21 20:06:55.413 - [Debug] [Auto Access] Attacker: 10.172.95.111, Threshold: 1, Attempts: 1
2025-10-21 20:06:55.413 - [Debug] [Auto Access] Compromising the honeypot
2025-10-21 20:06:55.413 - [Debug] [Auto Access] Adding the following credentials: "attacker:s"
2025-10-21 20:06:55.777 - [Debug] [Auth] Valid credentials - Password Authentication
2025-10-21 20:06:55.777 - [Debug] [LXC] Attempting to connect to the honeypot: 172.20.0.2
2025-10-21 20:06:55.809 - [Debug] [LXC-Auth] Attacker authenticated and is inside container
2025-10-21 20:06:56.183 - [Debug] [SHELL] Opened shell for attacker
2025-10-21 20:06:56.184 - [Debug] [LXC Streams] New Stream | Total Streams: 1
2025-10-21 20:06:57.518 - [Debug] [SHELL] Attacker Keystroke: e
2025-10-21 20:06:57.742 - [Debug] [SHELL] Attacker Keystroke: c
2025-10-21 20:06:57.865 - [Debug] [SHELL] Attacker Keystroke: h
2025-10-21 20:06:58.186 - [Debug] [SHELL] Attacker Keystroke: o
2025-10-21 20:06:58.454 - [Debug] [SHELL] Attacker Keystroke: [Space]
2025-10-21 20:06:58.954 - [Debug] [SHELL] Attacker Keystroke: j
2025-10-21 20:06:59.040 - [Debug] [SHELL] Attacker Keystroke: a
2025-10-21 20:06:59.554 - [Debug] [SHELL] Attacker Keystroke: n
2025-10-21 20:06:59.736 - [Debug] [SHELL] Attacker Keystroke: a
2025-10-21 20:06:59.917 - [Debug] [SHELL] Attacker Keystroke: e
2025-10-21 20:07:00.014 - [Debug] [SHELL] Attacker Keystroke: [Space]
2025-10-21 20:07:00.232 - [Debug] [SHELL] Attacker Keystroke: i
2025-10-21 20:07:00.417 - [Debug] [SHELL] Attacker Keystroke: n
2025-10-21 20:07:00.527 - [Debug] [SHELL] Attacker Keystroke: s
2025-10-21 20:07:00.671 - [Debug] [SHELL] Attacker Keystroke: i
2025-10-21 20:07:00.751 - [Debug] [SHELL] Attacker Keystroke: d
2025-10-21 20:07:00.908 - [Debug] [SHELL] Attacker Keystroke: e
2025-10-21 20:07:02.333 - [Debug] [SHELL] Attacker Keystroke: [Space]
2025-10-21 20:07:02.521 - [Debug] [SHELL] Attacker Keystroke: 1
2025-10-21 20:07:02.841 - [Debug] [SHELL] Attacker Keystroke: 3
2025-10-21 20:07:03.061 - [Debug] [SHELL] Attacker Keystroke: 7
2025-10-21 20:07:03.503 - [Debug] [SHELL] Attacker Keystroke: [CR]
2025-10-21 20:07:03.504 - [Debug] [SHELL] line from reader: echo janae inside 137
2025-10-21 20:07:03.504 - [Debug] [SHELL] Keystroke buffer: 101,99,104,111,32,106,97,110,97,101,32,105,110,115,105,100,101,32,49,51,55,13
2025-10-21 20:07:05.233 - [Debug] [SHELL] Attacker Keystroke: l
2025-10-21 20:07:05.380 - [Debug] [SHELL] Attacker Keystroke: s
2025-10-21 20:07:05.531 - [Debug] [SHELL] Attacker Keystroke: [CR]
2025-10-21 20:07:05.531 - [Debug] [SHELL] line from reader: ls
2025-10-21 20:07:05.531 - [Debug] [SHELL] Keystroke buffer: 108,115,13
2025-10-21 20:07:07.225 - [Debug] [SHELL] Attacker Keystroke: c
2025-10-21 20:07:07.380 - [Debug] [SHELL] Attacker Keystroke: d
2025-10-21 20:07:07.570 - [Debug] [SHELL] Attacker Keystroke: [Space]
2025-10-21 20:07:07.952 - [Debug] [SHELL] Attacker Keystroke: A
2025-10-21 20:07:08.176 - [Debug] [SHELL] Attacker Keystroke: p
2025-10-21 20:07:08.349 - [Debug] [SHELL] Attacker Keystroke: p
2025-10-21 20:07:09.109 - [Debug] [SHELL] Attacker Keystroke: l
2025-10-21 20:07:09.474 - [Debug] [SHELL] Attacker Keystroke: i
2025-10-21 20:07:09.678 - [Debug] [SHELL] Attacker Keystroke: c
2025-10-21 20:07:09.883 - [Debug] [SHELL] Attacker Keystroke: a
2025-10-21 20:07:10.089 - [Debug] [SHELL] Attacker Keystroke: t
2025-10-21 20:07:10.263 - [Debug] [SHELL] Attacker Keystroke: i
2025-10-21 20:07:10.327 - [Debug] [SHELL] Attacker Keystroke: o
2025-10-21 20:07:10.486 - [Debug] [SHELL] Attacker Keystroke: n
2025-10-21 20:07:10.604 - [Debug] [SHELL] Attacker Keystroke: s
2025-10-21 20:07:11.135 - [Debug] [SHELL] Attacker Keystroke: [CR]
2025-10-21 20:07:11.135 - [Debug] [SHELL] line from reader: cd Applications
2025-10-21 20:07:11.135 - [Debug] [SHELL] Keystroke buffer: 99,100,32,65,112,112,108,105,99,97,116,105,111,110,115,13
2025-10-21 20:07:12.133 - [Debug] [SHELL] Attacker Keystroke: l
2025-10-21 20:07:12.258 - [Debug] [SHELL] Attacker Keystroke: s
2025-10-21 20:07:12.401 - [Debug] [SHELL] Attacker Keystroke: [CR]
2025-10-21 20:07:12.402 - [Debug] [SHELL] line from reader: ls
2025-10-21 20:07:12.402 - [Debug] [SHELL] Keystroke buffer: 108,115,13
2025-10-21 20:07:13.175 - [Debug] [SHELL] Attacker Keystroke: c
2025-10-21 20:07:13.400 - [Debug] [SHELL] Attacker Keystroke: a
2025-10-21 20:07:13.604 - [Debug] [SHELL] Attacker Keystroke: t
2025-10-21 20:07:13.791 - [Debug] [SHELL] Attacker Keystroke: [Space]
2025-10-21 20:07:14.314 - [Debug] [SHELL] Attacker Keystroke: S
2025-10-21 20:07:14.590 - [Debug] [SHELL] Attacker Keystroke: t
2025-10-21 20:07:14.743 - [Debug] [SHELL] Attacker Keystroke: u
2025-10-21 20:07:14.869 - [Debug] [SHELL] Attacker Keystroke: d
2025-10-21 20:07:15.027 - [Debug] [SHELL] Attacker Keystroke: y
2025-10-21 20:07:15.772 - [Debug] [SHELL] Attacker Keystroke: _
2025-10-21 20:07:16.613 - [Debug] [SHELL] Attacker Keystroke: A
2025-10-21 20:07:16.851 - [Debug] [SHELL] Attacker Keystroke: b
2025-10-21 20:07:18.196 - [Debug] [SHELL] Attacker Keystroke: r
2025-10-21 20:07:18.418 - [Debug] [SHELL] Attacker Keystroke: o
2025-10-21 20:07:18.658 - [Debug] [SHELL] Attacker Keystroke: a
2025-10-21 20:07:18.913 - [Debug] [SHELL] Attacker Keystroke: d
2025-10-21 20:07:20.194 - [Debug] [SHELL] Attacker Keystroke: _
2025-10-21 20:07:20.612 - [Debug] [SHELL] Attacker Keystroke: f
2025-10-21 20:07:20.705 - [Debug] [SHELL] Attacker Keystroke: o
2025-10-21 20:07:20.845 - [Debug] [SHELL] Attacker Keystroke: r
2025-10-21 20:07:20.977 - [Debug] [SHELL] Attacker Keystroke: m
2025-10-21 20:07:21.135 - [Debug] [SHELL] Attacker Keystroke: s
2025-10-21 20:07:21.816 - [Debug] [SHELL] Attacker Keystroke: [DEL]
2025-10-21 20:07:21.934 - [Debug] [SHELL] Attacker Keystroke: [DEL]
2025-10-21 20:07:22.055 - [Debug] [SHELL] Attacker Keystroke: [DEL]
2025-10-21 20:07:22.211 - [Debug] [SHELL] Attacker Keystroke: [DEL]
2025-10-21 20:07:22.464 - [Debug] [SHELL] Attacker Keystroke: [DEL]
2025-10-21 20:07:23.003 - [Debug] [SHELL] Attacker Keystroke: F
2025-10-21 20:07:23.128 - [Debug] [SHELL] Attacker Keystroke: o
2025-10-21 20:07:23.351 - [Debug] [SHELL] Attacker Keystroke: r
2025-10-21 20:07:23.526 - [Debug] [SHELL] Attacker Keystroke: m
2025-10-21 20:07:23.962 - [Debug] [SHELL] Attacker Keystroke: s
2025-10-21 20:07:24.937 - [Debug] [SHELL] Attacker Keystroke: [CR]
2025-10-21 20:07:24.938 - [Debug] [SHELL] line from reader: cat Study_Abroad_Forms
2025-10-21 20:07:24.938 - [Debug] [SHELL] Keystroke buffer: 99,97,116,32,83,116,117,100,121,95,65,98,114,111,97,100,95,102,111,114,109,115,127,127,127,127,127,70,111,114,109,115,13
2025-10-21 20:07:26.282 - [Debug] [SHELL] Attacker Keystroke: l
2025-10-21 20:07:26.430 - [Debug] [SHELL] Attacker Keystroke: s
2025-10-21 20:07:26.584 - [Debug] [SHELL] Attacker Keystroke: [Space]
2025-10-21 20:07:27.327 - [Debug] [SHELL] Attacker Keystroke: [CR]
2025-10-21 20:07:27.327 - [Debug] [SHELL] line from reader: ls 
2025-10-21 20:07:27.327 - [Debug] [SHELL] Keystroke buffer: 108,115,32,13
