2025-10-20 23:05:57.478 - [Info] MITM Version: 1.4
2025-10-20 23:05:57.481 - [Info] Auto Access Enabled: true
2025-10-20 23:05:57.481 - [Debug] [Init] Auto Access Barrier: true
2025-10-20 23:05:57.486 - [Info] SSH man-in-the-middle server for 172.20.0.2 listening on 0.0.0.0:10001
2025-10-20 23:06:01.749 - [Debug] [Connection] Attacker connected: 10.173.150.42 | Client Identification: SSH-2.0-OpenSSH_for_Windows_9.5
2025-10-20 23:06:03.115 - [Debug] [Auth] Attacker 10.173.150.42 trying to authenticate with "none"
2025-10-20 23:06:03.115 - [Debug] [Auth] Attacker authentication error: No authentication method provided
2025-10-20 23:06:03.176 - [Debug] [Auth] Attacker 10.173.150.42 trying to authenticate with "publickey"
2025-10-20 23:06:03.177 - [Debug] [Auth] Attacker authentication error: Publickey authentication failed
2025-10-20 23:06:03.177 - [Debug] [Auth] Attacker: 10.173.150.42 has so far made 1 attempts. Remaining: 5 attempts
2025-10-20 23:06:05.284 - [Debug] [Auth] Attacker 10.173.150.42 trying to authenticate with "password"
2025-10-20 23:06:05.285 - [Debug] [Auto Access] Attacker: 10.173.150.42, Threshold: 1, Attempts: 1
2025-10-20 23:06:05.285 - [Debug] [Auto Access] Compromising the honeypot
2025-10-20 23:06:05.285 - [Debug] [Auto Access] Adding the following credentials: "hello:echo h"
2025-10-20 23:06:05.634 - [Debug] [Auth] Valid credentials - Password Authentication
2025-10-20 23:06:05.634 - [Debug] [LXC] Attempting to connect to the honeypot: 172.20.0.2
2025-10-20 23:06:05.670 - [Debug] [LXC-Auth] Attacker authenticated and is inside container
2025-10-20 23:06:06.044 - [Debug] [SHELL] Opened shell for attacker
2025-10-20 23:06:06.046 - [Debug] [LXC Streams] New Stream | Total Streams: 1
2025-10-20 23:06:06.532 - [Debug] [SHELL] Attacker Keystroke: e
2025-10-20 23:06:06.741 - [Debug] [SHELL] Attacker Keystroke: c
2025-10-20 23:06:06.853 - [Debug] [SHELL] Attacker Keystroke: h
2025-10-20 23:06:07.026 - [Debug] [SHELL] Attacker Keystroke: o
2025-10-20 23:06:07.109 - [Debug] [SHELL] Attacker Keystroke: [Space]
2025-10-20 23:06:07.310 - [Debug] [SHELL] Attacker Keystroke: h
2025-10-20 23:06:07.393 - [Debug] [SHELL] Attacker Keystroke: i
2025-10-20 23:06:07.850 - [Debug] [SHELL] Attacker Keystroke: [CR]
2025-10-20 23:06:07.851 - [Debug] [SHELL] line from reader: echo hi
2025-10-20 23:06:07.851 - [Debug] [SHELL] Keystroke buffer: 101,99,104,111,32,104,105,13
2025-10-20 23:06:08.519 - [Debug] [SHELL] Attacker Keystroke: l
2025-10-20 23:06:08.627 - [Debug] [SHELL] Attacker Keystroke: s
2025-10-20 23:06:08.719 - [Debug] [SHELL] Attacker Keystroke: [CR]
2025-10-20 23:06:08.719 - [Debug] [SHELL] line from reader: ls
2025-10-20 23:06:08.719 - [Debug] [SHELL] Keystroke buffer: 108,115,13
2025-10-20 23:06:09.200 - [Debug] [SHELL] Attacker Keystroke: c
2025-10-20 23:06:09.438 - [Debug] [SHELL] Attacker Keystroke: d
2025-10-20 23:06:09.517 - [Debug] [SHELL] Attacker Keystroke: [Space]
2025-10-20 23:06:09.889 - [Debug] [SHELL] Attacker Keystroke: s
2025-10-20 23:06:10.186 - [Debug] [SHELL] Attacker Keystroke: c
2025-10-20 23:06:10.415 - [Debug] [SHELL] Attacker Keystroke: h
2025-10-20 23:06:10.587 - [Debug] [SHELL] Attacker Keystroke: e
2025-10-20 23:06:10.792 - [Debug] [SHELL] Attacker Keystroke: d
2025-10-20 23:06:10.882 - [Debug] [SHELL] Attacker Keystroke: u
2025-10-20 23:06:11.084 - [Debug] [SHELL] Attacker Keystroke: l
2025-10-20 23:06:11.194 - [Debug] [SHELL] Attacker Keystroke: e
2025-10-20 23:06:11.616 - [Debug] [SHELL] Attacker Keystroke: _
2025-10-20 23:06:11.894 - [Debug] [SHELL] Attacker Keystroke: o
2025-10-20 23:06:12.024 - [Debug] [SHELL] Attacker Keystroke: f
2025-10-20 23:06:12.361 - [Debug] [SHELL] Attacker Keystroke: C
2025-10-20 23:06:12.798 - [Debug] [SHELL] Attacker Keystroke: [DEL]
2025-10-20 23:06:13.201 - [Debug] [SHELL] Attacker Keystroke: _
2025-10-20 23:06:14.218 - [Debug] [SHELL] Attacker Keystroke: C
2025-10-20 23:06:14.398 - [Debug] [SHELL] Attacker Keystroke: l
2025-10-20 23:06:14.536 - [Debug] [SHELL] Attacker Keystroke: a
2025-10-20 23:06:14.732 - [Debug] [SHELL] Attacker Keystroke: s
2025-10-20 23:06:14.908 - [Debug] [SHELL] Attacker Keystroke: s
2025-10-20 23:06:14.986 - [Debug] [SHELL] Attacker Keystroke: e
2025-10-20 23:06:15.109 - [Debug] [SHELL] Attacker Keystroke: s
2025-10-20 23:06:15.277 - [Debug] [SHELL] Attacker Keystroke: [CR]
2025-10-20 23:06:15.278 - [Debug] [SHELL] line from reader: cd schedule_of_Classes
2025-10-20 23:06:15.278 - [Debug] [SHELL] Keystroke buffer: 99,100,32,115,99,104,101,100,117,108,101,95,111,102,67,127,95,67,108,97,115,115,101,115,13
