2025-10-21 21:29:12.004 - [Info] MITM Version: 1.4
2025-10-21 21:29:12.006 - [Info] Auto Access Enabled: true
2025-10-21 21:29:12.006 - [Debug] [Init] Auto Access Barrier: true
2025-10-21 21:29:12.011 - [Info] SSH man-in-the-middle server for 172.20.0.2 listening on 0.0.0.0:10001
2025-10-21 21:29:59.126 - [Debug] [Connection] Attacker connected: 10.173.150.42 | Client Identification: SSH-2.0-OpenSSH_for_Windows_9.5
2025-10-21 21:30:01.032 - [Debug] [Auth] Attacker 10.173.150.42 trying to authenticate with "none"
2025-10-21 21:30:01.032 - [Debug] [Auth] Attacker authentication error: No authentication method provided
2025-10-21 21:30:01.094 - [Debug] [Auth] Attacker 10.173.150.42 trying to authenticate with "publickey"
2025-10-21 21:30:01.094 - [Debug] [Auth] Attacker authentication error: Publickey authentication failed
2025-10-21 21:30:01.095 - [Debug] [Auth] Attacker: 10.173.150.42 has so far made 1 attempts. Remaining: 5 attempts
2025-10-21 21:30:02.011 - [Debug] [Auth] Attacker 10.173.150.42 trying to authenticate with "password"
2025-10-21 21:30:02.012 - [Debug] [Auto Access] Attacker: 10.173.150.42, Threshold: 1, Attempts: 1
2025-10-21 21:30:02.012 - [Debug] [Auto Access] Compromising the honeypot
2025-10-21 21:30:02.012 - [Debug] [Auto Access] Adding the following credentials: "subomi:hi"
2025-10-21 21:30:02.379 - [Debug] [Auth] Valid credentials - Password Authentication
2025-10-21 21:30:02.379 - [Debug] [LXC] Attempting to connect to the honeypot: 172.20.0.2
2025-10-21 21:30:02.412 - [Debug] [LXC-Auth] Attacker authenticated and is inside container
2025-10-21 21:30:02.798 - [Debug] [SHELL] Opened shell for attacker
2025-10-21 21:30:02.800 - [Debug] [LXC Streams] New Stream | Total Streams: 1
2025-10-21 21:30:03.553 - [Debug] [SHELL] Attacker Keystroke: e
2025-10-21 21:30:03.782 - [Debug] [SHELL] Attacker Keystroke: c
2025-10-21 21:30:03.902 - [Debug] [SHELL] Attacker Keystroke: h
2025-10-21 21:30:04.040 - [Debug] [SHELL] Attacker Keystroke: o
2025-10-21 21:30:04.141 - [Debug] [SHELL] Attacker Keystroke: [Space]
2025-10-21 21:30:04.447 - [Debug] [SHELL] Attacker Keystroke: h
2025-10-21 21:30:04.570 - [Debug] [SHELL] Attacker Keystroke: i
2025-10-21 21:30:04.772 - [Debug] [SHELL] Attacker Keystroke: [CR]
2025-10-21 21:30:04.773 - [Debug] [SHELL] line from reader: echo hi
2025-10-21 21:30:04.773 - [Debug] [SHELL] Keystroke buffer: 101,99,104,111,32,104,105,13
2025-10-21 21:30:05.776 - [Debug] [SHELL] Attacker Keystroke: e
2025-10-21 21:30:05.941 - [Debug] [SHELL] Attacker Keystroke: c
2025-10-21 21:30:05.997 - [Debug] [SHELL] Attacker Keystroke: h
2025-10-21 21:30:06.075 - [Debug] [SHELL] Attacker Keystroke: o
2025-10-21 21:30:06.214 - [Debug] [SHELL] Attacker Keystroke: [Space]
2025-10-21 21:30:07.257 - [Debug] [SHELL] Attacker Keystroke: =
2025-10-21 21:30:07.391 - [Debug] [SHELL] Attacker Keystroke: [DEL]
2025-10-21 21:30:07.536 - [Debug] [SHELL] Attacker Keystroke: [DEL]
2025-10-21 21:30:07.703 - [Debug] [SHELL] Attacker Keystroke: [DEL]
2025-10-21 21:30:07.775 - [Debug] [SHELL] Attacker Keystroke: [DEL]
2025-10-21 21:30:07.950 - [Debug] [SHELL] Attacker Keystroke: [DEL]
2025-10-21 21:30:08.170 - [Debug] [SHELL] Attacker Keystroke: [DEL]
2025-10-21 21:30:08.321 - [Debug] [SHELL] Attacker Keystroke: [DEL]
2025-10-21 21:30:08.524 - [Debug] [SHELL] Attacker Keystroke: l
2025-10-21 21:30:08.625 - [Debug] [SHELL] Attacker Keystroke: s
2025-10-21 21:30:08.768 - [Debug] [SHELL] Attacker Keystroke: [CR]
2025-10-21 21:30:08.769 - [Debug] [SHELL] line from reader: ls
2025-10-21 21:30:08.769 - [Debug] [SHELL] Keystroke buffer: 101,99,104,111,32,61,127,127,127,127,127,127,127,108,115,13
2025-10-21 21:31:03.803 - [Debug] [SHELL] Attacker Keystroke: e
2025-10-21 21:31:03.921 - [Debug] [SHELL] Attacker Keystroke: x
2025-10-21 21:31:04.450 - [Debug] [SHELL] Attacker Keystroke: i
2025-10-21 21:31:04.683 - [Debug] [SHELL] Attacker Keystroke: t
2025-10-21 21:31:04.946 - [Debug] [SHELL] Attacker Keystroke: [CR]
2025-10-21 21:31:04.946 - [Debug] [SHELL] line from reader: exit
2025-10-21 21:31:04.946 - [Debug] [SHELL] Keystroke buffer: 101,120,105,116,13
2025-10-21 21:31:04.950 - [Debug] [LXC Streams] Removed Stream | Total streams: 0
2025-10-21 21:31:04.950 - [Debug] [SHELL] Honeypot ended shell
2025-10-21 21:31:04.999 - [Debug] [SHELL] Attacker ended the shell
2025-10-21 21:31:05.000 - [Debug] [Connection] Attacker closed connection
2025-10-21 21:31:05.002 - [Debug] [LXC] Container's OpenSSH server ended connection
2025-10-21 21:31:05.003 - [Debug] [LXC] Container's OpenSSH server closed connection
