2025-10-28 14:57:17.520 - [Info] MITM Version: 1.4
2025-10-28 14:57:17.522 - [Info] Auto Access Enabled: true
2025-10-28 14:57:17.522 - [Debug] [Init] Auto Access Barrier: true
2025-10-28 14:57:17.528 - [Info] SSH man-in-the-middle server for 172.20.0.2 listening on 0.0.0.0:10001
2025-10-28 15:01:54.971 - [Debug] [Connection] Attacker connected: 10.175.90.186 | Client Identification: SSH-2.0-OpenSSH_for_Windows_9.5
2025-10-28 15:01:55.020 - [Debug] [Connection] Attacker closed the connection
2025-10-28 15:02:06.041 - [Debug] [Connection] Attacker connected: 10.175.90.186 | Client Identification: SSH-2.0-OpenSSH_for_Windows_9.5
2025-10-28 15:02:07.170 - [Debug] [Auth] Attacker 10.175.90.186 trying to authenticate with "none"
2025-10-28 15:02:07.170 - [Debug] [Auth] Attacker authentication error: No authentication method provided
2025-10-28 15:02:07.231 - [Debug] [Auth] Attacker 10.175.90.186 trying to authenticate with "publickey"
2025-10-28 15:02:07.232 - [Debug] [Auth] Attacker authentication error: Publickey authentication failed
2025-10-28 15:02:07.232 - [Debug] [Auth] Attacker: 10.175.90.186 has so far made 1 attempts. Remaining: 5 attempts
2025-10-28 15:02:08.373 - [Debug] [Auth] Attacker 10.175.90.186 trying to authenticate with "password"
2025-10-28 15:02:08.374 - [Debug] [Auto Access] Attacker: 10.175.90.186, Threshold: 1, Attempts: 1
2025-10-28 15:02:08.374 - [Debug] [Auto Access] Compromising the honeypot
2025-10-28 15:02:08.374 - [Debug] [Auto Access] Adding the following credentials: "admin:hi"
2025-10-28 15:02:08.741 - [Debug] [Auth] Valid credentials - Password Authentication
2025-10-28 15:02:08.741 - [Debug] [LXC] Attempting to connect to the honeypot: 172.20.0.2
2025-10-28 15:02:08.772 - [Debug] [LXC-Auth] Attacker authenticated and is inside container
2025-10-28 15:02:09.194 - [Debug] [SHELL] Opened shell for attacker
2025-10-28 15:02:09.195 - [Debug] [LXC Streams] New Stream | Total Streams: 1
2025-10-28 15:02:11.476 - [Debug] [SHELL] Attacker Keystroke: e
2025-10-28 15:02:11.656 - [Debug] [SHELL] Attacker Keystroke: c
2025-10-28 15:02:11.829 - [Debug] [SHELL] Attacker Keystroke: h
2025-10-28 15:02:11.956 - [Debug] [SHELL] Attacker Keystroke: o
2025-10-28 15:02:12.063 - [Debug] [SHELL] Attacker Keystroke: [Space]
2025-10-28 15:02:12.151 - [Debug] [SHELL] Attacker Keystroke: h
2025-10-28 15:02:12.262 - [Debug] [SHELL] Attacker Keystroke: i
2025-10-28 15:02:12.463 - [Debug] [SHELL] Attacker Keystroke: [CR]
2025-10-28 15:02:12.463 - [Debug] [SHELL] line from reader: echo hi
2025-10-28 15:02:12.464 - [Debug] [SHELL] Keystroke buffer: 101,99,104,111,32,104,105,13
2025-10-28 15:02:13.092 - [Debug] [SHELL] Attacker Keystroke: l
2025-10-28 15:02:13.237 - [Debug] [SHELL] Attacker Keystroke: s
2025-10-28 15:02:13.329 - [Debug] [SHELL] Attacker Keystroke: [CR]
2025-10-28 15:02:13.329 - [Debug] [SHELL] line from reader: ls
2025-10-28 15:02:13.329 - [Debug] [SHELL] Keystroke buffer: 108,115,13
2025-10-28 15:02:15.115 - [Debug] [SHELL] Attacker Keystroke: q
2025-10-28 15:02:15.169 - [Debug] [SHELL] Attacker Keystroke: u
2025-10-28 15:02:15.346 - [Debug] [SHELL] Attacker Keystroke: i
2025-10-28 15:02:15.398 - [Debug] [SHELL] Attacker Keystroke: t
2025-10-28 15:02:15.578 - [Debug] [SHELL] Attacker Keystroke: [CR]
2025-10-28 15:02:15.579 - [Debug] [SHELL] line from reader: quit
2025-10-28 15:02:15.579 - [Debug] [SHELL] Keystroke buffer: 113,117,105,116,13
2025-10-28 15:02:17.126 - [Debug] [SHELL] Attacker Keystroke: e
2025-10-28 15:02:17.359 - [Debug] [SHELL] Attacker Keystroke: x
2025-10-28 15:02:17.401 - [Debug] [SHELL] Attacker Keystroke: i
2025-10-28 15:02:17.736 - [Debug] [SHELL] Attacker Keystroke: t
2025-10-28 15:02:17.888 - [Debug] [SHELL] Attacker Keystroke: [CR]
2025-10-28 15:02:17.888 - [Debug] [SHELL] line from reader: exit
2025-10-28 15:02:17.888 - [Debug] [SHELL] Keystroke buffer: 101,120,105,116,13
2025-10-28 15:02:17.892 - [Debug] [LXC Streams] Removed Stream | Total streams: 0
2025-10-28 15:02:17.892 - [Debug] [SHELL] Honeypot ended shell
2025-10-28 15:02:17.942 - [Debug] [SHELL] Attacker ended the shell
2025-10-28 15:02:17.943 - [Debug] [Connection] Attacker closed connection
2025-10-28 15:02:17.946 - [Debug] [LXC] Container's OpenSSH server ended connection
2025-10-28 15:02:17.946 - [Debug] [LXC] Container's OpenSSH server closed connection
