2025-10-21 20:37:50.806 - [Info] MITM Version: 1.4
2025-10-21 20:37:50.808 - [Info] Auto Access Enabled: true
2025-10-21 20:37:50.809 - [Debug] [Init] Auto Access Barrier: true
2025-10-21 20:37:50.814 - [Info] SSH man-in-the-middle server for 172.20.0.2 listening on 0.0.0.0:10001
2025-10-21 20:38:11.257 - [Debug] [Connection] Attacker connected: 10.172.95.111 | Client Identification: SSH-2.0-OpenSSH_for_Windows_9.5
2025-10-21 20:38:13.943 - [Debug] [Auth] Attacker 10.172.95.111 trying to authenticate with "none"
2025-10-21 20:38:13.943 - [Debug] [Auth] Attacker authentication error: No authentication method provided
2025-10-21 20:38:14.003 - [Debug] [Auth] Attacker 10.172.95.111 trying to authenticate with "publickey"
2025-10-21 20:38:14.004 - [Debug] [Auth] Attacker authentication error: Publickey authentication failed
2025-10-21 20:38:14.004 - [Debug] [Auth] Attacker: 10.172.95.111 has so far made 1 attempts. Remaining: 5 attempts
2025-10-21 20:38:14.858 - [Debug] [Auth] Attacker 10.172.95.111 trying to authenticate with "password"
2025-10-21 20:38:14.860 - [Debug] [Auto Access] Attacker: 10.172.95.111, Threshold: 1, Attempts: 1
2025-10-21 20:38:14.860 - [Debug] [Auto Access] Compromising the honeypot
2025-10-21 20:38:14.860 - [Debug] [Auto Access] Adding the following credentials: "root:s"
2025-10-21 20:38:15.220 - [Debug] [Auth] Valid credentials - Password Authentication
2025-10-21 20:38:15.220 - [Debug] [LXC] Attempting to connect to the honeypot: 172.20.0.2
2025-10-21 20:38:15.255 - [Debug] [LXC-Auth] Attacker authenticated and is inside container
2025-10-21 20:38:15.690 - [Debug] [SHELL] Opened shell for attacker
2025-10-21 20:38:15.691 - [Debug] [LXC Streams] New Stream | Total Streams: 1
2025-10-21 20:38:20.447 - [Debug] [SHELL] Attacker Keystroke: l
2025-10-21 20:38:20.657 - [Debug] [SHELL] Attacker Keystroke: s
2025-10-21 20:38:21.047 - [Debug] [SHELL] Attacker Keystroke: [CR]
2025-10-21 20:38:21.048 - [Debug] [SHELL] line from reader: ls
2025-10-21 20:38:21.048 - [Debug] [SHELL] Keystroke buffer: 108,115,13
2025-10-21 20:39:29.927 - [Debug] [SHELL] Attacker Keystroke: c
2025-10-21 20:39:30.311 - [Debug] [SHELL] Attacker Keystroke: [DEL]
2025-10-21 20:39:30.912 - [Debug] [SHELL] Attacker Keystroke: e
2025-10-21 20:39:31.102 - [Debug] [SHELL] Attacker Keystroke: c
2025-10-21 20:39:31.228 - [Debug] [SHELL] Attacker Keystroke: h
2025-10-21 20:39:31.388 - [Debug] [SHELL] Attacker Keystroke: o
2025-10-21 20:39:31.561 - [Debug] [SHELL] Attacker Keystroke: [Space]
2025-10-21 20:39:31.717 - [Debug] [SHELL] Attacker Keystroke: h
2025-10-21 20:39:31.942 - [Debug] [SHELL] Attacker Keystroke: i
2025-10-21 20:39:32.651 - [Debug] [SHELL] Attacker Keystroke: [Space]
2025-10-21 20:39:32.859 - [Debug] [SHELL] Attacker Keystroke: i
2025-10-21 20:39:33.061 - [Debug] [SHELL] Attacker Keystroke: m
2025-10-21 20:39:33.227 - [Debug] [SHELL] Attacker Keystroke: [Space]
2025-10-21 20:39:33.325 - [Debug] [SHELL] Attacker Keystroke: r
2025-10-21 20:39:33.404 - [Debug] [SHELL] Attacker Keystroke: o
2025-10-21 20:39:33.507 - [Debug] [SHELL] Attacker Keystroke: o
2025-10-21 20:39:33.697 - [Debug] [SHELL] Attacker Keystroke: t
2025-10-21 20:39:33.856 - [Debug] [SHELL] Attacker Keystroke: [CR]
2025-10-21 20:39:33.856 - [Debug] [SHELL] line from reader: echo hi im root
2025-10-21 20:39:33.856 - [Debug] [SHELL] Keystroke buffer: 99,127,101,99,104,111,32,104,105,32,105,109,32,114,111,111,116,13
2025-10-21 20:39:34.282 - [Debug] [SHELL] Attacker Keystroke: e
2025-10-21 20:39:34.470 - [Debug] [SHELL] Attacker Keystroke: c
2025-10-21 20:39:34.582 - [Debug] [SHELL] Attacker Keystroke: h
2025-10-21 20:39:34.731 - [Debug] [SHELL] Attacker Keystroke: o
2025-10-21 20:39:34.913 - [Debug] [SHELL] Attacker Keystroke: [Space]
2025-10-21 20:39:35.104 - [Debug] [SHELL] Attacker Keystroke: i
2025-10-21 20:39:35.264 - [Debug] [SHELL] Attacker Keystroke: [Space]
2025-10-21 20:39:35.357 - [Debug] [SHELL] Attacker Keystroke: s
2025-10-21 20:39:35.454 - [Debug] [SHELL] Attacker Keystroke: h
2025-10-21 20:39:35.707 - [Debug] [SHELL] Attacker Keystroke: u
2025-10-21 20:39:36.104 - [Debug] [SHELL] Attacker Keystroke: [DEL]
2025-10-21 20:39:36.552 - [Debug] [SHELL] Attacker Keystroke: o
2025-10-21 20:39:36.704 - [Debug] [SHELL] Attacker Keystroke: u
2025-10-21 20:39:36.861 - [Debug] [SHELL] Attacker Keystroke: l
2025-10-21 20:39:36.893 - [Debug] [SHELL] Attacker Keystroke: d
2025-10-21 20:39:37.085 - [Debug] [SHELL] Attacker Keystroke: n
2025-10-21 20:39:37.221 - [Debug] [SHELL] Attacker Keystroke: t
2025-10-21 20:39:37.361 - [Debug] [SHELL] Attacker Keystroke: [Space]
2025-10-21 20:39:37.539 - [Debug] [SHELL] Attacker Keystroke: b
2025-10-21 20:39:37.711 - [Debug] [SHELL] Attacker Keystroke: e
2025-10-21 20:39:37.830 - [Debug] [SHELL] Attacker Keystroke: [Space]
2025-10-21 20:39:38.019 - [Debug] [SHELL] Attacker Keystroke: i
2025-10-21 20:39:38.138 - [Debug] [SHELL] Attacker Keystroke: n
2025-10-21 20:39:38.368 - [Debug] [SHELL] Attacker Keystroke: [Space]
2025-10-21 20:39:38.432 - [Debug] [SHELL] Attacker Keystroke: h
2025-10-21 20:39:38.559 - [Debug] [SHELL] Attacker Keystroke: e
2025-10-21 20:39:38.615 - [Debug] [SHELL] Attacker Keystroke: r
2025-10-21 20:39:38.994 - [Debug] [SHELL] Attacker Keystroke: [CR]
2025-10-21 20:39:38.994 - [Debug] [SHELL] line from reader: echo i shouldnt be in her
2025-10-21 20:39:38.995 - [Debug] [SHELL] Keystroke buffer: 101,99,104,111,32,105,32,115,104,117,127,111,117,108,100,110,116,32,98,101,32,105,110,32,104,101,114,13
