2025-10-22 15:40:48.254 - [Info] MITM Version: 1.4
2025-10-22 15:40:48.257 - [Info] Auto Access Enabled: true
2025-10-22 15:40:48.257 - [Debug] [Init] Auto Access Barrier: true
2025-10-22 15:40:48.263 - [Info] SSH man-in-the-middle server for 172.20.0.2 listening on 0.0.0.0:10001
2025-10-22 15:41:12.560 - [Debug] [Connection] Attacker connected: 10.175.90.186 | Client Identification: SSH-2.0-OpenSSH_for_Windows_9.5
2025-10-22 15:41:14.048 - [Debug] [Auth] Attacker 10.175.90.186 trying to authenticate with "none"
2025-10-22 15:41:14.048 - [Debug] [Auth] Attacker authentication error: No authentication method provided
2025-10-22 15:41:14.103 - [Debug] [Auth] Attacker 10.175.90.186 trying to authenticate with "publickey"
2025-10-22 15:41:14.105 - [Debug] [Auth] Attacker authentication error: Publickey authentication failed
2025-10-22 15:41:14.105 - [Debug] [Auth] Attacker: 10.175.90.186 has so far made 1 attempts. Remaining: 5 attempts
2025-10-22 15:41:15.877 - [Debug] [Auth] Attacker 10.175.90.186 trying to authenticate with "password"
2025-10-22 15:41:15.878 - [Debug] [Auto Access] Attacker: 10.175.90.186, Threshold: 1, Attempts: 1
2025-10-22 15:41:15.879 - [Debug] [Auto Access] Compromising the honeypot
2025-10-22 15:41:15.879 - [Debug] [Auto Access] Adding the following credentials: "subomi:hi"
2025-10-22 15:41:16.236 - [Debug] [Auth] Valid credentials - Password Authentication
2025-10-22 15:41:16.236 - [Debug] [LXC] Attempting to connect to the honeypot: 172.20.0.2
2025-10-22 15:41:16.270 - [Debug] [LXC-Auth] Attacker authenticated and is inside container
2025-10-22 15:41:16.686 - [Debug] [SHELL] Opened shell for attacker
2025-10-22 15:41:16.688 - [Debug] [LXC Streams] New Stream | Total Streams: 1
2025-10-22 15:41:37.226 - [Debug] [SHELL] Attacker Keystroke: l
2025-10-22 15:41:37.354 - [Debug] [SHELL] Attacker Keystroke: s
2025-10-22 15:41:37.447 - [Debug] [SHELL] Attacker Keystroke: [CR]
2025-10-22 15:41:37.448 - [Debug] [SHELL] line from reader: ls
2025-10-22 15:41:37.448 - [Debug] [SHELL] Keystroke buffer: 108,115,13
2025-10-22 15:41:39.214 - [Debug] [SHELL] Attacker Keystroke: c
2025-10-22 15:41:39.367 - [Debug] [SHELL] Attacker Keystroke: d
2025-10-22 15:41:39.397 - [Debug] [SHELL] Attacker Keystroke: [Space]
2025-10-22 15:41:39.696 - [Debug] [SHELL] Attacker Keystroke: G
2025-10-22 15:41:40.295 - [Debug] [SHELL] Attacker Keystroke: [TAB]
2025-10-22 15:41:40.687 - [Debug] [SHELL] Attacker Keystroke: [CR]
2025-10-22 15:41:40.687 - [Debug] [SHELL] line from reader: cd G        
2025-10-22 15:41:40.687 - [Debug] [SHELL] Keystroke buffer: 99,100,32,71,9,13
2025-10-22 15:41:41.733 - [Debug] [SHELL] Attacker Keystroke: l
2025-10-22 15:41:41.931 - [Debug] [SHELL] Attacker Keystroke: s
2025-10-22 15:41:42.358 - [Debug] [SHELL] Attacker Keystroke: [CR]
2025-10-22 15:41:42.359 - [Debug] [SHELL] line from reader: ls
2025-10-22 15:41:42.359 - [Debug] [SHELL] Keystroke buffer: 108,115,13
2025-10-22 15:41:43.262 - [Debug] [SHELL] Attacker Keystroke: c
2025-10-22 15:41:43.356 - [Debug] [SHELL] Attacker Keystroke: a
2025-10-22 15:41:43.505 - [Debug] [SHELL] Attacker Keystroke: t
2025-10-22 15:41:43.623 - [Debug] [SHELL] Attacker Keystroke: [Space]
2025-10-22 15:41:44.131 - [Debug] [SHELL] Attacker Keystroke: C
2025-10-22 15:41:44.595 - [Debug] [SHELL] Attacker Keystroke: [TAB]
2025-10-22 15:41:45.092 - [Debug] [SHELL] Attacker Keystroke: [CR]
2025-10-22 15:41:45.092 - [Debug] [SHELL] line from reader: cat C       
2025-10-22 15:41:45.092 - [Debug] [SHELL] Keystroke buffer: 99,97,116,32,67,9,13
2025-10-22 15:42:18.072 - [Debug] [SHELL] Attacker Keystroke: e
2025-10-22 15:42:18.492 - [Debug] [SHELL] Attacker Keystroke: x
2025-10-22 15:42:18.600 - [Debug] [SHELL] Attacker Keystroke: i
2025-10-22 15:42:18.710 - [Debug] [SHELL] Attacker Keystroke: t
2025-10-22 15:42:19.494 - [Debug] [SHELL] Attacker Keystroke: [CR]
2025-10-22 15:42:19.494 - [Debug] [SHELL] line from reader: exit
2025-10-22 15:42:19.494 - [Debug] [SHELL] Keystroke buffer: 101,120,105,116,13
2025-10-22 15:42:19.498 - [Debug] [LXC Streams] Removed Stream | Total streams: 0
2025-10-22 15:42:19.498 - [Debug] [SHELL] Honeypot ended shell
2025-10-22 15:42:19.559 - [Debug] [SHELL] Attacker ended the shell
2025-10-22 15:42:19.560 - [Debug] [Connection] Attacker closed connection
2025-10-22 15:42:19.562 - [Debug] [LXC] Container's OpenSSH server ended connection
2025-10-22 15:42:19.563 - [Debug] [LXC] Container's OpenSSH server closed connection
