2025-10-21 21:31:37.697 - [Info] MITM Version: 1.4
2025-10-21 21:31:37.699 - [Info] Auto Access Enabled: true
2025-10-21 21:31:37.699 - [Debug] [Init] Auto Access Barrier: true
2025-10-21 21:31:37.705 - [Info] SSH man-in-the-middle server for 172.20.0.2 listening on 0.0.0.0:10001
2025-10-21 21:31:58.664 - [Debug] [Connection] Attacker connected: 10.173.150.42 | Client Identification: SSH-2.0-OpenSSH_for_Windows_9.5
2025-10-21 21:32:01.114 - [Debug] [Auth] Attacker 10.173.150.42 trying to authenticate with "none"
2025-10-21 21:32:01.114 - [Debug] [Auth] Attacker authentication error: No authentication method provided
2025-10-21 21:32:01.175 - [Debug] [Auth] Attacker 10.173.150.42 trying to authenticate with "publickey"
2025-10-21 21:32:01.176 - [Debug] [Auth] Attacker authentication error: Publickey authentication failed
2025-10-21 21:32:01.176 - [Debug] [Auth] Attacker: 10.173.150.42 has so far made 1 attempts. Remaining: 5 attempts
2025-10-21 21:32:02.717 - [Debug] [Auth] Attacker 10.173.150.42 trying to authenticate with "password"
2025-10-21 21:32:02.718 - [Debug] [Auto Access] Attacker: 10.173.150.42, Threshold: 1, Attempts: 1
2025-10-21 21:32:02.718 - [Debug] [Auto Access] Compromising the honeypot
2025-10-21 21:32:02.719 - [Debug] [Auto Access] Adding the following credentials: "subomi:hi"
2025-10-21 21:32:03.086 - [Debug] [Auth] Valid credentials - Password Authentication
2025-10-21 21:32:03.086 - [Debug] [LXC] Attempting to connect to the honeypot: 172.20.0.2
2025-10-21 21:32:03.117 - [Debug] [LXC-Auth] Attacker authenticated and is inside container
2025-10-21 21:32:03.478 - [Debug] [SHELL] Opened shell for attacker
2025-10-21 21:32:03.480 - [Debug] [LXC Streams] New Stream | Total Streams: 1
2025-10-21 21:32:04.411 - [Debug] [SHELL] Attacker Keystroke: e
2025-10-21 21:32:04.593 - [Debug] [SHELL] Attacker Keystroke: c
2025-10-21 21:32:04.857 - [Debug] [SHELL] Attacker Keystroke: h
2025-10-21 21:32:04.995 - [Debug] [SHELL] Attacker Keystroke: o
2025-10-21 21:32:05.080 - [Debug] [SHELL] Attacker Keystroke: [Space]
2025-10-21 21:32:05.323 - [Debug] [SHELL] Attacker Keystroke: h
2025-10-21 21:32:05.429 - [Debug] [SHELL] Attacker Keystroke: i
2025-10-21 21:32:05.634 - [Debug] [SHELL] Attacker Keystroke: [CR]
2025-10-21 21:32:05.634 - [Debug] [SHELL] line from reader: echo hi
2025-10-21 21:32:05.634 - [Debug] [SHELL] Keystroke buffer: 101,99,104,111,32,104,105,13
2025-10-21 21:32:06.929 - [Debug] [SHELL] Attacker Keystroke: l
2025-10-21 21:32:07.204 - [Debug] [SHELL] Attacker Keystroke: s
2025-10-21 21:32:07.435 - [Debug] [SHELL] Attacker Keystroke: [CR]
2025-10-21 21:32:07.436 - [Debug] [SHELL] line from reader: ls
2025-10-21 21:32:07.436 - [Debug] [SHELL] Keystroke buffer: 108,115,13
2025-10-21 21:33:40.103 - [Debug] [SHELL] Attacker Keystroke: e
2025-10-21 21:33:40.992 - [Debug] [SHELL] Attacker Keystroke: i
2025-10-21 21:33:41.161 - [Debug] [SHELL] Attacker Keystroke: t
2025-10-21 21:33:41.392 - [Debug] [SHELL] Attacker Keystroke: [CR]
2025-10-21 21:33:41.392 - [Debug] [SHELL] line from reader: eit
2025-10-21 21:33:41.392 - [Debug] [SHELL] Keystroke buffer: 101,105,116,13
2025-10-21 21:33:43.716 - [Debug] [SHELL] Attacker Keystroke: e
2025-10-21 21:33:43.793 - [Debug] [SHELL] Attacker Keystroke: x
2025-10-21 21:33:44.120 - [Debug] [SHELL] Attacker Keystroke: i
2025-10-21 21:33:44.323 - [Debug] [SHELL] Attacker Keystroke: t
2025-10-21 21:33:44.513 - [Debug] [SHELL] Attacker Keystroke: [CR]
2025-10-21 21:33:44.513 - [Debug] [SHELL] line from reader: exit
2025-10-21 21:33:44.513 - [Debug] [SHELL] Keystroke buffer: 101,120,105,116,13
2025-10-21 21:33:44.516 - [Debug] [LXC Streams] Removed Stream | Total streams: 0
2025-10-21 21:33:44.516 - [Debug] [SHELL] Honeypot ended shell
2025-10-21 21:33:44.576 - [Debug] [SHELL] Attacker ended the shell
2025-10-21 21:33:44.577 - [Debug] [Connection] Attacker closed connection
2025-10-21 21:33:44.580 - [Debug] [LXC] Container's OpenSSH server ended connection
2025-10-21 21:33:44.581 - [Debug] [LXC] Container's OpenSSH server closed connection
