2025-10-20 23:54:20.539 - [Info] MITM Version: 1.4
2025-10-20 23:54:20.542 - [Info] Auto Access Enabled: true
2025-10-20 23:54:20.542 - [Debug] [Init] Auto Access Barrier: true
2025-10-20 23:54:20.548 - [Info] SSH man-in-the-middle server for 172.20.0.2 listening on 0.0.0.0:10001
2025-10-20 23:54:22.278 - [Debug] [Connection] Attacker connected: 10.173.150.42 | Client Identification: SSH-2.0-OpenSSH_for_Windows_9.5
2025-10-20 23:54:23.964 - [Debug] [Auth] Attacker 10.173.150.42 trying to authenticate with "none"
2025-10-20 23:54:23.964 - [Debug] [Auth] Attacker authentication error: No authentication method provided
2025-10-20 23:54:24.027 - [Debug] [Auth] Attacker 10.173.150.42 trying to authenticate with "publickey"
2025-10-20 23:54:24.028 - [Debug] [Auth] Attacker authentication error: Publickey authentication failed
2025-10-20 23:54:24.028 - [Debug] [Auth] Attacker: 10.173.150.42 has so far made 1 attempts. Remaining: 5 attempts
2025-10-20 23:54:25.700 - [Debug] [Auth] Attacker 10.173.150.42 trying to authenticate with "password"
2025-10-20 23:54:25.702 - [Debug] [Auto Access] Attacker: 10.173.150.42, Threshold: 1, Attempts: 1
2025-10-20 23:54:25.702 - [Debug] [Auto Access] Compromising the honeypot
2025-10-20 23:54:25.702 - [Debug] [Auto Access] Adding the following credentials: "hello:hi"
2025-10-20 23:54:26.051 - [Debug] [Auth] Valid credentials - Password Authentication
2025-10-20 23:54:26.051 - [Debug] [LXC] Attempting to connect to the honeypot: 172.20.0.2
2025-10-20 23:54:26.087 - [Debug] [LXC-Auth] Attacker authenticated and is inside container
2025-10-20 23:54:26.454 - [Debug] [SHELL] Opened shell for attacker
2025-10-20 23:54:26.456 - [Debug] [LXC Streams] New Stream | Total Streams: 1
2025-10-20 23:54:28.589 - [Debug] [SHELL] Attacker Keystroke: l
2025-10-20 23:54:28.703 - [Debug] [SHELL] Attacker Keystroke: s
2025-10-20 23:54:28.788 - [Debug] [SHELL] Attacker Keystroke: [CR]
2025-10-20 23:54:28.789 - [Debug] [SHELL] line from reader: ls
2025-10-20 23:54:28.789 - [Debug] [SHELL] Keystroke buffer: 108,115,13
2025-10-20 23:54:29.341 - [Debug] [SHELL] Attacker Keystroke: c
2025-10-20 23:54:29.524 - [Debug] [SHELL] Attacker Keystroke: d
2025-10-20 23:54:29.552 - [Debug] [SHELL] Attacker Keystroke: [Space]
2025-10-20 23:54:30.788 - [Debug] [SHELL] Attacker Keystroke: t
2025-10-20 23:54:30.988 - [Debug] [SHELL] Attacker Keystroke: r
2025-10-20 23:54:31.062 - [Debug] [SHELL] Attacker Keystroke: a
2025-10-20 23:54:31.193 - [Debug] [SHELL] Attacker Keystroke: n
2025-10-20 23:54:31.304 - [Debug] [SHELL] Attacker Keystroke: s
2025-10-20 23:54:31.536 - [Debug] [SHELL] Attacker Keystroke: c
2025-10-20 23:54:31.778 - [Debug] [SHELL] Attacker Keystroke: r
2025-10-20 23:54:31.919 - [Debug] [SHELL] Attacker Keystroke: i
2025-10-20 23:54:32.134 - [Debug] [SHELL] Attacker Keystroke: p
2025-10-20 23:54:32.271 - [Debug] [SHELL] Attacker Keystroke: t
2025-10-20 23:54:32.473 - [Debug] [SHELL] Attacker Keystroke: s
2025-10-20 23:54:32.676 - [Debug] [SHELL] Attacker Keystroke: [CR]
2025-10-20 23:54:32.676 - [Debug] [SHELL] line from reader: cd transcripts
2025-10-20 23:54:32.676 - [Debug] [SHELL] Keystroke buffer: 99,100,32,116,114,97,110,115,99,114,105,112,116,115,13
2025-10-20 23:54:33.757 - [Debug] [SHELL] Attacker Keystroke: [ESC][A
2025-10-20 23:54:34.022 - [Debug] [SHELL] Attacker Keystroke: [ESC][D
2025-10-20 23:54:34.536 - [Debug] [SHELL] Attacker Keystroke: [ESC][D
2025-10-20 23:54:34.537 - [Debug] [SHELL] Attacker Keystroke: [ESC][D
2025-10-20 23:54:34.557 - [Debug] [SHELL] Attacker Keystroke: [ESC][D
2025-10-20 23:54:34.616 - [Debug] [SHELL] Attacker Keystroke: [ESC][D
2025-10-20 23:54:34.642 - [Debug] [SHELL] Attacker Keystroke: [ESC][D
2025-10-20 23:54:34.676 - [Debug] [SHELL] Attacker Keystroke: [ESC][D
2025-10-20 23:54:34.676 - [Debug] [SHELL] Attacker Keystroke: [ESC][D
2025-10-20 23:54:34.824 - [Debug] [SHELL] Attacker Keystroke: [ESC][D
2025-10-20 23:54:34.996 - [Debug] [SHELL] Attacker Keystroke: [ESC][D
2025-10-20 23:54:35.135 - [Debug] [SHELL] Attacker Keystroke: [ESC][D
2025-10-20 23:54:35.620 - [Debug] [SHELL] Attacker Keystroke: [ESC][C
2025-10-20 23:54:35.906 - [Debug] [SHELL] Attacker Keystroke: [DEL]
2025-10-20 23:54:36.139 - [Debug] [SHELL] Attacker Keystroke: T
2025-10-20 23:54:36.368 - [Debug] [SHELL] Attacker Keystroke: [CR]
2025-10-20 23:54:36.368 - [Debug] [SHELL] line from reader: cd Transcripts
2025-10-20 23:54:36.368 - [Debug] [SHELL] Keystroke buffer: 27,91,65,27,91,68,27,91,68,27,91,68,27,91,68,27,91,68,27,91,68,27,91,68,27,91,68,27,91,68,27,91,68,27,91,68,27,91,67,127,84,13
2025-10-20 23:54:37.042 - [Debug] [SHELL] Attacker Keystroke: l
2025-10-20 23:54:37.190 - [Debug] [SHELL] Attacker Keystroke: s
2025-10-20 23:54:37.242 - [Debug] [SHELL] Attacker Keystroke: [CR]
2025-10-20 23:54:37.242 - [Debug] [SHELL] line from reader: ls
2025-10-20 23:54:37.242 - [Debug] [SHELL] Keystroke buffer: 108,115,13
2025-10-20 23:54:39.446 - [Debug] [SHELL] Attacker Keystroke: e
2025-10-20 23:54:39.683 - [Debug] [SHELL] Attacker Keystroke: h
2025-10-20 23:54:39.929 - [Debug] [SHELL] Attacker Keystroke: c
2025-10-20 23:54:40.255 - [Debug] [SHELL] Attacker Keystroke: [DEL]
2025-10-20 23:54:40.363 - [Debug] [SHELL] Attacker Keystroke: [DEL]
2025-10-20 23:54:40.449 - [Debug] [SHELL] Attacker Keystroke: c
2025-10-20 23:54:40.554 - [Debug] [SHELL] Attacker Keystroke: h
2025-10-20 23:54:40.732 - [Debug] [SHELL] Attacker Keystroke: o
2025-10-20 23:54:40.821 - [Debug] [SHELL] Attacker Keystroke: [Space]
2025-10-20 23:54:41.020 - [Debug] [SHELL] Attacker Keystroke: h
2025-10-20 23:54:41.021 - [Debug] [SHELL] Attacker Keystroke: i
