2025-10-22 15:40:49.351 - [Info] MITM Version: 1.4
2025-10-22 15:40:49.353 - [Info] Auto Access Enabled: true
2025-10-22 15:40:49.353 - [Debug] [Init] Auto Access Barrier: true
2025-10-22 15:40:49.359 - [Info] SSH man-in-the-middle server for 172.20.0.3 listening on 0.0.0.0:10002
2025-10-22 15:46:26.905 - [Debug] [Connection] Attacker connected: 10.175.90.186 | Client Identification: SSH-2.0-OpenSSH_for_Windows_9.5
2025-10-22 15:46:28.279 - [Debug] [Auth] Attacker 10.175.90.186 trying to authenticate with "none"
2025-10-22 15:46:28.279 - [Debug] [Auth] Attacker authentication error: No authentication method provided
2025-10-22 15:46:28.326 - [Debug] [Auth] Attacker 10.175.90.186 trying to authenticate with "publickey"
2025-10-22 15:46:28.327 - [Debug] [Auth] Attacker authentication error: Publickey authentication failed
2025-10-22 15:46:28.327 - [Debug] [Auth] Attacker: 10.175.90.186 has so far made 1 attempts. Remaining: 5 attempts
2025-10-22 15:46:31.988 - [Debug] [Auth] Attacker 10.175.90.186 trying to authenticate with "password"
2025-10-22 15:46:31.989 - [Debug] [Auto Access] Attacker: 10.175.90.186, Threshold: 1, Attempts: 1
2025-10-22 15:46:31.989 - [Debug] [Auto Access] Compromising the honeypot
2025-10-22 15:46:31.989 - [Debug] [Auto Access] Adding the following credentials: "subomi:hi"
2025-10-22 15:46:32.341 - [Debug] [Auth] Valid credentials - Password Authentication
2025-10-22 15:46:32.341 - [Debug] [LXC] Attempting to connect to the honeypot: 172.20.0.3
2025-10-22 15:46:32.374 - [Debug] [LXC-Auth] Attacker authenticated and is inside container
2025-10-22 15:46:32.745 - [Debug] [SHELL] Opened shell for attacker
2025-10-22 15:46:32.746 - [Debug] [LXC Streams] New Stream | Total Streams: 1
2025-10-22 15:46:36.767 - [Debug] [SHELL] Attacker Keystroke: l
2025-10-22 15:46:36.948 - [Debug] [SHELL] Attacker Keystroke: s
2025-10-22 15:46:37.071 - [Debug] [SHELL] Attacker Keystroke: [CR]
2025-10-22 15:46:37.072 - [Debug] [SHELL] line from reader: ls
2025-10-22 15:46:37.072 - [Debug] [SHELL] Keystroke buffer: 108,115,13
2025-10-22 15:46:38.430 - [Debug] [SHELL] Attacker Keystroke: c
2025-10-22 15:46:38.598 - [Debug] [SHELL] Attacker Keystroke: d
2025-10-22 15:46:38.649 - [Debug] [SHELL] Attacker Keystroke: [Space]
2025-10-22 15:46:38.955 - [Debug] [SHELL] Attacker Keystroke: A
2025-10-22 15:46:39.688 - [Debug] [SHELL] Attacker Keystroke: [TAB]
2025-10-22 15:46:40.309 - [Debug] [SHELL] Attacker Keystroke: [CR]
2025-10-22 15:46:40.310 - [Debug] [SHELL] line from reader: cd A        
2025-10-22 15:46:40.310 - [Debug] [SHELL] Keystroke buffer: 99,100,32,65,9,13
2025-10-22 15:46:41.706 - [Debug] [SHELL] Attacker Keystroke: l
2025-10-22 15:46:41.729 - [Debug] [SHELL] Attacker Keystroke: s
2025-10-22 15:46:42.095 - [Debug] [SHELL] Attacker Keystroke: [CR]
2025-10-22 15:46:42.095 - [Debug] [SHELL] line from reader: ls
2025-10-22 15:46:42.095 - [Debug] [SHELL] Keystroke buffer: 108,115,13
2025-10-22 15:46:43.169 - [Debug] [SHELL] Attacker Keystroke: d
2025-10-22 15:46:43.292 - [Debug] [SHELL] Attacker Keystroke: a
2025-10-22 15:46:43.314 - [Debug] [SHELL] Attacker Keystroke: t
2025-10-22 15:46:43.429 - [Debug] [SHELL] Attacker Keystroke: e
2025-10-22 15:46:43.630 - [Debug] [SHELL] Attacker Keystroke: [CR]
2025-10-22 15:46:43.630 - [Debug] [SHELL] line from reader: date
2025-10-22 15:46:43.630 - [Debug] [SHELL] Keystroke buffer: 100,97,116,101,13
2025-10-22 15:46:47.670 - [Debug] [SHELL] Attacker Keystroke: e
2025-10-22 15:46:47.943 - [Debug] [SHELL] Attacker Keystroke: x
2025-10-22 15:46:48.077 - [Debug] [SHELL] Attacker Keystroke: i
2025-10-22 15:46:48.191 - [Debug] [SHELL] Attacker Keystroke: t
2025-10-22 15:46:48.551 - [Debug] [SHELL] Attacker Keystroke: [CR]
2025-10-22 15:46:48.551 - [Debug] [SHELL] line from reader: exit
2025-10-22 15:46:48.552 - [Debug] [SHELL] Keystroke buffer: 101,120,105,116,13
2025-10-22 15:46:48.555 - [Debug] [LXC Streams] Removed Stream | Total streams: 0
2025-10-22 15:46:48.555 - [Debug] [SHELL] Honeypot ended shell
2025-10-22 15:46:48.621 - [Debug] [SHELL] Attacker ended the shell
2025-10-22 15:46:48.622 - [Debug] [Connection] Attacker closed connection
2025-10-22 15:46:48.625 - [Debug] [LXC] Container's OpenSSH server ended connection
2025-10-22 15:46:48.625 - [Debug] [LXC] Container's OpenSSH server closed connection
