2025-10-21 09:24:17.241 - [Info] MITM Version: 1.4
2025-10-21 09:24:17.243 - [Info] Auto Access Enabled: true
2025-10-21 09:24:17.243 - [Debug] [Init] Auto Access Barrier: true
2025-10-21 09:24:17.249 - [Info] SSH man-in-the-middle server for 172.20.0.3 listening on 0.0.0.0:10002
2025-10-21 09:24:31.531 - [Debug] [Connection] Attacker connected: 10.175.167.143 | Client Identification: SSH-2.0-OpenSSH_for_Windows_9.5
2025-10-21 09:24:35.969 - [Debug] [Auth] Attacker 10.175.167.143 trying to authenticate with "none"
2025-10-21 09:24:35.970 - [Debug] [Auth] Attacker authentication error: No authentication method provided
2025-10-21 09:24:36.015 - [Debug] [Auth] Attacker 10.175.167.143 trying to authenticate with "publickey"
2025-10-21 09:24:36.016 - [Debug] [Auth] Attacker authentication error: Publickey authentication failed
2025-10-21 09:24:36.016 - [Debug] [Auth] Attacker: 10.175.167.143 has so far made 1 attempts. Remaining: 5 attempts
2025-10-21 09:24:37.973 - [Debug] [Auth] Attacker 10.175.167.143 trying to authenticate with "password"
2025-10-21 09:24:37.974 - [Debug] [Auto Access] Attacker: 10.175.167.143, Threshold: 1, Attempts: 1
2025-10-21 09:24:37.974 - [Debug] [Auto Access] Compromising the honeypot
2025-10-21 09:24:37.974 - [Debug] [Auto Access] Adding the following credentials: "root:s"
2025-10-21 09:24:38.286 - [Debug] [Auth] Valid credentials - Password Authentication
2025-10-21 09:24:38.286 - [Debug] [LXC] Attempting to connect to the honeypot: 172.20.0.3
2025-10-21 09:24:38.323 - [Debug] [LXC-Auth] Attacker authenticated and is inside container
2025-10-21 09:24:38.798 - [Debug] [SHELL] Opened shell for attacker
2025-10-21 09:24:38.799 - [Debug] [LXC Streams] New Stream | Total Streams: 1
2025-10-21 09:27:15.293 - [Debug] [SHELL] Attacker Keystroke: l
2025-10-21 09:27:15.389 - [Debug] [SHELL] Attacker Keystroke: s
2025-10-21 09:27:15.604 - [Debug] [SHELL] Attacker Keystroke: [CR]
2025-10-21 09:27:15.605 - [Debug] [SHELL] line from reader: ls
2025-10-21 09:27:15.605 - [Debug] [SHELL] Keystroke buffer: 108,115,13
2025-10-21 09:27:16.723 - [Debug] [SHELL] Attacker Keystroke: c
2025-10-21 09:27:16.930 - [Debug] [SHELL] Attacker Keystroke: d
2025-10-21 09:27:17.176 - [Debug] [SHELL] Attacker Keystroke: [Space]
2025-10-21 09:27:18.143 - [Debug] [SHELL] Attacker Keystroke: [CR]
2025-10-21 09:27:18.144 - [Debug] [SHELL] line from reader: cd 
2025-10-21 09:27:18.144 - [Debug] [SHELL] Keystroke buffer: 99,100,32,13
2025-10-21 09:27:25.302 - [Debug] [SHELL] Attacker Keystroke: e
2025-10-21 09:27:25.500 - [Debug] [SHELL] Attacker Keystroke: c
2025-10-21 09:27:25.598 - [Debug] [SHELL] Attacker Keystroke: h
2025-10-21 09:27:25.788 - [Debug] [SHELL] Attacker Keystroke: o
2025-10-21 09:27:25.991 - [Debug] [SHELL] Attacker Keystroke: [Space]
2025-10-21 09:27:26.130 - [Debug] [SHELL] Attacker Keystroke: h
2025-10-21 09:27:26.223 - [Debug] [SHELL] Attacker Keystroke: e
2025-10-21 09:27:26.381 - [Debug] [SHELL] Attacker Keystroke: l
2025-10-21 09:27:26.523 - [Debug] [SHELL] Attacker Keystroke: l
2025-10-21 09:27:26.697 - [Debug] [SHELL] Attacker Keystroke: o
2025-10-21 09:27:26.973 - [Debug] [SHELL] Attacker Keystroke: [CR]
2025-10-21 09:27:26.973 - [Debug] [SHELL] line from reader: echo hello
2025-10-21 09:27:26.973 - [Debug] [SHELL] Keystroke buffer: 101,99,104,111,32,104,101,108,108,111,13
2025-10-21 09:29:35.139 - [Debug] [SHELL] Attacker Keystroke: c
2025-10-21 09:29:35.349 - [Debug] [SHELL] Attacker Keystroke: d
2025-10-21 09:29:35.867 - [Debug] [SHELL] Attacker Keystroke: [Space]
2025-10-21 09:29:36.108 - [Debug] [SHELL] Attacker Keystroke: s
2025-10-21 09:29:36.197 - [Debug] [SHELL] Attacker Keystroke: n
2025-10-21 09:29:36.508 - [Debug] [SHELL] Attacker Keystroke: a
2025-10-21 09:29:37.746 - [Debug] [SHELL] Attacker Keystroke: p
2025-10-21 09:29:38.040 - [Debug] [SHELL] Attacker Keystroke: [CR]
2025-10-21 09:29:38.041 - [Debug] [SHELL] line from reader: cd snap
2025-10-21 09:29:38.041 - [Debug] [SHELL] Keystroke buffer: 99,100,32,115,110,97,112,13
2025-10-21 09:29:38.939 - [Debug] [SHELL] Attacker Keystroke: l
2025-10-21 09:29:39.007 - [Debug] [SHELL] Attacker Keystroke: s
2025-10-21 09:29:39.154 - [Debug] [SHELL] Attacker Keystroke: [CR]
2025-10-21 09:29:39.155 - [Debug] [SHELL] line from reader: ls
2025-10-21 09:29:39.155 - [Debug] [SHELL] Keystroke buffer: 108,115,13
2025-10-21 09:29:40.329 - [Debug] [SHELL] Attacker Keystroke: c
2025-10-21 09:29:40.508 - [Debug] [SHELL] Attacker Keystroke: d
2025-10-21 09:29:40.725 - [Debug] [SHELL] Attacker Keystroke: [Space]
2025-10-21 09:29:40.896 - [Debug] [SHELL] Attacker Keystroke: l
2025-10-21 09:29:41.018 - [Debug] [SHELL] Attacker Keystroke: x
2025-10-21 09:29:41.171 - [Debug] [SHELL] Attacker Keystroke: c
2025-10-21 09:29:42.037 - [Debug] [SHELL] Attacker Keystroke: [DEL]
2025-10-21 09:29:42.503 - [Debug] [SHELL] Attacker Keystroke: d
2025-10-21 09:29:42.594 - [Debug] [SHELL] Attacker Keystroke: [CR]
2025-10-21 09:29:42.594 - [Debug] [SHELL] line from reader: cd lxd
2025-10-21 09:29:42.594 - [Debug] [SHELL] Keystroke buffer: 99,100,32,108,120,99,127,100,13
2025-10-21 09:29:43.051 - [Debug] [SHELL] Attacker Keystroke: l
2025-10-21 09:29:43.263 - [Debug] [SHELL] Attacker Keystroke: s
2025-10-21 09:29:43.440 - [Debug] [SHELL] Attacker Keystroke: [CR]
2025-10-21 09:29:43.440 - [Debug] [SHELL] line from reader: ls
2025-10-21 09:29:43.440 - [Debug] [SHELL] Keystroke buffer: 108,115,13
