2025-10-21 11:06:52.052 - [Info] MITM Version: 1.4
2025-10-21 11:06:52.054 - [Info] Auto Access Enabled: true
2025-10-21 11:06:52.054 - [Debug] [Init] Auto Access Barrier: true
2025-10-21 11:06:52.060 - [Info] SSH man-in-the-middle server for 172.20.0.3 listening on 0.0.0.0:10002
2025-10-21 11:07:13.339 - [Debug] [Connection] Attacker connected: 10.173.150.42 | Client Identification: SSH-2.0-OpenSSH_for_Windows_9.5
2025-10-21 11:07:15.193 - [Debug] [Auth] Attacker 10.173.150.42 trying to authenticate with "none"
2025-10-21 11:07:15.193 - [Debug] [Auth] Attacker authentication error: No authentication method provided
2025-10-21 11:07:15.255 - [Debug] [Auth] Attacker 10.173.150.42 trying to authenticate with "publickey"
2025-10-21 11:07:15.256 - [Debug] [Auth] Attacker authentication error: Publickey authentication failed
2025-10-21 11:07:15.256 - [Debug] [Auth] Attacker: 10.173.150.42 has so far made 1 attempts. Remaining: 5 attempts
2025-10-21 11:07:16.271 - [Debug] [Auth] Attacker 10.173.150.42 trying to authenticate with "password"
2025-10-21 11:07:16.273 - [Debug] [Auto Access] Attacker: 10.173.150.42, Threshold: 1, Attempts: 1
2025-10-21 11:07:16.273 - [Debug] [Auto Access] Compromising the honeypot
2025-10-21 11:07:16.273 - [Debug] [Auto Access] Adding the following credentials: "hello:hi"
2025-10-21 11:07:16.623 - [Debug] [Auth] Valid credentials - Password Authentication
2025-10-21 11:07:16.624 - [Debug] [LXC] Attempting to connect to the honeypot: 172.20.0.3
2025-10-21 11:07:16.660 - [Debug] [LXC-Auth] Attacker authenticated and is inside container
2025-10-21 11:07:17.192 - [Debug] [SHELL] Opened shell for attacker
2025-10-21 11:07:17.193 - [Debug] [LXC Streams] New Stream | Total Streams: 1
2025-10-21 11:07:18.024 - [Debug] [SHELL] Attacker Keystroke: e
2025-10-21 11:07:18.352 - [Debug] [SHELL] Attacker Keystroke: h
2025-10-21 11:07:18.627 - [Debug] [SHELL] Attacker Keystroke: [DEL]
2025-10-21 11:07:18.733 - [Debug] [SHELL] Attacker Keystroke: c
2025-10-21 11:07:18.845 - [Debug] [SHELL] Attacker Keystroke: h
2025-10-21 11:07:18.952 - [Debug] [SHELL] Attacker Keystroke: o
2025-10-21 11:07:19.004 - [Debug] [SHELL] Attacker Keystroke: [Space]
2025-10-21 11:07:19.466 - [Debug] [SHELL] Attacker Keystroke: "
2025-10-21 11:07:20.009 - [Debug] [SHELL] Attacker Keystroke: i
2025-10-21 11:07:20.182 - [Debug] [SHELL] Attacker Keystroke: m
2025-10-21 11:07:20.259 - [Debug] [SHELL] Attacker Keystroke: [Space]
2025-10-21 11:07:20.408 - [Debug] [SHELL] Attacker Keystroke: l
2025-10-21 11:07:20.585 - [Debug] [SHELL] Attacker Keystroke: o
2025-10-21 11:07:20.730 - [Debug] [SHELL] Attacker Keystroke: g
2025-10-21 11:07:20.877 - [Debug] [SHELL] Attacker Keystroke: g
2025-10-21 11:07:20.982 - [Debug] [SHELL] Attacker Keystroke: o
2025-10-21 11:07:21.125 - [Debug] [SHELL] Attacker Keystroke: i
2025-10-21 11:07:21.389 - [Debug] [SHELL] Attacker Keystroke: [DEL]
2025-10-21 11:07:21.574 - [Debug] [SHELL] Attacker Keystroke: [DEL]
2025-10-21 11:07:21.769 - [Debug] [SHELL] Attacker Keystroke: i
2025-10-21 11:07:21.853 - [Debug] [SHELL] Attacker Keystroke: n
2025-10-21 11:07:21.947 - [Debug] [SHELL] Attacker Keystroke: g
2025-10-21 11:07:22.056 - [Debug] [SHELL] Attacker Keystroke: [Space]
2025-10-21 11:07:22.349 - [Debug] [SHELL] Attacker Keystroke: o
2025-10-21 11:07:22.401 - [Debug] [SHELL] Attacker Keystroke: u
2025-10-21 11:07:22.489 - [Debug] [SHELL] Attacker Keystroke: t
2025-10-21 11:07:22.787 - [Debug] [SHELL] Attacker Keystroke: [Space]
2025-10-21 11:07:22.958 - [Debug] [SHELL] Attacker Keystroke: m
2025-10-21 11:07:23.162 - [Debug] [SHELL] Attacker Keystroke: y
2025-10-21 11:07:23.238 - [Debug] [SHELL] Attacker Keystroke: s
2025-10-21 11:07:23.315 - [Debug] [SHELL] Attacker Keystroke: e
2025-10-21 11:07:23.765 - [Debug] [SHELL] Attacker Keystroke: l
2025-10-21 11:07:23.903 - [Debug] [SHELL] Attacker Keystroke: l
2025-10-21 11:07:23.973 - [Debug] [SHELL] Attacker Keystroke: f
2025-10-21 11:07:24.466 - [Debug] [SHELL] Attacker Keystroke: [DEL]
2025-10-21 11:07:24.619 - [Debug] [SHELL] Attacker Keystroke: [DEL]
2025-10-21 11:07:24.700 - [Debug] [SHELL] Attacker Keystroke: f
2025-10-21 11:07:25.010 - [Debug] [SHELL] Attacker Keystroke: "
2025-10-21 11:07:25.219 - [Debug] [SHELL] Attacker Keystroke: [CR]
2025-10-21 11:07:25.220 - [Debug] [SHELL] line from reader: echo "im logging out myself"
2025-10-21 11:07:25.220 - [Debug] [SHELL] Keystroke buffer: 101,104,127,99,104,111,32,34,105,109,32,108,111,103,103,111,105,127,127,105,110,103,32,111,117,116,32,109,121,115,101,108,108,102,127,127,102,34,13
2025-10-21 11:07:26.176 - [Debug] [SHELL] Attacker Keystroke: d
2025-10-21 11:07:26.315 - [Debug] [SHELL] Attacker Keystroke: a
2025-10-21 11:07:26.454 - [Debug] [SHELL] Attacker Keystroke: t
2025-10-21 11:07:26.512 - [Debug] [SHELL] Attacker Keystroke: e
2025-10-21 11:07:26.748 - [Debug] [SHELL] Attacker Keystroke: [CR]
2025-10-21 11:07:26.749 - [Debug] [SHELL] line from reader: date
2025-10-21 11:07:26.749 - [Debug] [SHELL] Keystroke buffer: 100,97,116,101,13
2025-10-21 11:07:27.650 - [Debug] [SHELL] Attacker Keystroke: w
2025-10-21 11:07:27.680 - [Debug] [SHELL] Attacker Keystroke: h
2025-10-21 11:07:27.785 - [Debug] [SHELL] Attacker Keystroke: o
2025-10-21 11:07:28.174 - [Debug] [SHELL] Attacker Keystroke: a
2025-10-21 11:07:28.331 - [Debug] [SHELL] Attacker Keystroke: m
2025-10-21 11:07:28.519 - [Debug] [SHELL] Attacker Keystroke: i
2025-10-21 11:07:28.740 - [Debug] [SHELL] Attacker Keystroke: [CR]
2025-10-21 11:07:28.741 - [Debug] [SHELL] line from reader: whoami
2025-10-21 11:07:28.741 - [Debug] [SHELL] Keystroke buffer: 119,104,111,97,109,105,13
2025-10-21 11:07:29.828 - [Debug] [SHELL] Attacker Keystroke: w
2025-10-21 11:07:29.879 - [Debug] [SHELL] Attacker Keystroke: h
2025-10-21 11:07:29.998 - [Debug] [SHELL] Attacker Keystroke: o
2025-10-21 11:07:30.191 - [Debug] [SHELL] Attacker Keystroke: [CR]
2025-10-21 11:07:30.191 - [Debug] [SHELL] line from reader: who
2025-10-21 11:07:30.191 - [Debug] [SHELL] Keystroke buffer: 119,104,111,13
2025-10-21 11:07:32.342 - [Debug] [SHELL] Attacker Keystroke: e
2025-10-21 11:07:32.546 - [Debug] [SHELL] Attacker Keystroke: x
2025-10-21 11:07:32.597 - [Debug] [SHELL] Attacker Keystroke: i
2025-10-21 11:07:32.744 - [Debug] [SHELL] Attacker Keystroke: t
2025-10-21 11:07:32.901 - [Debug] [SHELL] Attacker Keystroke: [CR]
2025-10-21 11:07:32.901 - [Debug] [SHELL] line from reader: exit
2025-10-21 11:07:32.901 - [Debug] [SHELL] Keystroke buffer: 101,120,105,116,13
2025-10-21 11:07:32.926 - [Debug] [LXC Streams] Removed Stream | Total streams: 0
2025-10-21 11:07:32.926 - [Debug] [SHELL] Honeypot ended shell
2025-10-21 11:07:32.958 - [Debug] [SHELL] Attacker ended the shell
2025-10-21 11:07:32.958 - [Debug] [Connection] Attacker closed connection
2025-10-21 11:07:32.962 - [Debug] [LXC] Container's OpenSSH server ended connection
2025-10-21 11:07:32.962 - [Debug] [LXC] Container's OpenSSH server closed connection
