2025-12-06 05:53:28.927 - [Info] MITM Version: 1.4
2025-12-06 05:53:28.930 - [Info] Auto Access Enabled: true
2025-12-06 05:53:28.930 - [Debug] [Init] Auto Access Barrier: true
2025-12-06 05:53:28.935 - [Info] SSH man-in-the-middle server for 172.20.0.3 listening on 0.0.0.0:10002
2025-12-06 05:53:57.279 - [Debug] [Connection] Attacker connected: 88.130.146.75 | Client Identification: SSH-2.0-OpenSSH_10.2p1 Debian-2
2025-12-06 05:53:59.548 - [Debug] [Auth] Attacker 88.130.146.75 trying to authenticate with "none"
2025-12-06 05:53:59.548 - [Debug] [Auth] Attacker authentication error: No authentication method provided
2025-12-06 05:54:06.125 - [Debug] [Auth] Attacker 88.130.146.75 trying to authenticate with "password"
2025-12-06 05:54:06.127 - [Debug] [Auto Access] Attacker: 88.130.146.75, Threshold: 1, Attempts: 1
2025-12-06 05:54:06.127 - [Debug] [Auto Access] Compromising the honeypot
2025-12-06 05:54:06.127 - [Debug] [Auto Access] Adding the following credentials: "test:test"
2025-12-06 05:54:06.593 - [Debug] [Auth] Valid credentials - Password Authentication
2025-12-06 05:54:06.593 - [Debug] [LXC] Attempting to connect to the honeypot: 172.20.0.3
2025-12-06 05:54:06.631 - [Debug] [LXC-Auth] Attacker authenticated and is inside container
2025-12-06 05:54:07.103 - [Debug] [SHELL] Opened shell for attacker
2025-12-06 05:54:07.105 - [Debug] [LXC Streams] New Stream | Total Streams: 1
2025-12-06 05:54:15.149 - [Debug] [SHELL] Attacker Keystroke: c
2025-12-06 05:54:15.234 - [Debug] [SHELL] Attacker Keystroke: d
2025-12-06 05:54:15.361 - [Debug] [SHELL] Attacker Keystroke: [Space]
2025-12-06 05:54:15.699 - [Debug] [SHELL] Attacker Keystroke: [DEL]
2025-12-06 05:54:15.870 - [Debug] [SHELL] Attacker Keystroke: [DEL]
2025-12-06 05:54:16.019 - [Debug] [SHELL] Attacker Keystroke: [DEL]
2025-12-06 05:54:16.169 - [Debug] [SHELL] Attacker Keystroke: [DEL]
2025-12-06 05:54:16.293 - [Debug] [SHELL] Attacker Keystroke: [DEL]
2025-12-06 05:54:16.460 - [Debug] [SHELL] Attacker Keystroke: [DEL]
2025-12-06 05:54:16.822 - [Debug] [SHELL] Attacker Keystroke: l
2025-12-06 05:54:16.904 - [Debug] [SHELL] Attacker Keystroke: s
2025-12-06 05:54:17.030 - [Debug] [SHELL] Attacker Keystroke: [CR]
2025-12-06 05:54:17.031 - [Debug] [SHELL] line from reader: ls
2025-12-06 05:54:17.031 - [Debug] [SHELL] Keystroke buffer: 99,100,32,127,127,127,127,127,127,108,115,13
2025-12-06 05:54:26.171 - [Debug] [SHELL] Attacker Keystroke: c
2025-12-06 05:54:26.231 - [Debug] [SHELL] Attacker Keystroke: d
2025-12-06 05:54:26.410 - [Debug] [SHELL] Attacker Keystroke: [Space]
2025-12-06 05:54:27.541 - [Debug] [SHELL] Attacker Keystroke: A
2025-12-06 05:54:27.843 - [Debug] [SHELL] Attacker Keystroke: c
2025-12-06 05:54:27.906 - [Debug] [SHELL] Attacker Keystroke: [TAB]
2025-12-06 05:54:29.126 - [Debug] [SHELL] Attacker Keystroke: [CR]
2025-12-06 05:54:29.127 - [Debug] [SHELL] line from reader: cd Ac       
2025-12-06 05:54:29.127 - [Debug] [SHELL] Keystroke buffer: 99,100,32,65,99,9,13
2025-12-06 05:54:30.216 - [Debug] [SHELL] Attacker Keystroke: l
2025-12-06 05:54:30.335 - [Debug] [SHELL] Attacker Keystroke: s
2025-12-06 05:54:30.416 - [Debug] [SHELL] Attacker Keystroke: [CR]
2025-12-06 05:54:30.417 - [Debug] [SHELL] line from reader: ls
2025-12-06 05:54:30.417 - [Debug] [SHELL] Keystroke buffer: 108,115,13
2025-12-06 05:54:30.437 - [Debug] [SHELL] Attacker Keystroke: \
2025-12-06 05:54:32.148 - [Debug] [SHELL] Attacker Keystroke: [DEL]
2025-12-06 05:54:32.334 - [Debug] [SHELL] Attacker Keystroke: [DEL]
2025-12-06 05:54:32.494 - [Debug] [SHELL] Attacker Keystroke: [DEL]
2025-12-06 05:54:32.639 - [Debug] [SHELL] Attacker Keystroke: [DEL]
2025-12-06 05:54:32.802 - [Debug] [SHELL] Attacker Keystroke: [DEL]
2025-12-06 05:54:32.964 - [Debug] [SHELL] Attacker Keystroke: [DEL]
2025-12-06 05:54:33.126 - [Debug] [SHELL] Attacker Keystroke: [DEL]
2025-12-06 05:54:33.311 - [Debug] [SHELL] Attacker Keystroke: [DEL]
2025-12-06 05:54:36.846 - [Debug] [SHELL] Attacker Keystroke: c
2025-12-06 05:54:36.950 - [Debug] [SHELL] Attacker Keystroke: a
2025-12-06 05:54:37.143 - [Debug] [SHELL] Attacker Keystroke: t
2025-12-06 05:54:37.272 - [Debug] [SHELL] Attacker Keystroke: [Space]
2025-12-06 05:54:37.863 - [Debug] [SHELL] Attacker Keystroke: S
2025-12-06 05:54:38.142 - [Debug] [SHELL] Attacker Keystroke: t
2025-12-06 05:54:38.205 - [Debug] [SHELL] Attacker Keystroke: [TAB]
2025-12-06 05:54:39.143 - [Debug] [SHELL] Attacker Keystroke: [CR]
2025-12-06 05:54:39.144 - [Debug] [SHELL] line from reader: cat St      
2025-12-06 05:54:39.144 - [Debug] [SHELL] Keystroke buffer: 92,127,127,127,127,127,127,127,127,99,97,116,32,83,116,9,13
2025-12-06 05:54:41.926 - [Debug] [SHELL] Attacker Keystroke: l
2025-12-06 05:54:42.028 - [Debug] [SHELL] Attacker Keystroke: s
2025-12-06 05:54:42.155 - [Debug] [SHELL] Attacker Keystroke: [CR]
2025-12-06 05:54:42.155 - [Debug] [SHELL] line from reader: ls
2025-12-06 05:54:42.155 - [Debug] [SHELL] Keystroke buffer: 108,115,13
2025-12-06 05:54:43.605 - [Debug] [SHELL] Attacker Keystroke: c
2025-12-06 05:54:44.092 - [Debug] [SHELL] Attacker Keystroke: a
2025-12-06 05:54:44.366 - [Debug] [SHELL] Attacker Keystroke: t
2025-12-06 05:54:44.463 - [Debug] [SHELL] Attacker Keystroke: [Space]
2025-12-06 05:54:45.332 - [Debug] [SHELL] Attacker Keystroke: N
2025-12-06 05:54:45.598 - [Debug] [SHELL] Attacker Keystroke: o
2025-12-06 05:54:45.641 - [Debug] [SHELL] Attacker Keystroke: [TAB]
2025-12-06 05:54:46.475 - [Debug] [SHELL] Attacker Keystroke: [CR]
2025-12-06 05:54:46.476 - [Debug] [SHELL] line from reader: cat No      
2025-12-06 05:54:46.476 - [Debug] [SHELL] Keystroke buffer: 99,97,116,32,78,111,9,13
2025-12-06 05:54:47.713 - [Debug] [SHELL] Attacker Keystroke: l
2025-12-06 05:54:47.791 - [Debug] [SHELL] Attacker Keystroke: s
2025-12-06 05:54:47.928 - [Debug] [SHELL] Attacker Keystroke: [CR]
2025-12-06 05:54:47.928 - [Debug] [SHELL] line from reader: ls
2025-12-06 05:54:47.929 - [Debug] [SHELL] Keystroke buffer: 108,115,13
2025-12-06 05:54:50.282 - [Debug] [SHELL] Attacker Keystroke: c
2025-12-06 05:54:50.366 - [Debug] [SHELL] Attacker Keystroke: d
2025-12-06 05:54:51.058 - [Debug] [SHELL] Attacker Keystroke: [DEL]
2025-12-06 05:54:51.205 - [Debug] [SHELL] Attacker Keystroke: [DEL]
2025-12-06 05:54:51.352 - [Debug] [SHELL] Attacker Keystroke: [DEL]
2025-12-06 05:54:51.498 - [Debug] [SHELL] Attacker Keystroke: [DEL]
2025-12-06 05:54:51.642 - [Debug] [SHELL] Attacker Keystroke: [DEL]
2025-12-06 05:54:51.746 - [Debug] [SHELL] Attacker Keystroke: c
2025-12-06 05:54:51.831 - [Debug] [SHELL] Attacker Keystroke: a
2025-12-06 05:54:52.022 - [Debug] [SHELL] Attacker Keystroke: t
2025-12-06 05:54:52.128 - [Debug] [SHELL] Attacker Keystroke: [Space]
2025-12-06 05:54:52.630 - [Debug] [SHELL] Attacker Keystroke: D
2025-12-06 05:54:52.965 - [Debug] [SHELL] Attacker Keystroke: i
2025-12-06 05:54:53.154 - [Debug] [SHELL] Attacker Keystroke: p
2025-12-06 05:54:53.321 - [Debug] [SHELL] Attacker Keystroke: l
2025-12-06 05:54:53.406 - [Debug] [SHELL] Attacker Keystroke: [TAB]
2025-12-06 05:54:54.199 - [Debug] [SHELL] Attacker Keystroke: [CR]
2025-12-06 05:54:54.200 - [Debug] [SHELL] line from reader: cat Dipl    
2025-12-06 05:54:54.200 - [Debug] [SHELL] Keystroke buffer: 99,100,127,127,127,127,127,99,97,116,32,68,105,112,108,9,13
2025-12-06 05:55:06.425 - [Debug] [SHELL] Attacker Keystroke: l
2025-12-06 05:55:06.678 - [Debug] [SHELL] Attacker Keystroke: s
2025-12-06 05:55:06.778 - [Debug] [SHELL] Attacker Keystroke: [CR]
2025-12-06 05:55:06.778 - [Debug] [SHELL] line from reader: ls
2025-12-06 05:55:06.778 - [Debug] [SHELL] Keystroke buffer: 108,115,13
2025-12-06 05:55:07.356 - [Debug] [SHELL] Attacker Keystroke: c
2025-12-06 05:55:07.438 - [Debug] [SHELL] Attacker Keystroke: d
2025-12-06 05:55:07.655 - [Debug] [SHELL] Attacker Keystroke: .
2025-12-06 05:55:07.795 - [Debug] [SHELL] Attacker Keystroke: .
2025-12-06 05:55:07.935 - [Debug] [SHELL] Attacker Keystroke: [CR]
2025-12-06 05:55:07.935 - [Debug] [SHELL] line from reader: cd..
2025-12-06 05:55:07.935 - [Debug] [SHELL] Keystroke buffer: 99,100,46,46,13
2025-12-06 05:55:08.533 - [Debug] [SHELL] Attacker Keystroke: c
2025-12-06 05:55:08.632 - [Debug] [SHELL] Attacker Keystroke: d
2025-12-06 05:55:08.792 - [Debug] [SHELL] Attacker Keystroke: [Space]
2025-12-06 05:55:09.032 - [Debug] [SHELL] Attacker Keystroke: .
2025-12-06 05:55:09.149 - [Debug] [SHELL] Attacker Keystroke: .
2025-12-06 05:55:09.331 - [Debug] [SHELL] Attacker Keystroke: [CR]
2025-12-06 05:55:09.331 - [Debug] [SHELL] line from reader: cd ..
2025-12-06 05:55:09.331 - [Debug] [SHELL] Keystroke buffer: 99,100,32,46,46,13
2025-12-06 05:55:10.389 - [Debug] [SHELL] Attacker Keystroke: l
2025-12-06 05:55:10.431 - [Debug] [SHELL] Attacker Keystroke: s
2025-12-06 05:55:10.591 - [Debug] [SHELL] Attacker Keystroke: [CR]
2025-12-06 05:55:10.591 - [Debug] [SHELL] line from reader: ls
2025-12-06 05:55:10.591 - [Debug] [SHELL] Keystroke buffer: 108,115,13
2025-12-06 05:55:12.042 - [Debug] [SHELL] Attacker Keystroke: l
2025-12-06 05:55:12.120 - [Debug] [SHELL] Attacker Keystroke: s
2025-12-06 05:55:12.221 - [Debug] [SHELL] Attacker Keystroke: [Space]
2025-12-06 05:55:12.440 - [Debug] [SHELL] Attacker Keystroke: -
2025-12-06 05:55:12.658 - [Debug] [SHELL] Attacker Keystroke: l
2025-12-06 05:55:12.738 - [Debug] [SHELL] Attacker Keystroke: a
2025-12-06 05:55:12.839 - [Debug] [SHELL] Attacker Keystroke: [Space]
2025-12-06 05:55:13.116 - [Debug] [SHELL] Attacker Keystroke: [CR]
2025-12-06 05:55:13.117 - [Debug] [SHELL] line from reader: ls -la 
2025-12-06 05:55:13.117 - [Debug] [SHELL] Keystroke buffer: 108,115,32,45,108,97,32,13
2025-12-06 05:55:16.608 - [Debug] [SHELL] Attacker Keystroke: c
2025-12-06 05:55:16.711 - [Debug] [SHELL] Attacker Keystroke: d
2025-12-06 05:55:18.341 - [Debug] [SHELL] Attacker Keystroke: [Space]
2025-12-06 05:55:19.142 - [Debug] [SHELL] Attacker Keystroke: S
2025-12-06 05:55:19.497 - [Debug] [SHELL] Attacker Keystroke: t
2025-12-06 05:55:19.784 - [Debug] [SHELL] Attacker Keystroke: [TAB]
2025-12-06 05:55:20.799 - [Debug] [SHELL] Attacker Keystroke: [CR]
2025-12-06 05:55:20.800 - [Debug] [SHELL] line from reader: cd St       
2025-12-06 05:55:20.800 - [Debug] [SHELL] Keystroke buffer: 99,100,32,83,116,9,13
2025-12-06 05:55:21.872 - [Debug] [SHELL] Attacker Keystroke: l
2025-12-06 05:55:21.975 - [Debug] [SHELL] Attacker Keystroke: s
2025-12-06 05:55:22.141 - [Debug] [SHELL] Attacker Keystroke: [CR]
2025-12-06 05:55:22.142 - [Debug] [SHELL] line from reader: ls
2025-12-06 05:55:22.142 - [Debug] [SHELL] Keystroke buffer: 108,115,13
2025-12-06 05:55:26.305 - [Debug] [SHELL] Attacker Keystroke: c
2025-12-06 05:55:26.342 - [Debug] [SHELL] Attacker Keystroke: a
2025-12-06 05:55:26.591 - [Debug] [SHELL] Attacker Keystroke: t
2025-12-06 05:55:26.703 - [Debug] [SHELL] Attacker Keystroke: [Space]
2025-12-06 05:55:27.279 - [Debug] [SHELL] Attacker Keystroke: S
2025-12-06 05:55:27.507 - [Debug] [SHELL] Attacker Keystroke: t
2025-12-06 05:55:27.668 - [Debug] [SHELL] Attacker Keystroke: [TAB]
2025-12-06 05:55:29.227 - [Debug] [SHELL] Attacker Keystroke: D
2025-12-06 05:55:29.487 - [Debug] [SHELL] Attacker Keystroke: i
2025-12-06 05:55:29.589 - [Debug] [SHELL] Attacker Keystroke: [TAB]
2025-12-06 05:55:30.740 - [Debug] [SHELL] Attacker Keystroke: [CR]
2025-12-06 05:55:30.740 - [Debug] [SHELL] line from reader: cat St      Di      
2025-12-06 05:55:30.740 - [Debug] [SHELL] Keystroke buffer: 99,97,116,32,83,116,9,68,105,9,13
2025-12-06 05:55:32.086 - [Debug] [SHELL] Attacker Keystroke: l
2025-12-06 05:55:32.188 - [Debug] [SHELL] Attacker Keystroke: s
2025-12-06 05:55:32.292 - [Debug] [SHELL] Attacker Keystroke: [CR]
2025-12-06 05:55:32.292 - [Debug] [SHELL] line from reader: ls
2025-12-06 05:55:32.292 - [Debug] [SHELL] Keystroke buffer: 108,115,13
2025-12-06 05:55:33.028 - [Debug] [SHELL] Attacker Keystroke: c
2025-12-06 05:55:33.130 - [Debug] [SHELL] Attacker Keystroke: d
2025-12-06 05:55:33.253 - [Debug] [SHELL] Attacker Keystroke: [Space]
2025-12-06 05:55:33.602 - [Debug] [SHELL] Attacker Keystroke: /
2025-12-06 05:55:33.807 - [Debug] [SHELL] Attacker Keystroke: v
2025-12-06 05:55:33.870 - [Debug] [SHELL] Attacker Keystroke: a
2025-12-06 05:55:34.051 - [Debug] [SHELL] Attacker Keystroke: r
2025-12-06 05:55:34.212 - [Debug] [SHELL] Attacker Keystroke: /
2025-12-06 05:55:34.277 - [Debug] [SHELL] Attacker Keystroke: t
2025-12-06 05:55:34.584 - [Debug] [SHELL] Attacker Keystroke: m
2025-12-06 05:55:34.722 - [Debug] [SHELL] Attacker Keystroke: p
2025-12-06 05:55:34.925 - [Debug] [SHELL] Attacker Keystroke: [CR]
2025-12-06 05:55:34.925 - [Debug] [SHELL] line from reader: cd /var/tmp
2025-12-06 05:55:34.925 - [Debug] [SHELL] Keystroke buffer: 99,100,32,47,118,97,114,47,116,109,112,13
2025-12-06 05:55:36.090 - [Debug] [SHELL] Attacker Keystroke: l
2025-12-06 05:55:36.193 - [Debug] [SHELL] Attacker Keystroke: s
2025-12-06 05:55:36.255 - [Debug] [SHELL] Attacker Keystroke: [Space]
2025-12-06 05:55:36.366 - [Debug] [SHELL] Attacker Keystroke: -
2025-12-06 05:55:36.540 - [Debug] [SHELL] Attacker Keystroke: l
2025-12-06 05:55:36.622 - [Debug] [SHELL] Attacker Keystroke: a
2025-12-06 05:55:36.684 - [Debug] [SHELL] Attacker Keystroke: [Space]
2025-12-06 05:55:36.810 - [Debug] [SHELL] Attacker Keystroke: [CR]
2025-12-06 05:55:36.810 - [Debug] [SHELL] line from reader: ls -la 
2025-12-06 05:55:36.810 - [Debug] [SHELL] Keystroke buffer: 108,115,32,45,108,97,32,13
2025-12-06 05:55:38.520 - [Debug] [SHELL] Attacker Keystroke: c
2025-12-06 05:55:38.636 - [Debug] [SHELL] Attacker Keystroke: d
2025-12-06 05:55:38.695 - [Debug] [SHELL] Attacker Keystroke: [Space]
2025-12-06 05:55:38.870 - [Debug] [SHELL] Attacker Keystroke: /
2025-12-06 05:55:39.261 - [Debug] [SHELL] Attacker Keystroke: t
2025-12-06 05:55:39.532 - [Debug] [SHELL] Attacker Keystroke: m
2025-12-06 05:55:39.620 - [Debug] [SHELL] Attacker Keystroke: p
2025-12-06 05:55:39.816 - [Debug] [SHELL] Attacker Keystroke: [CR]
2025-12-06 05:55:39.817 - [Debug] [SHELL] line from reader: cd /tmp
2025-12-06 05:55:39.817 - [Debug] [SHELL] Keystroke buffer: 99,100,32,47,116,109,112,13
2025-12-06 05:55:40.697 - [Debug] [SHELL] Attacker Keystroke: l
2025-12-06 05:55:40.757 - [Debug] [SHELL] Attacker Keystroke: s
2025-12-06 05:55:40.877 - [Debug] [SHELL] Attacker Keystroke: [CR]
2025-12-06 05:55:40.877 - [Debug] [SHELL] line from reader: ls
2025-12-06 05:55:40.877 - [Debug] [SHELL] Keystroke buffer: 108,115,13
2025-12-06 05:55:43.124 - [Debug] [SHELL] Attacker Keystroke: c
2025-12-06 05:55:43.225 - [Debug] [SHELL] Attacker Keystroke: d
2025-12-06 05:55:43.292 - [Debug] [SHELL] Attacker Keystroke: [Space]
2025-12-06 05:55:43.455 - [Debug] [SHELL] Attacker Keystroke: [CR]
2025-12-06 05:55:43.455 - [Debug] [SHELL] line from reader: cd 
2025-12-06 05:55:43.455 - [Debug] [SHELL] Keystroke buffer: 99,100,32,13
2025-12-06 05:55:43.455 - [Debug] [SHELL] Attacker Keystroke: 4
2025-12-06 05:55:43.769 - [Debug] [SHELL] Attacker Keystroke: l
2025-12-06 05:55:43.852 - [Debug] [SHELL] Attacker Keystroke: s
2025-12-06 05:55:43.955 - [Debug] [SHELL] Attacker Keystroke: [Space]
2025-12-06 05:55:43.996 - [Debug] [SHELL] Attacker Keystroke: -
2025-12-06 05:55:44.182 - [Debug] [SHELL] Attacker Keystroke: l
2025-12-06 05:55:44.264 - [Debug] [SHELL] Attacker Keystroke: a
2025-12-06 05:55:44.328 - [Debug] [SHELL] Attacker Keystroke: [Space]
2025-12-06 05:55:44.452 - [Debug] [SHELL] Attacker Keystroke: [CR]
2025-12-06 05:55:44.452 - [Debug] [SHELL] line from reader: 4ls -la 
2025-12-06 05:55:44.452 - [Debug] [SHELL] Keystroke buffer: 52,108,115,32,45,108,97,32,13
2025-12-06 05:55:45.925 - [Debug] [SHELL] Attacker Keystroke: l
2025-12-06 05:55:45.988 - [Debug] [SHELL] Attacker Keystroke: s
2025-12-06 05:55:46.072 - [Debug] [SHELL] Attacker Keystroke: [Space]
2025-12-06 05:55:46.156 - [Debug] [SHELL] Attacker Keystroke: -
2025-12-06 05:55:46.320 - [Debug] [SHELL] Attacker Keystroke: l
2025-12-06 05:55:46.384 - [Debug] [SHELL] Attacker Keystroke: a
2025-12-06 05:55:46.446 - [Debug] [SHELL] Attacker Keystroke: [Space]
2025-12-06 05:55:46.550 - [Debug] [SHELL] Attacker Keystroke: [CR]
2025-12-06 05:55:46.550 - [Debug] [SHELL] line from reader: ls -la 
2025-12-06 05:55:46.550 - [Debug] [SHELL] Keystroke buffer: 108,115,32,45,108,97,32,13
2025-12-06 05:55:48.630 - [Debug] [SHELL] Attacker Keystroke: c
2025-12-06 05:55:48.716 - [Debug] [SHELL] Attacker Keystroke: d
2025-12-06 05:55:48.818 - [Debug] [SHELL] Attacker Keystroke: [CR]
2025-12-06 05:55:48.818 - [Debug] [SHELL] line from reader: cd
2025-12-06 05:55:48.818 - [Debug] [SHELL] Keystroke buffer: 99,100,13
2025-12-06 05:55:49.798 - [Debug] [SHELL] Attacker Keystroke: l
2025-12-06 05:55:49.882 - [Debug] [SHELL] Attacker Keystroke: s
2025-12-06 05:55:49.985 - [Debug] [SHELL] Attacker Keystroke: [CR]
2025-12-06 05:55:49.986 - [Debug] [SHELL] line from reader: ls
2025-12-06 05:55:49.986 - [Debug] [SHELL] Keystroke buffer: 108,115,13
2025-12-06 05:55:50.943 - [Debug] [SHELL] Attacker Keystroke: c
2025-12-06 05:55:51.045 - [Debug] [SHELL] Attacker Keystroke: d
2025-12-06 05:55:51.088 - [Debug] [SHELL] Attacker Keystroke: [Space]
2025-12-06 05:55:51.363 - [Debug] [SHELL] Attacker Keystroke: h
2025-12-06 05:55:51.499 - [Debug] [SHELL] Attacker Keystroke: o
2025-12-06 05:55:51.645 - [Debug] [SHELL] Attacker Keystroke: m
2025-12-06 05:55:51.771 - [Debug] [SHELL] Attacker Keystroke: e
2025-12-06 05:55:51.876 - [Debug] [SHELL] Attacker Keystroke: [CR]
2025-12-06 05:55:51.876 - [Debug] [SHELL] line from reader: cd home
2025-12-06 05:55:51.876 - [Debug] [SHELL] Keystroke buffer: 99,100,32,104,111,109,101,13
2025-12-06 05:55:52.909 - [Debug] [SHELL] Attacker Keystroke: c
2025-12-06 05:55:53.036 - [Debug] [SHELL] Attacker Keystroke: d
2025-12-06 05:55:53.120 - [Debug] [SHELL] Attacker Keystroke: [Space]
2025-12-06 05:55:53.327 - [Debug] [SHELL] Attacker Keystroke: /
2025-12-06 05:55:53.596 - [Debug] [SHELL] Attacker Keystroke: h
2025-12-06 05:55:53.741 - [Debug] [SHELL] Attacker Keystroke: o
2025-12-06 05:55:53.844 - [Debug] [SHELL] Attacker Keystroke: [TAB]
2025-12-06 05:55:54.186 - [Debug] [SHELL] Attacker Keystroke: [CR]
2025-12-06 05:55:54.186 - [Debug] [SHELL] line from reader: cd /ho      
2025-12-06 05:55:54.187 - [Debug] [SHELL] Keystroke buffer: 99,100,32,47,104,111,9,13
2025-12-06 05:55:55.093 - [Debug] [SHELL] Attacker Keystroke: l
2025-12-06 05:55:55.157 - [Debug] [SHELL] Attacker Keystroke: s
2025-12-06 05:55:55.239 - [Debug] [SHELL] Attacker Keystroke: [Space]
2025-12-06 05:55:55.343 - [Debug] [SHELL] Attacker Keystroke: -
2025-12-06 05:55:55.534 - [Debug] [SHELL] Attacker Keystroke: l
2025-12-06 05:55:55.616 - [Debug] [SHELL] Attacker Keystroke: a
2025-12-06 05:55:55.719 - [Debug] [SHELL] Attacker Keystroke: [Space]
2025-12-06 05:55:55.868 - [Debug] [SHELL] Attacker Keystroke: [CR]
2025-12-06 05:55:55.868 - [Debug] [SHELL] line from reader: ls -la 
2025-12-06 05:55:55.868 - [Debug] [SHELL] Keystroke buffer: 108,115,32,45,108,97,32,13
2025-12-06 05:55:57.615 - [Debug] [SHELL] Attacker Keystroke: c
2025-12-06 05:55:57.720 - [Debug] [SHELL] Attacker Keystroke: d
2025-12-06 05:55:57.783 - [Debug] [SHELL] Attacker Keystroke: [Space]
2025-12-06 05:55:58.904 - [Debug] [SHELL] Attacker Keystroke: u
2025-12-06 05:55:59.072 - [Debug] [SHELL] Attacker Keystroke: b
2025-12-06 05:55:59.279 - [Debug] [SHELL] Attacker Keystroke: u
2025-12-06 05:55:59.424 - [Debug] [SHELL] Attacker Keystroke: n
2025-12-06 05:55:59.507 - [Debug] [SHELL] Attacker Keystroke: [TAB]
2025-12-06 05:56:00.407 - [Debug] [SHELL] Attacker Keystroke: [CR]
2025-12-06 05:56:00.407 - [Debug] [SHELL] line from reader: cd ubun     
2025-12-06 05:56:00.407 - [Debug] [SHELL] Keystroke buffer: 99,100,32,117,98,117,110,9,13
2025-12-06 05:56:01.434 - [Debug] [SHELL] Attacker Keystroke: l
2025-12-06 05:56:01.515 - [Debug] [SHELL] Attacker Keystroke: s
2025-12-06 05:56:01.619 - [Debug] [SHELL] Attacker Keystroke: [CR]
2025-12-06 05:56:01.619 - [Debug] [SHELL] line from reader: ls
2025-12-06 05:56:01.619 - [Debug] [SHELL] Keystroke buffer: 108,115,13
2025-12-06 05:56:02.618 - [Debug] [SHELL] Attacker Keystroke: l
2025-12-06 05:56:02.707 - [Debug] [SHELL] Attacker Keystroke: s
2025-12-06 05:56:02.824 - [Debug] [SHELL] Attacker Keystroke: [CR]
2025-12-06 05:56:02.825 - [Debug] [SHELL] line from reader: ls
2025-12-06 05:56:02.825 - [Debug] [SHELL] Keystroke buffer: 108,115,13
2025-12-06 05:56:03.965 - [Debug] [SHELL] Attacker Keystroke: s
2025-12-06 05:56:04.133 - [Debug] [SHELL] Attacker Keystroke: u
2025-12-06 05:56:04.280 - [Debug] [SHELL] Attacker Keystroke: d
2025-12-06 05:56:04.361 - [Debug] [SHELL] Attacker Keystroke: o
2025-12-06 05:56:05.054 - [Debug] [SHELL] Attacker Keystroke: [CR]
2025-12-06 05:56:05.054 - [Debug] [SHELL] line from reader: sudo
2025-12-06 05:56:05.054 - [Debug] [SHELL] Keystroke buffer: 115,117,100,111,13
2025-12-06 05:56:06.402 - [Debug] [SHELL] Attacker Keystroke: s
2025-12-06 05:56:06.483 - [Debug] [SHELL] Attacker Keystroke: u
2025-12-06 05:56:07.611 - [Debug] [SHELL] Attacker Keystroke: d
2025-12-06 05:56:07.717 - [Debug] [SHELL] Attacker Keystroke: o
2025-12-06 05:56:07.884 - [Debug] [SHELL] Attacker Keystroke: [Space]
2025-12-06 05:56:08.112 - [Debug] [SHELL] Attacker Keystroke: -
2025-12-06 05:56:08.448 - [Debug] [SHELL] Attacker Keystroke: i
2025-12-06 05:56:08.944 - [Debug] [SHELL] Attacker Keystroke: [CR]
2025-12-06 05:56:08.944 - [Debug] [SHELL] line from reader: sudo -i
2025-12-06 05:56:08.944 - [Debug] [SHELL] Keystroke buffer: 115,117,100,111,32,45,105,13
2025-12-06 05:56:08.944 - [Debug] [SHELL] Attacker Keystroke: 4
2025-12-06 05:56:10.595 - [Debug] [SHELL] Attacker Keystroke: r
2025-12-06 05:56:10.823 - [Debug] [SHELL] Attacker Keystroke: o
2025-12-06 05:56:10.928 - [Debug] [SHELL] Attacker Keystroke: o
2025-12-06 05:56:11.013 - [Debug] [SHELL] Attacker Keystroke: t
2025-12-06 05:56:11.136 - [Debug] [SHELL] Attacker Keystroke: [CR]
2025-12-06 05:56:11.137 - [Debug] [SHELL] line from reader: 4root
2025-12-06 05:56:11.137 - [Debug] [SHELL] Keystroke buffer: 52,114,111,111,116,13
2025-12-06 05:56:14.418 - [Debug] [SHELL] Attacker Keystroke: r
2025-12-06 05:56:14.645 - [Debug] [SHELL] Attacker Keystroke: o
2025-12-06 05:56:14.772 - [Debug] [SHELL] Attacker Keystroke: o
2025-12-06 05:56:14.866 - [Debug] [SHELL] Attacker Keystroke: t
2025-12-06 05:56:15.316 - [Debug] [SHELL] Attacker Keystroke: [CR]
2025-12-06 05:56:15.316 - [Debug] [SHELL] line from reader: root
2025-12-06 05:56:15.316 - [Debug] [SHELL] Keystroke buffer: 114,111,111,116,13
2025-12-06 05:56:19.051 - [Debug] [SHELL] Attacker Keystroke: e
2025-12-06 05:56:19.301 - [Debug] [SHELL] Attacker Keystroke: x
2025-12-06 05:56:19.485 - [Debug] [SHELL] Attacker Keystroke: i
2025-12-06 05:56:19.607 - [Debug] [SHELL] Attacker Keystroke: t
2025-12-06 05:56:19.731 - [Debug] [SHELL] Attacker Keystroke: [CR]
2025-12-06 05:56:19.731 - [Debug] [SHELL] line from reader: exit
2025-12-06 05:56:19.731 - [Debug] [SHELL] Keystroke buffer: 101,120,105,116,13
2025-12-06 05:56:20.745 - [Debug] [SHELL] Attacker Keystroke: [ETX]
2025-12-06 05:56:21.449 - [Debug] [SHELL] Attacker Keystroke: [ETX]
2025-12-06 05:56:21.803 - [Debug] [SHELL] Attacker Keystroke: [ETX]
2025-12-06 05:56:22.010 - [Debug] [SHELL] Attacker Keystroke: [ETX]
2025-12-06 05:56:22.240 - [Debug] [SHELL] Attacker Keystroke: [ETX]
2025-12-06 05:56:23.134 - [Debug] [SHELL] Attacker Keystroke: [DEL]
2025-12-06 05:56:23.297 - [Debug] [SHELL] Attacker Keystroke: [DEL]
2025-12-06 05:56:23.423 - [Debug] [SHELL] Attacker Keystroke: [DEL]
2025-12-06 05:56:23.587 - [Debug] [SHELL] Attacker Keystroke: [DEL]
2025-12-06 05:56:24.001 - [Debug] [SHELL] Attacker Keystroke: c
2025-12-06 05:56:24.065 - [Debug] [SHELL] Attacker Keystroke: a
2025-12-06 05:56:24.291 - [Debug] [SHELL] Attacker Keystroke: t
2025-12-06 05:56:24.355 - [Debug] [SHELL] Attacker Keystroke: [Space]
2025-12-06 05:56:24.719 - [Debug] [SHELL] Attacker Keystroke: /
2025-12-06 05:56:24.874 - [Debug] [SHELL] Attacker Keystroke: r
2025-12-06 05:56:25.082 - [Debug] [SHELL] Attacker Keystroke: p
2025-12-06 05:56:25.312 - [Debug] [SHELL] Attacker Keystroke: v
2025-12-06 05:56:25.376 - [Debug] [SHELL] Attacker Keystroke: o
2025-12-06 05:56:25.626 - [Debug] [SHELL] Attacker Keystroke: [TAB]
2025-12-06 05:56:26.102 - [Debug] [SHELL] Attacker Keystroke: [DEL]
2025-12-06 05:56:26.371 - [Debug] [SHELL] Attacker Keystroke: [DEL]
2025-12-06 05:56:26.516 - [Debug] [SHELL] Attacker Keystroke: [DEL]
2025-12-06 05:56:26.743 - [Debug] [SHELL] Attacker Keystroke: [DEL]
2025-12-06 05:56:27.927 - [Debug] [SHELL] Attacker Keystroke: e
2025-12-06 05:56:28.110 - [Debug] [SHELL] Attacker Keystroke: t
2025-12-06 05:56:28.344 - [Debug] [SHELL] Attacker Keystroke: c
2025-12-06 05:56:28.508 - [Debug] [SHELL] Attacker Keystroke: [TAB]
2025-12-06 05:56:29.488 - [Debug] [SHELL] Attacker Keystroke: h
2025-12-06 05:56:29.679 - [Debug] [SHELL] Attacker Keystroke: o
2025-12-06 05:56:29.754 - [Debug] [SHELL] Attacker Keystroke: s
2025-12-06 05:56:29.954 - [Debug] [SHELL] Attacker Keystroke: t
2025-12-06 05:56:30.139 - [Debug] [SHELL] Attacker Keystroke: s
2025-12-06 05:56:30.309 - [Debug] [SHELL] Attacker Keystroke: [TAB]
2025-12-06 05:56:30.928 - [Debug] [SHELL] Attacker Keystroke: [Space]
2025-12-06 05:56:31.138 - [Debug] [SHELL] Attacker Keystroke: [CR]
2025-12-06 05:56:31.138 - [Debug] [SHELL] line from reader: cat /retc   hosts    
2025-12-06 05:56:31.138 - [Debug] [SHELL] Keystroke buffer: 3,3,3,3,3,127,127,127,127,99,97,116,32,47,114,112,118,111,9,127,127,127,127,101,116,99,9,104,111,115,116,115,9,32,13
2025-12-06 05:56:37.230 - [Debug] [SHELL] Attacker Keystroke: l
2025-12-06 05:56:38.743 - [Debug] [SHELL] Attacker Keystroke: [DEL]
2025-12-06 05:56:38.882 - [Debug] [SHELL] Attacker Keystroke: [DEL]
2025-12-06 05:56:39.077 - [Debug] [SHELL] Attacker Keystroke: c
2025-12-06 05:56:39.177 - [Debug] [SHELL] Attacker Keystroke: d
2025-12-06 05:56:39.276 - [Debug] [SHELL] Attacker Keystroke: [Space]
2025-12-06 05:56:39.546 - [Debug] [SHELL] Attacker Keystroke: /
2025-12-06 05:56:42.401 - [Debug] [SHELL] Attacker Keystroke: v
2025-12-06 05:56:42.482 - [Debug] [SHELL] Attacker Keystroke: a
2025-12-06 05:56:42.753 - [Debug] [SHELL] Attacker Keystroke: r
2025-12-06 05:56:43.430 - [Debug] [SHELL] Attacker Keystroke: /
2025-12-06 05:56:43.592 - [Debug] [SHELL] Attacker Keystroke: [TAB]
2025-12-06 05:56:44.414 - [Debug] [SHELL] Attacker Keystroke: t
2025-12-06 05:56:44.580 - [Debug] [SHELL] Attacker Keystroke: [TAB]
2025-12-06 05:56:45.467 - [Debug] [SHELL] Attacker Keystroke: [CR]
2025-12-06 05:56:45.468 - [Debug] [SHELL] line from reader: cd /var/    t       
2025-12-06 05:56:45.468 - [Debug] [SHELL] Keystroke buffer: 108,127,127,99,100,32,47,118,97,114,47,9,116,9,13
2025-12-06 05:56:45.923 - [Debug] [SHELL] Attacker Keystroke: l
2025-12-06 05:56:46.027 - [Debug] [SHELL] Attacker Keystroke: s
2025-12-06 05:56:46.170 - [Debug] [SHELL] Attacker Keystroke: [CR]
2025-12-06 05:56:46.171 - [Debug] [SHELL] line from reader: ls
2025-12-06 05:56:46.171 - [Debug] [SHELL] Keystroke buffer: 108,115,13
2025-12-06 05:56:49.565 - [Debug] [SHELL] Attacker Keystroke: l
2025-12-06 05:56:49.644 - [Debug] [SHELL] Attacker Keystroke: s
2025-12-06 05:56:49.683 - [Debug] [SHELL] Attacker Keystroke: [Space]
2025-12-06 05:56:49.804 - [Debug] [SHELL] Attacker Keystroke: -
2025-12-06 05:56:49.966 - [Debug] [SHELL] Attacker Keystroke: l
2025-12-06 05:56:50.067 - [Debug] [SHELL] Attacker Keystroke: a
2025-12-06 05:56:50.067 - [Debug] [SHELL] Attacker Keystroke: [Space]
2025-12-06 05:56:50.169 - [Debug] [SHELL] Attacker Keystroke: [CR]
2025-12-06 05:56:50.169 - [Debug] [SHELL] line from reader: ls -la 
2025-12-06 05:56:50.169 - [Debug] [SHELL] Keystroke buffer: 108,115,32,45,108,97,32,13
