2025-10-21 21:12:25.883 - [Info] MITM Version: 1.4
2025-10-21 21:12:25.885 - [Info] Auto Access Enabled: true
2025-10-21 21:12:25.885 - [Debug] [Init] Auto Access Barrier: true
2025-10-21 21:12:25.890 - [Info] SSH man-in-the-middle server for 172.20.0.3 listening on 0.0.0.0:10002
2025-10-21 21:12:35.876 - [Debug] [Connection] Attacker connected: 10.173.150.42 | Client Identification: SSH-2.0-OpenSSH_for_Windows_9.5
2025-10-21 21:12:42.574 - [Debug] [Connection] Attacker closed the connection
2025-10-21 21:12:50.149 - [Debug] [Connection] Attacker connected: 10.173.150.42 | Client Identification: SSH-2.0-OpenSSH_for_Windows_9.5
2025-10-21 21:12:51.304 - [Debug] [Auth] Attacker 10.173.150.42 trying to authenticate with "none"
2025-10-21 21:12:51.305 - [Debug] [Auth] Attacker authentication error: No authentication method provided
2025-10-21 21:12:51.351 - [Debug] [Auth] Attacker 10.173.150.42 trying to authenticate with "publickey"
2025-10-21 21:12:51.352 - [Debug] [Auth] Attacker authentication error: Publickey authentication failed
2025-10-21 21:12:51.352 - [Debug] [Auth] Attacker: 10.173.150.42 has so far made 1 attempts. Remaining: 5 attempts
2025-10-21 21:12:52.755 - [Debug] [Auth] Attacker 10.173.150.42 trying to authenticate with "password"
2025-10-21 21:12:52.757 - [Debug] [Auto Access] Attacker: 10.173.150.42, Threshold: 1, Attempts: 1
2025-10-21 21:12:52.757 - [Debug] [Auto Access] Compromising the honeypot
2025-10-21 21:12:52.757 - [Debug] [Auto Access] Adding the following credentials: "root:hi"
2025-10-21 21:12:53.058 - [Debug] [Auth] Valid credentials - Password Authentication
2025-10-21 21:12:53.058 - [Debug] [LXC] Attempting to connect to the honeypot: 172.20.0.3
2025-10-21 21:12:53.096 - [Debug] [LXC-Auth] Attacker authenticated and is inside container
2025-10-21 21:12:53.470 - [Debug] [SHELL] Opened shell for attacker
2025-10-21 21:12:53.471 - [Debug] [LXC Streams] New Stream | Total Streams: 1
2025-10-21 21:12:54.640 - [Debug] [SHELL] Attacker Keystroke: l
2025-10-21 21:12:54.721 - [Debug] [SHELL] Attacker Keystroke: s
2025-10-21 21:12:54.846 - [Debug] [SHELL] Attacker Keystroke: [CR]
2025-10-21 21:12:54.847 - [Debug] [SHELL] line from reader: ls
2025-10-21 21:12:54.847 - [Debug] [SHELL] Keystroke buffer: 108,115,13
2025-10-21 21:12:55.977 - [Debug] [SHELL] Attacker Keystroke: m
2025-10-21 21:12:56.102 - [Debug] [SHELL] Attacker Keystroke: v
2025-10-21 21:12:56.214 - [Debug] [SHELL] Attacker Keystroke: [Space]
2025-10-21 21:12:57.302 - [Debug] [SHELL] Attacker Keystroke: s
2025-10-21 21:12:57.388 - [Debug] [SHELL] Attacker Keystroke: n
2025-10-21 21:12:57.534 - [Debug] [SHELL] Attacker Keystroke: a
2025-10-21 21:12:57.611 - [Debug] [SHELL] Attacker Keystroke: p
2025-10-21 21:12:57.719 - [Debug] [SHELL] Attacker Keystroke: [Space]
2025-10-21 21:12:57.985 - [Debug] [SHELL] Attacker Keystroke: .
2025-10-21 21:12:58.218 - [Debug] [SHELL] Attacker Keystroke: n
2025-10-21 21:12:58.591 - [Debug] [SHELL] Attacker Keystroke: a
2025-10-21 21:12:58.685 - [Debug] [SHELL] Attacker Keystroke: p
2025-10-21 21:12:59.071 - [Debug] [SHELL] Attacker Keystroke: [DEL]
2025-10-21 21:12:59.242 - [Debug] [SHELL] Attacker Keystroke: [DEL]
2025-10-21 21:12:59.351 - [Debug] [SHELL] Attacker Keystroke: [DEL]
2025-10-21 21:12:59.660 - [Debug] [SHELL] Attacker Keystroke: s
2025-10-21 21:12:59.893 - [Debug] [SHELL] Attacker Keystroke: n
2025-10-21 21:12:59.975 - [Debug] [SHELL] Attacker Keystroke: a
2025-10-21 21:13:00.295 - [Debug] [SHELL] Attacker Keystroke: p
2025-10-21 21:13:03.543 - [Debug] [SHELL] Attacker Keystroke: [CR]
2025-10-21 21:13:03.543 - [Debug] [SHELL] line from reader: mv snap .snap
2025-10-21 21:13:03.543 - [Debug] [SHELL] Keystroke buffer: 109,118,32,115,110,97,112,32,46,110,97,112,127,127,127,115,110,97,112,13
2025-10-21 21:13:04.228 - [Debug] [SHELL] Attacker Keystroke: l
2025-10-21 21:13:04.279 - [Debug] [SHELL] Attacker Keystroke: s
2025-10-21 21:13:04.449 - [Debug] [SHELL] Attacker Keystroke: [CR]
2025-10-21 21:13:04.449 - [Debug] [SHELL] line from reader: ls
2025-10-21 21:13:04.450 - [Debug] [SHELL] Keystroke buffer: 108,115,13
2025-10-21 21:13:08.745 - [Debug] [SHELL] Attacker Keystroke: l
2025-10-21 21:13:08.807 - [Debug] [SHELL] Attacker Keystroke: s
2025-10-21 21:13:08.901 - [Debug] [SHELL] Attacker Keystroke: [Space]
2025-10-21 21:13:09.099 - [Debug] [SHELL] Attacker Keystroke: -
2025-10-21 21:13:09.556 - [Debug] [SHELL] Attacker Keystroke: L
2025-10-21 21:13:09.786 - [Debug] [SHELL] Attacker Keystroke: [CR]
2025-10-21 21:13:09.786 - [Debug] [SHELL] line from reader: ls -L
2025-10-21 21:13:09.786 - [Debug] [SHELL] Keystroke buffer: 108,115,32,45,76,13
2025-10-21 21:13:32.433 - [Debug] [SHELL] Attacker Keystroke: l
2025-10-21 21:13:32.556 - [Debug] [SHELL] Attacker Keystroke: s
2025-10-21 21:13:32.607 - [Debug] [SHELL] Attacker Keystroke: [Space]
2025-10-21 21:13:33.068 - [Debug] [SHELL] Attacker Keystroke: -
2025-10-21 21:13:33.274 - [Debug] [SHELL] Attacker Keystroke: a
2025-10-21 21:13:33.506 - [Debug] [SHELL] Attacker Keystroke: [CR]
2025-10-21 21:13:33.506 - [Debug] [SHELL] line from reader: ls -a
2025-10-21 21:13:33.506 - [Debug] [SHELL] Keystroke buffer: 108,115,32,45,97,13
2025-10-21 21:14:00.721 - [Debug] [SHELL] Attacker Keystroke: e
2025-10-21 21:14:00.902 - [Debug] [SHELL] Attacker Keystroke: x
2025-10-21 21:14:01.057 - [Debug] [SHELL] Attacker Keystroke: i
2025-10-21 21:14:01.116 - [Debug] [SHELL] Attacker Keystroke: t
2025-10-21 21:14:01.600 - [Debug] [SHELL] Attacker Keystroke: [CR]
2025-10-21 21:14:01.601 - [Debug] [SHELL] line from reader: exit
2025-10-21 21:14:01.601 - [Debug] [SHELL] Keystroke buffer: 101,120,105,116,13
2025-10-21 21:14:01.603 - [Debug] [LXC Streams] Removed Stream | Total streams: 0
2025-10-21 21:14:01.603 - [Debug] [SHELL] Honeypot ended shell
2025-10-21 21:14:01.654 - [Debug] [SHELL] Attacker ended the shell
2025-10-21 21:14:01.654 - [Debug] [Connection] Attacker closed connection
2025-10-21 21:14:01.656 - [Debug] [LXC] Container's OpenSSH server ended connection
2025-10-21 21:14:01.657 - [Debug] [LXC] Container's OpenSSH server closed connection
2025-10-21 21:14:37.809 - [Info] MITM Version: 1.4
2025-10-21 21:14:37.812 - [Info] Auto Access Enabled: true
2025-10-21 21:14:37.812 - [Debug] [Init] Auto Access Barrier: true
2025-10-21 21:14:37.817 - [Info] SSH man-in-the-middle server for 172.20.0.3 listening on 0.0.0.0:10002
2025-10-21 21:14:44.226 - [Debug] [Connection] Attacker connected: 10.173.150.42 | Client Identification: SSH-2.0-OpenSSH_for_Windows_9.5
2025-10-21 21:14:44.269 - [Debug] [Connection] Attacker closed the connection
2025-10-21 21:14:51.990 - [Debug] [Connection] Attacker connected: 10.173.150.42 | Client Identification: SSH-2.0-OpenSSH_for_Windows_9.5
2025-10-21 21:14:53.135 - [Debug] [Auth] Attacker 10.173.150.42 trying to authenticate with "none"
2025-10-21 21:14:53.135 - [Debug] [Auth] Attacker authentication error: No authentication method provided
2025-10-21 21:14:53.189 - [Debug] [Auth] Attacker 10.173.150.42 trying to authenticate with "publickey"
2025-10-21 21:14:53.190 - [Debug] [Auth] Attacker authentication error: Publickey authentication failed
2025-10-21 21:14:53.190 - [Debug] [Auth] Attacker: 10.173.150.42 has so far made 1 attempts. Remaining: 5 attempts
2025-10-21 21:14:54.152 - [Debug] [Auth] Attacker 10.173.150.42 trying to authenticate with "password"
2025-10-21 21:14:54.154 - [Debug] [Auto Access] Attacker: 10.173.150.42, Threshold: 1, Attempts: 1
2025-10-21 21:14:54.154 - [Debug] [Auto Access] Compromising the honeypot
2025-10-21 21:14:54.154 - [Debug] [Auto Access] Adding the following credentials: "subomi:hi"
2025-10-21 21:14:54.528 - [Debug] [Auth] Valid credentials - Password Authentication
2025-10-21 21:14:54.528 - [Debug] [LXC] Attempting to connect to the honeypot: 172.20.0.3
2025-10-21 21:14:54.566 - [Debug] [LXC-Auth] Attacker authenticated and is inside container
2025-10-21 21:14:54.988 - [Debug] [SHELL] Opened shell for attacker
2025-10-21 21:14:54.990 - [Debug] [LXC Streams] New Stream | Total Streams: 1
2025-10-21 21:14:57.090 - [Debug] [SHELL] Attacker Keystroke: l
2025-10-21 21:14:57.139 - [Debug] [SHELL] Attacker Keystroke: s
2025-10-21 21:14:57.310 - [Debug] [SHELL] Attacker Keystroke: [CR]
2025-10-21 21:14:57.310 - [Debug] [SHELL] line from reader: ls
2025-10-21 21:14:57.311 - [Debug] [SHELL] Keystroke buffer: 108,115,13
2025-10-21 21:14:58.062 - [Debug] [SHELL] Attacker Keystroke: l
2025-10-21 21:14:58.104 - [Debug] [SHELL] Attacker Keystroke: s
2025-10-21 21:14:58.620 - [Debug] [SHELL] Attacker Keystroke: [Space]
2025-10-21 21:14:58.848 - [Debug] [SHELL] Attacker Keystroke: -
2025-10-21 21:14:59.492 - [Debug] [SHELL] Attacker Keystroke: a
2025-10-21 21:14:59.881 - [Debug] [SHELL] Attacker Keystroke: [CR]
2025-10-21 21:14:59.881 - [Debug] [SHELL] line from reader: ls -a
2025-10-21 21:14:59.881 - [Debug] [SHELL] Keystroke buffer: 108,115,32,45,97,13
2025-10-21 21:15:25.676 - [Debug] [Connection] Attacker closed connection
2025-10-21 21:15:25.680 - [Debug] [LXC] Container's OpenSSH server ended connection
2025-10-21 21:15:25.680 - [Debug] [LXC] Container's OpenSSH server closed connection
2025-10-21 21:15:25.681 - [Debug] [LXC Streams] Removed Stream | Total streams: 0
2025-10-21 21:15:25.681 - [Debug] [SHELL] Honeypot ended shell
