2025-11-30 14:34:28.340 - [Info] MITM Version: 1.4
2025-11-30 14:34:28.342 - [Info] Auto Access Enabled: true
2025-11-30 14:34:28.342 - [Debug] [Init] Auto Access Barrier: true
2025-11-30 14:34:28.347 - [Info] SSH man-in-the-middle server for 172.20.0.3 listening on 0.0.0.0:10002
2025-11-30 14:35:02.376 - [Debug] [Connection] Attacker connected: 64.227.70.139 | Client Identification: SSH-2.0-Go
2025-11-30 14:35:04.127 - [Debug] [Auth] Attacker 64.227.70.139 trying to authenticate with "none"
2025-11-30 14:35:04.128 - [Debug] [Auth] Attacker authentication error: No authentication method provided
2025-11-30 14:35:04.777 - [Debug] [Auth] Attacker 64.227.70.139 trying to authenticate with "password"
2025-11-30 14:35:04.779 - [Debug] [Auto Access] Attacker: 64.227.70.139, Threshold: 1, Attempts: 1
2025-11-30 14:35:04.779 - [Debug] [Auto Access] Compromising the honeypot
2025-11-30 14:35:04.779 - [Debug] [Auto Access] Adding the following credentials: "postgres:password1"
2025-11-30 14:35:05.209 - [Debug] [Auth] Valid credentials - Password Authentication
2025-11-30 14:35:05.210 - [Debug] [LXC] Attempting to connect to the honeypot: 172.20.0.3
2025-11-30 14:35:05.245 - [Debug] [LXC-Auth] Attacker authenticated and is inside container
2025-11-30 14:35:06.368 - [Debug] [EXEC] Noninteractive mode attacker command: export PATH=/usr/local/sbin:/usr/local/bin:/usr/sbin:/usr/bin:/sbin:/bin:$PATH
uname=$(uname -s -v -n -m 2>/dev/null)
arch=$(uname -m 2>/dev/null)
uptime=$(cat /proc/uptime 2>/dev/null | cut -d. -f1)
cpus=$( (nproc || grep -c "^processor" /proc/cpuinfo) 2>/dev/null | head -1)
cpu_model=$( (grep -m1 -E "model name|Hardware" /proc/cpuinfo | cut -d: -f2- | sed 's/^ *//;s/ *$//' ; lscpu 2>/dev/null | awk -F: '/Model name/ {gsub(/^ +| +$/,"",$2); print $2; exit}' ; dmidecode -s processor-version 2>/dev/null | head -n1 ; uname -p 2>/dev/null) | awk 'NF{print; exit}' )
gpu_info=$( (lspci 2>/dev/null | grep -i vga; lspci 2>/dev/null | grep -i nvidia) 2>/dev/null | head -n50)
cat_help=$( (cat --help 2>&1 | tr '\n' ' ') || cat --help 2>&1)
ls_help=$( (ls --help 2>&1 | tr '\n' ' ') || ls --help 2>&1)
last_output=$(last 2>/dev/null | head -n 10)
echo "UNAME:$uname"
echo "ARCH:$arch"
echo "UPTIME:$uptime"
echo "CPUS:$cpus"
echo "CPU_MODEL:$cpu_model"
echo "GPU:$gpu_info"
echo "CAT_HELP:$cat_help"
echo "LS_HELP:$ls_help"
echo "LAST:$last_output"
2025-11-30 14:35:09.728 - [Debug] [Connection] Attacker closed connection
2025-11-30 14:35:09.734 - [Debug] [LXC] Container's OpenSSH server ended connection
2025-11-30 14:35:09.735 - [Debug] [LXC] Container's OpenSSH server closed connection
