2025-10-21 21:29:10.366 - [Info] MITM Version: 1.4
2025-10-21 21:29:10.368 - [Info] Auto Access Enabled: true
2025-10-21 21:29:10.368 - [Debug] [Init] Auto Access Barrier: true
2025-10-21 21:29:10.374 - [Info] SSH man-in-the-middle server for 172.20.0.3 listening on 0.0.0.0:10002
2025-10-21 21:29:47.846 - [Debug] [Connection] Attacker connected: 10.173.150.42 | Client Identification: SSH-2.0-OpenSSH_for_Windows_9.5
2025-10-21 21:29:49.041 - [Debug] [Auth] Attacker 10.173.150.42 trying to authenticate with "none"
2025-10-21 21:29:49.041 - [Debug] [Auth] Attacker authentication error: No authentication method provided
2025-10-21 21:29:49.104 - [Debug] [Auth] Attacker 10.173.150.42 trying to authenticate with "publickey"
2025-10-21 21:29:49.105 - [Debug] [Auth] Attacker authentication error: Publickey authentication failed
2025-10-21 21:29:49.105 - [Debug] [Auth] Attacker: 10.173.150.42 has so far made 1 attempts. Remaining: 5 attempts
2025-10-21 21:29:49.998 - [Debug] [Auth] Attacker 10.173.150.42 trying to authenticate with "password"
2025-10-21 21:29:50.000 - [Debug] [Auto Access] Attacker: 10.173.150.42, Threshold: 1, Attempts: 1
2025-10-21 21:29:50.000 - [Debug] [Auto Access] Compromising the honeypot
2025-10-21 21:29:50.000 - [Debug] [Auto Access] Adding the following credentials: "subomi:hi"
2025-10-21 21:29:50.377 - [Debug] [Auth] Valid credentials - Password Authentication
2025-10-21 21:29:50.377 - [Debug] [LXC] Attempting to connect to the honeypot: 172.20.0.3
2025-10-21 21:29:50.410 - [Debug] [LXC-Auth] Attacker authenticated and is inside container
2025-10-21 21:29:50.779 - [Debug] [SHELL] Opened shell for attacker
2025-10-21 21:29:50.780 - [Debug] [LXC Streams] New Stream | Total Streams: 1
2025-10-21 21:29:52.128 - [Debug] [SHELL] Attacker Keystroke: e
2025-10-21 21:29:52.335 - [Debug] [SHELL] Attacker Keystroke: c
2025-10-21 21:29:52.365 - [Debug] [SHELL] Attacker Keystroke: h
2025-10-21 21:29:52.521 - [Debug] [SHELL] Attacker Keystroke: o
2025-10-21 21:29:52.572 - [Debug] [SHELL] Attacker Keystroke: [Space]
2025-10-21 21:29:53.055 - [Debug] [SHELL] Attacker Keystroke: h
2025-10-21 21:29:53.114 - [Debug] [SHELL] Attacker Keystroke: i
2025-10-21 21:29:53.285 - [Debug] [SHELL] Attacker Keystroke: [CR]
2025-10-21 21:29:53.286 - [Debug] [SHELL] line from reader: echo hi
2025-10-21 21:29:53.286 - [Debug] [SHELL] Keystroke buffer: 101,99,104,111,32,104,105,13
2025-10-21 21:30:10.770 - [Debug] [SHELL] Attacker Keystroke: l
2025-10-21 21:30:10.886 - [Debug] [SHELL] Attacker Keystroke: s
2025-10-21 21:30:11.010 - [Debug] [SHELL] Attacker Keystroke: [CR]
2025-10-21 21:30:11.011 - [Debug] [SHELL] line from reader: ls
2025-10-21 21:30:11.011 - [Debug] [SHELL] Keystroke buffer: 108,115,13
2025-10-21 21:30:46.977 - [Debug] [SHELL] Attacker Keystroke: e
2025-10-21 21:30:47.317 - [Debug] [SHELL] Attacker Keystroke: c
2025-10-21 21:30:47.549 - [Debug] [SHELL] Attacker Keystroke: g
2025-10-21 21:30:48.254 - [Debug] [SHELL] Attacker Keystroke: [DEL]
2025-10-21 21:30:48.434 - [Debug] [SHELL] Attacker Keystroke: [DEL]
2025-10-21 21:30:48.573 - [Debug] [SHELL] Attacker Keystroke: [DEL]
2025-10-21 21:30:48.729 - [Debug] [SHELL] Attacker Keystroke: [DEL]
2025-10-21 21:30:48.836 - [Debug] [SHELL] Attacker Keystroke: [DEL]
2025-10-21 21:31:00.621 - [Debug] [SHELL] Attacker Keystroke: e
2025-10-21 21:31:00.715 - [Debug] [SHELL] Attacker Keystroke: x
2025-10-21 21:31:01.047 - [Debug] [SHELL] Attacker Keystroke: i
2025-10-21 21:31:01.295 - [Debug] [SHELL] Attacker Keystroke: t
2025-10-21 21:31:01.811 - [Debug] [SHELL] Attacker Keystroke: [CR]
2025-10-21 21:31:01.811 - [Debug] [SHELL] line from reader: exit
2025-10-21 21:31:01.811 - [Debug] [SHELL] Keystroke buffer: 101,99,103,127,127,127,127,127,101,120,105,116,13
2025-10-21 21:31:01.815 - [Debug] [LXC Streams] Removed Stream | Total streams: 0
2025-10-21 21:31:01.815 - [Debug] [SHELL] Honeypot ended shell
2025-10-21 21:31:01.864 - [Debug] [SHELL] Attacker ended the shell
2025-10-21 21:31:01.865 - [Debug] [Connection] Attacker closed connection
2025-10-21 21:31:01.868 - [Debug] [LXC] Container's OpenSSH server ended connection
2025-10-21 21:31:01.869 - [Debug] [LXC] Container's OpenSSH server closed connection
