2025-10-22 15:47:21.757 - [Info] MITM Version: 1.4
2025-10-22 15:47:21.759 - [Info] Auto Access Enabled: true
2025-10-22 15:47:21.760 - [Debug] [Init] Auto Access Barrier: true
2025-10-22 15:47:21.765 - [Info] SSH man-in-the-middle server for 172.20.0.3 listening on 0.0.0.0:10002
2025-10-22 15:47:42.578 - [Debug] [Connection] Attacker connected: 10.175.90.186 | Client Identification: SSH-2.0-OpenSSH_for_Windows_9.5
2025-10-22 15:47:43.885 - [Debug] [Auth] Attacker 10.175.90.186 trying to authenticate with "none"
2025-10-22 15:47:43.885 - [Debug] [Auth] Attacker authentication error: No authentication method provided
2025-10-22 15:47:43.935 - [Debug] [Auth] Attacker 10.175.90.186 trying to authenticate with "publickey"
2025-10-22 15:47:43.936 - [Debug] [Auth] Attacker authentication error: Publickey authentication failed
2025-10-22 15:47:43.936 - [Debug] [Auth] Attacker: 10.175.90.186 has so far made 1 attempts. Remaining: 5 attempts
2025-10-22 15:47:49.260 - [Debug] [Auth] Attacker 10.175.90.186 trying to authenticate with "password"
2025-10-22 15:47:49.262 - [Debug] [Auto Access] Attacker: 10.175.90.186, Threshold: 1, Attempts: 1
2025-10-22 15:47:49.262 - [Debug] [Auto Access] Compromising the honeypot
2025-10-22 15:47:49.262 - [Debug] [Auto Access] Adding the following credentials: "subomi:ls"
2025-10-22 15:47:49.615 - [Debug] [Auth] Valid credentials - Password Authentication
2025-10-22 15:47:49.615 - [Debug] [LXC] Attempting to connect to the honeypot: 172.20.0.3
2025-10-22 15:47:49.646 - [Debug] [LXC-Auth] Attacker authenticated and is inside container
2025-10-22 15:47:50.017 - [Debug] [SHELL] Opened shell for attacker
2025-10-22 15:47:50.018 - [Debug] [LXC Streams] New Stream | Total Streams: 1
2025-10-22 15:47:51.392 - [Debug] [SHELL] Attacker Keystroke: l
2025-10-22 15:47:51.447 - [Debug] [SHELL] Attacker Keystroke: s
2025-10-22 15:47:51.586 - [Debug] [SHELL] Attacker Keystroke: [CR]
2025-10-22 15:47:51.586 - [Debug] [SHELL] line from reader: ls
2025-10-22 15:47:51.586 - [Debug] [SHELL] Keystroke buffer: 108,115,13
2025-10-22 15:47:52.722 - [Debug] [SHELL] Attacker Keystroke: c
2025-10-22 15:47:52.864 - [Debug] [SHELL] Attacker Keystroke: d
2025-10-22 15:47:52.951 - [Debug] [SHELL] Attacker Keystroke: [Space]
2025-10-22 15:47:53.374 - [Debug] [SHELL] Attacker Keystroke: G
2025-10-22 15:47:53.712 - [Debug] [SHELL] Attacker Keystroke: [TAB]
2025-10-22 15:47:54.177 - [Debug] [SHELL] Attacker Keystroke: [CR]
2025-10-22 15:47:54.177 - [Debug] [SHELL] line from reader: cd G        
2025-10-22 15:47:54.177 - [Debug] [SHELL] Keystroke buffer: 99,100,32,71,9,13
2025-10-22 15:47:54.691 - [Debug] [SHELL] Attacker Keystroke: l
2025-10-22 15:47:54.843 - [Debug] [SHELL] Attacker Keystroke: s
2025-10-22 15:47:54.927 - [Debug] [SHELL] Attacker Keystroke: [CR]
2025-10-22 15:47:54.927 - [Debug] [SHELL] line from reader: ls
2025-10-22 15:47:54.927 - [Debug] [SHELL] Keystroke buffer: 108,115,13
2025-10-22 15:47:55.669 - [Debug] [SHELL] Attacker Keystroke: c
2025-10-22 15:47:55.737 - [Debug] [SHELL] Attacker Keystroke: a
2025-10-22 15:47:55.932 - [Debug] [SHELL] Attacker Keystroke: t
2025-10-22 15:47:55.978 - [Debug] [SHELL] Attacker Keystroke: [Space]
2025-10-22 15:47:56.281 - [Debug] [SHELL] Attacker Keystroke: N
2025-10-22 15:47:57.114 - [Debug] [SHELL] Attacker Keystroke: [TAB]
2025-10-22 15:47:57.646 - [Debug] [SHELL] Attacker Keystroke: [CR]
2025-10-22 15:47:57.647 - [Debug] [SHELL] line from reader: cat N       
2025-10-22 15:47:57.647 - [Debug] [SHELL] Keystroke buffer: 99,97,116,32,78,9,13
2025-10-22 15:48:02.563 - [Debug] [SHELL] Attacker Keystroke: e
2025-10-22 15:48:02.796 - [Debug] [SHELL] Attacker Keystroke: x
2025-10-22 15:48:02.850 - [Debug] [SHELL] Attacker Keystroke: i
2025-10-22 15:48:03.020 - [Debug] [SHELL] Attacker Keystroke: t
2025-10-22 15:48:03.412 - [Debug] [SHELL] Attacker Keystroke: [CR]
2025-10-22 15:48:03.412 - [Debug] [SHELL] line from reader: exit
2025-10-22 15:48:03.412 - [Debug] [SHELL] Keystroke buffer: 101,120,105,116,13
2025-10-22 15:48:03.415 - [Debug] [LXC Streams] Removed Stream | Total streams: 0
2025-10-22 15:48:03.415 - [Debug] [SHELL] Honeypot ended shell
2025-10-22 15:48:03.480 - [Debug] [SHELL] Attacker ended the shell
2025-10-22 15:48:03.481 - [Debug] [Connection] Attacker closed connection
2025-10-22 15:48:03.484 - [Debug] [LXC] Container's OpenSSH server ended connection
2025-10-22 15:48:03.484 - [Debug] [LXC] Container's OpenSSH server closed connection
