2025-10-23 20:29:13.332 - [Info] MITM Version: 1.4
2025-10-23 20:29:13.334 - [Info] Auto Access Enabled: true
2025-10-23 20:29:13.334 - [Debug] [Init] Auto Access Barrier: true
2025-10-23 20:29:13.339 - [Info] SSH man-in-the-middle server for 172.20.0.3 listening on 0.0.0.0:10002
2025-10-23 20:32:10.475 - [Debug] [Connection] Attacker connected: 10.172.95.111 | Client Identification: SSH-2.0-OpenSSH_for_Windows_9.5
2025-10-23 20:32:10.510 - [Debug] [Connection] Attacker closed the connection
2025-10-23 20:32:18.634 - [Debug] [Connection] Attacker connected: 10.172.95.111 | Client Identification: SSH-2.0-OpenSSH_for_Windows_9.5
2025-10-23 20:32:20.550 - [Debug] [Auth] Attacker 10.172.95.111 trying to authenticate with "none"
2025-10-23 20:32:20.551 - [Debug] [Auth] Attacker authentication error: No authentication method provided
2025-10-23 20:32:20.608 - [Debug] [Auth] Attacker 10.172.95.111 trying to authenticate with "publickey"
2025-10-23 20:32:20.609 - [Debug] [Auth] Attacker authentication error: Publickey authentication failed
2025-10-23 20:32:20.609 - [Debug] [Auth] Attacker: 10.172.95.111 has so far made 1 attempts. Remaining: 5 attempts
2025-10-23 20:32:22.637 - [Debug] [Auth] Attacker 10.172.95.111 trying to authenticate with "password"
2025-10-23 20:32:22.638 - [Debug] [Auto Access] Attacker: 10.172.95.111, Threshold: 1, Attempts: 1
2025-10-23 20:32:22.639 - [Debug] [Auto Access] Compromising the honeypot
2025-10-23 20:32:22.639 - [Debug] [Auto Access] Adding the following credentials: "root:s"
2025-10-23 20:32:22.914 - [Debug] [Auth] Valid credentials - Password Authentication
2025-10-23 20:32:22.914 - [Debug] [LXC] Attempting to connect to the honeypot: 172.20.0.3
2025-10-23 20:32:22.946 - [Debug] [LXC-Auth] Attacker authenticated and is inside container
2025-10-23 20:32:23.312 - [Debug] [SHELL] Opened shell for attacker
2025-10-23 20:32:23.314 - [Debug] [LXC Streams] New Stream | Total Streams: 1
2025-10-23 20:32:24.220 - [Debug] [SHELL] Attacker Keystroke: l
2025-10-23 20:32:24.358 - [Debug] [SHELL] Attacker Keystroke: s
2025-10-23 20:32:24.504 - [Debug] [SHELL] Attacker Keystroke: [CR]
2025-10-23 20:32:24.504 - [Debug] [SHELL] line from reader: ls
2025-10-23 20:32:24.504 - [Debug] [SHELL] Keystroke buffer: 108,115,13
2025-10-23 20:32:38.123 - [Debug] [SHELL] Attacker Keystroke: l
2025-10-23 20:32:38.382 - [Debug] [SHELL] Attacker Keystroke: [CR]
2025-10-23 20:32:38.383 - [Debug] [SHELL] line from reader: l
2025-10-23 20:32:38.383 - [Debug] [SHELL] Keystroke buffer: 108,13
2025-10-23 20:32:39.129 - [Debug] [SHELL] Attacker Keystroke: [DEL]
2025-10-23 20:32:43.257 - [Debug] [SHELL] Attacker Keystroke: l
2025-10-23 20:32:43.404 - [Debug] [SHELL] Attacker Keystroke: s
2025-10-23 20:32:43.608 - [Debug] [SHELL] Attacker Keystroke: [CR]
2025-10-23 20:32:43.608 - [Debug] [SHELL] line from reader: ls
2025-10-23 20:32:43.608 - [Debug] [SHELL] Keystroke buffer: 127,108,115,13
2025-10-23 20:35:40.518 - [Info] MITM Version: 1.4
2025-10-23 20:35:40.520 - [Info] Auto Access Enabled: true
2025-10-23 20:35:40.520 - [Debug] [Init] Auto Access Barrier: true
2025-10-23 20:35:40.525 - [Info] SSH man-in-the-middle server for 172.20.0.3 listening on 0.0.0.0:10002
2025-10-23 20:35:57.267 - [Debug] [Connection] Attacker connected: 10.172.95.111 | Client Identification: SSH-2.0-OpenSSH_for_Windows_9.5
2025-10-23 20:35:59.037 - [Debug] [Auth] Attacker 10.172.95.111 trying to authenticate with "none"
2025-10-23 20:35:59.037 - [Debug] [Auth] Attacker authentication error: No authentication method provided
2025-10-23 20:35:59.099 - [Debug] [Auth] Attacker 10.172.95.111 trying to authenticate with "publickey"
2025-10-23 20:35:59.100 - [Debug] [Auth] Attacker authentication error: Publickey authentication failed
2025-10-23 20:35:59.100 - [Debug] [Auth] Attacker: 10.172.95.111 has so far made 1 attempts. Remaining: 5 attempts
2025-10-23 20:36:00.480 - [Debug] [Auth] Attacker 10.172.95.111 trying to authenticate with "password"
2025-10-23 20:36:00.481 - [Debug] [Auto Access] Attacker: 10.172.95.111, Threshold: 1, Attempts: 1
2025-10-23 20:36:00.481 - [Debug] [Auto Access] Compromising the honeypot
2025-10-23 20:36:00.481 - [Debug] [Auto Access] Adding the following credentials: "root:s"
2025-10-23 20:36:00.787 - [Debug] [Auth] Valid credentials - Password Authentication
2025-10-23 20:36:00.788 - [Debug] [LXC] Attempting to connect to the honeypot: 172.20.0.3
2025-10-23 20:36:00.824 - [Debug] [LXC-Auth] Attacker authenticated and is inside container
2025-10-23 20:36:01.177 - [Debug] [SHELL] Opened shell for attacker
2025-10-23 20:36:01.179 - [Debug] [LXC Streams] New Stream | Total Streams: 1
2025-10-23 20:36:02.227 - [Debug] [SHELL] Attacker Keystroke: l
2025-10-23 20:36:02.348 - [Debug] [SHELL] Attacker Keystroke: s
2025-10-23 20:36:02.486 - [Debug] [SHELL] Attacker Keystroke: [CR]
2025-10-23 20:36:02.487 - [Debug] [SHELL] line from reader: ls
2025-10-23 20:36:02.487 - [Debug] [SHELL] Keystroke buffer: 108,115,13
2025-10-23 20:36:06.643 - [Debug] [SHELL] Attacker Keystroke: c
2025-10-23 20:36:06.870 - [Debug] [SHELL] Attacker Keystroke: a
2025-10-23 20:36:07.448 - [Debug] [SHELL] Attacker Keystroke: t
2025-10-23 20:36:08.498 - [Debug] [SHELL] Attacker Keystroke: [DEL]
2025-10-23 20:36:08.632 - [Debug] [SHELL] Attacker Keystroke: [DEL]
2025-10-23 20:36:08.792 - [Debug] [SHELL] Attacker Keystroke: [DEL]
2025-10-23 20:36:08.944 - [Debug] [SHELL] Attacker Keystroke: c
2025-10-23 20:36:09.088 - [Debug] [SHELL] Attacker Keystroke: d
2025-10-23 20:36:09.783 - [Debug] [SHELL] Attacker Keystroke: [Space]
2025-10-23 20:36:10.060 - [Debug] [SHELL] Attacker Keystroke: A
2025-10-23 20:36:10.869 - [Debug] [SHELL] Attacker Keystroke: p
2025-10-23 20:36:11.040 - [Debug] [SHELL] Attacker Keystroke: p
2025-10-23 20:36:11.287 - [Debug] [SHELL] Attacker Keystroke: l
2025-10-23 20:36:11.567 - [Debug] [SHELL] Attacker Keystroke: c
2025-10-23 20:36:11.878 - [Debug] [SHELL] Attacker Keystroke: [DEL]
2025-10-23 20:36:12.174 - [Debug] [SHELL] Attacker Keystroke: i
2025-10-23 20:36:12.317 - [Debug] [SHELL] Attacker Keystroke: c
2025-10-23 20:36:12.498 - [Debug] [SHELL] Attacker Keystroke: a
2025-10-23 20:36:12.820 - [Debug] [SHELL] Attacker Keystroke: t
2025-10-23 20:36:13.031 - [Debug] [SHELL] Attacker Keystroke: i
2025-10-23 20:36:13.228 - [Debug] [SHELL] Attacker Keystroke: o
2025-10-23 20:36:13.266 - [Debug] [SHELL] Attacker Keystroke: n
2025-10-23 20:36:13.433 - [Debug] [SHELL] Attacker Keystroke: s
2025-10-23 20:36:13.648 - [Debug] [SHELL] Attacker Keystroke: [CR]
2025-10-23 20:36:13.648 - [Debug] [SHELL] line from reader: cd Applications
2025-10-23 20:36:13.649 - [Debug] [SHELL] Keystroke buffer: 99,97,116,127,127,127,99,100,32,65,112,112,108,99,127,105,99,97,116,105,111,110,115,13
2025-10-23 20:36:14.035 - [Debug] [SHELL] Attacker Keystroke: l
2025-10-23 20:36:14.158 - [Debug] [SHELL] Attacker Keystroke: s
2025-10-23 20:36:14.259 - [Debug] [SHELL] Attacker Keystroke: [CR]
2025-10-23 20:36:14.260 - [Debug] [SHELL] line from reader: ls
2025-10-23 20:36:14.260 - [Debug] [SHELL] Keystroke buffer: 108,115,13
2025-10-23 20:36:15.081 - [Debug] [SHELL] Attacker Keystroke: c
2025-10-23 20:36:15.249 - [Debug] [SHELL] Attacker Keystroke: a
2025-10-23 20:36:15.522 - [Debug] [SHELL] Attacker Keystroke: t
2025-10-23 20:36:15.803 - [Debug] [SHELL] Attacker Keystroke: [Space]
2025-10-23 20:36:16.284 - [Debug] [SHELL] Attacker Keystroke: s
2025-10-23 20:36:16.669 - [Debug] [SHELL] Attacker Keystroke: [DEL]
2025-10-23 20:36:16.869 - [Debug] [SHELL] Attacker Keystroke: S
2025-10-23 20:36:17.481 - [Debug] [SHELL] Attacker Keystroke: t
2025-10-23 20:36:17.656 - [Debug] [SHELL] Attacker Keystroke: u
2025-10-23 20:36:17.775 - [Debug] [SHELL] Attacker Keystroke: d
2025-10-23 20:36:17.979 - [Debug] [SHELL] Attacker Keystroke: y
2025-10-23 20:36:18.818 - [Debug] [SHELL] Attacker Keystroke: _
2025-10-23 20:36:19.083 - [Debug] [SHELL] Attacker Keystroke: A
2025-10-23 20:36:19.284 - [Debug] [SHELL] Attacker Keystroke: b
2025-10-23 20:36:19.518 - [Debug] [SHELL] Attacker Keystroke: o
2025-10-23 20:36:19.689 - [Debug] [SHELL] Attacker Keystroke: r
2025-10-23 20:36:20.265 - [Debug] [SHELL] Attacker Keystroke: [DEL]
2025-10-23 20:36:20.363 - [Debug] [SHELL] Attacker Keystroke: [DEL]
2025-10-23 20:36:20.496 - [Debug] [SHELL] Attacker Keystroke: r
2025-10-23 20:36:20.651 - [Debug] [SHELL] Attacker Keystroke: o
2025-10-23 20:36:21.131 - [Debug] [SHELL] Attacker Keystroke: a
2025-10-23 20:36:21.298 - [Debug] [Connection] Attacker connected: 196.251.88.103 | Client Identification: SSH-2.0-Go
2025-10-23 20:36:21.374 - [Debug] [SHELL] Attacker Keystroke: d
2025-10-23 20:36:21.911 - [Debug] [Auth] Attacker 196.251.88.103 trying to authenticate with "none"
2025-10-23 20:36:21.911 - [Debug] [Auth] Attacker authentication error: No authentication method provided
2025-10-23 20:36:21.919 - [Debug] [SHELL] Attacker Keystroke: _
2025-10-23 20:36:22.603 - [Debug] [SHELL] Attacker Keystroke: F
2025-10-23 20:36:22.756 - [Debug] [SHELL] Attacker Keystroke: o
2025-10-23 20:36:22.927 - [Debug] [SHELL] Attacker Keystroke: r
2025-10-23 20:36:23.055 - [Debug] [SHELL] Attacker Keystroke: m
2025-10-23 20:36:23.205 - [Debug] [SHELL] Attacker Keystroke: s
2025-10-23 20:36:23.340 - [Debug] [SHELL] Attacker Keystroke: [CR]
2025-10-23 20:36:23.340 - [Debug] [SHELL] line from reader: cat Study_Abroad_Forms
2025-10-23 20:36:23.340 - [Debug] [SHELL] Keystroke buffer: 99,97,116,32,115,127,83,116,117,100,121,95,65,98,111,114,127,127,114,111,97,100,95,70,111,114,109,115,13
2025-10-23 20:36:26.667 - [Debug] [SHELL] Attacker Keystroke: w
2025-10-23 20:36:27.434 - [Debug] [SHELL] Attacker Keystroke: [DEL]
2025-10-23 20:36:27.598 - [Debug] [SHELL] Attacker Keystroke: e
2025-10-23 20:36:27.868 - [Debug] [SHELL] Attacker Keystroke: x
2025-10-23 20:36:28.017 - [Debug] [SHELL] Attacker Keystroke: i
2025-10-23 20:36:28.286 - [Debug] [SHELL] Attacker Keystroke: t
2025-10-23 20:36:28.788 - [Debug] [SHELL] Attacker Keystroke: [CR]
2025-10-23 20:36:28.788 - [Debug] [SHELL] line from reader: exit
2025-10-23 20:36:28.788 - [Debug] [SHELL] Keystroke buffer: 119,127,101,120,105,116,13
2025-10-23 20:36:28.791 - [Debug] [LXC Streams] Removed Stream | Total streams: 0
2025-10-23 20:36:28.791 - [Debug] [SHELL] Honeypot ended shell
2025-10-23 20:36:28.842 - [Debug] [SHELL] Attacker ended the shell
2025-10-23 20:36:28.843 - [Debug] [Connection] Attacker closed connection
2025-10-23 20:36:28.845 - [Debug] [LXC] Container's OpenSSH server ended connection
2025-10-23 20:36:28.846 - [Debug] [LXC] Container's OpenSSH server closed connection
2025-10-23 20:36:29.298 - [Debug] [Connection] Attacker closed the connection
