2025-10-21 11:22:57.313 - [Info] MITM Version: 1.4
2025-10-21 11:22:57.316 - [Info] Auto Access Enabled: true
2025-10-21 11:22:57.316 - [Debug] [Init] Auto Access Barrier: true
2025-10-21 11:22:57.322 - [Info] SSH man-in-the-middle server for 172.20.0.3 listening on 0.0.0.0:10002
2025-10-21 11:23:01.163 - [Debug] [Connection] Attacker connected: 10.173.150.42 | Client Identification: SSH-2.0-OpenSSH_for_Windows_9.5
2025-10-21 11:23:02.764 - [Debug] [Auth] Attacker 10.173.150.42 trying to authenticate with "none"
2025-10-21 11:23:02.765 - [Debug] [Auth] Attacker authentication error: No authentication method provided
2025-10-21 11:23:02.825 - [Debug] [Auth] Attacker 10.173.150.42 trying to authenticate with "publickey"
2025-10-21 11:23:02.826 - [Debug] [Auth] Attacker authentication error: Publickey authentication failed
2025-10-21 11:23:02.827 - [Debug] [Auth] Attacker: 10.173.150.42 has so far made 1 attempts. Remaining: 5 attempts
2025-10-21 11:23:05.311 - [Debug] [Auth] Attacker 10.173.150.42 trying to authenticate with "password"
2025-10-21 11:23:05.313 - [Debug] [Auto Access] Attacker: 10.173.150.42, Threshold: 1, Attempts: 1
2025-10-21 11:23:05.313 - [Debug] [Auto Access] Compromising the honeypot
2025-10-21 11:23:05.313 - [Debug] [Auto Access] Adding the following credentials: "subomi:silly"
2025-10-21 11:23:05.657 - [Debug] [Auth] Valid credentials - Password Authentication
2025-10-21 11:23:05.657 - [Debug] [LXC] Attempting to connect to the honeypot: 172.20.0.3
2025-10-21 11:23:05.690 - [Debug] [LXC-Auth] Attacker authenticated and is inside container
2025-10-21 11:23:06.051 - [Debug] [SHELL] Opened shell for attacker
2025-10-21 11:23:06.053 - [Debug] [LXC Streams] New Stream | Total Streams: 1
2025-10-21 11:23:06.607 - [Debug] [SHELL] Attacker Keystroke: e
2025-10-21 11:23:06.816 - [Debug] [SHELL] Attacker Keystroke: c
2025-10-21 11:23:06.899 - [Debug] [SHELL] Attacker Keystroke: h
2025-10-21 11:23:07.047 - [Debug] [SHELL] Attacker Keystroke: o
2025-10-21 11:23:07.574 - [Debug] [SHELL] Attacker Keystroke: [Space]
2025-10-21 11:23:07.823 - [Debug] [SHELL] Attacker Keystroke: "
2025-10-21 11:23:08.230 - [Debug] [SHELL] Attacker Keystroke: i
2025-10-21 11:23:08.371 - [Debug] [SHELL] Attacker Keystroke: m
2025-10-21 11:23:08.453 - [Debug] [SHELL] Attacker Keystroke: [Space]
2025-10-21 11:23:08.609 - [Debug] [SHELL] Attacker Keystroke: l
2025-10-21 11:23:08.665 - [Debug] [SHELL] Attacker Keystroke: e
2025-10-21 11:23:08.751 - [Debug] [SHELL] Attacker Keystroke: a
2025-10-21 11:23:08.927 - [Debug] [SHELL] Attacker Keystroke: v
2025-10-21 11:23:09.044 - [Debug] [SHELL] Attacker Keystroke: i
2025-10-21 11:23:09.121 - [Debug] [SHELL] Attacker Keystroke: n
2025-10-21 11:23:09.198 - [Debug] [SHELL] Attacker Keystroke: g
2025-10-21 11:23:09.290 - [Debug] [SHELL] Attacker Keystroke: [Space]
2025-10-21 11:23:09.988 - [Debug] [SHELL] Attacker Keystroke: [DEL]
2025-10-21 11:23:10.270 - [Debug] [SHELL] Attacker Keystroke: "
2025-10-21 11:23:10.518 - [Debug] [SHELL] Attacker Keystroke: [CR]
2025-10-21 11:23:10.519 - [Debug] [SHELL] line from reader: echo "im leaving"
2025-10-21 11:23:10.519 - [Debug] [SHELL] Keystroke buffer: 101,99,104,111,32,34,105,109,32,108,101,97,118,105,110,103,32,127,34,13
2025-10-21 11:23:11.152 - [Debug] [SHELL] Attacker Keystroke: e
2025-10-21 11:23:12.010 - [Debug] [SHELL] Attacker Keystroke: [DEL]
2025-10-21 11:23:12.269 - [Debug] [SHELL] Attacker Keystroke: l
2025-10-21 11:23:12.412 - [Debug] [SHELL] Attacker Keystroke: s
2025-10-21 11:23:12.521 - [Debug] [SHELL] Attacker Keystroke: [CR]
2025-10-21 11:23:12.521 - [Debug] [SHELL] line from reader: ls
2025-10-21 11:23:12.521 - [Debug] [SHELL] Keystroke buffer: 101,127,108,115,13
2025-10-21 11:23:13.602 - [Debug] [SHELL] Attacker Keystroke: w
2025-10-21 11:23:13.711 - [Debug] [SHELL] Attacker Keystroke: h
2025-10-21 11:23:13.763 - [Debug] [SHELL] Attacker Keystroke: o
2025-10-21 11:23:13.882 - [Debug] [SHELL] Attacker Keystroke: a
2025-10-21 11:23:13.990 - [Debug] [SHELL] Attacker Keystroke: m
2025-10-21 11:23:14.144 - [Debug] [SHELL] Attacker Keystroke: i
2025-10-21 11:23:14.393 - [Debug] [SHELL] Attacker Keystroke: [CR]
2025-10-21 11:23:14.394 - [Debug] [SHELL] line from reader: whoami
2025-10-21 11:23:14.394 - [Debug] [SHELL] Keystroke buffer: 119,104,111,97,109,105,13
2025-10-21 11:23:14.701 - [Debug] [SHELL] Attacker Keystroke: e
2025-10-21 11:23:14.889 - [Debug] [SHELL] Attacker Keystroke: x
2025-10-21 11:23:14.911 - [Debug] [SHELL] Attacker Keystroke: i
2025-10-21 11:23:15.117 - [Debug] [SHELL] Attacker Keystroke: t
2025-10-21 11:23:15.230 - [Debug] [SHELL] Attacker Keystroke: [CR]
2025-10-21 11:23:15.230 - [Debug] [SHELL] line from reader: exit
2025-10-21 11:23:15.230 - [Debug] [SHELL] Keystroke buffer: 101,120,105,116,13
2025-10-21 11:23:15.233 - [Debug] [LXC Streams] Removed Stream | Total streams: 0
2025-10-21 11:23:15.233 - [Debug] [SHELL] Honeypot ended shell
2025-10-21 11:23:15.288 - [Debug] [SHELL] Attacker ended the shell
2025-10-21 11:23:15.289 - [Debug] [Connection] Attacker closed connection
2025-10-21 11:23:15.292 - [Debug] [LXC] Container's OpenSSH server ended connection
2025-10-21 11:23:15.293 - [Debug] [LXC] Container's OpenSSH server closed connection
