2025-10-21 11:05:02.473 - [Info] MITM Version: 1.4
2025-10-21 11:05:02.475 - [Info] Auto Access Enabled: true
2025-10-21 11:05:02.475 - [Debug] [Init] Auto Access Barrier: true
2025-10-21 11:05:02.481 - [Info] SSH man-in-the-middle server for 172.20.0.3 listening on 0.0.0.0:10002
2025-10-21 11:05:12.978 - [Debug] [Connection] Attacker connected: 10.173.150.42 | Client Identification: SSH-2.0-OpenSSH_for_Windows_9.5
2025-10-21 11:05:14.354 - [Debug] [Auth] Attacker 10.173.150.42 trying to authenticate with "none"
2025-10-21 11:05:14.354 - [Debug] [Auth] Attacker authentication error: No authentication method provided
2025-10-21 11:05:14.415 - [Debug] [Auth] Attacker 10.173.150.42 trying to authenticate with "publickey"
2025-10-21 11:05:14.416 - [Debug] [Auth] Attacker authentication error: Publickey authentication failed
2025-10-21 11:05:14.416 - [Debug] [Auth] Attacker: 10.173.150.42 has so far made 1 attempts. Remaining: 5 attempts
2025-10-21 11:05:16.120 - [Debug] [Auth] Attacker 10.173.150.42 trying to authenticate with "password"
2025-10-21 11:05:16.121 - [Debug] [Auto Access] Attacker: 10.173.150.42, Threshold: 1, Attempts: 1
2025-10-21 11:05:16.121 - [Debug] [Auto Access] Compromising the honeypot
2025-10-21 11:05:16.122 - [Debug] [Auto Access] Adding the following credentials: "hello:hi"
2025-10-21 11:05:16.504 - [Debug] [Auth] Valid credentials - Password Authentication
2025-10-21 11:05:16.504 - [Debug] [LXC] Attempting to connect to the honeypot: 172.20.0.3
2025-10-21 11:05:16.536 - [Debug] [LXC-Auth] Attacker authenticated and is inside container
2025-10-21 11:05:16.969 - [Debug] [SHELL] Opened shell for attacker
2025-10-21 11:05:16.971 - [Debug] [LXC Streams] New Stream | Total Streams: 1
2025-10-21 11:05:18.571 - [Debug] [SHELL] Attacker Keystroke: e
2025-10-21 11:05:18.838 - [Debug] [SHELL] Attacker Keystroke: c
2025-10-21 11:05:19.104 - [Debug] [SHELL] Attacker Keystroke: h
2025-10-21 11:05:19.195 - [Debug] [SHELL] Attacker Keystroke: o
2025-10-21 11:05:19.271 - [Debug] [SHELL] Attacker Keystroke: [Space]
2025-10-21 11:05:19.534 - [Debug] [SHELL] Attacker Keystroke: i
2025-10-21 11:05:19.535 - [Debug] [SHELL] Attacker Keystroke: h
2025-10-21 11:05:19.835 - [Debug] [SHELL] Attacker Keystroke: [CR]
2025-10-21 11:05:19.835 - [Debug] [SHELL] line from reader: echo ih
2025-10-21 11:05:19.836 - [Debug] [SHELL] Keystroke buffer: 101,99,104,111,32,105,104,13
2025-10-21 11:05:21.619 - [Debug] [SHELL] Attacker Keystroke: l
2025-10-21 11:05:21.698 - [Debug] [SHELL] Attacker Keystroke: s
2025-10-21 11:05:21.897 - [Debug] [SHELL] Attacker Keystroke: [CR]
2025-10-21 11:05:21.898 - [Debug] [SHELL] line from reader: ls
2025-10-21 11:05:21.898 - [Debug] [SHELL] Keystroke buffer: 108,115,13
2025-10-21 11:05:22.692 - [Debug] [SHELL] Attacker Keystroke: c
2025-10-21 11:05:23.021 - [Debug] [SHELL] Attacker Keystroke: d
2025-10-21 11:05:23.074 - [Debug] [SHELL] Attacker Keystroke: [Space]
2025-10-21 11:05:23.581 - [Debug] [SHELL] Attacker Keystroke: A
2025-10-21 11:05:24.173 - [Debug] [SHELL] Attacker Keystroke: p
2025-10-21 11:05:24.413 - [Debug] [SHELL] Attacker Keystroke: p
2025-10-21 11:05:24.786 - [Debug] [SHELL] Attacker Keystroke: l
2025-10-21 11:05:24.893 - [Debug] [SHELL] Attacker Keystroke: i
2025-10-21 11:05:25.037 - [Debug] [SHELL] Attacker Keystroke: c
2025-10-21 11:05:25.116 - [Debug] [SHELL] Attacker Keystroke: a
2025-10-21 11:05:25.381 - [Debug] [SHELL] Attacker Keystroke: t
2025-10-21 11:05:25.488 - [Debug] [SHELL] Attacker Keystroke: i
2025-10-21 11:05:25.565 - [Debug] [SHELL] Attacker Keystroke: o
2025-10-21 11:05:25.642 - [Debug] [SHELL] Attacker Keystroke: n
2025-10-21 11:05:25.780 - [Debug] [SHELL] Attacker Keystroke: s
2025-10-21 11:05:25.948 - [Debug] [SHELL] Attacker Keystroke: [CR]
2025-10-21 11:05:25.948 - [Debug] [SHELL] line from reader: cd Applications
2025-10-21 11:05:25.948 - [Debug] [SHELL] Keystroke buffer: 99,100,32,65,112,112,108,105,99,97,116,105,111,110,115,13
2025-10-21 11:05:26.335 - [Debug] [SHELL] Attacker Keystroke: l
2025-10-21 11:05:26.508 - [Debug] [SHELL] Attacker Keystroke: s
2025-10-21 11:05:26.580 - [Debug] [SHELL] Attacker Keystroke: [CR]
2025-10-21 11:05:26.581 - [Debug] [SHELL] line from reader: ls
2025-10-21 11:05:26.581 - [Debug] [SHELL] Keystroke buffer: 108,115,13
2025-10-21 11:05:27.599 - [Debug] [SHELL] Attacker Keystroke: c
2025-10-21 11:05:27.728 - [Debug] [SHELL] Attacker Keystroke: a
2025-10-21 11:05:27.994 - [Debug] [SHELL] Attacker Keystroke: t
2025-10-21 11:05:28.110 - [Debug] [SHELL] Attacker Keystroke: [Space]
2025-10-21 11:05:28.338 - [Debug] [SHELL] Attacker Keystroke: p
2025-10-21 11:05:28.438 - [Debug] [SHELL] Attacker Keystroke: e
2025-10-21 11:05:28.510 - [Debug] [SHELL] Attacker Keystroke: r
2025-10-21 11:05:29.271 - [Debug] [SHELL] Attacker Keystroke: [DEL]
2025-10-21 11:05:29.442 - [Debug] [SHELL] Attacker Keystroke: [DEL]
2025-10-21 11:05:29.618 - [Debug] [SHELL] Attacker Keystroke: [DEL]
2025-10-21 11:05:30.539 - [Debug] [SHELL] Attacker Keystroke: [DEL]
2025-10-21 11:05:31.007 - [Debug] [SHELL] Attacker Keystroke: [DEL]
2025-10-21 11:05:31.058 - [Debug] [SHELL] Attacker Keystroke: [DEL]
2025-10-21 11:05:31.083 - [Debug] [SHELL] Attacker Keystroke: [DEL]
2025-10-21 11:05:31.114 - [Debug] [SHELL] Attacker Keystroke: [DEL]
2025-10-21 11:05:31.145 - [Debug] [SHELL] Attacker Keystroke: [DEL]
2025-10-21 11:05:31.176 - [Debug] [SHELL] Attacker Keystroke: [DEL]
2025-10-21 11:05:31.207 - [Debug] [SHELL] Attacker Keystroke: [DEL]
2025-10-21 11:05:31.238 - [Debug] [SHELL] Attacker Keystroke: [DEL]
2025-10-21 11:05:31.269 - [Debug] [SHELL] Attacker Keystroke: [DEL]
2025-10-21 11:05:31.300 - [Debug] [SHELL] Attacker Keystroke: [DEL]
2025-10-21 11:05:31.331 - [Debug] [SHELL] Attacker Keystroke: [DEL]
2025-10-21 11:05:31.556 - [Debug] [SHELL] Attacker Keystroke: c
2025-10-21 11:05:31.703 - [Debug] [SHELL] Attacker Keystroke: a
2025-10-21 11:05:31.906 - [Debug] [SHELL] Attacker Keystroke: t
2025-10-21 11:05:31.983 - [Debug] [SHELL] Attacker Keystroke: [Space]
2025-10-21 11:05:32.296 - [Debug] [SHELL] Attacker Keystroke: *
2025-10-21 11:05:32.573 - [Debug] [SHELL] Attacker Keystroke: [CR]
2025-10-21 11:05:32.574 - [Debug] [SHELL] line from reader: cat *
2025-10-21 11:05:32.574 - [Debug] [SHELL] Keystroke buffer: 99,97,116,32,112,101,114,127,127,127,127,127,127,127,127,127,127,127,127,127,127,127,99,97,116,32,42,13
2025-10-21 11:05:35.501 - [Debug] [SHELL] Attacker Keystroke: e
2025-10-21 11:05:35.714 - [Debug] [SHELL] Attacker Keystroke: c
2025-10-21 11:05:35.823 - [Debug] [SHELL] Attacker Keystroke: h
2025-10-21 11:05:35.994 - [Debug] [SHELL] Attacker Keystroke: o
2025-10-21 11:05:36.388 - [Debug] [SHELL] Attacker Keystroke: [Space]
2025-10-21 11:05:36.712 - [Debug] [SHELL] Attacker Keystroke: "
2025-10-21 11:05:37.034 - [Debug] [SHELL] Attacker Keystroke: I
2025-10-21 11:05:37.295 - [Debug] [SHELL] Attacker Keystroke: m
2025-10-21 11:05:37.374 - [Debug] [SHELL] Attacker Keystroke: [Space]
2025-10-21 11:05:37.675 - [Debug] [SHELL] Attacker Keystroke: t
2025-10-21 11:05:37.750 - [Debug] [SHELL] Attacker Keystroke: i
2025-10-21 11:05:37.829 - [Debug] [SHELL] Attacker Keystroke: m
2025-10-21 11:05:37.999 - [Debug] [SHELL] Attacker Keystroke: i
2025-10-21 11:05:38.108 - [Debug] [SHELL] Attacker Keystroke: n
2025-10-21 11:05:38.273 - [Debug] [SHELL] Attacker Keystroke: [Space]
2025-10-21 11:05:38.605 - [Debug] [SHELL] Attacker Keystroke: [DEL]
2025-10-21 11:05:38.654 - [Debug] [SHELL] Attacker Keystroke: g
2025-10-21 11:05:38.773 - [Debug] [SHELL] Attacker Keystroke: [Space]
2025-10-21 11:05:38.946 - [Debug] [SHELL] Attacker Keystroke: o
2025-10-21 11:05:39.053 - [Debug] [SHELL] Attacker Keystroke: t
2025-10-21 11:05:39.054 - [Debug] [SHELL] Attacker Keystroke: u
2025-10-21 11:05:39.405 - [Debug] [SHELL] Attacker Keystroke: "
2025-10-21 11:05:39.723 - [Debug] [SHELL] Attacker Keystroke: [DEL]
2025-10-21 11:05:39.905 - [Debug] [SHELL] Attacker Keystroke: [DEL]
2025-10-21 11:05:40.044 - [Debug] [SHELL] Attacker Keystroke: [DEL]
2025-10-21 11:05:40.280 - [Debug] [SHELL] Attacker Keystroke: u
2025-10-21 11:05:40.388 - [Debug] [SHELL] Attacker Keystroke: t
2025-10-21 11:05:40.687 - [Debug] [SHELL] Attacker Keystroke: "
2025-10-21 11:05:41.009 - [Debug] [SHELL] Attacker Keystroke: [CR]
2025-10-21 11:05:41.009 - [Debug] [SHELL] line from reader: echo "Im timing out"
2025-10-21 11:05:41.009 - [Debug] [SHELL] Keystroke buffer: 101,99,104,111,32,34,73,109,32,116,105,109,105,110,32,127,103,32,111,116,117,34,127,127,127,117,116,34,13
