2025-10-21 12:43:44.951 - [Info] MITM Version: 1.4
2025-10-21 12:43:44.954 - [Info] Auto Access Enabled: true
2025-10-21 12:43:44.954 - [Debug] [Init] Auto Access Barrier: true
2025-10-21 12:43:44.959 - [Info] SSH man-in-the-middle server for 172.20.0.3 listening on 0.0.0.0:10002
2025-10-21 12:43:46.512 - [Debug] [Connection] Attacker connected: 10.173.150.42 | Client Identification: SSH-2.0-OpenSSH_for_Windows_9.5
2025-10-21 12:43:47.906 - [Debug] [Auth] Attacker 10.173.150.42 trying to authenticate with "none"
2025-10-21 12:43:47.906 - [Debug] [Auth] Attacker authentication error: No authentication method provided
2025-10-21 12:43:47.969 - [Debug] [Auth] Attacker 10.173.150.42 trying to authenticate with "publickey"
2025-10-21 12:43:47.970 - [Debug] [Auth] Attacker authentication error: Publickey authentication failed
2025-10-21 12:43:47.970 - [Debug] [Auth] Attacker: 10.173.150.42 has so far made 1 attempts. Remaining: 5 attempts
2025-10-21 12:43:49.124 - [Debug] [Auth] Attacker 10.173.150.42 trying to authenticate with "password"
2025-10-21 12:43:49.126 - [Debug] [Auto Access] Attacker: 10.173.150.42, Threshold: 1, Attempts: 1
2025-10-21 12:43:49.126 - [Debug] [Auto Access] Compromising the honeypot
2025-10-21 12:43:49.126 - [Debug] [Auto Access] Adding the following credentials: "subomi:hi"
2025-10-21 12:43:49.480 - [Debug] [Auth] Valid credentials - Password Authentication
2025-10-21 12:43:49.480 - [Debug] [LXC] Attempting to connect to the honeypot: 172.20.0.3
2025-10-21 12:43:49.511 - [Debug] [LXC-Auth] Attacker authenticated and is inside container
2025-10-21 12:43:49.885 - [Debug] [SHELL] Opened shell for attacker
2025-10-21 12:43:49.887 - [Debug] [LXC Streams] New Stream | Total Streams: 1
2025-10-21 12:43:50.516 - [Debug] [SHELL] Attacker Keystroke: e
2025-10-21 12:43:50.727 - [Debug] [SHELL] Attacker Keystroke: c
2025-10-21 12:43:50.839 - [Debug] [SHELL] Attacker Keystroke: h
2025-10-21 12:43:50.894 - [Debug] [SHELL] Attacker Keystroke: o
2025-10-21 12:43:51.008 - [Debug] [SHELL] Attacker Keystroke: [Space]
2025-10-21 12:43:51.114 - [Debug] [SHELL] Attacker Keystroke: h
2025-10-21 12:43:51.196 - [Debug] [SHELL] Attacker Keystroke: i
2025-10-21 12:43:51.398 - [Debug] [SHELL] Attacker Keystroke: [CR]
2025-10-21 12:43:51.399 - [Debug] [SHELL] line from reader: echo hi
2025-10-21 12:43:51.399 - [Debug] [SHELL] Keystroke buffer: 101,99,104,111,32,104,105,13
2025-10-21 12:45:20.142 - [Debug] [SHELL] Attacker Keystroke: e
2025-10-21 12:45:20.353 - [Debug] [SHELL] Attacker Keystroke: s
2025-10-21 12:45:20.588 - [Debug] [SHELL] Attacker Keystroke: o
2025-10-21 12:45:21.008 - [Debug] [SHELL] Attacker Keystroke: [DEL]
2025-10-21 12:45:21.101 - [Debug] [SHELL] Attacker Keystroke: [DEL]
2025-10-21 12:45:21.489 - [Debug] [SHELL] Attacker Keystroke: x
2025-10-21 12:45:21.581 - [Debug] [SHELL] Attacker Keystroke: i
2025-10-21 12:45:21.721 - [Debug] [SHELL] Attacker Keystroke: t
2025-10-21 12:45:21.861 - [Debug] [SHELL] Attacker Keystroke: [CR]
2025-10-21 12:45:21.862 - [Debug] [SHELL] line from reader: exit
2025-10-21 12:45:21.862 - [Debug] [SHELL] Keystroke buffer: 101,115,111,127,127,120,105,116,13
2025-10-21 12:45:21.865 - [Debug] [LXC Streams] Removed Stream | Total streams: 0
2025-10-21 12:45:21.865 - [Debug] [SHELL] Honeypot ended shell
2025-10-21 12:45:21.916 - [Debug] [SHELL] Attacker ended the shell
2025-10-21 12:45:21.917 - [Debug] [Connection] Attacker closed connection
2025-10-21 12:45:21.920 - [Debug] [LXC] Container's OpenSSH server ended connection
2025-10-21 12:45:21.920 - [Debug] [LXC] Container's OpenSSH server closed connection
