2025-10-21 14:21:14.394 - [Info] MITM Version: 1.4
2025-10-21 14:21:14.396 - [Info] Auto Access Enabled: true
2025-10-21 14:21:14.397 - [Debug] [Init] Auto Access Barrier: true
2025-10-21 14:21:14.402 - [Info] SSH man-in-the-middle server for 172.20.0.3 listening on 0.0.0.0:10002
2025-10-21 14:21:47.401 - [Debug] [Connection] Attacker connected: 10.175.90.186 | Client Identification: SSH-2.0-OpenSSH_for_Windows_9.5
2025-10-21 14:21:47.429 - [Debug] [Connection] Attacker closed the connection
2025-10-21 14:22:00.767 - [Debug] [Connection] Attacker connected: 10.175.90.186 | Client Identification: SSH-2.0-OpenSSH_for_Windows_9.5
2025-10-21 14:22:02.221 - [Debug] [Auth] Attacker 10.175.90.186 trying to authenticate with "none"
2025-10-21 14:22:02.221 - [Debug] [Auth] Attacker authentication error: No authentication method provided
2025-10-21 14:22:02.284 - [Debug] [Auth] Attacker 10.175.90.186 trying to authenticate with "publickey"
2025-10-21 14:22:02.285 - [Debug] [Auth] Attacker authentication error: Publickey authentication failed
2025-10-21 14:22:02.285 - [Debug] [Auth] Attacker: 10.175.90.186 has so far made 1 attempts. Remaining: 5 attempts
2025-10-21 14:22:04.030 - [Debug] [Auth] Attacker 10.175.90.186 trying to authenticate with "password"
2025-10-21 14:22:04.032 - [Debug] [Auto Access] Attacker: 10.175.90.186, Threshold: 1, Attempts: 1
2025-10-21 14:22:04.032 - [Debug] [Auto Access] Compromising the honeypot
2025-10-21 14:22:04.032 - [Debug] [Auto Access] Adding the following credentials: "subomi:hi"
2025-10-21 14:22:04.396 - [Debug] [Auth] Valid credentials - Password Authentication
2025-10-21 14:22:04.396 - [Debug] [LXC] Attempting to connect to the honeypot: 172.20.0.3
2025-10-21 14:22:04.428 - [Debug] [LXC-Auth] Attacker authenticated and is inside container
2025-10-21 14:22:04.804 - [Debug] [SHELL] Opened shell for attacker
2025-10-21 14:22:04.806 - [Debug] [LXC Streams] New Stream | Total Streams: 1
2025-10-21 14:22:06.033 - [Debug] [SHELL] Attacker Keystroke: e
2025-10-21 14:22:06.240 - [Debug] [SHELL] Attacker Keystroke: c
2025-10-21 14:22:06.359 - [Debug] [SHELL] Attacker Keystroke: h
2025-10-21 14:22:06.389 - [Debug] [SHELL] Attacker Keystroke: o
2025-10-21 14:22:06.497 - [Debug] [SHELL] Attacker Keystroke: [Space]
2025-10-21 14:22:06.700 - [Debug] [SHELL] Attacker Keystroke: h
2025-10-21 14:22:06.729 - [Debug] [SHELL] Attacker Keystroke: i
2025-10-21 14:22:06.898 - [Debug] [SHELL] Attacker Keystroke: [CR]
2025-10-21 14:22:06.898 - [Debug] [SHELL] line from reader: echo hi
2025-10-21 14:22:06.898 - [Debug] [SHELL] Keystroke buffer: 101,99,104,111,32,104,105,13
2025-10-21 14:22:08.255 - [Debug] [SHELL] Attacker Keystroke: l
2025-10-21 14:22:08.551 - [Debug] [SHELL] Attacker Keystroke: s
2025-10-21 14:22:08.672 - [Debug] [SHELL] Attacker Keystroke: [CR]
2025-10-21 14:22:08.673 - [Debug] [SHELL] line from reader: ls
2025-10-21 14:22:08.673 - [Debug] [SHELL] Keystroke buffer: 108,115,13
2025-10-21 14:22:09.312 - [Debug] [SHELL] Attacker Keystroke: c
2025-10-21 14:22:09.480 - [Debug] [SHELL] Attacker Keystroke: d
2025-10-21 14:22:09.533 - [Debug] [SHELL] Attacker Keystroke: [Space]
2025-10-21 14:22:09.807 - [Debug] [SHELL] Attacker Keystroke: G
2025-10-21 14:22:10.165 - [Debug] [SHELL] Attacker Keystroke: r
2025-10-21 14:22:10.284 - [Debug] [SHELL] Attacker Keystroke: a
2025-10-21 14:22:10.396 - [Debug] [SHELL] Attacker Keystroke: n
2025-10-21 14:22:10.560 - [Debug] [SHELL] Attacker Keystroke: d
2025-10-21 14:22:11.079 - [Debug] [SHELL] Attacker Keystroke: [DEL]
2025-10-21 14:22:11.151 - [Debug] [SHELL] Attacker Keystroke: t
2025-10-21 14:22:11.513 - [Debug] [SHELL] Attacker Keystroke: _
2025-10-21 14:22:12.369 - [Debug] [SHELL] Attacker Keystroke: P
2025-10-21 14:22:12.539 - [Debug] [SHELL] Attacker Keystroke: r
2025-10-21 14:22:12.620 - [Debug] [SHELL] Attacker Keystroke: o
2025-10-21 14:22:12.765 - [Debug] [SHELL] Attacker Keystroke: p
2025-10-21 14:22:12.909 - [Debug] [SHELL] Attacker Keystroke: o
2025-10-21 14:22:13.048 - [Debug] [SHELL] Attacker Keystroke: s
2025-10-21 14:22:13.124 - [Debug] [SHELL] Attacker Keystroke: a
2025-10-21 14:22:13.232 - [Debug] [SHELL] Attacker Keystroke: l
2025-10-21 14:22:13.340 - [Debug] [SHELL] Attacker Keystroke: s
2025-10-21 14:22:13.665 - [Debug] [SHELL] Attacker Keystroke: [CR]
2025-10-21 14:22:13.665 - [Debug] [SHELL] line from reader: cd Grant_Proposals
2025-10-21 14:22:13.666 - [Debug] [SHELL] Keystroke buffer: 99,100,32,71,114,97,110,100,127,116,95,80,114,111,112,111,115,97,108,115,13
2025-10-21 14:22:14.090 - [Debug] [SHELL] Attacker Keystroke: l
2025-10-21 14:22:14.198 - [Debug] [SHELL] Attacker Keystroke: s
2025-10-21 14:22:14.341 - [Debug] [SHELL] Attacker Keystroke: [CR]
2025-10-21 14:22:14.341 - [Debug] [SHELL] line from reader: ls
2025-10-21 14:22:14.341 - [Debug] [SHELL] Keystroke buffer: 108,115,13
2025-10-21 14:22:14.856 - [Debug] [SHELL] Attacker Keystroke: c
2025-10-21 14:22:14.946 - [Debug] [SHELL] Attacker Keystroke: a
2025-10-21 14:22:15.131 - [Debug] [SHELL] Attacker Keystroke: t
2025-10-21 14:22:15.210 - [Debug] [SHELL] Attacker Keystroke: [Space]
2025-10-21 14:22:15.551 - [Debug] [SHELL] Attacker Keystroke: A
2025-10-21 14:22:16.230 - [Debug] [SHELL] Attacker Keystroke: [DEL]
2025-10-21 14:22:16.561 - [Debug] [SHELL] Attacker Keystroke: *
2025-10-21 14:22:16.927 - [Debug] [SHELL] Attacker Keystroke: [CR]
2025-10-21 14:22:16.927 - [Debug] [SHELL] line from reader: cat *
2025-10-21 14:22:16.927 - [Debug] [SHELL] Keystroke buffer: 99,97,116,32,65,127,42,13
2025-10-21 14:22:23.030 - [Debug] [SHELL] Attacker Keystroke: l
2025-10-21 14:22:23.148 - [Debug] [SHELL] Attacker Keystroke: s
2025-10-21 14:22:23.226 - [Debug] [SHELL] Attacker Keystroke: [CR]
2025-10-21 14:22:23.226 - [Debug] [SHELL] line from reader: ls
2025-10-21 14:22:23.226 - [Debug] [SHELL] Keystroke buffer: 108,115,13
2025-10-21 14:22:23.641 - [Debug] [SHELL] Attacker Keystroke: e
2025-10-21 14:22:23.849 - [Debug] [SHELL] Attacker Keystroke: c
2025-10-21 14:22:23.899 - [Debug] [SHELL] Attacker Keystroke: h
2025-10-21 14:22:24.048 - [Debug] [SHELL] Attacker Keystroke: o
2025-10-21 14:22:24.157 - [Debug] [SHELL] Attacker Keystroke: [Space]
2025-10-21 14:22:24.675 - [Debug] [SHELL] Attacker Keystroke: "
2025-10-21 14:22:25.656 - [Debug] [SHELL] Attacker Keystroke: D
2025-10-21 14:22:26.116 - [Debug] [SHELL] Attacker Keystroke: [DEL]
2025-10-21 14:22:26.270 - [Debug] [SHELL] Attacker Keystroke: d
2025-10-21 14:22:26.320 - [Debug] [SHELL] Attacker Keystroke: o
2025-10-21 14:22:26.407 - [Debug] [SHELL] Attacker Keystroke: n
2025-10-21 14:22:26.548 - [Debug] [SHELL] Attacker Keystroke: '
2025-10-21 14:22:26.625 - [Debug] [SHELL] Attacker Keystroke: t
2025-10-21 14:22:26.735 - [Debug] [SHELL] Attacker Keystroke: [Space]
2025-10-21 14:22:27.123 - [Debug] [SHELL] Attacker Keystroke: k
2025-10-21 14:22:27.292 - [Debug] [SHELL] Attacker Keystroke: i
2025-10-21 14:22:27.361 - [Debug] [SHELL] Attacker Keystroke: c
2025-10-21 14:22:27.478 - [Debug] [SHELL] Attacker Keystroke: k
2025-10-21 14:22:27.572 - [Debug] [SHELL] Attacker Keystroke: [Space]
2025-10-21 14:22:27.654 - [Debug] [SHELL] Attacker Keystroke: m
2025-10-21 14:22:27.736 - [Debug] [SHELL] Attacker Keystroke: e
2025-10-21 14:22:27.814 - [Debug] [SHELL] Attacker Keystroke: [Space]
2025-10-21 14:22:28.176 - [Debug] [SHELL] Attacker Keystroke: o
2025-10-21 14:22:28.252 - [Debug] [SHELL] Attacker Keystroke: u
2025-10-21 14:22:28.331 - [Debug] [SHELL] Attacker Keystroke: t
2025-10-21 14:22:28.402 - [Debug] [SHELL] Attacker Keystroke: [Space]
2025-10-21 14:22:28.548 - [Debug] [SHELL] Attacker Keystroke: p
2025-10-21 14:22:28.680 - [Debug] [SHELL] Attacker Keystroke: l
2025-10-21 14:22:28.680 - [Debug] [SHELL] Attacker Keystroke: e
2025-10-21 14:22:28.854 - [Debug] [SHELL] Attacker Keystroke: a
2025-10-21 14:22:29.125 - [Debug] [SHELL] Attacker Keystroke: s
2025-10-21 14:22:29.185 - [Debug] [SHELL] Attacker Keystroke: e
2025-10-21 14:22:29.445 - [Debug] [SHELL] Attacker Keystroke: "
2025-10-21 14:22:29.675 - [Debug] [SHELL] Attacker Keystroke: [CR]
2025-10-21 14:22:29.675 - [Debug] [SHELL] line from reader: echo "don't kick me out please"
2025-10-21 14:22:29.675 - [Debug] [SHELL] Keystroke buffer: 101,99,104,111,32,34,68,127,100,111,110,39,116,32,107,105,99,107,32,109,101,32,111,117,116,32,112,108,101,97,115,101,34,13
2025-10-21 14:22:30.856 - [Debug] [SHELL] Attacker Keystroke: c
2025-10-21 14:22:31.024 - [Debug] [SHELL] Attacker Keystroke: d
2025-10-21 14:22:31.054 - [Debug] [SHELL] Attacker Keystroke: [Space]
2025-10-21 14:22:31.245 - [Debug] [SHELL] Attacker Keystroke: .
2025-10-21 14:22:31.362 - [Debug] [SHELL] Attacker Keystroke: .
2025-10-21 14:22:31.600 - [Debug] [SHELL] Attacker Keystroke: [CR]
2025-10-21 14:22:31.601 - [Debug] [SHELL] line from reader: cd ..
2025-10-21 14:22:31.601 - [Debug] [SHELL] Keystroke buffer: 99,100,32,46,46,13
2025-10-21 14:22:31.991 - [Debug] [SHELL] Attacker Keystroke: l
2025-10-21 14:22:32.111 - [Debug] [SHELL] Attacker Keystroke: s
2025-10-21 14:22:32.219 - [Debug] [SHELL] Attacker Keystroke: [CR]
2025-10-21 14:22:32.220 - [Debug] [SHELL] line from reader: ls
2025-10-21 14:22:32.220 - [Debug] [SHELL] Keystroke buffer: 108,115,13
2025-10-21 14:22:32.702 - [Debug] [SHELL] Attacker Keystroke: c
2025-10-21 14:22:32.861 - [Debug] [SHELL] Attacker Keystroke: d
2025-10-21 14:22:33.058 - [Debug] [SHELL] Attacker Keystroke: [Space]
2025-10-21 14:22:33.601 - [Debug] [SHELL] Attacker Keystroke: .
2025-10-21 14:22:33.753 - [Debug] [SHELL] Attacker Keystroke: .
2025-10-21 14:22:33.917 - [Debug] [SHELL] Attacker Keystroke: [CR]
2025-10-21 14:22:33.917 - [Debug] [SHELL] line from reader: cd ..
2025-10-21 14:22:33.917 - [Debug] [SHELL] Keystroke buffer: 99,100,32,46,46,13
2025-10-21 14:22:34.589 - [Debug] [SHELL] Attacker Keystroke: l
2025-10-21 14:22:34.727 - [Debug] [SHELL] Attacker Keystroke: s
2025-10-21 14:22:34.819 - [Debug] [SHELL] Attacker Keystroke: [CR]
2025-10-21 14:22:34.819 - [Debug] [SHELL] line from reader: ls
2025-10-21 14:22:34.819 - [Debug] [SHELL] Keystroke buffer: 108,115,13
2025-10-21 14:22:35.798 - [Debug] [SHELL] Attacker Keystroke: c
2025-10-21 14:22:35.991 - [Debug] [SHELL] Attacker Keystroke: d
2025-10-21 14:22:36.077 - [Debug] [SHELL] Attacker Keystroke: [Space]
2025-10-21 14:22:36.515 - [Debug] [SHELL] Attacker Keystroke: s
2025-10-21 14:22:37.324 - [Debug] [SHELL] Attacker Keystroke: u
2025-10-21 14:22:37.434 - [Debug] [SHELL] Attacker Keystroke: b
2025-10-21 14:22:37.627 - [Debug] [SHELL] Attacker Keystroke: o
2025-10-21 14:22:37.711 - [Debug] [SHELL] Attacker Keystroke: m
2025-10-21 14:22:37.736 - [Debug] [SHELL] Attacker Keystroke: i
2025-10-21 14:22:40.556 - [Debug] [SHELL] Attacker Keystroke: [CR]
2025-10-21 14:22:40.556 - [Debug] [SHELL] line from reader: cd subomi
2025-10-21 14:22:40.556 - [Debug] [SHELL] Keystroke buffer: 99,100,32,115,117,98,111,109,105,13
2025-10-21 14:22:40.911 - [Debug] [SHELL] Attacker Keystroke: l
2025-10-21 14:22:41.073 - [Debug] [SHELL] Attacker Keystroke: s
2025-10-21 14:22:41.191 - [Debug] [SHELL] Attacker Keystroke: [CR]
2025-10-21 14:22:41.191 - [Debug] [SHELL] line from reader: ls
2025-10-21 14:22:41.191 - [Debug] [SHELL] Keystroke buffer: 108,115,13
2025-10-21 14:22:43.563 - [Debug] [SHELL] Attacker Keystroke: c
2025-10-21 14:22:43.770 - [Debug] [SHELL] Attacker Keystroke: d
2025-10-21 14:22:43.821 - [Debug] [SHELL] Attacker Keystroke: [Space]
2025-10-21 14:22:44.125 - [Debug] [SHELL] Attacker Keystroke: R
2025-10-21 14:22:44.419 - [Debug] [SHELL] Attacker Keystroke: e
2025-10-21 14:22:44.620 - [Debug] [SHELL] Attacker Keystroke: s
2025-10-21 14:22:44.745 - [Debug] [SHELL] Attacker Keystroke: e
2025-10-21 14:22:44.837 - [Debug] [SHELL] Attacker Keystroke: a
2025-10-21 14:22:44.911 - [Debug] [SHELL] Attacker Keystroke: r
2025-10-21 14:22:45.147 - [Debug] [SHELL] Attacker Keystroke: c
2025-10-21 14:22:45.238 - [Debug] [SHELL] Attacker Keystroke: h
2025-10-21 14:22:45.782 - [Debug] [SHELL] Attacker Keystroke: _
2025-10-21 14:22:46.268 - [Debug] [SHELL] Attacker Keystroke: d
2025-10-21 14:22:46.389 - [Debug] [SHELL] Attacker Keystroke: a
2025-10-21 14:22:46.442 - [Debug] [SHELL] Attacker Keystroke: t
2025-10-21 14:22:46.938 - [Debug] [SHELL] Attacker Keystroke: [DEL]
2025-10-21 14:22:47.060 - [Debug] [SHELL] Attacker Keystroke: [DEL]
2025-10-21 14:22:47.169 - [Debug] [SHELL] Attacker Keystroke: [DEL]
2025-10-21 14:22:47.341 - [Debug] [SHELL] Attacker Keystroke: D
2025-10-21 14:22:47.569 - [Debug] [SHELL] Attacker Keystroke: a
2025-10-21 14:22:47.703 - [Debug] [SHELL] Attacker Keystroke: t
2025-10-21 14:22:47.823 - [Debug] [SHELL] Attacker Keystroke: a
2025-10-21 14:22:47.993 - [Debug] [SHELL] Attacker Keystroke: [CR]
2025-10-21 14:22:47.993 - [Debug] [SHELL] line from reader: cd Research_Data
2025-10-21 14:22:47.993 - [Debug] [SHELL] Keystroke buffer: 99,100,32,82,101,115,101,97,114,99,104,95,100,97,116,127,127,127,68,97,116,97,13
2025-10-21 14:22:48.509 - [Debug] [SHELL] Attacker Keystroke: l
2025-10-21 14:22:48.592 - [Debug] [SHELL] Attacker Keystroke: s
2025-10-21 14:22:48.677 - [Debug] [SHELL] Attacker Keystroke: [CR]
2025-10-21 14:22:48.677 - [Debug] [SHELL] line from reader: ls
2025-10-21 14:22:48.677 - [Debug] [SHELL] Keystroke buffer: 108,115,13
2025-10-21 14:22:50.305 - [Debug] [SHELL] Attacker Keystroke: d
2025-10-21 14:22:50.424 - [Debug] [SHELL] Attacker Keystroke: a
2025-10-21 14:22:50.564 - [Debug] [SHELL] Attacker Keystroke: t
2025-10-21 14:22:50.618 - [Debug] [SHELL] Attacker Keystroke: e
2025-10-21 14:22:50.877 - [Debug] [SHELL] Attacker Keystroke: [CR]
2025-10-21 14:22:50.877 - [Debug] [SHELL] line from reader: date
2025-10-21 14:22:50.877 - [Debug] [SHELL] Keystroke buffer: 100,97,116,101,13
2025-10-21 14:22:51.278 - [Debug] [SHELL] Attacker Keystroke: w
2025-10-21 14:22:51.336 - [Debug] [SHELL] Attacker Keystroke: h
2025-10-21 14:22:51.475 - [Debug] [SHELL] Attacker Keystroke: o
2025-10-21 14:22:51.594 - [Debug] [SHELL] Attacker Keystroke: a
2025-10-21 14:22:51.703 - [Debug] [SHELL] Attacker Keystroke: m
2025-10-21 14:22:51.878 - [Debug] [SHELL] Attacker Keystroke: i
2025-10-21 14:22:52.153 - [Debug] [SHELL] Attacker Keystroke: [CR]
2025-10-21 14:22:52.154 - [Debug] [SHELL] line from reader: whoami
2025-10-21 14:22:52.154 - [Debug] [SHELL] Keystroke buffer: 119,104,111,97,109,105,13
2025-10-21 14:22:55.592 - [Debug] [SHELL] Attacker Keystroke: e
2025-10-21 14:22:55.785 - [Debug] [SHELL] Attacker Keystroke: c
2025-10-21 14:22:55.838 - [Debug] [SHELL] Attacker Keystroke: h
2025-10-21 14:22:55.974 - [Debug] [SHELL] Attacker Keystroke: o
2025-10-21 14:22:56.090 - [Debug] [SHELL] Attacker Keystroke: [Space]
2025-10-21 14:22:56.327 - [Debug] [SHELL] Attacker Keystroke: "
2025-10-21 14:22:56.695 - [Debug] [SHELL] Attacker Keystroke: f
2025-10-21 14:22:56.775 - [Debug] [SHELL] Attacker Keystroke: u
2025-10-21 14:22:56.956 - [Debug] [SHELL] Attacker Keystroke: n
2025-10-21 14:22:57.075 - [Debug] [SHELL] Attacker Keystroke: n
2025-10-21 14:22:57.345 - [Debug] [SHELL] Attacker Keystroke: [DEL]
2025-10-21 14:22:57.451 - [Debug] [SHELL] Attacker Keystroke: [DEL]
2025-10-21 14:22:57.701 - [Debug] [SHELL] Attacker Keystroke: [DEL]
2025-10-21 14:22:57.864 - [Debug] [SHELL] Attacker Keystroke: [DEL]
2025-10-21 14:22:58.005 - [Debug] [SHELL] Attacker Keystroke: s
2025-10-21 14:22:58.090 - [Debug] [SHELL] Attacker Keystroke: i
2025-10-21 14:22:58.401 - [Debug] [SHELL] Attacker Keystroke: l
2025-10-21 14:22:58.532 - [Debug] [SHELL] Attacker Keystroke: l
2025-10-21 14:22:58.766 - [Debug] [SHELL] Attacker Keystroke: y
2025-10-21 14:22:59.071 - [Debug] [SHELL] Attacker Keystroke: "
2025-10-21 14:22:59.300 - [Debug] [SHELL] Attacker Keystroke: [CR]
2025-10-21 14:22:59.300 - [Debug] [SHELL] line from reader: echo "silly"
2025-10-21 14:22:59.300 - [Debug] [SHELL] Keystroke buffer: 101,99,104,111,32,34,102,117,110,110,127,127,127,127,115,105,108,108,121,34,13
2025-10-21 14:23:00.143 - [Debug] [SHELL] Attacker Keystroke: e
2025-10-21 14:23:00.304 - [Debug] [SHELL] Attacker Keystroke: c
2025-10-21 14:23:00.367 - [Debug] [SHELL] Attacker Keystroke: h
2025-10-21 14:23:00.516 - [Debug] [SHELL] Attacker Keystroke: o
2025-10-21 14:23:00.615 - [Debug] [SHELL] Attacker Keystroke: [Space]
2025-10-21 14:23:01.327 - [Debug] [SHELL] Attacker Keystroke: "
2025-10-21 14:23:01.778 - [Debug] [SHELL] Attacker Keystroke: s
2025-10-21 14:23:01.839 - [Debug] [SHELL] Attacker Keystroke: i
2025-10-21 14:23:02.495 - [Debug] [SHELL] Attacker Keystroke: l
2025-10-21 14:23:02.635 - [Debug] [SHELL] Attacker Keystroke: l
2025-10-21 14:23:02.870 - [Debug] [SHELL] Attacker Keystroke: y
2025-10-21 14:23:02.961 - [Debug] [SHELL] Attacker Keystroke: [Space]
2025-10-21 14:23:03.382 - [Debug] [SHELL] Attacker Keystroke: a
2025-10-21 14:23:03.434 - [Debug] [SHELL] Attacker Keystroke: n
2025-10-21 14:23:03.552 - [Debug] [SHELL] Attacker Keystroke: d
2025-10-21 14:23:03.628 - [Debug] [SHELL] Attacker Keystroke: [Space]
2025-10-21 14:23:03.795 - [Debug] [SHELL] Attacker Keystroke: f
2025-10-21 14:23:03.877 - [Debug] [SHELL] Attacker Keystroke: u
2025-10-21 14:23:04.301 - [Debug] [SHELL] Attacker Keystroke: n
2025-10-21 14:23:04.436 - [Debug] [SHELL] Attacker Keystroke: n
