2025-10-22 09:54:57.521 - [Info] MITM Version: 1.4
2025-10-22 09:54:57.523 - [Info] Auto Access Enabled: true
2025-10-22 09:54:57.523 - [Debug] [Init] Auto Access Barrier: true
2025-10-22 09:54:57.529 - [Info] SSH man-in-the-middle server for 172.20.0.3 listening on 0.0.0.0:10002
2025-10-22 09:55:44.332 - [Debug] [Connection] Attacker connected: 10.175.90.186 | Client Identification: SSH-2.0-OpenSSH_for_Windows_9.5
2025-10-22 09:55:45.654 - [Debug] [Auth] Attacker 10.175.90.186 trying to authenticate with "none"
2025-10-22 09:55:45.655 - [Debug] [Auth] Attacker authentication error: No authentication method provided
2025-10-22 09:55:45.715 - [Debug] [Auth] Attacker 10.175.90.186 trying to authenticate with "publickey"
2025-10-22 09:55:45.716 - [Debug] [Auth] Attacker authentication error: Publickey authentication failed
2025-10-22 09:55:45.716 - [Debug] [Auth] Attacker: 10.175.90.186 has so far made 1 attempts. Remaining: 5 attempts
2025-10-22 09:55:47.192 - [Debug] [Auth] Attacker 10.175.90.186 trying to authenticate with "password"
2025-10-22 09:55:47.193 - [Debug] [Auto Access] Attacker: 10.175.90.186, Threshold: 1, Attempts: 1
2025-10-22 09:55:47.193 - [Debug] [Auto Access] Compromising the honeypot
2025-10-22 09:55:47.193 - [Debug] [Auto Access] Adding the following credentials: "subomi:sub"
2025-10-22 09:55:47.560 - [Debug] [Auth] Valid credentials - Password Authentication
2025-10-22 09:55:47.561 - [Debug] [LXC] Attempting to connect to the honeypot: 172.20.0.3
2025-10-22 09:55:47.598 - [Debug] [LXC-Auth] Attacker authenticated and is inside container
2025-10-22 09:55:47.964 - [Debug] [SHELL] Opened shell for attacker
2025-10-22 09:55:47.965 - [Debug] [LXC Streams] New Stream | Total Streams: 1
2025-10-22 09:55:50.539 - [Debug] [SHELL] Attacker Keystroke: e
2025-10-22 09:55:50.779 - [Debug] [SHELL] Attacker Keystroke: c
2025-10-22 09:55:50.779 - [Debug] [SHELL] Attacker Keystroke: h
2025-10-22 09:55:51.371 - [Debug] [SHELL] Attacker Keystroke: o
2025-10-22 09:55:51.448 - [Debug] [SHELL] Attacker Keystroke: [Space]
2025-10-22 09:55:51.587 - [Debug] [SHELL] Attacker Keystroke: s
2025-10-22 09:55:51.665 - [Debug] [SHELL] Attacker Keystroke: e
2025-10-22 09:55:51.741 - [Debug] [SHELL] Attacker Keystroke: r
2025-10-22 09:55:51.975 - [Debug] [SHELL] Attacker Keystroke: v
2025-10-22 09:55:52.085 - [Debug] [SHELL] Attacker Keystroke: e
2025-10-22 09:55:52.140 - [Debug] [SHELL] Attacker Keystroke: r
2025-10-22 09:55:52.225 - [Debug] [SHELL] Attacker Keystroke: [Space]
2025-10-22 09:55:52.412 - [Debug] [SHELL] Attacker Keystroke: 2
2025-10-22 09:55:52.520 - [Debug] [SHELL] Attacker Keystroke: [Space]
2025-10-22 09:55:52.806 - [Debug] [SHELL] Attacker Keystroke: t
2025-10-22 09:55:52.891 - [Debug] [SHELL] Attacker Keystroke: e
2025-10-22 09:55:53.049 - [Debug] [SHELL] Attacker Keystroke: s
2025-10-22 09:55:53.186 - [Debug] [SHELL] Attacker Keystroke: t
2025-10-22 09:55:53.340 - [Debug] [SHELL] Attacker Keystroke: [CR]
2025-10-22 09:55:53.340 - [Debug] [SHELL] line from reader: echo server 2 test
2025-10-22 09:55:53.340 - [Debug] [SHELL] Keystroke buffer: 101,99,104,111,32,115,101,114,118,101,114,32,50,32,116,101,115,116,13
2025-10-22 09:55:54.260 - [Debug] [SHELL] Attacker Keystroke: e
2025-10-22 09:55:54.460 - [Debug] [SHELL] Attacker Keystroke: c
2025-10-22 09:55:54.549 - [Debug] [SHELL] Attacker Keystroke: h
2025-10-22 09:55:54.724 - [Debug] [SHELL] Attacker Keystroke: o
2025-10-22 09:55:54.775 - [Debug] [SHELL] Attacker Keystroke: [Space]
2025-10-22 09:55:54.988 - [Debug] [SHELL] Attacker Keystroke: i
2025-10-22 09:55:55.129 - [Debug] [SHELL] Attacker Keystroke: [Space]
2025-10-22 09:55:55.315 - [Debug] [SHELL] Attacker Keystroke: w
2025-10-22 09:55:55.360 - [Debug] [SHELL] Attacker Keystroke: i
2025-10-22 09:55:55.521 - [Debug] [SHELL] Attacker Keystroke: l
2025-10-22 09:55:55.671 - [Debug] [SHELL] Attacker Keystroke: l
2025-10-22 09:55:55.750 - [Debug] [SHELL] Attacker Keystroke: [Space]
2025-10-22 09:55:55.906 - [Debug] [SHELL] Attacker Keystroke: b
2025-10-22 09:55:55.953 - [Debug] [SHELL] Attacker Keystroke: e
2025-10-22 09:55:55.974 - [Debug] [SHELL] Attacker Keystroke: [Space]
2025-10-22 09:55:56.125 - [Debug] [SHELL] Attacker Keystroke: i
2025-10-22 09:55:56.207 - [Debug] [SHELL] Attacker Keystroke: d
2025-10-22 09:55:56.326 - [Debug] [SHELL] Attacker Keystroke: l
2025-10-22 09:55:56.401 - [Debug] [SHELL] Attacker Keystroke: e
2025-10-22 09:55:56.512 - [Debug] [SHELL] Attacker Keystroke: [CR]
2025-10-22 09:55:56.512 - [Debug] [SHELL] line from reader: echo i will be idle
2025-10-22 09:55:56.512 - [Debug] [SHELL] Keystroke buffer: 101,99,104,111,32,105,32,119,105,108,108,32,98,101,32,105,100,108,101,13
