2025-12-06 05:28:06.985 - [Info] MITM Version: 1.4
2025-12-06 05:28:06.987 - [Info] Auto Access Enabled: true
2025-12-06 05:28:06.988 - [Debug] [Init] Auto Access Barrier: true
2025-12-06 05:28:06.993 - [Info] SSH man-in-the-middle server for 172.20.0.3 listening on 0.0.0.0:10002
2025-12-06 05:30:35.604 - [Debug] [Connection] Attacker connected: 88.130.146.75 | Client Identification: SSH-2.0-OpenSSH_10.2p1 Debian-2
2025-12-06 05:30:37.990 - [Debug] [Auth] Attacker 88.130.146.75 trying to authenticate with "none"
2025-12-06 05:30:37.991 - [Debug] [Auth] Attacker authentication error: No authentication method provided
2025-12-06 05:30:44.863 - [Debug] [Auth] Attacker 88.130.146.75 trying to authenticate with "password"
2025-12-06 05:30:44.866 - [Debug] [Auto Access] Attacker: 88.130.146.75, Threshold: 1, Attempts: 1
2025-12-06 05:30:44.866 - [Debug] [Auto Access] Compromising the honeypot
2025-12-06 05:30:44.866 - [Debug] [Auto Access] Adding the following credentials: "test:test"
2025-12-06 05:30:45.451 - [Debug] [Auth] Valid credentials - Password Authentication
2025-12-06 05:30:45.451 - [Debug] [LXC] Attempting to connect to the honeypot: 172.20.0.3
2025-12-06 05:30:45.514 - [Debug] [LXC-Auth] Attacker authenticated and is inside container
2025-12-06 05:30:46.172 - [Debug] [SHELL] Opened shell for attacker
2025-12-06 05:30:46.173 - [Debug] [LXC Streams] New Stream | Total Streams: 1
2025-12-06 05:30:48.945 - [Debug] [SHELL] Attacker Keystroke: u
2025-12-06 05:30:49.124 - [Debug] [SHELL] Attacker Keystroke: n
2025-12-06 05:30:49.225 - [Debug] [SHELL] Attacker Keystroke: a
2025-12-06 05:30:49.305 - [Debug] [SHELL] Attacker Keystroke: m
2025-12-06 05:30:49.424 - [Debug] [SHELL] Attacker Keystroke: e
2025-12-06 05:30:49.504 - [Debug] [SHELL] Attacker Keystroke: [Space]
2025-12-06 05:30:50.076 - [Debug] [SHELL] Attacker Keystroke: -
2025-12-06 05:30:50.174 - [Debug] [SHELL] Attacker Keystroke: a
2025-12-06 05:30:50.330 - [Debug] [SHELL] Attacker Keystroke: [CR]
2025-12-06 05:30:50.331 - [Debug] [SHELL] line from reader: uname -a
2025-12-06 05:30:50.331 - [Debug] [SHELL] Keystroke buffer: 117,110,97,109,101,32,45,97,13
2025-12-06 05:30:50.350 - [Debug] [SHELL] Attacker Keystroke: 4
2025-12-06 05:30:52.551 - [Debug] [SHELL] Attacker Keystroke: [DEL]
2025-12-06 05:30:52.715 - [Debug] [SHELL] Attacker Keystroke: [DEL]
2025-12-06 05:30:52.839 - [Debug] [SHELL] Attacker Keystroke: [DEL]
2025-12-06 05:30:53.027 - [Debug] [SHELL] Attacker Keystroke: u
2025-12-06 05:30:53.193 - [Debug] [SHELL] Attacker Keystroke: p
2025-12-06 05:30:53.621 - [Debug] [SHELL] Attacker Keystroke: t
2025-12-06 05:30:53.785 - [Debug] [SHELL] Attacker Keystroke: i
2025-12-06 05:30:53.951 - [Debug] [SHELL] Attacker Keystroke: m
2025-12-06 05:30:54.097 - [Debug] [SHELL] Attacker Keystroke: e
2025-12-06 05:30:54.243 - [Debug] [SHELL] Attacker Keystroke: [CR]
2025-12-06 05:30:54.243 - [Debug] [SHELL] line from reader: uptime
2025-12-06 05:30:54.243 - [Debug] [SHELL] Keystroke buffer: 52,127,127,127,117,112,116,105,109,101,13
2025-12-06 05:30:56.865 - [Debug] [SHELL] Attacker Keystroke: w
2025-12-06 05:30:57.170 - [Debug] [SHELL] Attacker Keystroke: h
2025-12-06 05:30:57.271 - [Debug] [SHELL] Attacker Keystroke: o
2025-12-06 05:30:57.435 - [Debug] [SHELL] Attacker Keystroke: [CR]
2025-12-06 05:30:57.435 - [Debug] [SHELL] line from reader: who
2025-12-06 05:30:57.435 - [Debug] [SHELL] Keystroke buffer: 119,104,111,13
2025-12-06 05:30:59.356 - [Debug] [SHELL] Attacker Keystroke: w
2025-12-06 05:30:59.763 - [Debug] [SHELL] Attacker Keystroke: h
2025-12-06 05:30:59.945 - [Debug] [SHELL] Attacker Keystroke: o
2025-12-06 05:31:00.087 - [Debug] [SHELL] Attacker Keystroke: a
2025-12-06 05:31:00.167 - [Debug] [SHELL] Attacker Keystroke: m
2025-12-06 05:31:00.331 - [Debug] [SHELL] Attacker Keystroke: i
2025-12-06 05:31:00.533 - [Debug] [SHELL] Attacker Keystroke: [CR]
2025-12-06 05:31:00.534 - [Debug] [SHELL] line from reader: whoami
2025-12-06 05:31:00.534 - [Debug] [SHELL] Keystroke buffer: 119,104,111,97,109,105,13
2025-12-06 05:31:01.524 - [Debug] [SHELL] Attacker Keystroke: p
2025-12-06 05:31:01.605 - [Debug] [SHELL] Attacker Keystroke: s
2025-12-06 05:31:01.725 - [Debug] [SHELL] Attacker Keystroke: [Space]
2025-12-06 05:31:01.954 - [Debug] [SHELL] Attacker Keystroke: 0
2025-12-06 05:31:02.115 - [Debug] [SHELL] Attacker Keystroke: a
2025-12-06 05:31:02.280 - [Debug] [SHELL] Attacker Keystroke: u
2025-12-06 05:31:02.465 - [Debug] [SHELL] Attacker Keystroke: x
2025-12-06 05:31:02.609 - [Debug] [SHELL] Attacker Keystroke: [CR]
2025-12-06 05:31:02.609 - [Debug] [SHELL] line from reader: ps 0aux
2025-12-06 05:31:02.609 - [Debug] [SHELL] Keystroke buffer: 112,115,32,48,97,117,120,13
2025-12-06 05:31:03.859 - [Debug] [SHELL] Attacker Keystroke: p
2025-12-06 05:31:04.022 - [Debug] [SHELL] Attacker Keystroke: s
2025-12-06 05:31:04.105 - [Debug] [SHELL] Attacker Keystroke: [Space]
2025-12-06 05:31:04.715 - [Debug] [SHELL] Attacker Keystroke: 0
2025-12-06 05:31:05.533 - [Debug] [SHELL] Attacker Keystroke: [DEL]
2025-12-06 05:31:05.825 - [Debug] [SHELL] Attacker Keystroke: -
2025-12-06 05:31:06.636 - [Debug] [SHELL] Attacker Keystroke: a
2025-12-06 05:31:06.842 - [Debug] [SHELL] Attacker Keystroke: u
2025-12-06 05:31:06.983 - [Debug] [SHELL] Attacker Keystroke: x
2025-12-06 05:31:07.169 - [Debug] [SHELL] Attacker Keystroke: [CR]
2025-12-06 05:31:07.169 - [Debug] [SHELL] line from reader: ps -aux
2025-12-06 05:31:07.169 - [Debug] [SHELL] Keystroke buffer: 112,115,32,48,127,45,97,117,120,13
2025-12-06 05:31:07.169 - [Debug] [SHELL] Attacker Keystroke: 4
2025-12-06 05:31:34.008 - [Debug] [SHELL] Attacker Keystroke: c
2025-12-06 05:31:34.110 - [Debug] [SHELL] Attacker Keystroke: a
2025-12-06 05:31:34.316 - [Debug] [SHELL] Attacker Keystroke: t
2025-12-06 05:31:34.396 - [Debug] [SHELL] Attacker Keystroke: [Space]
2025-12-06 05:31:34.720 - [Debug] [SHELL] Attacker Keystroke: /
2025-12-06 05:31:35.458 - [Debug] [SHELL] Attacker Keystroke: p
2025-12-06 05:31:35.688 - [Debug] [SHELL] Attacker Keystroke: r
2025-12-06 05:31:35.789 - [Debug] [SHELL] Attacker Keystroke: o
2025-12-06 05:31:35.892 - [Debug] [SHELL] Attacker Keystroke: c
2025-12-06 05:31:36.090 - [Debug] [SHELL] Attacker Keystroke: [TAB]
2025-12-06 05:31:37.009 - [Debug] [SHELL] Attacker Keystroke: [DEL]
2025-12-06 05:31:37.517 - [Debug] [SHELL] Attacker Keystroke: [DEL]
2025-12-06 05:31:37.557 - [Debug] [SHELL] Attacker Keystroke: [DEL]
2025-12-06 05:31:37.618 - [Debug] [SHELL] Attacker Keystroke: [DEL]
2025-12-06 05:31:37.658 - [Debug] [SHELL] Attacker Keystroke: [DEL]
2025-12-06 05:31:37.719 - [Debug] [SHELL] Attacker Keystroke: [DEL]
2025-12-06 05:31:37.760 - [Debug] [SHELL] Attacker Keystroke: [DEL]
2025-12-06 05:31:37.822 - [Debug] [SHELL] Attacker Keystroke: [DEL]
2025-12-06 05:31:37.864 - [Debug] [SHELL] Attacker Keystroke: [DEL]
2025-12-06 05:31:37.924 - [Debug] [SHELL] Attacker Keystroke: [DEL]
2025-12-06 05:31:37.967 - [Debug] [SHELL] Attacker Keystroke: [DEL]
2025-12-06 05:31:38.027 - [Debug] [SHELL] Attacker Keystroke: [DEL]
2025-12-06 05:31:38.068 - [Debug] [SHELL] Attacker Keystroke: [DEL]
2025-12-06 05:31:38.129 - [Debug] [SHELL] Attacker Keystroke: [DEL]
2025-12-06 05:31:38.171 - [Debug] [SHELL] Attacker Keystroke: [DEL]
2025-12-06 05:31:38.232 - [Debug] [SHELL] Attacker Keystroke: [DEL]
2025-12-06 05:31:38.272 - [Debug] [SHELL] Attacker Keystroke: [DEL]
2025-12-06 05:31:38.317 - [Debug] [SHELL] Attacker Keystroke: [DEL]
2025-12-06 05:31:38.375 - [Debug] [SHELL] Attacker Keystroke: [DEL]
2025-12-06 05:31:38.419 - [Debug] [SHELL] Attacker Keystroke: [DEL]
2025-12-06 05:31:38.476 - [Debug] [SHELL] Attacker Keystroke: [DEL]
2025-12-06 05:31:38.516 - [Debug] [SHELL] Attacker Keystroke: [DEL]
2025-12-06 05:31:39.048 - [Debug] [SHELL] Attacker Keystroke: c
2025-12-06 05:31:39.130 - [Debug] [SHELL] Attacker Keystroke: a
2025-12-06 05:31:39.374 - [Debug] [SHELL] Attacker Keystroke: t
2025-12-06 05:31:39.456 - [Debug] [SHELL] Attacker Keystroke: [Space]
2025-12-06 05:31:39.883 - [Debug] [SHELL] Attacker Keystroke: /
2025-12-06 05:31:40.166 - [Debug] [SHELL] Attacker Keystroke: p
2025-12-06 05:31:40.365 - [Debug] [SHELL] Attacker Keystroke: r
2025-12-06 05:31:40.467 - [Debug] [SHELL] Attacker Keystroke: o
2025-12-06 05:31:40.609 - [Debug] [SHELL] Attacker Keystroke: c
2025-12-06 05:31:40.812 - [Debug] [SHELL] Attacker Keystroke: [TAB]
2025-12-06 05:31:41.930 - [Debug] [SHELL] Attacker Keystroke: c
2025-12-06 05:31:42.135 - [Debug] [SHELL] Attacker Keystroke: p
2025-12-06 05:31:42.399 - [Debug] [SHELL] Attacker Keystroke: u
2025-12-06 05:31:42.544 - [Debug] [SHELL] Attacker Keystroke: i
2025-12-06 05:31:42.684 - [Debug] [SHELL] Attacker Keystroke: [TAB]
2025-12-06 05:31:43.707 - [Debug] [SHELL] Attacker Keystroke: [CR]
2025-12-06 05:31:43.707 - [Debug] [SHELL] line from reader: cat /proc   cpui    
2025-12-06 05:31:43.707 - [Debug] [SHELL] Keystroke buffer: 52,99,97,116,32,47,112,114,111,99,9,127,127,127,127,127,127,127,127,127,127,127,127,127,127,127,127,127,127,127,127,127,127,99,97,116,32,47,112,114,111,99,9,99,112,117,105,9,13
2025-12-06 05:32:09.199 - [Debug] [SHELL] Attacker Keystroke: p
2025-12-06 05:32:09.723 - [Debug] [SHELL] Attacker Keystroke: l
2025-12-06 05:32:10.148 - [Debug] [SHELL] Attacker Keystroke: [DEL]
2025-12-06 05:32:10.299 - [Debug] [SHELL] Attacker Keystroke: [DEL]
2025-12-06 05:32:10.435 - [Debug] [SHELL] Attacker Keystroke: [DEL]
2025-12-06 05:32:10.587 - [Debug] [SHELL] Attacker Keystroke: [DEL]
2025-12-06 05:32:10.857 - [Debug] [SHELL] Attacker Keystroke: l
2025-12-06 05:32:11.032 - [Debug] [SHELL] Attacker Keystroke: p
2025-12-06 05:32:11.187 - [Debug] [SHELL] Attacker Keystroke: s
2025-12-06 05:32:11.379 - [Debug] [SHELL] Attacker Keystroke: [TAB]
2025-12-06 05:32:12.051 - [Debug] [SHELL] Attacker Keystroke: [TAB]
2025-12-06 05:32:12.338 - [Debug] [SHELL] Attacker Keystroke: [TAB]
2025-12-06 05:32:12.929 - [Debug] [SHELL] Attacker Keystroke: c
2025-12-06 05:32:13.083 - [Debug] [SHELL] Attacker Keystroke: i
2025-12-06 05:32:13.296 - [Debug] [SHELL] Attacker Keystroke: [CR]
2025-12-06 05:32:13.296 - [Debug] [SHELL] line from reader: lps                 ci
2025-12-06 05:32:13.296 - [Debug] [SHELL] Keystroke buffer: 112,108,127,127,127,127,108,112,115,9,9,9,99,105,13
2025-12-06 05:33:37.666 - [Debug] [SHELL] Attacker Keystroke: c
2025-12-06 05:33:37.771 - [Debug] [SHELL] Attacker Keystroke: d
2025-12-06 05:33:37.896 - [Debug] [SHELL] Attacker Keystroke: [Space]
2025-12-06 05:33:38.041 - [Debug] [SHELL] Attacker Keystroke: /
2025-12-06 05:33:38.230 - [Debug] [SHELL] Attacker Keystroke: t
2025-12-06 05:33:38.564 - [Debug] [SHELL] Attacker Keystroke: m
2025-12-06 05:33:38.668 - [Debug] [SHELL] Attacker Keystroke: [
2025-12-06 05:33:38.912 - [Debug] [SHELL] Attacker Keystroke: [CR]
2025-12-06 05:33:38.913 - [Debug] [SHELL] line from reader: cd /tm[
2025-12-06 05:33:38.913 - [Debug] [SHELL] Keystroke buffer: 99,100,32,47,116,109,91,13
2025-12-06 05:33:40.306 - [Debug] [SHELL] Attacker Keystroke: [ESC][A
2025-12-06 05:33:40.699 - [Debug] [SHELL] Attacker Keystroke: [DEL]
2025-12-06 05:33:41.197 - [Debug] [SHELL] Attacker Keystroke: [DEL]
2025-12-06 05:33:41.258 - [Debug] [SHELL] Attacker Keystroke: [DEL]
2025-12-06 05:33:41.299 - [Debug] [SHELL] Attacker Keystroke: [DEL]
2025-12-06 05:33:41.339 - [Debug] [SHELL] Attacker Keystroke: [DEL]
2025-12-06 05:33:41.402 - [Debug] [SHELL] Attacker Keystroke: [DEL]
2025-12-06 05:33:41.440 - [Debug] [SHELL] Attacker Keystroke: [DEL]
2025-12-06 05:33:41.505 - [Debug] [SHELL] Attacker Keystroke: [DEL]
2025-12-06 05:33:41.546 - [Debug] [SHELL] Attacker Keystroke: [DEL]
2025-12-06 05:33:41.607 - [Debug] [SHELL] Attacker Keystroke: [DEL]
2025-12-06 05:33:41.647 - [Debug] [SHELL] Attacker Keystroke: [DEL]
2025-12-06 05:33:41.709 - [Debug] [SHELL] Attacker Keystroke: [DEL]
2025-12-06 05:33:41.748 - [Debug] [SHELL] Attacker Keystroke: [DEL]
2025-12-06 05:33:41.811 - [Debug] [SHELL] Attacker Keystroke: [DEL]
2025-12-06 05:33:41.852 - [Debug] [SHELL] Attacker Keystroke: [DEL]
2025-12-06 05:33:41.893 - [Debug] [SHELL] Attacker Keystroke: [DEL]
2025-12-06 05:33:41.956 - [Debug] [SHELL] Attacker Keystroke: [DEL]
2025-12-06 05:33:42.391 - [Debug] [SHELL] Attacker Keystroke: l
2025-12-06 05:33:42.431 - [Debug] [SHELL] Attacker Keystroke: s
2025-12-06 05:33:42.555 - [Debug] [SHELL] Attacker Keystroke: [Space]
2025-12-06 05:33:42.617 - [Debug] [SHELL] Attacker Keystroke: 0
2025-12-06 05:33:42.801 - [Debug] [SHELL] Attacker Keystroke: l
2025-12-06 05:33:42.863 - [Debug] [SHELL] Attacker Keystroke: a
2025-12-06 05:33:42.946 - [Debug] [SHELL] Attacker Keystroke: [Space]
2025-12-06 05:33:43.047 - [Debug] [SHELL] Attacker Keystroke: [CR]
2025-12-06 05:33:43.048 - [Debug] [SHELL] line from reader: ls 0la 
2025-12-06 05:33:43.048 - [Debug] [SHELL] Keystroke buffer: 27,91,65,127,127,127,127,127,127,127,127,127,127,127,127,127,127,127,127,127,108,115,32,48,108,97,32,13
2025-12-06 05:33:44.111 - [Debug] [SHELL] Attacker Keystroke: l
2025-12-06 05:33:44.172 - [Debug] [SHELL] Attacker Keystroke: s
2025-12-06 05:33:44.257 - [Debug] [SHELL] Attacker Keystroke: [Space]
2025-12-06 05:33:44.337 - [Debug] [SHELL] Attacker Keystroke: -
2025-12-06 05:33:44.541 - [Debug] [SHELL] Attacker Keystroke: l
2025-12-06 05:33:44.604 - [Debug] [SHELL] Attacker Keystroke: a
2025-12-06 05:33:44.686 - [Debug] [SHELL] Attacker Keystroke: [Space]
2025-12-06 05:33:44.792 - [Debug] [SHELL] Attacker Keystroke: [CR]
2025-12-06 05:33:44.792 - [Debug] [SHELL] line from reader: ls -la 
2025-12-06 05:33:44.792 - [Debug] [SHELL] Keystroke buffer: 108,115,32,45,108,97,32,13
2025-12-06 05:35:27.696 - [Debug] [SHELL] Attacker Keystroke: c
2025-12-06 05:35:27.798 - [Debug] [SHELL] Attacker Keystroke: d
2025-12-06 05:35:27.964 - [Debug] [SHELL] Attacker Keystroke: [Space]
2025-12-06 05:35:28.913 - [Debug] [SHELL] Attacker Keystroke: /
2025-12-06 05:35:29.245 - [Debug] [SHELL] Attacker Keystroke: v
2025-12-06 05:35:29.349 - [Debug] [SHELL] Attacker Keystroke: a
2025-12-06 05:35:29.537 - [Debug] [SHELL] Attacker Keystroke: [TAB]
2025-12-06 05:35:32.200 - [Debug] [SHELL] Attacker Keystroke: s
2025-12-06 05:35:32.528 - [Debug] [SHELL] Attacker Keystroke: b
2025-12-06 05:35:32.739 - [Debug] [SHELL] Attacker Keystroke: [TAB]
2025-12-06 05:35:33.389 - [Debug] [SHELL] Attacker Keystroke: [TAB]
2025-12-06 05:35:33.706 - [Debug] [SHELL] Attacker Keystroke: [TAB]
2025-12-06 05:35:33.940 - [Debug] [SHELL] Attacker Keystroke: [TAB]
2025-12-06 05:35:34.128 - [Debug] [SHELL] Attacker Keystroke: [TAB]
2025-12-06 05:35:34.318 - [Debug] [SHELL] Attacker Keystroke: [TAB]
2025-12-06 05:35:34.613 - [Debug] [SHELL] Attacker Keystroke: [TAB]
2025-12-06 05:35:35.112 - [Debug] [SHELL] Attacker Keystroke: [DEL]
2025-12-06 05:35:35.703 - [Debug] [SHELL] Attacker Keystroke: [DEL]
2025-12-06 05:35:36.061 - [Debug] [SHELL] Attacker Keystroke: b
2025-12-06 05:35:36.228 - [Debug] [SHELL] Attacker Keystroke: [TAB]
2025-12-06 05:35:36.589 - [Debug] [SHELL] Attacker Keystroke: [TAB]
2025-12-06 05:35:37.284 - [Debug] [SHELL] Attacker Keystroke: [TAB]
2025-12-06 05:35:37.600 - [Debug] [SHELL] Attacker Keystroke: [DEL]
2025-12-06 05:35:38.103 - [Debug] [SHELL] Attacker Keystroke: [DEL]
2025-12-06 05:35:38.144 - [Debug] [SHELL] Attacker Keystroke: [DEL]
2025-12-06 05:35:38.188 - [Debug] [SHELL] Attacker Keystroke: [DEL]
2025-12-06 05:35:38.252 - [Debug] [SHELL] Attacker Keystroke: [DEL]
2025-12-06 05:35:38.292 - [Debug] [SHELL] Attacker Keystroke: [DEL]
2025-12-06 05:35:38.353 - [Debug] [SHELL] Attacker Keystroke: [DEL]
2025-12-06 05:35:38.396 - [Debug] [SHELL] Attacker Keystroke: [DEL]
2025-12-06 05:35:38.458 - [Debug] [SHELL] Attacker Keystroke: [DEL]
2025-12-06 05:35:38.499 - [Debug] [SHELL] Attacker Keystroke: [DEL]
2025-12-06 05:35:38.562 - [Debug] [SHELL] Attacker Keystroke: [DEL]
2025-12-06 05:35:39.539 - [Debug] [SHELL] Attacker Keystroke: a
2025-12-06 05:35:39.917 - [Debug] [SHELL] Attacker Keystroke: r
2025-12-06 05:35:40.084 - [Debug] [SHELL] Attacker Keystroke: [TAB]
2025-12-06 05:35:40.884 - [Debug] [SHELL] Attacker Keystroke: [CR]
2025-12-06 05:35:40.884 - [Debug] [SHELL] line from reader: cd /va      ar      
2025-12-06 05:35:40.884 - [Debug] [SHELL] Keystroke buffer: 99,100,32,47,118,97,9,115,98,9,9,9,9,9,9,9,127,127,98,9,9,9,127,127,127,127,127,127,127,127,127,127,127,97,114,9,13
2025-12-06 05:35:41.199 - [Debug] [SHELL] Attacker Keystroke: l
2025-12-06 05:35:41.284 - [Debug] [SHELL] Attacker Keystroke: s
2025-12-06 05:35:41.430 - [Debug] [SHELL] Attacker Keystroke: [Space]
2025-12-06 05:35:41.556 - [Debug] [SHELL] Attacker Keystroke: -
2025-12-06 05:35:41.743 - [Debug] [SHELL] Attacker Keystroke: l
2025-12-06 05:35:41.805 - [Debug] [SHELL] Attacker Keystroke: a
2025-12-06 05:35:41.891 - [Debug] [SHELL] Attacker Keystroke: [Space]
2025-12-06 05:35:42.079 - [Debug] [SHELL] Attacker Keystroke: [CR]
2025-12-06 05:35:42.080 - [Debug] [SHELL] line from reader: ls -la 
2025-12-06 05:35:42.080 - [Debug] [SHELL] Keystroke buffer: 108,115,32,45,108,97,32,13
2025-12-06 05:35:47.735 - [Debug] [SHELL] Attacker Keystroke: c
2025-12-06 05:35:47.808 - [Debug] [SHELL] Attacker Keystroke: d
2025-12-06 05:35:47.909 - [Debug] [SHELL] Attacker Keystroke: [Space]
2025-12-06 05:35:48.199 - [Debug] [SHELL] Attacker Keystroke: o
2025-12-06 05:35:48.366 - [Debug] [SHELL] Attacker Keystroke: p
2025-12-06 05:35:48.449 - [Debug] [SHELL] Attacker Keystroke: [TAB]
2025-12-06 05:35:48.821 - [Debug] [SHELL] Attacker Keystroke: [CR]
2025-12-06 05:35:48.821 - [Debug] [SHELL] line from reader: cd op       
2025-12-06 05:35:48.821 - [Debug] [SHELL] Keystroke buffer: 99,100,32,111,112,9,13
2025-12-06 05:35:49.732 - [Debug] [SHELL] Attacker Keystroke: l
2025-12-06 05:35:49.828 - [Debug] [SHELL] Attacker Keystroke: s
2025-12-06 05:35:50.051 - [Debug] [SHELL] Attacker Keystroke: [CR]
2025-12-06 05:35:50.051 - [Debug] [SHELL] line from reader: ls
2025-12-06 05:35:50.051 - [Debug] [SHELL] Keystroke buffer: 108,115,13
2025-12-06 05:35:50.051 - [Debug] [SHELL] Attacker Keystroke: \
2025-12-06 05:35:51.107 - [Debug] [SHELL] Attacker Keystroke: [DEL]
2025-12-06 05:35:51.254 - [Debug] [SHELL] Attacker Keystroke: [DEL]
2025-12-06 05:35:51.357 - [Debug] [SHELL] Attacker Keystroke: [DEL]
2025-12-06 05:35:51.540 - [Debug] [SHELL] Attacker Keystroke: c
2025-12-06 05:35:51.604 - [Debug] [SHELL] Attacker Keystroke: d
2025-12-06 05:35:51.751 - [Debug] [SHELL] Attacker Keystroke: [Space]
2025-12-06 05:35:51.833 - [Debug] [SHELL] Attacker Keystroke: .
2025-12-06 05:35:51.977 - [Debug] [SHELL] Attacker Keystroke: .
2025-12-06 05:35:52.246 - [Debug] [SHELL] Attacker Keystroke: [CR]
2025-12-06 05:35:52.247 - [Debug] [SHELL] line from reader: cd ..
2025-12-06 05:35:52.247 - [Debug] [SHELL] Keystroke buffer: 92,127,127,127,99,100,32,46,46,13
2025-12-06 05:35:52.247 - [Debug] [SHELL] Attacker Keystroke: \
2025-12-06 05:35:53.446 - [Debug] [SHELL] Attacker Keystroke: c
2025-12-06 05:35:53.551 - [Debug] [SHELL] Attacker Keystroke: d
2025-12-06 05:35:53.692 - [Debug] [SHELL] Attacker Keystroke: [Space]
2025-12-06 05:35:56.525 - [Debug] [SHELL] Attacker Keystroke: [DEL]
2025-12-06 05:35:56.667 - [Debug] [SHELL] Attacker Keystroke: [DEL]
2025-12-06 05:35:57.157 - [Debug] [SHELL] Attacker Keystroke: [DEL]
2025-12-06 05:35:57.199 - [Debug] [SHELL] Attacker Keystroke: [DEL]
2025-12-06 05:35:57.259 - [Debug] [SHELL] Attacker Keystroke: [DEL]
2025-12-06 05:35:57.302 - [Debug] [SHELL] Attacker Keystroke: [DEL]
2025-12-06 05:35:57.344 - [Debug] [SHELL] Attacker Keystroke: [DEL]
2025-12-06 05:35:57.407 - [Debug] [SHELL] Attacker Keystroke: [DEL]
2025-12-06 05:35:57.449 - [Debug] [SHELL] Attacker Keystroke: [DEL]
2025-12-06 05:35:57.511 - [Debug] [SHELL] Attacker Keystroke: [DEL]
2025-12-06 05:35:57.551 - [Debug] [SHELL] Attacker Keystroke: [DEL]
2025-12-06 05:35:57.613 - [Debug] [SHELL] Attacker Keystroke: [DEL]
2025-12-06 05:35:57.654 - [Debug] [SHELL] Attacker Keystroke: [DEL]
2025-12-06 05:35:57.715 - [Debug] [SHELL] Attacker Keystroke: [DEL]
2025-12-06 05:35:57.757 - [Debug] [SHELL] Attacker Keystroke: [DEL]
2025-12-06 05:35:57.817 - [Debug] [SHELL] Attacker Keystroke: [DEL]
2025-12-06 05:35:58.185 - [Debug] [SHELL] Attacker Keystroke: c
2025-12-06 05:35:58.311 - [Debug] [SHELL] Attacker Keystroke: d
2025-12-06 05:35:58.373 - [Debug] [SHELL] Attacker Keystroke: [Space]
2025-12-06 05:35:58.622 - [Debug] [SHELL] Attacker Keystroke: t
2025-12-06 05:35:58.828 - [Debug] [SHELL] Attacker Keystroke: m
2025-12-06 05:35:58.928 - [Debug] [SHELL] Attacker Keystroke: [TAB]
2025-12-06 05:35:59.814 - [Debug] [SHELL] Attacker Keystroke: [CR]
2025-12-06 05:35:59.814 - [Debug] [SHELL] line from reader: cd tm       
2025-12-06 05:35:59.814 - [Debug] [SHELL] Keystroke buffer: 92,99,100,32,127,127,127,127,127,127,127,127,127,127,127,127,127,127,127,127,99,100,32,116,109,9,13
2025-12-06 05:36:00.142 - [Debug] [SHELL] Attacker Keystroke: l
2025-12-06 05:36:00.265 - [Debug] [SHELL] Attacker Keystroke: s
2025-12-06 05:36:00.532 - [Debug] [SHELL] Attacker Keystroke: [CR]
2025-12-06 05:36:00.533 - [Debug] [SHELL] line from reader: ls
2025-12-06 05:36:00.533 - [Debug] [SHELL] Keystroke buffer: 108,115,13
2025-12-06 05:36:03.645 - [Debug] [SHELL] Attacker Keystroke: c
2025-12-06 05:36:03.745 - [Debug] [SHELL] Attacker Keystroke: a
2025-12-06 05:36:03.982 - [Debug] [SHELL] Attacker Keystroke: t
2025-12-06 05:36:04.079 - [Debug] [SHELL] Attacker Keystroke: [Space]
2025-12-06 05:36:04.273 - [Debug] [SHELL] Attacker Keystroke: s
2025-12-06 05:36:04.528 - [Debug] [SHELL] Attacker Keystroke: y
2025-12-06 05:36:04.606 - [Debug] [SHELL] Attacker Keystroke: s
2025-12-06 05:36:04.723 - [Debug] [SHELL] Attacker Keystroke: [TAB]
2025-12-06 05:36:05.910 - [Debug] [SHELL] Attacker Keystroke: [TAB]
2025-12-06 05:36:12.658 - [Debug] [SHELL] Attacker Keystroke: M
2025-12-06 05:36:12.975 - [Debug] [SHELL] Attacker Keystroke: o
2025-12-06 05:36:13.093 - [Debug] [SHELL] Attacker Keystroke: `
2025-12-06 05:36:14.193 - [Debug] [SHELL] Attacker Keystroke: [DEL]
2025-12-06 05:36:14.351 - [Debug] [SHELL] Attacker Keystroke: [TAB]
2025-12-06 05:36:15.846 - [Debug] [SHELL] Attacker Keystroke: [TAB]
2025-12-06 05:36:16.632 - [Debug] [SHELL] Attacker Keystroke: [CR]
2025-12-06 05:36:16.632 - [Debug] [SHELL] line from reader: cat sys             Mo              
2025-12-06 05:36:16.632 - [Debug] [SHELL] Keystroke buffer: 99,97,116,32,115,121,115,9,9,77,111,96,127,9,9,13
2025-12-06 05:36:19.194 - [Debug] [SHELL] Attacker Keystroke: c
2025-12-06 05:36:19.271 - [Debug] [SHELL] Attacker Keystroke: d
2025-12-06 05:36:19.406 - [Debug] [SHELL] Attacker Keystroke: [Space]
2025-12-06 05:36:23.366 - [Debug] [SHELL] Attacker Keystroke: [CR]
2025-12-06 05:36:23.366 - [Debug] [SHELL] line from reader: cd 
2025-12-06 05:36:23.366 - [Debug] [SHELL] Keystroke buffer: 99,100,32,13
2025-12-06 05:36:24.487 - [Debug] [SHELL] Attacker Keystroke: l
2025-12-06 05:36:24.567 - [Debug] [SHELL] Attacker Keystroke: s
2025-12-06 05:36:24.648 - [Debug] [SHELL] Attacker Keystroke: [Space]
2025-12-06 05:36:24.792 - [Debug] [SHELL] Attacker Keystroke: 0
2025-12-06 05:36:24.975 - [Debug] [SHELL] Attacker Keystroke: l
2025-12-06 05:36:25.043 - [Debug] [SHELL] Attacker Keystroke: a
2025-12-06 05:36:25.098 - [Debug] [SHELL] Attacker Keystroke: [Space]
2025-12-06 05:36:25.220 - [Debug] [SHELL] Attacker Keystroke: [CR]
2025-12-06 05:36:25.221 - [Debug] [SHELL] line from reader: ls 0la 
2025-12-06 05:36:25.221 - [Debug] [SHELL] Keystroke buffer: 108,115,32,48,108,97,32,13
2025-12-06 05:36:26.136 - [Debug] [SHELL] Attacker Keystroke: l
2025-12-06 05:36:26.299 - [Debug] [SHELL] Attacker Keystroke: s
2025-12-06 05:36:26.381 - [Debug] [SHELL] Attacker Keystroke: [Space]
2025-12-06 05:36:26.582 - [Debug] [SHELL] Attacker Keystroke: 0
2025-12-06 05:36:26.762 - [Debug] [SHELL] Attacker Keystroke: l
2025-12-06 05:36:26.843 - [Debug] [SHELL] Attacker Keystroke: a
2025-12-06 05:36:26.904 - [Debug] [SHELL] Attacker Keystroke: [Space]
2025-12-06 05:36:27.027 - [Debug] [SHELL] Attacker Keystroke: [CR]
2025-12-06 05:36:27.027 - [Debug] [SHELL] line from reader: ls 0la 
2025-12-06 05:36:27.027 - [Debug] [SHELL] Keystroke buffer: 108,115,32,48,108,97,32,13
2025-12-06 05:36:27.886 - [Debug] [SHELL] Attacker Keystroke: l
2025-12-06 05:36:27.990 - [Debug] [SHELL] Attacker Keystroke: s
2025-12-06 05:36:28.052 - [Debug] [SHELL] Attacker Keystroke: [Space]
2025-12-06 05:36:28.234 - [Debug] [SHELL] Attacker Keystroke: -
2025-12-06 05:36:28.439 - [Debug] [SHELL] Attacker Keystroke: l
2025-12-06 05:36:28.521 - [Debug] [SHELL] Attacker Keystroke: a
2025-12-06 05:36:28.580 - [Debug] [SHELL] Attacker Keystroke: [Space]
2025-12-06 05:36:28.682 - [Debug] [SHELL] Attacker Keystroke: [CR]
2025-12-06 05:36:28.682 - [Debug] [SHELL] line from reader: ls -la 
2025-12-06 05:36:28.682 - [Debug] [SHELL] Keystroke buffer: 108,115,32,45,108,97,32,13
2025-12-06 05:36:33.917 - [Debug] [SHELL] Attacker Keystroke: c
2025-12-06 05:36:34.018 - [Debug] [SHELL] Attacker Keystroke: d
2025-12-06 05:36:34.175 - [Debug] [SHELL] Attacker Keystroke: [Space]
2025-12-06 05:36:34.516 - [Debug] [SHELL] Attacker Keystroke: F
2025-12-06 05:36:34.712 - [Debug] [SHELL] Attacker Keystroke: i
2025-12-06 05:36:34.891 - [Debug] [SHELL] Attacker Keystroke: n
2025-12-06 05:36:34.951 - [Debug] [SHELL] Attacker Keystroke: [TAB]
2025-12-06 05:36:35.941 - [Debug] [SHELL] Attacker Keystroke: [CR]
2025-12-06 05:36:35.941 - [Debug] [SHELL] line from reader: cd Fin      
2025-12-06 05:36:35.941 - [Debug] [SHELL] Keystroke buffer: 99,100,32,70,105,110,9,13
2025-12-06 05:36:36.659 - [Debug] [SHELL] Attacker Keystroke: l
2025-12-06 05:36:36.738 - [Debug] [SHELL] Attacker Keystroke: s
2025-12-06 05:36:36.818 - [Debug] [SHELL] Attacker Keystroke: [Space]
2025-12-06 05:36:37.014 - [Debug] [SHELL] Attacker Keystroke: -
2025-12-06 05:36:37.214 - [Debug] [SHELL] Attacker Keystroke: l
2025-12-06 05:36:37.276 - [Debug] [SHELL] Attacker Keystroke: a
2025-12-06 05:36:37.353 - [Debug] [SHELL] Attacker Keystroke: [Space]
2025-12-06 05:36:37.587 - [Debug] [SHELL] Attacker Keystroke: [DEL]
2025-12-06 05:36:37.765 - [Debug] [SHELL] Attacker Keystroke: [DEL]
2025-12-06 05:36:38.522 - [Debug] [SHELL] Attacker Keystroke: a
2025-12-06 05:36:38.855 - [Debug] [SHELL] Attacker Keystroke: [CR]
2025-12-06 05:36:38.856 - [Debug] [SHELL] line from reader: ls -la
2025-12-06 05:36:38.856 - [Debug] [SHELL] Keystroke buffer: 108,115,32,45,108,97,32,127,127,97,13
2025-12-06 05:36:41.777 - [Debug] [SHELL] Attacker Keystroke: c
2025-12-06 05:36:41.857 - [Debug] [SHELL] Attacker Keystroke: a
2025-12-06 05:36:42.039 - [Debug] [SHELL] Attacker Keystroke: t
2025-12-06 05:36:42.159 - [Debug] [SHELL] Attacker Keystroke: [Space]
2025-12-06 05:36:42.504 - [Debug] [SHELL] Attacker Keystroke: A
2025-12-06 05:36:42.708 - [Debug] [SHELL] Attacker Keystroke: u
2025-12-06 05:36:42.809 - [Debug] [SHELL] Attacker Keystroke: [TAB]
2025-12-06 05:36:43.882 - [Debug] [SHELL] Attacker Keystroke: [CR]
2025-12-06 05:36:43.882 - [Debug] [SHELL] line from reader: cat Au      
2025-12-06 05:36:43.882 - [Debug] [SHELL] Keystroke buffer: 99,97,116,32,65,117,9,13
2025-12-06 05:37:03.577 - [Debug] [SHELL] Attacker Keystroke: c
2025-12-06 05:37:03.745 - [Debug] [SHELL] Attacker Keystroke: l
2025-12-06 05:37:03.907 - [Debug] [SHELL] Attacker Keystroke: e
2025-12-06 05:37:04.030 - [Debug] [SHELL] Attacker Keystroke: a
2025-12-06 05:37:04.133 - [Debug] [SHELL] Attacker Keystroke: r
2025-12-06 05:37:04.236 - [Debug] [SHELL] Attacker Keystroke: [CR]
2025-12-06 05:37:04.236 - [Debug] [SHELL] line from reader: clear
2025-12-06 05:37:04.236 - [Debug] [SHELL] Keystroke buffer: 99,108,101,97,114,13
2025-12-06 05:37:05.088 - [Debug] [SHELL] Attacker Keystroke: l
2025-12-06 05:37:05.170 - [Debug] [SHELL] Attacker Keystroke: s
2025-12-06 05:37:05.273 - [Debug] [SHELL] Attacker Keystroke: [CR]
2025-12-06 05:37:05.273 - [Debug] [SHELL] line from reader: ls
2025-12-06 05:37:05.273 - [Debug] [SHELL] Keystroke buffer: 108,115,13
2025-12-06 05:37:06.461 - [Debug] [SHELL] Attacker Keystroke: k
2025-12-06 05:37:06.708 - [Debug] [SHELL] Attacker Keystroke: [DEL]
2025-12-06 05:37:06.856 - [Debug] [SHELL] Attacker Keystroke: [DEL]
2025-12-06 05:37:07.044 - [Debug] [SHELL] Attacker Keystroke: l
2025-12-06 05:37:07.146 - [Debug] [SHELL] Attacker Keystroke: s
2025-12-06 05:37:07.229 - [Debug] [SHELL] Attacker Keystroke: [Space]
2025-12-06 05:37:07.378 - [Debug] [SHELL] Attacker Keystroke: =
2025-12-06 05:37:07.587 - [Debug] [SHELL] Attacker Keystroke: ;
2025-12-06 05:37:07.647 - [Debug] [SHELL] Attacker Keystroke: a
2025-12-06 05:37:07.731 - [Debug] [SHELL] Attacker Keystroke: [Space]
2025-12-06 05:37:08.103 - [Debug] [SHELL] Attacker Keystroke: [DEL]
2025-12-06 05:37:08.354 - [Debug] [SHELL] Attacker Keystroke: [DEL]
2025-12-06 05:37:08.516 - [Debug] [SHELL] Attacker Keystroke: [DEL]
2025-12-06 05:37:08.704 - [Debug] [SHELL] Attacker Keystroke: [DEL]
2025-12-06 05:37:09.661 - [Debug] [SHELL] Attacker Keystroke: =
2025-12-06 05:37:10.390 - [Debug] [SHELL] Attacker Keystroke: [DEL]
2025-12-06 05:37:10.702 - [Debug] [SHELL] Attacker Keystroke: -
2025-12-06 05:37:11.142 - [Debug] [SHELL] Attacker Keystroke: l
2025-12-06 05:37:11.204 - [Debug] [SHELL] Attacker Keystroke: a
2025-12-06 05:37:11.328 - [Debug] [SHELL] Attacker Keystroke: [CR]
2025-12-06 05:37:11.328 - [Debug] [SHELL] line from reader: ls -la
2025-12-06 05:37:11.328 - [Debug] [SHELL] Keystroke buffer: 107,127,127,108,115,32,61,59,97,32,127,127,127,127,61,127,45,108,97,13
2025-12-06 05:37:13.923 - [Debug] [SHELL] Attacker Keystroke: c
2025-12-06 05:37:14.008 - [Debug] [SHELL] Attacker Keystroke: a
2025-12-06 05:37:14.197 - [Debug] [SHELL] Attacker Keystroke: r
2025-12-06 05:37:14.302 - [Debug] [SHELL] Attacker Keystroke: [Space]
2025-12-06 05:37:14.575 - [Debug] [SHELL] Attacker Keystroke: B
2025-12-06 05:37:14.763 - [Debug] [SHELL] Attacker Keystroke: i
2025-12-06 05:37:14.823 - [Debug] [SHELL] Attacker Keystroke: [TAB]
2025-12-06 05:37:15.749 - [Debug] [SHELL] Attacker Keystroke: [CR]
2025-12-06 05:37:15.749 - [Debug] [SHELL] line from reader: car Bi      
2025-12-06 05:37:15.749 - [Debug] [SHELL] Keystroke buffer: 99,97,114,32,66,105,9,13
2025-12-06 05:37:18.393 - [Debug] [SHELL] Attacker Keystroke: c
2025-12-06 05:37:18.495 - [Debug] [SHELL] Attacker Keystroke: a
2025-12-06 05:37:18.669 - [Debug] [SHELL] Attacker Keystroke: t
2025-12-06 05:37:18.750 - [Debug] [SHELL] Attacker Keystroke: [Space]
2025-12-06 05:37:19.033 - [Debug] [SHELL] Attacker Keystroke: B
2025-12-06 05:37:19.255 - [Debug] [SHELL] Attacker Keystroke: i
2025-12-06 05:37:19.356 - [Debug] [SHELL] Attacker Keystroke: [TAB]
2025-12-06 05:37:20.346 - [Debug] [SHELL] Attacker Keystroke: [CR]
2025-12-06 05:37:20.346 - [Debug] [SHELL] line from reader: cat Bi      
2025-12-06 05:37:20.346 - [Debug] [SHELL] Keystroke buffer: 99,97,116,32,66,105,9,13
2025-12-06 05:37:23.160 - [Debug] [SHELL] Attacker Keystroke: l
2025-12-06 05:37:23.241 - [Debug] [SHELL] Attacker Keystroke: s
2025-12-06 05:37:23.461 - [Debug] [SHELL] Attacker Keystroke: [CR]
2025-12-06 05:37:23.461 - [Debug] [SHELL] line from reader: ls
2025-12-06 05:37:23.461 - [Debug] [SHELL] Keystroke buffer: 108,115,13
2025-12-06 05:37:26.327 - [Debug] [SHELL] Attacker Keystroke: c
2025-12-06 05:37:26.429 - [Debug] [SHELL] Attacker Keystroke: a
2025-12-06 05:37:26.656 - [Debug] [SHELL] Attacker Keystroke: t
2025-12-06 05:37:26.928 - [Debug] [SHELL] Attacker Keystroke: [Space]
2025-12-06 05:37:27.238 - [Debug] [SHELL] Attacker Keystroke: c
2025-12-06 05:37:27.404 - [Debug] [SHELL] Attacker Keystroke: o
2025-12-06 05:37:27.830 - [Debug] [SHELL] Attacker Keystroke: [DEL]
2025-12-06 05:37:27.974 - [Debug] [SHELL] Attacker Keystroke: [DEL]
2025-12-06 05:37:28.875 - [Debug] [SHELL] Attacker Keystroke: C
2025-12-06 05:37:29.018 - [Debug] [SHELL] Attacker Keystroke: o
2025-12-06 05:37:29.223 - [Debug] [SHELL] Attacker Keystroke: n
2025-12-06 05:37:29.305 - [Debug] [SHELL] Attacker Keystroke: [TAB]
2025-12-06 05:37:30.188 - [Debug] [SHELL] Attacker Keystroke: [CR]
2025-12-06 05:37:30.188 - [Debug] [SHELL] line from reader: cat Con     
2025-12-06 05:37:30.188 - [Debug] [SHELL] Keystroke buffer: 99,97,116,32,99,111,127,127,67,111,110,9,13
2025-12-06 05:37:34.091 - [Debug] [SHELL] Attacker Keystroke: l
2025-12-06 05:37:34.205 - [Debug] [SHELL] Attacker Keystroke: s
2025-12-06 05:37:34.419 - [Debug] [SHELL] Attacker Keystroke: [CR]
2025-12-06 05:37:34.419 - [Debug] [SHELL] line from reader: ls
2025-12-06 05:37:34.420 - [Debug] [SHELL] Keystroke buffer: 108,115,13
2025-12-06 05:37:36.104 - [Debug] [SHELL] Attacker Keystroke: c
2025-12-06 05:37:36.206 - [Debug] [SHELL] Attacker Keystroke: a
2025-12-06 05:37:36.397 - [Debug] [SHELL] Attacker Keystroke: t
2025-12-06 05:37:36.514 - [Debug] [SHELL] Attacker Keystroke: [Space]
2025-12-06 05:37:36.846 - [Debug] [SHELL] Attacker Keystroke: P
2025-12-06 05:37:37.043 - [Debug] [SHELL] Attacker Keystroke: e
2025-12-06 05:37:37.197 - [Debug] [SHELL] Attacker Keystroke: [TAB]
2025-12-06 05:37:38.069 - [Debug] [SHELL] Attacker Keystroke: [CR]
2025-12-06 05:37:38.069 - [Debug] [SHELL] line from reader: cat Pe      
2025-12-06 05:37:38.069 - [Debug] [SHELL] Keystroke buffer: 99,97,116,32,80,101,9,13
2025-12-06 05:37:45.551 - [Debug] [SHELL] Attacker Keystroke: c
