2025-10-21 11:16:54.841 - [Info] MITM Version: 1.4
2025-10-21 11:16:54.844 - [Info] Auto Access Enabled: true
2025-10-21 11:16:54.844 - [Debug] [Init] Auto Access Barrier: true
2025-10-21 11:16:54.849 - [Info] SSH man-in-the-middle server for 172.20.0.3 listening on 0.0.0.0:10002
2025-10-21 11:17:05.397 - [Debug] [Connection] Attacker connected: 10.173.150.42 | Client Identification: SSH-2.0-OpenSSH_for_Windows_9.5
2025-10-21 11:17:06.745 - [Debug] [Auth] Attacker 10.173.150.42 trying to authenticate with "none"
2025-10-21 11:17:06.745 - [Debug] [Auth] Attacker authentication error: No authentication method provided
2025-10-21 11:17:06.807 - [Debug] [Auth] Attacker 10.173.150.42 trying to authenticate with "publickey"
2025-10-21 11:17:06.808 - [Debug] [Auth] Attacker authentication error: Publickey authentication failed
2025-10-21 11:17:06.808 - [Debug] [Auth] Attacker: 10.173.150.42 has so far made 1 attempts. Remaining: 5 attempts
2025-10-21 11:17:08.998 - [Debug] [Auth] Attacker 10.173.150.42 trying to authenticate with "password"
2025-10-21 11:17:09.000 - [Debug] [Auto Access] Attacker: 10.173.150.42, Threshold: 1, Attempts: 1
2025-10-21 11:17:09.000 - [Debug] [Auto Access] Compromising the honeypot
2025-10-21 11:17:09.000 - [Debug] [Auto Access] Adding the following credentials: "hello:hiii"
2025-10-21 11:17:09.349 - [Debug] [Auth] Valid credentials - Password Authentication
2025-10-21 11:17:09.349 - [Debug] [LXC] Attempting to connect to the honeypot: 172.20.0.3
2025-10-21 11:17:09.384 - [Debug] [LXC-Auth] Attacker authenticated and is inside container
2025-10-21 11:17:09.740 - [Debug] [SHELL] Opened shell for attacker
2025-10-21 11:17:09.742 - [Debug] [LXC Streams] New Stream | Total Streams: 1
2025-10-21 11:17:11.276 - [Debug] [SHELL] Attacker Keystroke: e
2025-10-21 11:17:11.473 - [Debug] [SHELL] Attacker Keystroke: c
2025-10-21 11:17:11.558 - [Debug] [SHELL] Attacker Keystroke: h
2025-10-21 11:17:11.727 - [Debug] [SHELL] Attacker Keystroke: o
2025-10-21 11:17:11.840 - [Debug] [SHELL] Attacker Keystroke: [Space]
2025-10-21 11:17:12.177 - [Debug] [SHELL] Attacker Keystroke: h
2025-10-21 11:17:12.418 - [Debug] [SHELL] Attacker Keystroke: i
2025-10-21 11:17:12.820 - [Debug] [SHELL] Attacker Keystroke: [CR]
2025-10-21 11:17:12.821 - [Debug] [SHELL] line from reader: echo hi
2025-10-21 11:17:12.821 - [Debug] [SHELL] Keystroke buffer: 101,99,104,111,32,104,105,13
2025-10-21 11:17:14.577 - [Debug] [SHELL] Attacker Keystroke: e
2025-10-21 11:17:14.843 - [Debug] [SHELL] Attacker Keystroke: c
2025-10-21 11:17:14.925 - [Debug] [SHELL] Attacker Keystroke: h
2025-10-21 11:17:15.169 - [Debug] [SHELL] Attacker Keystroke: o
2025-10-21 11:17:15.292 - [Debug] [SHELL] Attacker Keystroke: [Space]
2025-10-21 11:17:15.977 - [Debug] [SHELL] Attacker Keystroke: '
2025-10-21 11:17:16.676 - [Debug] [SHELL] Attacker Keystroke: [DEL]
2025-10-21 11:17:17.003 - [Debug] [SHELL] Attacker Keystroke: "
2025-10-21 11:17:17.820 - [Debug] [SHELL] Attacker Keystroke: i
2025-10-21 11:17:18.020 - [Debug] [SHELL] Attacker Keystroke: m
2025-10-21 11:17:18.251 - [Debug] [SHELL] Attacker Keystroke: [Space]
2025-10-21 11:17:18.497 - [Debug] [SHELL] Attacker Keystroke: l
2025-10-21 11:17:18.589 - [Debug] [SHELL] Attacker Keystroke: e
2025-10-21 11:17:18.683 - [Debug] [SHELL] Attacker Keystroke: a
2025-10-21 11:17:18.855 - [Debug] [SHELL] Attacker Keystroke: v
2025-10-21 11:17:18.935 - [Debug] [SHELL] Attacker Keystroke: i
2025-10-21 11:17:19.000 - [Debug] [SHELL] Attacker Keystroke: n
2025-10-21 11:17:19.143 - [Debug] [SHELL] Attacker Keystroke: g
2025-10-21 11:17:19.196 - [Debug] [SHELL] Attacker Keystroke: [Space]
2025-10-21 11:17:19.431 - [Debug] [SHELL] Attacker Keystroke: m
2025-10-21 11:17:20.100 - [Debug] [SHELL] Attacker Keystroke: [DEL]
2025-10-21 11:17:20.332 - [Debug] [SHELL] Attacker Keystroke: b
2025-10-21 11:17:20.722 - [Debug] [SHELL] Attacker Keystroke: y
2025-10-21 11:17:20.799 - [Debug] [SHELL] Attacker Keystroke: [Space]
2025-10-21 11:17:21.064 - [Debug] [SHELL] Attacker Keystroke: m
2025-10-21 11:17:21.737 - [Debug] [SHELL] Attacker Keystroke: y
2025-10-21 11:17:21.843 - [Debug] [SHELL] Attacker Keystroke: s
2025-10-21 11:17:21.931 - [Debug] [SHELL] Attacker Keystroke: e
2025-10-21 11:17:22.137 - [Debug] [SHELL] Attacker Keystroke: f
2025-10-21 11:17:22.491 - [Debug] [SHELL] Attacker Keystroke: [DEL]
2025-10-21 11:17:22.716 - [Debug] [SHELL] Attacker Keystroke: l
2025-10-21 11:17:22.769 - [Debug] [SHELL] Attacker Keystroke: f
2025-10-21 11:17:23.112 - [Debug] [SHELL] Attacker Keystroke: "
2025-10-21 11:17:23.307 - [Debug] [SHELL] Attacker Keystroke: [CR]
2025-10-21 11:17:23.307 - [Debug] [SHELL] line from reader: echo "im leaving by myself"
2025-10-21 11:17:23.307 - [Debug] [SHELL] Keystroke buffer: 101,99,104,111,32,39,127,34,105,109,32,108,101,97,118,105,110,103,32,109,127,98,121,32,109,121,115,101,102,127,108,102,34,13
2025-10-21 11:17:24.191 - [Debug] [SHELL] Attacker Keystroke: l
2025-10-21 11:17:24.308 - [Debug] [SHELL] Attacker Keystroke: s
2025-10-21 11:17:24.437 - [Debug] [SHELL] Attacker Keystroke: [CR]
2025-10-21 11:17:24.437 - [Debug] [SHELL] line from reader: ls
2025-10-21 11:17:24.437 - [Debug] [SHELL] Keystroke buffer: 108,115,13
2025-10-21 11:17:24.834 - [Debug] [SHELL] Attacker Keystroke: c
2025-10-21 11:17:25.037 - [Debug] [SHELL] Attacker Keystroke: d
2025-10-21 11:17:25.087 - [Debug] [SHELL] Attacker Keystroke: [Space]
2025-10-21 11:17:25.238 - [Debug] [SHELL] Attacker Keystroke: a
2025-10-21 11:17:25.347 - [Debug] [SHELL] Attacker Keystroke: p
2025-10-21 11:17:25.483 - [Debug] [SHELL] Attacker Keystroke: p
2025-10-21 11:17:25.691 - [Debug] [SHELL] Attacker Keystroke: l
2025-10-21 11:17:26.000 - [Debug] [SHELL] Attacker Keystroke: [DEL]
2025-10-21 11:17:26.120 - [Debug] [SHELL] Attacker Keystroke: [DEL]
2025-10-21 11:17:26.279 - [Debug] [SHELL] Attacker Keystroke: [DEL]
2025-10-21 11:17:26.401 - [Debug] [SHELL] Attacker Keystroke: [DEL]
2025-10-21 11:17:26.915 - [Debug] [SHELL] Attacker Keystroke: A
2025-10-21 11:17:27.168 - [Debug] [SHELL] Attacker Keystroke: p
2025-10-21 11:17:27.350 - [Debug] [SHELL] Attacker Keystroke: p
2025-10-21 11:17:27.516 - [Debug] [SHELL] Attacker Keystroke: l
2025-10-21 11:17:27.599 - [Debug] [SHELL] Attacker Keystroke: i
2025-10-21 11:17:27.692 - [Debug] [SHELL] Attacker Keystroke: c
2025-10-21 11:17:27.752 - [Debug] [SHELL] Attacker Keystroke: a
2025-10-21 11:17:27.952 - [Debug] [SHELL] Attacker Keystroke: t
2025-10-21 11:17:28.033 - [Debug] [SHELL] Attacker Keystroke: i
2025-10-21 11:17:28.105 - [Debug] [SHELL] Attacker Keystroke: o
2025-10-21 11:17:28.194 - [Debug] [SHELL] Attacker Keystroke: n
2025-10-21 11:17:28.357 - [Debug] [SHELL] Attacker Keystroke: s
2025-10-21 11:17:28.526 - [Debug] [SHELL] Attacker Keystroke: [CR]
2025-10-21 11:17:28.527 - [Debug] [SHELL] line from reader: cd Applications
2025-10-21 11:17:28.527 - [Debug] [SHELL] Keystroke buffer: 99,100,32,97,112,112,108,127,127,127,127,65,112,112,108,105,99,97,116,105,111,110,115,13
2025-10-21 11:17:28.854 - [Debug] [SHELL] Attacker Keystroke: l
2025-10-21 11:17:28.881 - [Debug] [SHELL] Attacker Keystroke: s
2025-10-21 11:17:29.113 - [Debug] [SHELL] Attacker Keystroke: [CR]
2025-10-21 11:17:29.114 - [Debug] [SHELL] line from reader: ls
2025-10-21 11:17:29.114 - [Debug] [SHELL] Keystroke buffer: 108,115,13
2025-10-21 11:17:30.612 - [Debug] [SHELL] Attacker Keystroke: e
2025-10-21 11:17:30.792 - [Debug] [SHELL] Attacker Keystroke: x
2025-10-21 11:17:30.845 - [Debug] [SHELL] Attacker Keystroke: i
2025-10-21 11:17:31.003 - [Debug] [SHELL] Attacker Keystroke: t
2025-10-21 11:17:31.118 - [Debug] [SHELL] Attacker Keystroke: [CR]
2025-10-21 11:17:31.119 - [Debug] [SHELL] line from reader: exit
2025-10-21 11:17:31.119 - [Debug] [SHELL] Keystroke buffer: 101,120,105,116,13
2025-10-21 11:17:31.140 - [Debug] [LXC Streams] Removed Stream | Total streams: 0
2025-10-21 11:17:31.140 - [Debug] [SHELL] Honeypot ended shell
2025-10-21 11:17:31.172 - [Debug] [SHELL] Attacker ended the shell
2025-10-21 11:17:31.173 - [Debug] [Connection] Attacker closed connection
2025-10-21 11:17:31.176 - [Debug] [LXC] Container's OpenSSH server ended connection
2025-10-21 11:17:31.176 - [Debug] [LXC] Container's OpenSSH server closed connection
