2025-10-21 11:20:57.651 - [Info] MITM Version: 1.4
2025-10-21 11:20:57.653 - [Info] Auto Access Enabled: true
2025-10-21 11:20:57.653 - [Debug] [Init] Auto Access Barrier: true
2025-10-21 11:20:57.659 - [Info] SSH man-in-the-middle server for 172.20.0.3 listening on 0.0.0.0:10002
2025-10-21 11:21:18.451 - [Debug] [Connection] Attacker connected: 10.173.150.42 | Client Identification: SSH-2.0-OpenSSH_for_Windows_9.5
2025-10-21 11:21:19.780 - [Debug] [Auth] Attacker 10.173.150.42 trying to authenticate with "none"
2025-10-21 11:21:19.780 - [Debug] [Auth] Attacker authentication error: No authentication method provided
2025-10-21 11:21:19.843 - [Debug] [Auth] Attacker 10.173.150.42 trying to authenticate with "publickey"
2025-10-21 11:21:19.844 - [Debug] [Auth] Attacker authentication error: Publickey authentication failed
2025-10-21 11:21:19.844 - [Debug] [Auth] Attacker: 10.173.150.42 has so far made 1 attempts. Remaining: 5 attempts
2025-10-21 11:21:22.232 - [Debug] [Auth] Attacker 10.173.150.42 trying to authenticate with "password"
2025-10-21 11:21:22.233 - [Debug] [Auto Access] Attacker: 10.173.150.42, Threshold: 1, Attempts: 1
2025-10-21 11:21:22.233 - [Debug] [Auto Access] Compromising the honeypot
2025-10-21 11:21:22.234 - [Debug] [Auto Access] Adding the following credentials: "subomi:hello"
2025-10-21 11:21:22.575 - [Debug] [Auth] Valid credentials - Password Authentication
2025-10-21 11:21:22.575 - [Debug] [LXC] Attempting to connect to the honeypot: 172.20.0.3
2025-10-21 11:21:22.607 - [Debug] [LXC-Auth] Attacker authenticated and is inside container
2025-10-21 11:21:22.982 - [Debug] [SHELL] Opened shell for attacker
2025-10-21 11:21:22.983 - [Debug] [LXC Streams] New Stream | Total Streams: 1
2025-10-21 11:21:25.620 - [Debug] [SHELL] Attacker Keystroke: e
2025-10-21 11:21:25.828 - [Debug] [SHELL] Attacker Keystroke: h
2025-10-21 11:21:26.123 - [Debug] [SHELL] Attacker Keystroke: c
2025-10-21 11:21:26.232 - [Debug] [SHELL] Attacker Keystroke: o
2025-10-21 11:21:26.325 - [Debug] [SHELL] Attacker Keystroke: [Space]
2025-10-21 11:21:26.853 - [Debug] [SHELL] Attacker Keystroke: "
2025-10-21 11:21:27.651 - [Debug] [SHELL] Attacker Keystroke: i
2025-10-21 11:21:27.915 - [Debug] [SHELL] Attacker Keystroke: m
2025-10-21 11:21:27.976 - [Debug] [SHELL] Attacker Keystroke: [Space]
2025-10-21 11:21:28.181 - [Debug] [SHELL] Attacker Keystroke: t
2025-10-21 11:21:28.229 - [Debug] [SHELL] Attacker Keystroke: i
2025-10-21 11:21:28.315 - [Debug] [SHELL] Attacker Keystroke: m
2025-10-21 11:21:28.489 - [Debug] [SHELL] Attacker Keystroke: i
2025-10-21 11:21:28.584 - [Debug] [SHELL] Attacker Keystroke: n
2025-10-21 11:21:28.684 - [Debug] [SHELL] Attacker Keystroke: g
2025-10-21 11:21:28.755 - [Debug] [SHELL] Attacker Keystroke: [Space]
2025-10-21 11:21:28.968 - [Debug] [SHELL] Attacker Keystroke: o
2025-10-21 11:21:29.044 - [Debug] [SHELL] Attacker Keystroke: u
2025-10-21 11:21:29.121 - [Debug] [SHELL] Attacker Keystroke: t
2025-10-21 11:21:29.916 - [Debug] [SHELL] Attacker Keystroke: "
2025-10-21 11:21:30.396 - [Debug] [SHELL] Attacker Keystroke: [CR]
2025-10-21 11:21:30.397 - [Debug] [SHELL] line from reader: ehco "im timing out"
2025-10-21 11:21:30.397 - [Debug] [SHELL] Keystroke buffer: 101,104,99,111,32,34,105,109,32,116,105,109,105,110,103,32,111,117,116,34,13
2025-10-21 11:21:30.750 - [Debug] [SHELL] Attacker Keystroke: l
2025-10-21 11:21:30.845 - [Debug] [SHELL] Attacker Keystroke: s
2025-10-21 11:21:34.021 - [Debug] [SHELL] Attacker Keystroke: [DEL]
2025-10-21 11:21:34.168 - [Debug] [SHELL] Attacker Keystroke: [DEL]
2025-10-21 11:21:34.288 - [Debug] [SHELL] Attacker Keystroke: e
2025-10-21 11:21:34.487 - [Debug] [SHELL] Attacker Keystroke: c
2025-10-21 11:21:34.636 - [Debug] [SHELL] Attacker Keystroke: h
2025-10-21 11:21:34.837 - [Debug] [SHELL] Attacker Keystroke: o
2025-10-21 11:21:34.976 - [Debug] [SHELL] Attacker Keystroke: [Space]
2025-10-21 11:21:35.462 - [Debug] [SHELL] Attacker Keystroke: "
2025-10-21 11:21:35.887 - [Debug] [SHELL] Attacker Keystroke: i
2025-10-21 11:21:35.967 - [Debug] [SHELL] Attacker Keystroke: m
2025-10-21 11:21:36.158 - [Debug] [SHELL] Attacker Keystroke: [Space]
2025-10-21 11:21:36.297 - [Debug] [SHELL] Attacker Keystroke: t
2025-10-21 11:21:36.370 - [Debug] [SHELL] Attacker Keystroke: i
2025-10-21 11:21:36.452 - [Debug] [SHELL] Attacker Keystroke: m
2025-10-21 11:21:36.564 - [Debug] [SHELL] Attacker Keystroke: i
2025-10-21 11:21:36.683 - [Debug] [SHELL] Attacker Keystroke: n
2025-10-21 11:21:36.771 - [Debug] [SHELL] Attacker Keystroke: g
2025-10-21 11:21:36.874 - [Debug] [SHELL] Attacker Keystroke: [Space]
2025-10-21 11:21:37.075 - [Debug] [SHELL] Attacker Keystroke: o
2025-10-21 11:21:37.162 - [Debug] [SHELL] Attacker Keystroke: u
2025-10-21 11:21:37.232 - [Debug] [SHELL] Attacker Keystroke: t
2025-10-21 11:21:37.782 - [Debug] [SHELL] Attacker Keystroke: "
2025-10-21 11:21:38.110 - [Debug] [SHELL] Attacker Keystroke: [CR]
2025-10-21 11:21:38.110 - [Debug] [SHELL] line from reader: echo "im timing out"
2025-10-21 11:21:38.111 - [Debug] [SHELL] Keystroke buffer: 108,115,127,127,101,99,104,111,32,34,105,109,32,116,105,109,105,110,103,32,111,117,116,34,13
2025-10-21 11:21:38.520 - [Debug] [SHELL] Attacker Keystroke: l
2025-10-21 11:21:38.637 - [Debug] [SHELL] Attacker Keystroke: s
2025-10-21 11:21:38.777 - [Debug] [SHELL] Attacker Keystroke: [CR]
2025-10-21 11:21:38.778 - [Debug] [SHELL] line from reader: ls
2025-10-21 11:21:38.778 - [Debug] [SHELL] Keystroke buffer: 108,115,13
2025-10-21 11:21:42.419 - [Debug] [SHELL] Attacker Keystroke: d
2025-10-21 11:21:42.563 - [Debug] [SHELL] Attacker Keystroke: a
2025-10-21 11:21:42.742 - [Debug] [SHELL] Attacker Keystroke: t
2025-10-21 11:21:42.819 - [Debug] [SHELL] Attacker Keystroke: e
2025-10-21 11:21:43.175 - [Debug] [SHELL] Attacker Keystroke: [CR]
2025-10-21 11:21:43.176 - [Debug] [SHELL] line from reader: date
2025-10-21 11:21:43.176 - [Debug] [SHELL] Keystroke buffer: 100,97,116,101,13
