2025-10-22 09:54:56.524 - [Info] MITM Version: 1.4
2025-10-22 09:54:56.526 - [Info] Auto Access Enabled: true
2025-10-22 09:54:56.527 - [Debug] [Init] Auto Access Barrier: true
2025-10-22 09:54:56.532 - [Info] SSH man-in-the-middle server for 172.20.0.4 listening on 0.0.0.0:10003
2025-10-22 09:56:23.083 - [Debug] [Connection] Attacker connected: 10.175.90.186 | Client Identification: SSH-2.0-OpenSSH_for_Windows_9.5
2025-10-22 09:56:24.171 - [Debug] [Auth] Attacker 10.175.90.186 trying to authenticate with "none"
2025-10-22 09:56:24.171 - [Debug] [Auth] Attacker authentication error: No authentication method provided
2025-10-22 09:56:24.240 - [Debug] [Auth] Attacker 10.175.90.186 trying to authenticate with "publickey"
2025-10-22 09:56:24.241 - [Debug] [Auth] Attacker authentication error: Publickey authentication failed
2025-10-22 09:56:24.242 - [Debug] [Auth] Attacker: 10.175.90.186 has so far made 1 attempts. Remaining: 5 attempts
2025-10-22 09:56:25.274 - [Debug] [Auth] Attacker 10.175.90.186 trying to authenticate with "password"
2025-10-22 09:56:25.276 - [Debug] [Auto Access] Attacker: 10.175.90.186, Threshold: 1, Attempts: 1
2025-10-22 09:56:25.276 - [Debug] [Auto Access] Compromising the honeypot
2025-10-22 09:56:25.277 - [Debug] [Auto Access] Adding the following credentials: "subomi:hi"
2025-10-22 09:56:25.637 - [Debug] [Auth] Valid credentials - Password Authentication
2025-10-22 09:56:25.638 - [Debug] [LXC] Attempting to connect to the honeypot: 172.20.0.4
2025-10-22 09:56:25.672 - [Debug] [LXC-Auth] Attacker authenticated and is inside container
2025-10-22 09:56:26.045 - [Debug] [SHELL] Opened shell for attacker
2025-10-22 09:56:26.047 - [Debug] [LXC Streams] New Stream | Total Streams: 1
2025-10-22 09:56:30.559 - [Debug] [SHELL] Attacker Keystroke: l
2025-10-22 09:56:30.679 - [Debug] [SHELL] Attacker Keystroke: s
2025-10-22 09:56:30.786 - [Debug] [SHELL] Attacker Keystroke: [CR]
2025-10-22 09:56:30.786 - [Debug] [SHELL] line from reader: ls
2025-10-22 09:56:30.786 - [Debug] [SHELL] Keystroke buffer: 108,115,13
2025-10-22 09:56:42.868 - [Debug] [SHELL] Attacker Keystroke: e
2025-10-22 09:56:43.055 - [Debug] [SHELL] Attacker Keystroke: c
2025-10-22 09:56:43.110 - [Debug] [SHELL] Attacker Keystroke: h
2025-10-22 09:56:43.191 - [Debug] [SHELL] Attacker Keystroke: o
2025-10-22 09:56:43.265 - [Debug] [SHELL] Attacker Keystroke: [Space]
2025-10-22 09:56:43.385 - [Debug] [SHELL] Attacker Keystroke: s
2025-10-22 09:56:43.564 - [Debug] [SHELL] Attacker Keystroke: r
2025-10-22 09:56:43.889 - [Debug] [SHELL] Attacker Keystroke: [DEL]
2025-10-22 09:56:43.939 - [Debug] [SHELL] Attacker Keystroke: e
2025-10-22 09:56:43.978 - [Debug] [SHELL] Attacker Keystroke: r
2025-10-22 09:56:44.213 - [Debug] [SHELL] Attacker Keystroke: v
2025-10-22 09:56:44.322 - [Debug] [SHELL] Attacker Keystroke: e
2025-10-22 09:56:44.381 - [Debug] [SHELL] Attacker Keystroke: r
2025-10-22 09:56:44.458 - [Debug] [SHELL] Attacker Keystroke: [Space]
2025-10-22 09:56:44.580 - [Debug] [SHELL] Attacker Keystroke: 2
2025-10-22 09:56:44.998 - [Debug] [SHELL] Attacker Keystroke: [DEL]
2025-10-22 09:56:45.137 - [Debug] [SHELL] Attacker Keystroke: 3
2025-10-22 09:56:45.186 - [Debug] [SHELL] Attacker Keystroke: [Space]
2025-10-22 09:56:45.445 - [Debug] [SHELL] Attacker Keystroke: t
2025-10-22 09:56:45.567 - [Debug] [SHELL] Attacker Keystroke: e
2025-10-22 09:56:45.864 - [Debug] [SHELL] Attacker Keystroke: s
2025-10-22 09:56:45.994 - [Debug] [SHELL] Attacker Keystroke: t
2025-10-22 09:56:46.079 - [Debug] [SHELL] Attacker Keystroke: [CR]
2025-10-22 09:56:46.079 - [Debug] [SHELL] line from reader: echo server 3 test
2025-10-22 09:56:46.079 - [Debug] [SHELL] Keystroke buffer: 101,99,104,111,32,115,114,127,101,114,118,101,114,32,50,127,51,32,116,101,115,116,13
2025-10-22 09:56:46.806 - [Debug] [SHELL] Attacker Keystroke: e
2025-10-22 09:56:47.013 - [Debug] [SHELL] Attacker Keystroke: c
2025-10-22 09:56:47.073 - [Debug] [SHELL] Attacker Keystroke: h
2025-10-22 09:56:47.211 - [Debug] [SHELL] Attacker Keystroke: o
2025-10-22 09:56:47.294 - [Debug] [SHELL] Attacker Keystroke: [Space]
2025-10-22 09:56:48.278 - [Debug] [SHELL] Attacker Keystroke: i
2025-10-22 09:56:48.370 - [Debug] [SHELL] Attacker Keystroke: [Space]
2025-10-22 09:56:48.572 - [Debug] [SHELL] Attacker Keystroke: i
2025-10-22 09:56:48.878 - [Debug] [SHELL] Attacker Keystroke: [DEL]
2025-10-22 09:56:49.064 - [Debug] [SHELL] Attacker Keystroke: w
2025-10-22 09:56:49.444 - [Debug] [SHELL] Attacker Keystroke: i
2025-10-22 09:56:49.619 - [Debug] [SHELL] Attacker Keystroke: l
2025-10-22 09:56:49.741 - [Debug] [SHELL] Attacker Keystroke: l
2025-10-22 09:56:49.820 - [Debug] [SHELL] Attacker Keystroke: [Space]
2025-10-22 09:56:49.967 - [Debug] [SHELL] Attacker Keystroke: b
2025-10-22 09:56:50.085 - [Debug] [SHELL] Attacker Keystroke: e
2025-10-22 09:56:50.136 - [Debug] [SHELL] Attacker Keystroke: [Space]
2025-10-22 09:56:50.252 - [Debug] [SHELL] Attacker Keystroke: i
2025-10-22 09:56:50.390 - [Debug] [SHELL] Attacker Keystroke: d
2025-10-22 09:56:50.440 - [Debug] [SHELL] Attacker Keystroke: l
2025-10-22 09:56:50.580 - [Debug] [SHELL] Attacker Keystroke: e
2025-10-22 09:56:50.631 - [Debug] [SHELL] Attacker Keystroke: [Space]
2025-10-22 09:56:50.869 - [Debug] [SHELL] Attacker Keystroke: l
2025-10-22 09:56:50.985 - [Debug] [SHELL] Attacker Keystroke: a
2025-10-22 09:56:51.124 - [Debug] [SHELL] Attacker Keystroke: t
2025-10-22 09:56:51.157 - [Debug] [SHELL] Attacker Keystroke: e
2025-10-22 09:56:51.321 - [Debug] [SHELL] Attacker Keystroke: r
2025-10-22 09:56:51.406 - [Debug] [SHELL] Attacker Keystroke: [CR]
2025-10-22 09:56:51.407 - [Debug] [SHELL] line from reader: echo i will be idle later
2025-10-22 09:56:51.407 - [Debug] [SHELL] Keystroke buffer: 101,99,104,111,32,105,32,105,127,119,105,108,108,32,98,101,32,105,100,108,101,32,108,97,116,101,114,13
2025-10-22 09:57:36.515 - [Debug] [SHELL] Attacker Keystroke: i
2025-10-22 09:57:36.596 - [Debug] [SHELL] Attacker Keystroke: [Space]
2025-10-22 09:57:36.808 - [Debug] [SHELL] Attacker Keystroke: w
2025-10-22 09:57:36.861 - [Debug] [SHELL] Attacker Keystroke: i
2025-10-22 09:57:37.045 - [Debug] [SHELL] Attacker Keystroke: l
2025-10-22 09:57:37.168 - [Debug] [SHELL] Attacker Keystroke: l
2025-10-22 09:57:37.555 - [Debug] [SHELL] Attacker Keystroke: [Space]
2025-10-22 09:57:37.743 - [Debug] [SHELL] Attacker Keystroke: b
2025-10-22 09:57:37.820 - [Debug] [SHELL] Attacker Keystroke: e
2025-10-22 09:57:37.873 - [Debug] [SHELL] Attacker Keystroke: [Space]
2025-10-22 09:57:38.179 - [Debug] [SHELL] Attacker Keystroke: i
2025-10-22 09:57:38.286 - [Debug] [SHELL] Attacker Keystroke: d
2025-10-22 09:57:38.365 - [Debug] [SHELL] Attacker Keystroke: l
2025-10-22 09:57:38.510 - [Debug] [SHELL] Attacker Keystroke: e
2025-10-22 09:57:38.593 - [Debug] [SHELL] Attacker Keystroke: [Space]
2025-10-22 09:57:38.838 - [Debug] [SHELL] Attacker Keystroke: l
2025-10-22 09:57:38.864 - [Debug] [SHELL] Attacker Keystroke: a
2025-10-22 09:57:39.038 - [Debug] [SHELL] Attacker Keystroke: t
2025-10-22 09:57:39.068 - [Debug] [SHELL] Attacker Keystroke: e
2025-10-22 09:57:39.240 - [Debug] [SHELL] Attacker Keystroke: r
2025-10-22 09:57:39.345 - [Debug] [SHELL] Attacker Keystroke: [Space]
2025-10-22 09:57:39.614 - [Debug] [SHELL] Attacker Keystroke: [CR]
2025-10-22 09:57:39.614 - [Debug] [SHELL] line from reader: i will be idle later 
2025-10-22 09:57:39.614 - [Debug] [SHELL] Keystroke buffer: 105,32,119,105,108,108,32,98,101,32,105,100,108,101,32,108,97,116,101,114,32,13
2025-10-22 09:57:41.180 - [Debug] [SHELL] Attacker Keystroke: e
2025-10-22 09:57:41.387 - [Debug] [SHELL] Attacker Keystroke: c
2025-10-22 09:57:41.406 - [Debug] [SHELL] Attacker Keystroke: h
2025-10-22 09:57:41.554 - [Debug] [SHELL] Attacker Keystroke: o
2025-10-22 09:57:41.586 - [Debug] [SHELL] Attacker Keystroke: [Space]
2025-10-22 09:57:42.011 - [Debug] [SHELL] Attacker Keystroke: i
2025-10-22 09:57:42.104 - [Debug] [SHELL] Attacker Keystroke: [Space]
2025-10-22 09:57:42.244 - [Debug] [SHELL] Attacker Keystroke: w
2025-10-22 09:57:42.298 - [Debug] [SHELL] Attacker Keystroke: i
2025-10-22 09:57:42.477 - [Debug] [SHELL] Attacker Keystroke: l
2025-10-22 09:57:42.617 - [Debug] [SHELL] Attacker Keystroke: l
2025-10-22 09:57:42.649 - [Debug] [SHELL] Attacker Keystroke: [Space]
2025-10-22 09:57:43.533 - [Debug] [SHELL] Attacker Keystroke: i
2025-10-22 09:57:43.642 - [Debug] [SHELL] Attacker Keystroke: d
2025-10-22 09:57:43.719 - [Debug] [SHELL] Attacker Keystroke: l
2025-10-22 09:57:43.873 - [Debug] [SHELL] Attacker Keystroke: e
2025-10-22 09:57:43.923 - [Debug] [SHELL] Attacker Keystroke: [Space]
2025-10-22 09:57:44.191 - [Debug] [SHELL] Attacker Keystroke: s
2025-10-22 09:57:44.388 - [Debug] [SHELL] Attacker Keystroke: o
2025-10-22 09:57:44.518 - [Debug] [SHELL] Attacker Keystroke: o
2025-10-22 09:57:44.626 - [Debug] [SHELL] Attacker Keystroke: n
2025-10-22 09:57:44.919 - [Debug] [SHELL] Attacker Keystroke: [Space]
2025-10-22 09:57:45.277 - [Debug] [SHELL] Attacker Keystroke: [CR]
2025-10-22 09:57:45.277 - [Debug] [SHELL] line from reader: echo i will idle soon 
2025-10-22 09:57:45.278 - [Debug] [SHELL] Keystroke buffer: 101,99,104,111,32,105,32,119,105,108,108,32,105,100,108,101,32,115,111,111,110,32,13
2025-10-22 09:57:45.574 - [Debug] [SHELL] Attacker Keystroke: e
2025-10-22 09:57:45.790 - [Debug] [SHELL] Attacker Keystroke: c
2025-10-22 09:57:45.842 - [Debug] [SHELL] Attacker Keystroke: h
2025-10-22 09:57:45.923 - [Debug] [SHELL] Attacker Keystroke: o
2025-10-22 09:57:45.946 - [Debug] [SHELL] Attacker Keystroke: [Space]
2025-10-22 09:57:46.236 - [Debug] [SHELL] Attacker Keystroke: n
2025-10-22 09:57:46.442 - [Debug] [SHELL] Attacker Keystroke: o
2025-10-22 09:57:46.576 - [Debug] [SHELL] Attacker Keystroke: t
2025-10-22 09:57:46.660 - [Debug] [SHELL] Attacker Keystroke: [Space]
2025-10-22 09:57:46.897 - [Debug] [SHELL] Attacker Keystroke: y
2025-10-22 09:57:46.927 - [Debug] [SHELL] Attacker Keystroke: e
2025-10-22 09:57:47.067 - [Debug] [SHELL] Attacker Keystroke: t
2025-10-22 09:57:47.147 - [Debug] [SHELL] Attacker Keystroke: [Space]
2025-10-22 09:57:47.244 - [Debug] [SHELL] Attacker Keystroke: t
2025-10-22 09:57:47.332 - [Debug] [SHELL] Attacker Keystroke: h
2025-10-22 09:57:47.410 - [Debug] [SHELL] Attacker Keystroke: o
2025-10-22 09:57:47.572 - [Debug] [SHELL] Attacker Keystroke: [CR]
2025-10-22 09:57:47.573 - [Debug] [SHELL] line from reader: echo not yet tho
2025-10-22 09:57:47.573 - [Debug] [SHELL] Keystroke buffer: 101,99,104,111,32,110,111,116,32,121,101,116,32,116,104,111,13
