2025-10-21 21:33:28.939 - [Info] MITM Version: 1.4
2025-10-21 21:33:28.942 - [Info] Auto Access Enabled: true
2025-10-21 21:33:28.942 - [Debug] [Init] Auto Access Barrier: true
2025-10-21 21:33:28.947 - [Info] SSH man-in-the-middle server for 172.20.0.4 listening on 0.0.0.0:10003
2025-10-21 21:34:49.794 - [Debug] [Connection] Attacker connected: 10.172.95.111 | Client Identification: SSH-2.0-OpenSSH_for_Windows_9.5
2025-10-21 21:34:51.099 - [Debug] [Auth] Attacker 10.172.95.111 trying to authenticate with "none"
2025-10-21 21:34:51.100 - [Debug] [Auth] Attacker authentication error: No authentication method provided
2025-10-21 21:34:51.159 - [Debug] [Auth] Attacker 10.172.95.111 trying to authenticate with "publickey"
2025-10-21 21:34:51.160 - [Debug] [Auth] Attacker authentication error: Publickey authentication failed
2025-10-21 21:34:51.160 - [Debug] [Auth] Attacker: 10.172.95.111 has so far made 1 attempts. Remaining: 5 attempts
2025-10-21 21:34:52.239 - [Debug] [Auth] Attacker 10.172.95.111 trying to authenticate with "password"
2025-10-21 21:34:52.241 - [Debug] [Auto Access] Attacker: 10.172.95.111, Threshold: 1, Attempts: 1
2025-10-21 21:34:52.241 - [Debug] [Auto Access] Compromising the honeypot
2025-10-21 21:34:52.242 - [Debug] [Auto Access] Adding the following credentials: "attacker:s"
2025-10-21 21:34:52.612 - [Debug] [Auth] Valid credentials - Password Authentication
2025-10-21 21:34:52.613 - [Debug] [LXC] Attempting to connect to the honeypot: 172.20.0.4
2025-10-21 21:34:52.650 - [Debug] [LXC-Auth] Attacker authenticated and is inside container
2025-10-21 21:34:53.030 - [Debug] [SHELL] Opened shell for attacker
2025-10-21 21:34:53.032 - [Debug] [LXC Streams] New Stream | Total Streams: 1
2025-10-21 21:34:54.118 - [Debug] [SHELL] Attacker Keystroke: e
2025-10-21 21:34:54.326 - [Debug] [SHELL] Attacker Keystroke: c
2025-10-21 21:34:54.402 - [Debug] [SHELL] Attacker Keystroke: h
2025-10-21 21:34:54.606 - [Debug] [SHELL] Attacker Keystroke: o
2025-10-21 21:34:54.776 - [Debug] [SHELL] Attacker Keystroke: [Space]
2025-10-21 21:34:54.914 - [Debug] [SHELL] Attacker Keystroke: h
2025-10-21 21:34:55.055 - [Debug] [SHELL] Attacker Keystroke: e
2025-10-21 21:34:55.164 - [Debug] [SHELL] Attacker Keystroke: l
2025-10-21 21:34:55.330 - [Debug] [SHELL] Attacker Keystroke: l
2025-10-21 21:34:55.519 - [Debug] [SHELL] Attacker Keystroke: o
2025-10-21 21:34:55.658 - [Debug] [SHELL] Attacker Keystroke: [Space]
2025-10-21 21:34:55.813 - [Debug] [SHELL] Attacker Keystroke: t
2025-10-21 21:34:55.905 - [Debug] [SHELL] Attacker Keystroke: h
2025-10-21 21:34:56.007 - [Debug] [SHELL] Attacker Keystroke: i
2025-10-21 21:34:56.143 - [Debug] [SHELL] Attacker Keystroke: s
2025-10-21 21:34:56.229 - [Debug] [SHELL] Attacker Keystroke: [Space]
2025-10-21 21:34:56.370 - [Debug] [SHELL] Attacker Keystroke: i
2025-10-21 21:34:56.510 - [Debug] [SHELL] Attacker Keystroke: s
2025-10-21 21:34:56.587 - [Debug] [SHELL] Attacker Keystroke: [Space]
2025-10-21 21:34:56.786 - [Debug] [SHELL] Attacker Keystroke: a
2025-10-21 21:34:57.116 - [Debug] [SHELL] Attacker Keystroke: [DEL]
2025-10-21 21:34:57.612 - [Debug] [SHELL] Attacker Keystroke: j
2025-10-21 21:34:57.750 - [Debug] [SHELL] Attacker Keystroke: a
2025-10-21 21:34:58.110 - [Debug] [SHELL] Attacker Keystroke: n
2025-10-21 21:34:58.243 - [Debug] [SHELL] Attacker Keystroke: a
2025-10-21 21:34:58.731 - [Debug] [SHELL] Attacker Keystroke: a
2025-10-21 21:34:59.234 - [Debug] [SHELL] Attacker Keystroke: [DEL]
2025-10-21 21:34:59.375 - [Debug] [SHELL] Attacker Keystroke: e
2025-10-21 21:34:59.623 - [Debug] [SHELL] Attacker Keystroke: [Space]
2025-10-21 21:34:59.827 - [Debug] [SHELL] Attacker Keystroke: e
2025-10-21 21:35:00.138 - [Debug] [SHELL] Attacker Keystroke: [DEL]
2025-10-21 21:35:00.215 - [Debug] [SHELL] Attacker Keystroke: t
2025-10-21 21:35:00.574 - [Debug] [SHELL] Attacker Keystroke: e
2025-10-21 21:35:00.772 - [Debug] [SHELL] Attacker Keystroke: s
2025-10-21 21:35:01.007 - [Debug] [SHELL] Attacker Keystroke: t
2025-10-21 21:35:01.069 - [Debug] [SHELL] Attacker Keystroke: i
2025-10-21 21:35:01.235 - [Debug] [SHELL] Attacker Keystroke: n
2025-10-21 21:35:01.379 - [Debug] [SHELL] Attacker Keystroke: g
2025-10-21 21:35:01.499 - [Debug] [SHELL] Attacker Keystroke: [CR]
2025-10-21 21:35:01.499 - [Debug] [SHELL] line from reader: echo hello this is janae testing
2025-10-21 21:35:01.500 - [Debug] [SHELL] Keystroke buffer: 101,99,104,111,32,104,101,108,108,111,32,116,104,105,115,32,105,115,32,97,127,106,97,110,97,97,127,101,32,101,127,116,101,115,116,105,110,103,13
2025-10-21 21:35:02.491 - [Debug] [SHELL] Attacker Keystroke: l
2025-10-21 21:35:02.625 - [Debug] [SHELL] Attacker Keystroke: s
2025-10-21 21:35:03.598 - [Debug] [SHELL] Attacker Keystroke: [CR]
2025-10-21 21:35:03.599 - [Debug] [SHELL] line from reader: ls
2025-10-21 21:35:03.599 - [Debug] [SHELL] Keystroke buffer: 108,115,13
2025-10-21 21:35:04.087 - [Debug] [SHELL] Attacker Keystroke: c
2025-10-21 21:35:04.358 - [Debug] [SHELL] Attacker Keystroke: d
2025-10-21 21:35:06.118 - [Debug] [SHELL] Attacker Keystroke: [Space]
2025-10-21 21:35:06.555 - [Debug] [SHELL] Attacker Keystroke: R
2025-10-21 21:35:06.796 - [Debug] [SHELL] Attacker Keystroke: e
2025-10-21 21:35:07.015 - [Debug] [SHELL] Attacker Keystroke: s
2025-10-21 21:35:07.217 - [Debug] [SHELL] Attacker Keystroke: e
2025-10-21 21:35:07.385 - [Debug] [SHELL] Attacker Keystroke: a
2025-10-21 21:35:07.589 - [Debug] [SHELL] Attacker Keystroke: r
2025-10-21 21:35:07.799 - [Debug] [SHELL] Attacker Keystroke: c
2025-10-21 21:35:08.005 - [Debug] [SHELL] Attacker Keystroke: h
2025-10-21 21:35:08.394 - [Debug] [SHELL] Attacker Keystroke: _
2025-10-21 21:35:08.536 - [Debug] [SHELL] Attacker Keystroke: d
2025-10-21 21:35:08.747 - [Debug] [SHELL] Attacker Keystroke: a
2025-10-21 21:35:09.076 - [Debug] [SHELL] Attacker Keystroke: [DEL]
2025-10-21 21:35:09.191 - [Debug] [SHELL] Attacker Keystroke: [DEL]
2025-10-21 21:35:09.431 - [Debug] [SHELL] Attacker Keystroke: D
2025-10-21 21:35:09.632 - [Debug] [SHELL] Attacker Keystroke: a
2025-10-21 21:35:09.738 - [Debug] [SHELL] Attacker Keystroke: t
2025-10-21 21:35:09.891 - [Debug] [SHELL] Attacker Keystroke: a
2025-10-21 21:35:10.147 - [Debug] [SHELL] Attacker Keystroke: [CR]
2025-10-21 21:35:10.148 - [Debug] [SHELL] line from reader: cd Research_Data
2025-10-21 21:35:10.148 - [Debug] [SHELL] Keystroke buffer: 99,100,32,82,101,115,101,97,114,99,104,95,100,97,127,127,68,97,116,97,13
2025-10-21 21:35:58.652 - [Debug] [SHELL] Attacker Keystroke: e
2025-10-21 21:35:59.175 - [Debug] [SHELL] Attacker Keystroke: x
2025-10-21 21:35:59.406 - [Debug] [SHELL] Attacker Keystroke: i
2025-10-21 21:35:59.551 - [Debug] [SHELL] Attacker Keystroke: t
2025-10-21 21:35:59.670 - [Debug] [SHELL] Attacker Keystroke: [CR]
2025-10-21 21:35:59.670 - [Debug] [SHELL] line from reader: exit
2025-10-21 21:35:59.670 - [Debug] [SHELL] Keystroke buffer: 101,120,105,116,13
2025-10-21 21:35:59.673 - [Debug] [LXC Streams] Removed Stream | Total streams: 0
2025-10-21 21:35:59.673 - [Debug] [SHELL] Honeypot ended shell
2025-10-21 21:35:59.729 - [Debug] [SHELL] Attacker ended the shell
2025-10-21 21:35:59.730 - [Debug] [Connection] Attacker closed connection
2025-10-21 21:35:59.734 - [Debug] [LXC] Container's OpenSSH server ended connection
2025-10-21 21:35:59.734 - [Debug] [LXC] Container's OpenSSH server closed connection
