2025-10-21 13:16:56.046 - [Info] MITM Version: 1.4
2025-10-21 13:16:56.048 - [Info] Auto Access Enabled: true
2025-10-21 13:16:56.048 - [Debug] [Init] Auto Access Barrier: true
2025-10-21 13:16:56.054 - [Info] SSH man-in-the-middle server for 172.20.0.4 listening on 0.0.0.0:10003
2025-10-21 13:18:08.068 - [Debug] [Connection] Attacker connected: 10.175.167.143 | Client Identification: SSH-2.0-OpenSSH_for_Windows_9.5
2025-10-21 13:18:51.164 - [Debug] [Auth] Attacker 10.175.167.143 trying to authenticate with "none"
2025-10-21 13:18:51.164 - [Debug] [Auth] Attacker authentication error: No authentication method provided
2025-10-21 13:18:51.225 - [Debug] [Auth] Attacker 10.175.167.143 trying to authenticate with "publickey"
2025-10-21 13:18:51.225 - [Debug] [Auth] Attacker authentication error: Publickey authentication failed
2025-10-21 13:18:51.226 - [Debug] [Auth] Attacker: 10.175.167.143 has so far made 1 attempts. Remaining: 5 attempts
2025-10-21 13:19:15.876 - [Debug] [Auth] Attacker 10.175.167.143 trying to authenticate with "password"
2025-10-21 13:19:15.877 - [Debug] [Auto Access] Attacker: 10.175.167.143, Threshold: 1, Attempts: 1
2025-10-21 13:19:15.877 - [Debug] [Auto Access] Compromising the honeypot
2025-10-21 13:19:15.877 - [Debug] [Auto Access] Adding the following credentials: "attacker:s"
2025-10-21 13:19:16.231 - [Debug] [Auth] Valid credentials - Password Authentication
2025-10-21 13:19:16.231 - [Debug] [LXC] Attempting to connect to the honeypot: 172.20.0.4
2025-10-21 13:19:16.269 - [Debug] [LXC-Auth] Attacker authenticated and is inside container
2025-10-21 13:19:16.642 - [Debug] [SHELL] Opened shell for attacker
2025-10-21 13:19:16.643 - [Debug] [LXC Streams] New Stream | Total Streams: 1
2025-10-21 13:19:44.086 - [Debug] [SHELL] Attacker Keystroke: l
2025-10-21 13:19:44.412 - [Debug] [SHELL] Attacker Keystroke: s
2025-10-21 13:19:44.943 - [Debug] [SHELL] Attacker Keystroke: [CR]
2025-10-21 13:19:44.944 - [Debug] [SHELL] line from reader: ls
2025-10-21 13:19:44.944 - [Debug] [SHELL] Keystroke buffer: 108,115,13
2025-10-21 13:19:46.078 - [Debug] [SHELL] Attacker Keystroke: c
2025-10-21 13:19:46.267 - [Debug] [SHELL] Attacker Keystroke: d
2025-10-21 13:19:46.456 - [Debug] [SHELL] Attacker Keystroke: [Space]
2025-10-21 13:19:46.646 - [Debug] [SHELL] Attacker Keystroke: t
2025-10-21 13:19:46.867 - [Debug] [SHELL] Attacker Keystroke: r
2025-10-21 13:19:47.513 - [Debug] [SHELL] Attacker Keystroke: [DEL]
2025-10-21 13:19:47.604 - [Debug] [SHELL] Attacker Keystroke: [DEL]
2025-10-21 13:19:48.210 - [Debug] [SHELL] Attacker Keystroke: T
2025-10-21 13:19:48.557 - [Debug] [SHELL] Attacker Keystroke: r
2025-10-21 13:19:48.858 - [Debug] [SHELL] Attacker Keystroke: a
2025-10-21 13:19:49.092 - [Debug] [SHELL] Attacker Keystroke: c
2025-10-21 13:19:50.374 - [Debug] [SHELL] Attacker Keystroke: [DEL]
2025-10-21 13:19:50.645 - [Debug] [SHELL] Attacker Keystroke: n
2025-10-21 13:19:50.831 - [Debug] [SHELL] Attacker Keystroke: s
2025-10-21 13:19:50.942 - [Debug] [SHELL] Attacker Keystroke: c
2025-10-21 13:19:51.526 - [Debug] [SHELL] Attacker Keystroke: r
2025-10-21 13:19:51.620 - [Debug] [SHELL] Attacker Keystroke: i
2025-10-21 13:19:51.809 - [Debug] [SHELL] Attacker Keystroke: p
2025-10-21 13:19:51.872 - [Debug] [SHELL] Attacker Keystroke: t
2025-10-21 13:19:52.127 - [Debug] [SHELL] Attacker Keystroke: s
2025-10-21 13:19:52.315 - [Debug] [SHELL] Attacker Keystroke: [CR]
2025-10-21 13:19:52.316 - [Debug] [SHELL] line from reader: cd Transcripts
2025-10-21 13:19:52.316 - [Debug] [SHELL] Keystroke buffer: 99,100,32,116,114,127,127,84,114,97,99,127,110,115,99,114,105,112,116,115,13
2025-10-21 13:19:52.789 - [Debug] [SHELL] Attacker Keystroke: l
2025-10-21 13:19:52.885 - [Debug] [SHELL] Attacker Keystroke: s
2025-10-21 13:19:53.100 - [Debug] [SHELL] Attacker Keystroke: [CR]
2025-10-21 13:19:53.101 - [Debug] [SHELL] line from reader: ls
2025-10-21 13:19:53.101 - [Debug] [SHELL] Keystroke buffer: 108,115,13
2025-10-21 13:19:54.069 - [Debug] [SHELL] Attacker Keystroke: c
2025-10-21 13:19:54.275 - [Debug] [SHELL] Attacker Keystroke: a
2025-10-21 13:19:54.529 - [Debug] [SHELL] Attacker Keystroke: t
2025-10-21 13:19:55.411 - [Debug] [SHELL] Attacker Keystroke: [Space]
2025-10-21 13:19:55.537 - [Debug] [SHELL] Attacker Keystroke: c
2025-10-21 13:19:55.663 - [Debug] [SHELL] Attacker Keystroke: l
2025-10-21 13:19:55.836 - [Debug] [SHELL] Attacker Keystroke: a
2025-10-21 13:19:56.025 - [Debug] [SHELL] Attacker Keystroke: s
2025-10-21 13:19:56.167 - [Debug] [SHELL] Attacker Keystroke: s
2025-10-21 13:19:57.085 - [Debug] [SHELL] Attacker Keystroke: _
2025-10-21 13:19:57.654 - [Debug] [SHELL] Attacker Keystroke: o
2025-10-21 13:19:57.827 - [Debug] [SHELL] Attacker Keystroke: f
2025-10-21 13:19:58.977 - [Debug] [SHELL] Attacker Keystroke: _
2025-10-21 13:19:59.365 - [Debug] [SHELL] Attacker Keystroke: 2
2025-10-21 13:19:59.529 - [Debug] [SHELL] Attacker Keystroke: 0
2025-10-21 13:19:59.671 - [Debug] [SHELL] Attacker Keystroke: 2
2025-10-21 13:20:00.098 - [Debug] [SHELL] Attacker Keystroke: 6
2025-10-21 13:20:00.250 - [Debug] [SHELL] Attacker Keystroke: [CR]
2025-10-21 13:20:00.250 - [Debug] [SHELL] line from reader: cat class_of_2026
2025-10-21 13:20:00.250 - [Debug] [SHELL] Keystroke buffer: 99,97,116,32,99,108,97,115,115,95,111,102,95,50,48,50,54,13
2025-10-21 13:20:02.734 - [Debug] [SHELL] Attacker Keystroke: [ESC][A
2025-10-21 13:20:03.141 - [Debug] [SHELL] Attacker Keystroke: [ESC][D
2025-10-21 13:20:03.929 - [Debug] [SHELL] Attacker Keystroke: [ESC][D
2025-10-21 13:20:03.960 - [Debug] [SHELL] Attacker Keystroke: [ESC][D
2025-10-21 13:20:03.991 - [Debug] [SHELL] Attacker Keystroke: [ESC][D
2025-10-21 13:20:04.054 - [Debug] [SHELL] Attacker Keystroke: [ESC][D
2025-10-21 13:20:04.086 - [Debug] [SHELL] Attacker Keystroke: [ESC][D
2025-10-21 13:20:04.117 - [Debug] [SHELL] Attacker Keystroke: [ESC][D
2025-10-21 13:20:04.149 - [Debug] [SHELL] Attacker Keystroke: [ESC][D
2025-10-21 13:20:04.211 - [Debug] [SHELL] Attacker Keystroke: [ESC][D
2025-10-21 13:20:04.243 - [Debug] [SHELL] Attacker Keystroke: [ESC][D
2025-10-21 13:20:04.275 - [Debug] [SHELL] Attacker Keystroke: [ESC][D
2025-10-21 13:20:04.306 - [Debug] [SHELL] Attacker Keystroke: [ESC][D
2025-10-21 13:20:04.370 - [Debug] [SHELL] Attacker Keystroke: [ESC][D
2025-10-21 13:20:04.402 - [Debug] [SHELL] Attacker Keystroke: [ESC][D
2025-10-21 13:20:04.433 - [Debug] [SHELL] Attacker Keystroke: [ESC][D
2025-10-21 13:20:04.782 - [Debug] [SHELL] Attacker Keystroke: [ESC][C
2025-10-21 13:20:05.002 - [Debug] [SHELL] Attacker Keystroke: [ESC][C
2025-10-21 13:20:05.253 - [Debug] [SHELL] Attacker Keystroke: [ESC][C
2025-10-21 13:20:05.820 - [Debug] [SHELL] Attacker Keystroke: [DEL]
2025-10-21 13:20:06.327 - [Debug] [SHELL] Attacker Keystroke: C
2025-10-21 13:20:06.847 - [Debug] [SHELL] Attacker Keystroke: [CR]
2025-10-21 13:20:06.847 - [Debug] [SHELL] line from reader: cat Class_of_2026
2025-10-21 13:20:06.847 - [Debug] [SHELL] Keystroke buffer: 27,91,65,27,91,68,27,91,68,27,91,68,27,91,68,27,91,68,27,91,68,27,91,68,27,91,68,27,91,68,27,91,68,27,91,68,27,91,68,27,91,68,27,91,68,27,91,68,27,91,67,27,91,67,27,91,67,127,67,13
2025-10-21 13:29:03.244 - [Debug] [SHELL] Attacker Keystroke: e
2025-10-21 13:29:03.419 - [Debug] [SHELL] Attacker Keystroke: x
2025-10-21 13:29:03.570 - [Debug] [SHELL] Attacker Keystroke: i
2025-10-21 13:29:03.754 - [Debug] [SHELL] Attacker Keystroke: t
2025-10-21 13:29:03.979 - [Debug] [SHELL] Attacker Keystroke: [CR]
2025-10-21 13:29:03.980 - [Debug] [SHELL] line from reader: exit
2025-10-21 13:29:03.980 - [Debug] [SHELL] Keystroke buffer: 101,120,105,116,13
2025-10-21 13:29:03.983 - [Debug] [LXC Streams] Removed Stream | Total streams: 0
2025-10-21 13:29:03.983 - [Debug] [SHELL] Honeypot ended shell
2025-10-21 13:29:04.045 - [Debug] [SHELL] Attacker ended the shell
2025-10-21 13:29:04.046 - [Debug] [Connection] Attacker closed connection
2025-10-21 13:29:04.050 - [Debug] [LXC] Container's OpenSSH server ended connection
2025-10-21 13:29:04.050 - [Debug] [LXC] Container's OpenSSH server closed connection
