2025-10-21 14:38:54.485 - [Info] MITM Version: 1.4
2025-10-21 14:38:54.487 - [Info] Auto Access Enabled: true
2025-10-21 14:38:54.487 - [Debug] [Init] Auto Access Barrier: true
2025-10-21 14:38:54.492 - [Info] SSH man-in-the-middle server for 172.20.0.4 listening on 0.0.0.0:10003
2025-10-21 14:39:06.737 - [Debug] [Connection] Attacker connected: 10.175.167.143 | Client Identification: SSH-2.0-OpenSSH_for_Windows_9.5
2025-10-21 14:39:09.023 - [Debug] [Auth] Attacker 10.175.167.143 trying to authenticate with "none"
2025-10-21 14:39:09.023 - [Debug] [Auth] Attacker authentication error: No authentication method provided
2025-10-21 14:39:09.084 - [Debug] [Auth] Attacker 10.175.167.143 trying to authenticate with "publickey"
2025-10-21 14:39:09.085 - [Debug] [Auth] Attacker authentication error: Publickey authentication failed
2025-10-21 14:39:09.086 - [Debug] [Auth] Attacker: 10.175.167.143 has so far made 1 attempts. Remaining: 5 attempts
2025-10-21 14:39:10.855 - [Debug] [Auth] Attacker 10.175.167.143 trying to authenticate with "password"
2025-10-21 14:39:10.856 - [Debug] [Auto Access] Attacker: 10.175.167.143, Threshold: 1, Attempts: 1
2025-10-21 14:39:10.856 - [Debug] [Auto Access] Compromising the honeypot
2025-10-21 14:39:10.856 - [Debug] [Auto Access] Adding the following credentials: "attacker:s"
2025-10-21 14:39:11.231 - [Debug] [Auth] Valid credentials - Password Authentication
2025-10-21 14:39:11.231 - [Debug] [LXC] Attempting to connect to the honeypot: 172.20.0.4
2025-10-21 14:39:11.267 - [Debug] [LXC-Auth] Attacker authenticated and is inside container
2025-10-21 14:39:11.833 - [Debug] [SHELL] Opened shell for attacker
2025-10-21 14:39:11.835 - [Debug] [LXC Streams] New Stream | Total Streams: 1
2025-10-21 14:39:12.342 - [Debug] [SHELL] Attacker Keystroke: l
2025-10-21 14:39:12.475 - [Debug] [SHELL] Attacker Keystroke: s
2025-10-21 14:39:13.737 - [Debug] [SHELL] Attacker Keystroke: [CR]
2025-10-21 14:39:13.738 - [Debug] [SHELL] line from reader: ls
2025-10-21 14:39:13.738 - [Debug] [SHELL] Keystroke buffer: 108,115,13
2025-10-21 14:39:15.202 - [Debug] [SHELL] Attacker Keystroke: c
2025-10-21 14:39:15.381 - [Debug] [SHELL] Attacker Keystroke: d
2025-10-21 14:39:15.920 - [Debug] [SHELL] Attacker Keystroke: [Space]
2025-10-21 14:39:16.782 - [Debug] [SHELL] Attacker Keystroke: T
2025-10-21 14:39:17.015 - [Debug] [SHELL] Attacker Keystroke: r
2025-10-21 14:39:17.262 - [Debug] [SHELL] Attacker Keystroke: a
2025-10-21 14:39:17.978 - [Debug] [SHELL] Attacker Keystroke: n
2025-10-21 14:39:18.131 - [Debug] [SHELL] Attacker Keystroke: s
2025-10-21 14:39:18.308 - [Debug] [SHELL] Attacker Keystroke: c
2025-10-21 14:39:18.553 - [Debug] [SHELL] Attacker Keystroke: r
2025-10-21 14:39:18.615 - [Debug] [SHELL] Attacker Keystroke: i
2025-10-21 14:39:18.816 - [Debug] [SHELL] Attacker Keystroke: p
2025-10-21 14:39:18.909 - [Debug] [SHELL] Attacker Keystroke: t
2025-10-21 14:39:19.125 - [Debug] [SHELL] Attacker Keystroke: s
2025-10-21 14:39:19.280 - [Debug] [SHELL] Attacker Keystroke: [CR]
2025-10-21 14:39:19.280 - [Debug] [SHELL] line from reader: cd Transcripts
2025-10-21 14:39:19.280 - [Debug] [SHELL] Keystroke buffer: 99,100,32,84,114,97,110,115,99,114,105,112,116,115,13
2025-10-21 14:39:20.133 - [Debug] [SHELL] Attacker Keystroke: l
2025-10-21 14:39:20.255 - [Debug] [SHELL] Attacker Keystroke: s
2025-10-21 14:39:20.384 - [Debug] [SHELL] Attacker Keystroke: [CR]
2025-10-21 14:39:20.384 - [Debug] [SHELL] line from reader: ls
2025-10-21 14:39:20.384 - [Debug] [SHELL] Keystroke buffer: 108,115,13
2025-10-21 14:39:21.606 - [Debug] [SHELL] Attacker Keystroke: c
2025-10-21 14:39:22.046 - [Debug] [SHELL] Attacker Keystroke: a
2025-10-21 14:39:22.382 - [Debug] [SHELL] Attacker Keystroke: t
2025-10-21 14:39:22.541 - [Debug] [SHELL] Attacker Keystroke: [Space]
2025-10-21 14:39:22.957 - [Debug] [SHELL] Attacker Keystroke: h
2025-10-21 14:39:23.191 - [Debug] [SHELL] Attacker Keystroke: h
2025-10-21 14:39:23.354 - [Debug] [SHELL] Attacker Keystroke: f
2025-10-21 14:39:23.493 - [Debug] [SHELL] Attacker Keystroke: o
2025-10-21 14:39:23.631 - [Debug] [SHELL] Attacker Keystroke: e
2025-10-21 14:39:23.971 - [Debug] [SHELL] Attacker Keystroke: b
2025-10-21 14:39:24.102 - [Debug] [SHELL] Attacker Keystroke: u
2025-10-21 14:39:24.630 - [Debug] [SHELL] Attacker Keystroke: [CR]
2025-10-21 14:39:24.631 - [Debug] [SHELL] line from reader: cat hhfoebu
2025-10-21 14:39:24.631 - [Debug] [SHELL] Keystroke buffer: 99,97,116,32,104,104,102,111,101,98,117,13
2025-10-21 14:39:26.233 - [Debug] [SHELL] Attacker Keystroke: .
2025-10-21 14:39:26.689 - [Debug] [SHELL] Attacker Keystroke: [DEL]
2025-10-21 14:39:28.277 - [Debug] [SHELL] Attacker Keystroke: c
2025-10-21 14:39:28.648 - [Debug] [SHELL] Attacker Keystroke: [DEL]
2025-10-21 14:39:29.519 - [Debug] [SHELL] Attacker Keystroke: h
2025-10-21 14:39:29.701 - [Debug] [SHELL] Attacker Keystroke: e
2025-10-21 14:39:30.042 - [Debug] [SHELL] Attacker Keystroke: [DEL]
2025-10-21 14:39:30.182 - [Debug] [SHELL] Attacker Keystroke: [DEL]
2025-10-21 14:39:30.273 - [Debug] [SHELL] Attacker Keystroke: c
2025-10-21 14:39:30.660 - [Debug] [SHELL] Attacker Keystroke: [DEL]
2025-10-21 14:39:30.751 - [Debug] [SHELL] Attacker Keystroke: e
2025-10-21 14:39:30.930 - [Debug] [SHELL] Attacker Keystroke: c
2025-10-21 14:39:31.045 - [Debug] [SHELL] Attacker Keystroke: h
2025-10-21 14:39:31.214 - [Debug] [SHELL] Attacker Keystroke: o
2025-10-21 14:39:31.371 - [Debug] [SHELL] Attacker Keystroke: [Space]
2025-10-21 14:39:31.488 - [Debug] [SHELL] Attacker Keystroke: h
2025-10-21 14:39:31.603 - [Debug] [SHELL] Attacker Keystroke: e
2025-10-21 14:39:31.755 - [Debug] [SHELL] Attacker Keystroke: l
2025-10-21 14:39:31.895 - [Debug] [SHELL] Attacker Keystroke: l
2025-10-21 14:39:32.032 - [Debug] [SHELL] Attacker Keystroke: p
2025-10-21 14:39:32.514 - [Debug] [SHELL] Attacker Keystroke: [DEL]
2025-10-21 14:39:32.823 - [Debug] [SHELL] Attacker Keystroke: o
2025-10-21 14:39:33.026 - [Debug] [SHELL] Attacker Keystroke: [CR]
2025-10-21 14:39:33.027 - [Debug] [SHELL] line from reader: echo hello
2025-10-21 14:39:33.027 - [Debug] [SHELL] Keystroke buffer: 46,127,99,127,104,101,127,127,99,127,101,99,104,111,32,104,101,108,108,112,127,111,13
2025-10-21 14:39:34.114 - [Debug] [SHELL] Attacker Keystroke: e
2025-10-21 14:39:34.283 - [Debug] [SHELL] Attacker Keystroke: c
2025-10-21 14:39:34.337 - [Debug] [SHELL] Attacker Keystroke: h
2025-10-21 14:39:34.547 - [Debug] [SHELL] Attacker Keystroke: o
2025-10-21 14:39:34.967 - [Debug] [SHELL] Attacker Keystroke: [Space]
2025-10-21 14:39:35.462 - [Debug] [SHELL] Attacker Keystroke: w
2025-10-21 14:39:35.617 - [Debug] [SHELL] Attacker Keystroke: h
2025-10-21 14:39:35.677 - [Debug] [SHELL] Attacker Keystroke: a
2025-10-21 14:39:35.847 - [Debug] [SHELL] Attacker Keystroke: t
2025-10-21 14:39:36.297 - [Debug] [SHELL] Attacker Keystroke: s
2025-10-21 14:39:36.384 - [Debug] [SHELL] Attacker Keystroke: [Space]
2025-10-21 14:39:36.608 - [Debug] [SHELL] Attacker Keystroke: u
2025-10-21 14:39:37.539 - [Debug] [SHELL] Attacker Keystroke: p
2025-10-21 14:39:37.725 - [Debug] [SHELL] Attacker Keystroke: [CR]
2025-10-21 14:39:37.725 - [Debug] [SHELL] line from reader: echo whats up
2025-10-21 14:39:37.725 - [Debug] [SHELL] Keystroke buffer: 101,99,104,111,32,119,104,97,116,115,32,117,112,13
2025-10-21 14:39:38.250 - [Debug] [SHELL] Attacker Keystroke: e
2025-10-21 14:39:38.434 - [Debug] [SHELL] Attacker Keystroke: c
2025-10-21 14:39:38.572 - [Debug] [SHELL] Attacker Keystroke: h
2025-10-21 14:39:38.710 - [Debug] [SHELL] Attacker Keystroke: o
2025-10-21 14:39:38.895 - [Debug] [SHELL] Attacker Keystroke: [Space]
2025-10-21 14:39:39.219 - [Debug] [SHELL] Attacker Keystroke: w
2025-10-21 14:39:39.295 - [Debug] [SHELL] Attacker Keystroke: h
2025-10-21 14:39:39.511 - [Debug] [SHELL] Attacker Keystroke: y
2025-10-21 14:39:39.819 - [Debug] [SHELL] Attacker Keystroke: [DEL]
2025-10-21 14:39:39.979 - [Debug] [SHELL] Attacker Keystroke: [DEL]
2025-10-21 14:39:40.687 - [Debug] [SHELL] Attacker Keystroke: h
2025-10-21 14:39:40.796 - [Debug] [SHELL] Attacker Keystroke: a
2025-10-21 14:39:40.881 - [Debug] [SHELL] Attacker Keystroke: t
2025-10-21 14:39:41.087 - [Debug] [SHELL] Attacker Keystroke: [Space]
2025-10-21 14:39:41.179 - [Debug] [SHELL] Attacker Keystroke: t
2025-10-21 14:39:41.257 - [Debug] [SHELL] Attacker Keystroke: h
2025-10-21 14:39:41.344 - [Debug] [SHELL] Attacker Keystroke: e
2025-10-21 14:39:41.419 - [Debug] [SHELL] Attacker Keystroke: [Space]
2025-10-21 14:39:41.598 - [Debug] [SHELL] Attacker Keystroke: h
2025-10-21 14:39:41.829 - [Debug] [SHELL] Attacker Keystroke: e
2025-10-21 14:39:41.949 - [Debug] [SHELL] Attacker Keystroke: l
2025-10-21 14:39:42.522 - [Debug] [SHELL] Attacker Keystroke: l
2025-10-21 14:39:42.757 - [Debug] [SHELL] Attacker Keystroke: y
2025-10-21 14:39:42.936 - [Debug] [SHELL] Attacker Keystroke: y
2025-10-21 14:39:43.073 - [Debug] [SHELL] Attacker Keystroke: y
2025-10-21 14:39:43.195 - [Debug] [SHELL] Attacker Keystroke: y
2025-10-21 14:39:43.297 - [Debug] [SHELL] Attacker Keystroke: y
2025-10-21 14:39:43.559 - [Debug] [SHELL] Attacker Keystroke: [CR]
2025-10-21 14:39:43.560 - [Debug] [SHELL] line from reader: echo what the hellyyyyy
2025-10-21 14:39:43.560 - [Debug] [SHELL] Keystroke buffer: 101,99,104,111,32,119,104,121,127,127,104,97,116,32,116,104,101,32,104,101,108,108,121,121,121,121,121,13
2025-10-21 14:39:44.692 - [Debug] [SHELL] Attacker Keystroke: c
2025-10-21 14:39:44.922 - [Debug] [SHELL] Attacker Keystroke: d
2025-10-21 14:39:45.136 - [Debug] [SHELL] Attacker Keystroke: [Space]
2025-10-21 14:39:45.244 - [Debug] [SHELL] Attacker Keystroke: .
2025-10-21 14:39:45.382 - [Debug] [SHELL] Attacker Keystroke: .
2025-10-21 14:39:45.582 - [Debug] [SHELL] Attacker Keystroke: [CR]
2025-10-21 14:39:45.582 - [Debug] [SHELL] line from reader: cd ..
2025-10-21 14:39:45.582 - [Debug] [SHELL] Keystroke buffer: 99,100,32,46,46,13
2025-10-21 14:39:47.046 - [Debug] [SHELL] Attacker Keystroke: l
2025-10-21 14:39:47.197 - [Debug] [SHELL] Attacker Keystroke: s
2025-10-21 14:39:47.336 - [Debug] [SHELL] Attacker Keystroke: [CR]
2025-10-21 14:39:47.336 - [Debug] [SHELL] line from reader: ls
2025-10-21 14:39:47.336 - [Debug] [SHELL] Keystroke buffer: 108,115,13
2025-10-21 14:39:48.852 - [Debug] [SHELL] Attacker Keystroke: c
2025-10-21 14:39:48.944 - [Debug] [SHELL] Attacker Keystroke: d
2025-10-21 14:39:49.129 - [Debug] [SHELL] Attacker Keystroke: [Space]
2025-10-21 14:39:49.411 - [Debug] [SHELL] Attacker Keystroke: s
2025-10-21 14:39:49.877 - [Debug] [SHELL] Attacker Keystroke: [DEL]
2025-10-21 14:39:50.146 - [Debug] [SHELL] Attacker Keystroke: S
2025-10-21 14:39:50.819 - [Debug] [SHELL] Attacker Keystroke: t
2025-10-21 14:39:50.959 - [Debug] [SHELL] Attacker Keystroke: u
2025-10-21 14:39:51.081 - [Debug] [SHELL] Attacker Keystroke: d
2025-10-21 14:39:51.252 - [Debug] [SHELL] Attacker Keystroke: e
2025-10-21 14:39:51.421 - [Debug] [SHELL] Attacker Keystroke: n
2025-10-21 14:39:51.449 - [Debug] [SHELL] Attacker Keystroke: t
2025-10-21 14:39:52.383 - [Debug] [SHELL] Attacker Keystroke: _
2025-10-21 14:39:52.624 - [Debug] [SHELL] Attacker Keystroke: I
2025-10-21 14:39:53.174 - [Debug] [SHELL] Attacker Keystroke: n
2025-10-21 14:39:53.312 - [Debug] [SHELL] Attacker Keystroke: f
2025-10-21 14:39:53.476 - [Debug] [SHELL] Attacker Keystroke: r
2025-10-21 14:39:53.559 - [Debug] [SHELL] Attacker Keystroke: o
2025-10-21 14:39:53.712 - [Debug] [SHELL] Attacker Keystroke: m
2025-10-21 14:39:53.818 - [Debug] [SHELL] Attacker Keystroke: a
2025-10-21 14:39:54.019 - [Debug] [SHELL] Attacker Keystroke: t
2025-10-21 14:39:54.143 - [Debug] [SHELL] Attacker Keystroke: i
2025-10-21 14:39:54.376 - [Debug] [SHELL] Attacker Keystroke: [DEL]
2025-10-21 14:39:54.508 - [Debug] [SHELL] Attacker Keystroke: [DEL]
2025-10-21 14:39:54.659 - [Debug] [SHELL] Attacker Keystroke: [DEL]
2025-10-21 14:39:54.782 - [Debug] [SHELL] Attacker Keystroke: [DEL]
2025-10-21 14:39:54.869 - [Debug] [SHELL] Attacker Keystroke: [DEL]
2025-10-21 14:39:55.005 - [Debug] [SHELL] Attacker Keystroke: [DEL]
2025-10-21 14:39:55.230 - [Debug] [SHELL] Attacker Keystroke: o
2025-10-21 14:39:55.665 - [Debug] [SHELL] Attacker Keystroke: r
2025-10-21 14:39:55.817 - [Debug] [SHELL] Attacker Keystroke: m
2025-10-21 14:39:56.004 - [Debug] [SHELL] Attacker Keystroke: a
2025-10-21 14:39:56.251 - [Debug] [SHELL] Attacker Keystroke: t
2025-10-21 14:39:56.343 - [Debug] [SHELL] Attacker Keystroke: i
2025-10-21 14:39:56.465 - [Debug] [SHELL] Attacker Keystroke: o
2025-10-21 14:39:56.559 - [Debug] [SHELL] Attacker Keystroke: n
2025-10-21 14:39:56.866 - [Debug] [SHELL] Attacker Keystroke: [CR]
2025-10-21 14:39:56.866 - [Debug] [SHELL] line from reader: cd Student_Information
2025-10-21 14:39:56.866 - [Debug] [SHELL] Keystroke buffer: 99,100,32,115,127,83,116,117,100,101,110,116,95,73,110,102,114,111,109,97,116,105,127,127,127,127,127,127,111,114,109,97,116,105,111,110,13
2025-10-21 14:39:57.678 - [Debug] [SHELL] Attacker Keystroke: l
2025-10-21 14:39:57.697 - [Debug] [SHELL] Attacker Keystroke: s
2025-10-21 14:39:58.497 - [Debug] [SHELL] Attacker Keystroke: [CR]
2025-10-21 14:39:58.498 - [Debug] [SHELL] line from reader: ls
2025-10-21 14:39:58.498 - [Debug] [SHELL] Keystroke buffer: 108,115,13
2025-10-21 14:40:00.946 - [Debug] [SHELL] Attacker Keystroke: c
2025-10-21 14:40:01.150 - [Debug] [SHELL] Attacker Keystroke: a
2025-10-21 14:40:01.537 - [Debug] [SHELL] Attacker Keystroke: t
2025-10-21 14:40:01.920 - [Debug] [SHELL] Attacker Keystroke: [Space]
2025-10-21 14:40:02.227 - [Debug] [SHELL] Attacker Keystroke: H
2025-10-21 14:40:02.463 - [Debug] [SHELL] Attacker Keystroke: o
2025-10-21 14:40:02.623 - [Debug] [SHELL] Attacker Keystroke: m
2025-10-21 14:40:02.743 - [Debug] [SHELL] Attacker Keystroke: e
2025-10-21 14:40:03.777 - [Debug] [SHELL] Attacker Keystroke: _
2025-10-21 14:40:04.350 - [Debug] [SHELL] Attacker Keystroke: A
2025-10-21 14:40:04.613 - [Debug] [SHELL] Attacker Keystroke: d
2025-10-21 14:40:05.441 - [Debug] [SHELL] Attacker Keystroke: d
2025-10-21 14:40:05.711 - [Debug] [SHELL] Attacker Keystroke: r
2025-10-21 14:40:05.880 - [Debug] [SHELL] Attacker Keystroke: e
2025-10-21 14:40:06.107 - [Debug] [SHELL] Attacker Keystroke: s
2025-10-21 14:40:06.245 - [Debug] [SHELL] Attacker Keystroke: s
2025-10-21 14:40:06.764 - [Debug] [SHELL] Attacker Keystroke: e
2025-10-21 14:40:06.960 - [Debug] [SHELL] Attacker Keystroke: s
2025-10-21 14:40:07.133 - [Debug] [SHELL] Attacker Keystroke: [CR]
2025-10-21 14:40:07.133 - [Debug] [SHELL] line from reader: cat Home_Addresses
2025-10-21 14:40:07.133 - [Debug] [SHELL] Keystroke buffer: 99,97,116,32,72,111,109,101,95,65,100,100,114,101,115,115,101,115,13
2025-10-21 14:40:10.399 - [Debug] [SHELL] Attacker Keystroke: l
2025-10-21 14:40:10.556 - [Debug] [SHELL] Attacker Keystroke: s
2025-10-21 14:40:10.818 - [Debug] [SHELL] Attacker Keystroke: [CR]
2025-10-21 14:40:10.819 - [Debug] [SHELL] line from reader: ls
2025-10-21 14:40:10.819 - [Debug] [SHELL] Keystroke buffer: 108,115,13
