2025-10-22 10:04:02.273 - [Info] MITM Version: 1.4
2025-10-22 10:04:02.275 - [Info] Auto Access Enabled: true
2025-10-22 10:04:02.276 - [Debug] [Init] Auto Access Barrier: true
2025-10-22 10:04:02.281 - [Info] SSH man-in-the-middle server for 172.20.0.4 listening on 0.0.0.0:10003
2025-10-22 10:05:47.358 - [Debug] [Connection] Attacker connected: 10.175.90.186 | Client Identification: SSH-2.0-OpenSSH_for_Windows_9.5
2025-10-22 10:05:48.322 - [Debug] [Auth] Attacker 10.175.90.186 trying to authenticate with "none"
2025-10-22 10:05:48.323 - [Debug] [Auth] Attacker authentication error: No authentication method provided
2025-10-22 10:05:48.398 - [Debug] [Auth] Attacker 10.175.90.186 trying to authenticate with "publickey"
2025-10-22 10:05:48.399 - [Debug] [Auth] Attacker authentication error: Publickey authentication failed
2025-10-22 10:05:48.399 - [Debug] [Auth] Attacker: 10.175.90.186 has so far made 1 attempts. Remaining: 5 attempts
2025-10-22 10:05:49.567 - [Debug] [Auth] Attacker 10.175.90.186 trying to authenticate with "password"
2025-10-22 10:05:49.568 - [Debug] [Auto Access] Attacker: 10.175.90.186, Threshold: 1, Attempts: 1
2025-10-22 10:05:49.569 - [Debug] [Auto Access] Compromising the honeypot
2025-10-22 10:05:49.569 - [Debug] [Auto Access] Adding the following credentials: "subomi:hi"
2025-10-22 10:05:49.926 - [Debug] [Auth] Valid credentials - Password Authentication
2025-10-22 10:05:49.926 - [Debug] [LXC] Attempting to connect to the honeypot: 172.20.0.4
2025-10-22 10:05:49.963 - [Debug] [LXC-Auth] Attacker authenticated and is inside container
2025-10-22 10:05:50.337 - [Debug] [SHELL] Opened shell for attacker
2025-10-22 10:05:50.338 - [Debug] [LXC Streams] New Stream | Total Streams: 1
2025-10-22 10:05:51.847 - [Debug] [SHELL] Attacker Keystroke: e
2025-10-22 10:05:52.087 - [Debug] [SHELL] Attacker Keystroke: c
2025-10-22 10:05:52.164 - [Debug] [SHELL] Attacker Keystroke: h
2025-10-22 10:05:52.274 - [Debug] [SHELL] Attacker Keystroke: o
2025-10-22 10:05:52.298 - [Debug] [SHELL] Attacker Keystroke: [Space]
2025-10-22 10:05:52.529 - [Debug] [SHELL] Attacker Keystroke: l
2025-10-22 10:05:52.741 - [Debug] [SHELL] Attacker Keystroke: s
2025-10-22 10:05:53.101 - [Debug] [SHELL] Attacker Keystroke: [DEL]
2025-10-22 10:05:53.152 - [Debug] [SHELL] Attacker Keystroke: a
2025-10-22 10:05:53.572 - [Debug] [SHELL] Attacker Keystroke: s
2025-10-22 10:05:53.774 - [Debug] [SHELL] Attacker Keystroke: t
2025-10-22 10:05:53.942 - [Debug] [SHELL] Attacker Keystroke: [Space]
2025-10-22 10:05:54.394 - [Debug] [SHELL] Attacker Keystroke: r
2025-10-22 10:05:54.515 - [Debug] [SHELL] Attacker Keystroke: u
2025-10-22 10:05:54.592 - [Debug] [SHELL] Attacker Keystroke: n
2025-10-22 10:05:54.685 - [Debug] [SHELL] Attacker Keystroke: [Space]
2025-10-22 10:05:54.920 - [Debug] [SHELL] Attacker Keystroke: e
2025-10-22 10:05:54.920 - [Debug] [SHELL] Attacker Keystroke: s
2025-10-22 10:05:55.059 - [Debug] [SHELL] Attacker Keystroke: r
2025-10-22 10:05:55.318 - [Debug] [SHELL] Attacker Keystroke: v
2025-10-22 10:05:55.553 - [Debug] [SHELL] Attacker Keystroke: [DEL]
2025-10-22 10:05:55.699 - [Debug] [SHELL] Attacker Keystroke: [DEL]
2025-10-22 10:05:55.837 - [Debug] [SHELL] Attacker Keystroke: [DEL]
2025-10-22 10:05:55.958 - [Debug] [SHELL] Attacker Keystroke: [DEL]
2025-10-22 10:05:56.134 - [Debug] [SHELL] Attacker Keystroke: s
2025-10-22 10:05:56.210 - [Debug] [SHELL] Attacker Keystroke: e
2025-10-22 10:05:56.318 - [Debug] [SHELL] Attacker Keystroke: r
2025-10-22 10:05:56.503 - [Debug] [SHELL] Attacker Keystroke: v
2025-10-22 10:05:56.689 - [Debug] [SHELL] Attacker Keystroke: e
2025-10-22 10:05:56.741 - [Debug] [SHELL] Attacker Keystroke: r
2025-10-22 10:05:56.907 - [Debug] [SHELL] Attacker Keystroke: [Space]
2025-10-22 10:05:57.921 - [Debug] [SHELL] Attacker Keystroke: 3
2025-10-22 10:05:58.652 - [Debug] [SHELL] Attacker Keystroke: [CR]
2025-10-22 10:05:58.655 - [Debug] [SHELL] line from reader: echo last run server 3
2025-10-22 10:05:58.655 - [Debug] [SHELL] Keystroke buffer: 101,99,104,111,32,108,115,127,97,115,116,32,114,117,110,32,101,115,114,118,127,127,127,127,115,101,114,118,101,114,32,51,13
