2025-10-22 09:59:53.540 - [Info] MITM Version: 1.4
2025-10-22 09:59:53.542 - [Info] Auto Access Enabled: true
2025-10-22 09:59:53.543 - [Debug] [Init] Auto Access Barrier: true
2025-10-22 09:59:53.548 - [Info] SSH man-in-the-middle server for 172.20.0.4 listening on 0.0.0.0:10003
2025-10-22 09:59:58.369 - [Debug] [Connection] Attacker connected: 10.175.90.186 | Client Identification: SSH-2.0-OpenSSH_for_Windows_9.5
2025-10-22 09:59:59.631 - [Debug] [Auth] Attacker 10.175.90.186 trying to authenticate with "none"
2025-10-22 09:59:59.631 - [Debug] [Auth] Attacker authentication error: No authentication method provided
2025-10-22 09:59:59.693 - [Debug] [Auth] Attacker 10.175.90.186 trying to authenticate with "publickey"
2025-10-22 09:59:59.693 - [Debug] [Auth] Attacker authentication error: Publickey authentication failed
2025-10-22 09:59:59.694 - [Debug] [Auth] Attacker: 10.175.90.186 has so far made 1 attempts. Remaining: 5 attempts
2025-10-22 10:00:00.756 - [Debug] [Auth] Attacker 10.175.90.186 trying to authenticate with "password"
2025-10-22 10:00:00.758 - [Debug] [Auto Access] Attacker: 10.175.90.186, Threshold: 1, Attempts: 1
2025-10-22 10:00:00.758 - [Debug] [Auto Access] Compromising the honeypot
2025-10-22 10:00:00.758 - [Debug] [Auto Access] Adding the following credentials: "subomi:hi"
2025-10-22 10:00:01.130 - [Debug] [Auth] Valid credentials - Password Authentication
2025-10-22 10:00:01.131 - [Debug] [LXC] Attempting to connect to the honeypot: 172.20.0.4
2025-10-22 10:00:01.162 - [Debug] [LXC-Auth] Attacker authenticated and is inside container
2025-10-22 10:00:01.524 - [Debug] [SHELL] Opened shell for attacker
2025-10-22 10:00:01.525 - [Debug] [LXC Streams] New Stream | Total Streams: 1
2025-10-22 10:00:02.223 - [Debug] [SHELL] Attacker Keystroke: e
2025-10-22 10:00:02.432 - [Debug] [SHELL] Attacker Keystroke: c
2025-10-22 10:00:02.587 - [Debug] [SHELL] Attacker Keystroke: h
2025-10-22 10:00:02.731 - [Debug] [SHELL] Attacker Keystroke: o
2025-10-22 10:00:02.771 - [Debug] [SHELL] Attacker Keystroke: [Space]
2025-10-22 10:00:03.474 - [Debug] [SHELL] Attacker Keystroke: w
2025-10-22 10:00:03.526 - [Debug] [SHELL] Attacker Keystroke: o
2025-10-22 10:00:03.720 - [Debug] [SHELL] Attacker Keystroke: a
2025-10-22 10:00:04.439 - [Debug] [SHELL] Attacker Keystroke: h
2025-10-22 10:00:04.549 - [Debug] [SHELL] Attacker Keystroke: [Space]
2025-10-22 10:00:04.760 - [Debug] [SHELL] Attacker Keystroke: i
2025-10-22 10:00:04.874 - [Debug] [SHELL] Attacker Keystroke: [Space]
2025-10-22 10:00:04.983 - [Debug] [SHELL] Attacker Keystroke: g
2025-10-22 10:00:05.059 - [Debug] [SHELL] Attacker Keystroke: o
2025-10-22 10:00:05.115 - [Debug] [SHELL] Attacker Keystroke: t
2025-10-22 10:00:05.193 - [Debug] [SHELL] Attacker Keystroke: [Space]
2025-10-22 10:00:05.339 - [Debug] [SHELL] Attacker Keystroke: b
2025-10-22 10:00:05.447 - [Debug] [SHELL] Attacker Keystroke: a
2025-10-22 10:00:05.603 - [Debug] [SHELL] Attacker Keystroke: c
2025-10-22 10:00:05.992 - [Debug] [SHELL] Attacker Keystroke: [DEL]
2025-10-22 10:00:06.487 - [Debug] [SHELL] Attacker Keystroke: [DEL]
2025-10-22 10:00:06.517 - [Debug] [SHELL] Attacker Keystroke: [DEL]
2025-10-22 10:00:06.537 - [Debug] [SHELL] Attacker Keystroke: [DEL]
2025-10-22 10:00:06.592 - [Debug] [SHELL] Attacker Keystroke: [DEL]
2025-10-22 10:00:06.623 - [Debug] [SHELL] Attacker Keystroke: [DEL]
2025-10-22 10:00:06.653 - [Debug] [SHELL] Attacker Keystroke: [DEL]
2025-10-22 10:00:06.683 - [Debug] [SHELL] Attacker Keystroke: [DEL]
2025-10-22 10:00:06.715 - [Debug] [SHELL] Attacker Keystroke: [DEL]
2025-10-22 10:00:06.746 - [Debug] [SHELL] Attacker Keystroke: [DEL]
2025-10-22 10:00:07.042 - [Debug] [SHELL] Attacker Keystroke: [DEL]
2025-10-22 10:00:07.176 - [Debug] [SHELL] Attacker Keystroke: [DEL]
2025-10-22 10:00:07.322 - [Debug] [SHELL] Attacker Keystroke: [DEL]
2025-10-22 10:00:07.439 - [Debug] [SHELL] Attacker Keystroke: [DEL]
2025-10-22 10:00:07.555 - [Debug] [SHELL] Attacker Keystroke: [DEL]
2025-10-22 10:00:07.983 - [Debug] [SHELL] Attacker Keystroke: [Space]
2025-10-22 10:00:08.135 - [Debug] [SHELL] Attacker Keystroke: s
2025-10-22 10:00:08.194 - [Debug] [SHELL] Attacker Keystroke: e
2025-10-22 10:00:08.286 - [Debug] [SHELL] Attacker Keystroke: r
2025-10-22 10:00:08.470 - [Debug] [SHELL] Attacker Keystroke: v
2025-10-22 10:00:08.637 - [Debug] [SHELL] Attacker Keystroke: e
2025-10-22 10:00:09.120 - [Debug] [SHELL] Attacker Keystroke: [Space]
2025-10-22 10:00:09.415 - [Debug] [SHELL] Attacker Keystroke: [DEL]
2025-10-22 10:00:09.485 - [Debug] [SHELL] Attacker Keystroke: r
2025-10-22 10:00:09.561 - [Debug] [SHELL] Attacker Keystroke: [Space]
2025-10-22 10:00:09.718 - [Debug] [SHELL] Attacker Keystroke: 3
2025-10-22 10:00:09.810 - [Debug] [SHELL] Attacker Keystroke: [Space]
2025-10-22 10:00:09.998 - [Debug] [SHELL] Attacker Keystroke: i
2025-10-22 10:00:10.050 - [Debug] [SHELL] Attacker Keystroke: s
2025-10-22 10:00:10.138 - [Debug] [SHELL] Attacker Keystroke: [Space]
2025-10-22 10:00:10.292 - [Debug] [SHELL] Attacker Keystroke: b
2025-10-22 10:00:10.341 - [Debug] [SHELL] Attacker Keystroke: a
2025-10-22 10:00:10.538 - [Debug] [SHELL] Attacker Keystroke: c
2025-10-22 10:00:10.615 - [Debug] [SHELL] Attacker Keystroke: k
2025-10-22 10:00:10.710 - [Debug] [SHELL] Attacker Keystroke: [Space]
2025-10-22 10:00:10.787 - [Debug] [SHELL] Attacker Keystroke: t
2025-10-22 10:00:10.864 - [Debug] [SHELL] Attacker Keystroke: o
2025-10-22 10:00:10.967 - [Debug] [SHELL] Attacker Keystroke: o
2025-10-22 10:00:11.191 - [Debug] [SHELL] Attacker Keystroke: [CR]
2025-10-22 10:00:11.192 - [Debug] [SHELL] line from reader: echo server 3 is back too
2025-10-22 10:00:11.192 - [Debug] [SHELL] Keystroke buffer: 101,99,104,111,32,119,111,97,104,32,105,32,103,111,116,32,98,97,99,127,127,127,127,127,127,127,127,127,127,127,127,127,127,127,32,115,101,114,118,101,32,127,114,32,51,32,105,115,32,98,97,99,107,32,116,111,111,13
2025-10-22 10:00:11.844 - [Debug] [SHELL] Attacker Keystroke: e
2025-10-22 10:00:12.054 - [Debug] [SHELL] Attacker Keystroke: c
2025-10-22 10:00:12.232 - [Debug] [SHELL] Attacker Keystroke: h
2025-10-22 10:00:12.349 - [Debug] [SHELL] Attacker Keystroke: o
2025-10-22 10:00:12.433 - [Debug] [SHELL] Attacker Keystroke: [Space]
2025-10-22 10:00:12.636 - [Debug] [SHELL] Attacker Keystroke: l
2025-10-22 10:00:12.790 - [Debug] [SHELL] Attacker Keystroke: o
2025-10-22 10:00:12.945 - [Debug] [SHELL] Attacker Keystroke: l
2025-10-22 10:00:13.207 - [Debug] [SHELL] Attacker Keystroke: [CR]
2025-10-22 10:00:13.207 - [Debug] [SHELL] line from reader: echo lol
2025-10-22 10:00:13.207 - [Debug] [SHELL] Keystroke buffer: 101,99,104,111,32,108,111,108,13
2025-10-22 10:00:13.609 - [Debug] [SHELL] Attacker Keystroke: e
2025-10-22 10:00:13.757 - [Debug] [SHELL] Attacker Keystroke: c
2025-10-22 10:00:13.812 - [Debug] [SHELL] Attacker Keystroke: h
2025-10-22 10:00:13.971 - [Debug] [SHELL] Attacker Keystroke: o
2025-10-22 10:00:14.213 - [Debug] [SHELL] Attacker Keystroke: [Space]
2025-10-22 10:00:14.520 - [Debug] [SHELL] Attacker Keystroke: l
2025-10-22 10:00:14.882 - [Debug] [SHELL] Attacker Keystroke: m
2025-10-22 10:00:15.046 - [Debug] [SHELL] Attacker Keystroke: a
2025-10-22 10:00:15.171 - [Debug] [SHELL] Attacker Keystroke: o
2025-10-22 10:00:16.219 - [Debug] [SHELL] Attacker Keystroke: [CR]
2025-10-22 10:00:16.220 - [Debug] [SHELL] line from reader: echo lmao
2025-10-22 10:00:16.220 - [Debug] [SHELL] Keystroke buffer: 101,99,104,111,32,108,109,97,111,13
2025-10-22 10:00:19.496 - [Debug] [SHELL] Attacker Keystroke: e
2025-10-22 10:00:19.713 - [Debug] [SHELL] Attacker Keystroke: c
2025-10-22 10:00:19.770 - [Debug] [SHELL] Attacker Keystroke: h
2025-10-22 10:00:19.893 - [Debug] [SHELL] Attacker Keystroke: o
2025-10-22 10:00:20.003 - [Debug] [SHELL] Attacker Keystroke: [Space]
2025-10-22 10:00:20.188 - [Debug] [SHELL] Attacker Keystroke: t
2025-10-22 10:00:20.359 - [Debug] [SHELL] Attacker Keystroke: t
2025-10-22 10:00:20.452 - [Debug] [SHELL] Attacker Keystroke: y
2025-10-22 10:00:20.840 - [Debug] [SHELL] Attacker Keystroke: l
2025-10-22 10:00:21.113 - [Debug] [SHELL] Attacker Keystroke: [CR]
2025-10-22 10:00:21.114 - [Debug] [SHELL] line from reader: echo ttyl
2025-10-22 10:00:21.114 - [Debug] [SHELL] Keystroke buffer: 101,99,104,111,32,116,116,121,108,13
2025-10-22 10:00:21.396 - [Debug] [SHELL] Attacker Keystroke: e
2025-10-22 10:00:21.609 - [Debug] [SHELL] Attacker Keystroke: c
2025-10-22 10:00:21.659 - [Debug] [SHELL] Attacker Keystroke: h
2025-10-22 10:00:21.838 - [Debug] [SHELL] Attacker Keystroke: o
2025-10-22 10:00:21.979 - [Debug] [SHELL] Attacker Keystroke: [Space]
2025-10-22 10:00:24.826 - [Debug] [SHELL] Attacker Keystroke: [DEL]
2025-10-22 10:00:25.343 - [Debug] [SHELL] Attacker Keystroke: [DEL]
2025-10-22 10:00:25.344 - [Debug] [SHELL] Attacker Keystroke: [DEL]
2025-10-22 10:00:25.372 - [Debug] [SHELL] Attacker Keystroke: [DEL]
2025-10-22 10:00:25.402 - [Debug] [SHELL] Attacker Keystroke: [DEL]
2025-10-22 10:00:25.432 - [Debug] [SHELL] Attacker Keystroke: [DEL]
2025-10-22 10:00:25.462 - [Debug] [SHELL] Attacker Keystroke: [DEL]
2025-10-22 10:00:25.515 - [Debug] [SHELL] Attacker Keystroke: [DEL]
2025-10-22 10:00:25.545 - [Debug] [SHELL] Attacker Keystroke: [DEL]
2025-10-22 10:00:25.575 - [Debug] [SHELL] Attacker Keystroke: [DEL]
2025-10-22 10:00:25.606 - [Debug] [SHELL] Attacker Keystroke: [DEL]
2025-10-22 10:00:25.637 - [Debug] [SHELL] Attacker Keystroke: [DEL]
2025-10-22 10:00:25.667 - [Debug] [SHELL] Attacker Keystroke: [DEL]
2025-10-22 10:00:25.697 - [Debug] [SHELL] Attacker Keystroke: [DEL]
2025-10-22 10:00:25.729 - [Debug] [SHELL] Attacker Keystroke: [DEL]
2025-10-22 10:00:25.760 - [Debug] [SHELL] Attacker Keystroke: [DEL]
2025-10-22 10:00:28.823 - [Debug] [SHELL] Attacker Keystroke: e
2025-10-22 10:00:28.994 - [Debug] [SHELL] Attacker Keystroke: c
2025-10-22 10:00:29.038 - [Debug] [SHELL] Attacker Keystroke: h
2025-10-22 10:00:29.173 - [Debug] [SHELL] Attacker Keystroke: o
2025-10-22 10:00:29.281 - [Debug] [SHELL] Attacker Keystroke: [Space]
2025-10-22 10:00:29.594 - [Debug] [SHELL] Attacker Keystroke: e
2025-10-22 10:00:29.766 - [Debug] [SHELL] Attacker Keystroke: x
2025-10-22 10:00:29.846 - [Debug] [SHELL] Attacker Keystroke: i
2025-10-22 10:00:30.054 - [Debug] [SHELL] Attacker Keystroke: t
2025-10-22 10:00:30.412 - [Debug] [SHELL] Attacker Keystroke: [DEL]
2025-10-22 10:00:30.906 - [Debug] [SHELL] Attacker Keystroke: [DEL]
2025-10-22 10:00:30.906 - [Debug] [SHELL] Attacker Keystroke: [DEL]
2025-10-22 10:00:30.955 - [Debug] [SHELL] Attacker Keystroke: [DEL]
2025-10-22 10:00:30.987 - [Debug] [SHELL] Attacker Keystroke: [DEL]
2025-10-22 10:00:31.019 - [Debug] [SHELL] Attacker Keystroke: [DEL]
2025-10-22 10:00:31.050 - [Debug] [SHELL] Attacker Keystroke: [DEL]
2025-10-22 10:00:31.081 - [Debug] [SHELL] Attacker Keystroke: [DEL]
2025-10-22 10:00:31.111 - [Debug] [SHELL] Attacker Keystroke: [DEL]
2025-10-22 10:00:31.141 - [Debug] [SHELL] Attacker Keystroke: [DEL]
2025-10-22 10:00:31.172 - [Debug] [SHELL] Attacker Keystroke: [DEL]
2025-10-22 10:00:31.202 - [Debug] [SHELL] Attacker Keystroke: [DEL]
2025-10-22 10:00:31.232 - [Debug] [SHELL] Attacker Keystroke: [DEL]
2025-10-22 10:00:31.265 - [Debug] [SHELL] Attacker Keystroke: [DEL]
2025-10-22 10:00:31.296 - [Debug] [SHELL] Attacker Keystroke: [DEL]
2025-10-22 10:00:31.433 - [Debug] [SHELL] Attacker Keystroke: e
2025-10-22 10:00:31.648 - [Debug] [SHELL] Attacker Keystroke: x
2025-10-22 10:00:31.770 - [Debug] [SHELL] Attacker Keystroke: i
2025-10-22 10:00:31.848 - [Debug] [SHELL] Attacker Keystroke: t
2025-10-22 10:00:31.987 - [Debug] [SHELL] Attacker Keystroke: [CR]
2025-10-22 10:00:31.988 - [Debug] [SHELL] line from reader: exit
2025-10-22 10:00:31.988 - [Debug] [SHELL] Keystroke buffer: 101,99,104,111,32,127,127,127,127,127,127,127,127,127,127,127,127,127,127,127,127,101,99,104,111,32,101,120,105,116,127,127,127,127,127,127,127,127,127,127,127,127,127,127,127,101,120,105,116,13
2025-10-22 10:00:31.991 - [Debug] [LXC Streams] Removed Stream | Total streams: 0
2025-10-22 10:00:31.991 - [Debug] [SHELL] Honeypot ended shell
2025-10-22 10:00:32.037 - [Debug] [SHELL] Attacker ended the shell
2025-10-22 10:00:32.038 - [Debug] [Connection] Attacker closed connection
2025-10-22 10:00:32.041 - [Debug] [LXC] Container's OpenSSH server ended connection
2025-10-22 10:00:32.041 - [Debug] [LXC] Container's OpenSSH server closed connection
