2025-11-19 11:55:29.070 - [Info] MITM Version: 1.4
2025-11-19 11:55:29.072 - [Info] Auto Access Enabled: true
2025-11-19 11:55:29.072 - [Debug] [Init] Auto Access Barrier: true
Error: ENOENT: no such file or directory, open '/var/snap/lxd/common/mntns/var/snap/lxd/common/lxd/storage-pools/default/containers/server3/rootfs/etc/ssh/ssh_host_ecdsa_key'
[90m    at Object.openSync (node:fs:596:3)[39m
[90m    at Object.readFileSync (node:fs:464:35)[39m
    at readKeys (/root/honeypots/MITM/mitm/keys.js:19:18)
    at readCTKeys (/root/honeypots/MITM/mitm/keys.js:29:15)
    at Object.loadKeys (/root/honeypots/MITM/mitm/keys.js:49:12)
    at Object.<anonymous> (/root/honeypots/MITM/mitm/index.js:136:12)
[90m    at Module._compile (node:internal/modules/cjs/loader:1364:14)[39m
[90m    at Module._extensions..js (node:internal/modules/cjs/loader:1422:10)[39m
[90m    at Module.load (node:internal/modules/cjs/loader:1203:32)[39m
[90m    at Module._load (node:internal/modules/cjs/loader:1019:12)[39m {
  errno: [33m-2[39m,
  syscall: [32m'open'[39m,
  code: [32m'ENOENT'[39m,
  path: [32m'/var/snap/lxd/common/mntns/var/snap/lxd/common/lxd/storage-pools/default/containers/server3/rootfs/etc/ssh/ssh_host_ecdsa_key'[39m
}
CRITICAL ERROR: Could not read the keys from the container! Is the container mounted/running and is openssh-server installed?
