2025-10-22 12:56:17.582 - [Info] MITM Version: 1.4
2025-10-22 12:56:17.584 - [Info] Auto Access Enabled: true
2025-10-22 12:56:17.584 - [Debug] [Init] Auto Access Barrier: true
2025-10-22 12:56:17.589 - [Info] SSH man-in-the-middle server for 172.20.0.4 listening on 0.0.0.0:10003
2025-10-22 12:56:37.846 - [Debug] [Connection] Attacker connected: 10.172.95.111 | Client Identification: SSH-2.0-OpenSSH_for_Windows_9.5
2025-10-22 12:56:39.273 - [Debug] [Auth] Attacker 10.172.95.111 trying to authenticate with "none"
2025-10-22 12:56:39.273 - [Debug] [Auth] Attacker authentication error: No authentication method provided
2025-10-22 12:56:39.319 - [Debug] [Auth] Attacker 10.172.95.111 trying to authenticate with "publickey"
2025-10-22 12:56:39.320 - [Debug] [Auth] Attacker authentication error: Publickey authentication failed
2025-10-22 12:56:39.320 - [Debug] [Auth] Attacker: 10.172.95.111 has so far made 1 attempts. Remaining: 5 attempts
2025-10-22 12:56:43.871 - [Debug] [Auth] Attacker 10.172.95.111 trying to authenticate with "password"
2025-10-22 12:56:43.872 - [Debug] [Auto Access] Attacker: 10.172.95.111, Threshold: 1, Attempts: 1
2025-10-22 12:56:43.872 - [Debug] [Auto Access] Compromising the honeypot
2025-10-22 12:56:43.872 - [Debug] [Auto Access] Adding the following credentials: "attacker:s"
2025-10-22 12:56:44.231 - [Debug] [Auth] Valid credentials - Password Authentication
2025-10-22 12:56:44.231 - [Debug] [LXC] Attempting to connect to the honeypot: 172.20.0.4
2025-10-22 12:56:44.263 - [Debug] [LXC-Auth] Attacker authenticated and is inside container
2025-10-22 12:56:44.646 - [Debug] [SHELL] Opened shell for attacker
2025-10-22 12:56:44.648 - [Debug] [LXC Streams] New Stream | Total Streams: 1
2025-10-22 12:56:45.369 - [Debug] [SHELL] Attacker Keystroke: l
2025-10-22 12:56:45.517 - [Debug] [SHELL] Attacker Keystroke: s
2025-10-22 12:56:45.794 - [Debug] [SHELL] Attacker Keystroke: [CR]
2025-10-22 12:56:45.794 - [Debug] [SHELL] line from reader: ls
2025-10-22 12:56:45.794 - [Debug] [SHELL] Keystroke buffer: 108,115,13
2025-10-22 12:56:47.778 - [Debug] [SHELL] Attacker Keystroke: e
2025-10-22 12:56:48.025 - [Debug] [SHELL] Attacker Keystroke: c
2025-10-22 12:56:48.121 - [Debug] [SHELL] Attacker Keystroke: h
2025-10-22 12:56:48.333 - [Debug] [SHELL] Attacker Keystroke: o
2025-10-22 12:56:48.539 - [Debug] [SHELL] Attacker Keystroke: [Space]
2025-10-22 12:56:49.324 - [Debug] [SHELL] Attacker Keystroke: l
2025-10-22 12:56:49.514 - [Debug] [SHELL] Attacker Keystroke: o
2025-10-22 12:56:49.656 - [Debug] [SHELL] Attacker Keystroke: o
2025-10-22 12:56:49.813 - [Debug] [SHELL] Attacker Keystroke: k
2025-10-22 12:56:50.004 - [Debug] [SHELL] Attacker Keystroke: [Space]
2025-10-22 12:56:50.127 - [Debug] [SHELL] Attacker Keystroke: w
2025-10-22 12:56:50.268 - [Debug] [SHELL] Attacker Keystroke: h
2025-10-22 12:56:50.430 - [Debug] [SHELL] Attacker Keystroke: a
2025-10-22 12:56:50.668 - [Debug] [SHELL] Attacker Keystroke: t
2025-10-22 12:56:50.779 - [Debug] [SHELL] Attacker Keystroke: [Space]
2025-10-22 12:56:51.001 - [Debug] [SHELL] Attacker Keystroke: w
2025-10-22 12:56:51.174 - [Debug] [SHELL] Attacker Keystroke: e
2025-10-22 12:56:51.301 - [Debug] [SHELL] Attacker Keystroke: [Space]
2025-10-22 12:56:51.459 - [Debug] [SHELL] Attacker Keystroke: h
2025-10-22 12:56:51.554 - [Debug] [SHELL] Attacker Keystroke: a
2025-10-22 12:56:51.714 - [Debug] [SHELL] Attacker Keystroke: v
2025-10-22 12:56:51.840 - [Debug] [SHELL] Attacker Keystroke: e
2025-10-22 12:56:51.966 - [Debug] [SHELL] Attacker Keystroke: [Space]
2025-10-22 12:56:52.094 - [Debug] [SHELL] Attacker Keystroke: h
2025-10-22 12:56:52.237 - [Debug] [SHELL] Attacker Keystroke: e
2025-10-22 12:56:52.346 - [Debug] [SHELL] Attacker Keystroke: r
2025-10-22 12:56:52.675 - [Debug] [SHELL] Attacker Keystroke: e
2025-10-22 12:56:52.874 - [Debug] [SHELL] Attacker Keystroke: [CR]
2025-10-22 12:56:52.875 - [Debug] [SHELL] line from reader: echo look what we have here
2025-10-22 12:56:52.875 - [Debug] [SHELL] Keystroke buffer: 101,99,104,111,32,108,111,111,107,32,119,104,97,116,32,119,101,32,104,97,118,101,32,104,101,114,101,13
2025-10-22 12:57:00.013 - [Debug] [SHELL] Attacker Keystroke: l
2025-10-22 12:57:00.135 - [Debug] [SHELL] Attacker Keystroke: s
2025-10-22 12:57:01.085 - [Debug] [SHELL] Attacker Keystroke: [CR]
2025-10-22 12:57:01.086 - [Debug] [SHELL] line from reader: ls
2025-10-22 12:57:01.086 - [Debug] [SHELL] Keystroke buffer: 108,115,13
2025-10-22 12:57:03.447 - [Debug] [SHELL] Attacker Keystroke: c
2025-10-22 12:57:03.565 - [Debug] [SHELL] Attacker Keystroke: d
2025-10-22 12:57:04.378 - [Debug] [SHELL] Attacker Keystroke: [Space]
2025-10-22 12:57:04.999 - [Debug] [SHELL] Attacker Keystroke: T
2025-10-22 12:57:05.220 - [Debug] [SHELL] Attacker Keystroke: r
2025-10-22 12:57:05.492 - [Debug] [SHELL] Attacker Keystroke: a
2025-10-22 12:57:05.676 - [Debug] [SHELL] Attacker Keystroke: s
2025-10-22 12:57:05.834 - [Debug] [SHELL] Attacker Keystroke: n
2025-10-22 12:57:05.986 - [Debug] [SHELL] Attacker Keystroke: s
2025-10-22 12:57:06.421 - [Debug] [SHELL] Attacker Keystroke: [DEL]
2025-10-22 12:57:06.547 - [Debug] [SHELL] Attacker Keystroke: [DEL]
2025-10-22 12:57:07.054 - [Debug] [SHELL] Attacker Keystroke: [DEL]
2025-10-22 12:57:07.307 - [Debug] [SHELL] Attacker Keystroke: n
2025-10-22 12:57:07.426 - [Debug] [SHELL] Attacker Keystroke: s
2025-10-22 12:57:07.603 - [Debug] [SHELL] Attacker Keystroke: c
2025-10-22 12:57:07.844 - [Debug] [SHELL] Attacker Keystroke: r
2025-10-22 12:57:07.963 - [Debug] [SHELL] Attacker Keystroke: i
2025-10-22 12:57:08.176 - [Debug] [SHELL] Attacker Keystroke: p
2025-10-22 12:57:08.240 - [Debug] [SHELL] Attacker Keystroke: t
2025-10-22 12:57:08.462 - [Debug] [SHELL] Attacker Keystroke: s
2025-10-22 12:57:08.574 - [Debug] [SHELL] Attacker Keystroke: [CR]
2025-10-22 12:57:08.575 - [Debug] [SHELL] line from reader: cd Transcripts
2025-10-22 12:57:08.575 - [Debug] [SHELL] Keystroke buffer: 99,100,32,84,114,97,115,110,115,127,127,127,110,115,99,114,105,112,116,115,13
2025-10-22 12:57:09.460 - [Debug] [SHELL] Attacker Keystroke: l
2025-10-22 12:57:09.553 - [Debug] [SHELL] Attacker Keystroke: s
2025-10-22 12:57:09.644 - [Debug] [SHELL] Attacker Keystroke: [CR]
2025-10-22 12:57:09.644 - [Debug] [SHELL] line from reader: ls
2025-10-22 12:57:09.644 - [Debug] [SHELL] Keystroke buffer: 108,115,13
2025-10-22 12:57:10.963 - [Debug] [SHELL] Attacker Keystroke: c
2025-10-22 12:57:11.171 - [Debug] [SHELL] Attacker Keystroke: a
2025-10-22 12:57:11.375 - [Debug] [SHELL] Attacker Keystroke: t
2025-10-22 12:57:11.568 - [Debug] [SHELL] Attacker Keystroke: [Space]
2025-10-22 12:57:12.136 - [Debug] [SHELL] Attacker Keystroke: [DEL]
2025-10-22 12:57:12.278 - [Debug] [SHELL] Attacker Keystroke: [DEL]
2025-10-22 12:57:12.611 - [Debug] [SHELL] Attacker Keystroke: [Space]
2025-10-22 12:57:13.054 - [Debug] [SHELL] Attacker Keystroke: [DEL]
2025-10-22 12:57:13.180 - [Debug] [SHELL] Attacker Keystroke: t
2025-10-22 12:57:13.386 - [Debug] [SHELL] Attacker Keystroke: [Space]
2025-10-22 12:57:13.734 - [Debug] [SHELL] Attacker Keystroke: C
2025-10-22 12:57:14.050 - [Debug] [SHELL] Attacker Keystroke: l
2025-10-22 12:57:14.210 - [Debug] [SHELL] Attacker Keystroke: a
2025-10-22 12:57:14.337 - [Debug] [SHELL] Attacker Keystroke: s
2025-10-22 12:57:14.527 - [Debug] [SHELL] Attacker Keystroke: s
2025-10-22 12:57:15.193 - [Debug] [SHELL] Attacker Keystroke: _
2025-10-22 12:57:15.508 - [Debug] [SHELL] Attacker Keystroke: o
2025-10-22 12:57:15.696 - [Debug] [SHELL] Attacker Keystroke: f
2025-10-22 12:57:16.455 - [Debug] [SHELL] Attacker Keystroke: _
2025-10-22 12:57:17.427 - [Debug] [SHELL] Attacker Keystroke: @
2025-10-22 12:57:17.645 - [Debug] [SHELL] Attacker Keystroke: 0
2025-10-22 12:57:17.803 - [Debug] [SHELL] Attacker Keystroke: 2
2025-10-22 12:57:18.152 - [Debug] [SHELL] Attacker Keystroke: [DEL]
2025-10-22 12:57:18.310 - [Debug] [SHELL] Attacker Keystroke: [DEL]
2025-10-22 12:57:18.436 - [Debug] [SHELL] Attacker Keystroke: [DEL]
2025-10-22 12:57:18.641 - [Debug] [SHELL] Attacker Keystroke: 2
2025-10-22 12:57:18.705 - [Debug] [SHELL] Attacker Keystroke: 0
2025-10-22 12:57:19.339 - [Debug] [SHELL] Attacker Keystroke: 2
2025-10-22 12:57:19.401 - [Debug] [SHELL] Attacker Keystroke: 9
2025-10-22 12:57:20.310 - [Debug] [SHELL] Attacker Keystroke: [CR]
2025-10-22 12:57:20.310 - [Debug] [SHELL] line from reader: cat Class_of_2029
2025-10-22 12:57:20.310 - [Debug] [SHELL] Keystroke buffer: 99,97,116,32,127,127,32,127,116,32,67,108,97,115,115,95,111,102,95,64,48,50,127,127,127,50,48,50,57,13
